2025-10-22T01:39:42.904577Z DEBUG arx: arx/src/main.rs:53: Checking Solana is up and running
2025-10-22T01:39:43.225283Z  INFO arx: arx/src/main.rs:58: Running ARX
2025-10-22T01:39:43.226211Z DEBUG arx: arx/src/main.rs:60: Reading node keypair, callback authority keypair, and identity files from env
2025-10-22T01:39:43.231490Z DEBUG arx: arx/src/main.rs:68: Reading node keypair, callback authority keypair, and identity files
2025-10-22T01:39:43.265990Z DEBUG arx: arx/src/main.rs:78: Installing AWS LC crypto provider
2025-10-22T01:39:43.266171Z  INFO arx: arx/src/main.rs:83: Creating ARX coordinator
2025-10-22T01:39:43.936595Z  INFO arx::units::cache_unit: arx/src/units/cache_unit.rs:88: Cache unit started
2025-10-22T01:39:43.937218Z  INFO arx::units::cluster_unit: arx/src/units/cluster_unit.rs:66: Cluster unit started
2025-10-22T01:39:43.937465Z  INFO arx::units::computation_transaction_unit: arx/src/units/computation_transaction_unit.rs:89: Computation transaction unit started
2025-10-22T01:39:43.937505Z  INFO arx::units::circuit_unit: arx/src/units/circuit_unit.rs:107: Circuit unit started
2025-10-22T01:39:43.942567Z DEBUG arx::units::cluster_unit: arx/src/units/cluster_unit.rs:68: Running pub/sub for arx node account
2025-10-22T01:39:43.953011Z  INFO arx::units::execpool_unit: arx/src/units/execpool_unit.rs:80: Execpool unit started
2025-10-22T01:39:43.955653Z DEBUG arx::units::execpool_unit: arx/src/units/execpool_unit.rs:82: Running pub/sub for mempools accounts
2025-10-22T01:39:43.955313Z  INFO arx::units::mempool_unit: arx/src/units/mempool_unit.rs:77: Mempool unit started
2025-10-22T01:39:43.962076Z DEBUG arx::units::mempool_unit: arx/src/units/mempool_unit.rs:79: Running pub/sub for mempools accounts
2025-10-22T01:39:43.957525Z  INFO arx::units::computation_unit: arx/src/units/computation_unit.rs:74: Inputs unit started
2025-10-22T01:39:43.961486Z  INFO arx::units::online_phase_unit: arx/src/units/online_phase_unit.rs:152: Online phase unit started
2025-10-22T01:39:43.964453Z  INFO arx::units::node_transaction_unit: arx/src/units/node_transaction_unit.rs:65: Node transaction unit started
2025-10-22T01:39:43.969319Z  INFO arx::units::node_transaction_unit: arx/src/units/node_transaction_unit.rs:67: Activating node
2025-10-22T01:39:43.969555Z  INFO arx::units::mxe_unit: arx/src/units/mxe_unit.rs:75: MXE unit started
2025-10-22T01:39:43.969786Z  INFO arx: arx/src/main.rs:93: Coordinator created successfully
2025-10-22T01:39:43.970372Z  INFO arx::units::state_unit: arx/src/units/state_unit.rs:109: State unit started
2025-10-22T01:39:43.970397Z DEBUG arx::units::mxe_unit: arx/src/units/mxe_unit.rs:77: Running pub/sub for clusters accounts
2025-10-22T01:39:43.970885Z DEBUG arx::units::cluster_unit: arx/src/units/cluster_unit.rs:78: Subscribing to arx node account
2025-10-22T01:39:43.975305Z  INFO arx: arx/src/main.rs:102: Starting ARX coordinator
2025-10-22T01:39:43.975780Z  INFO arx::units::peers_unit: arx/src/units/peers_unit.rs:76: Peers unit started
2025-10-22T01:39:43.992748Z  INFO arx: arx/src/main.rs:105: Waiting for Ctrl+C
2025-10-22T01:39:44.019237Z  INFO arx::coordinator: arx/src/coordinator.rs:198: Coordinator started
2025-10-22T01:39:44.037847Z  INFO arx::program: arx/src/program.rs:242: Pub/sub client started
2025-10-22T01:39:44.047800Z  INFO arx::program: arx/src/program.rs:244: Connecting initial pub/sub
2025-10-22T01:39:44.038588Z  INFO arx::program: arx/src/program.rs:242: Pub/sub client started
2025-10-22T01:39:44.061981Z  INFO arx::program: arx/src/program.rs:244: Connecting initial pub/sub
2025-10-22T01:39:44.041208Z  INFO arx::program: arx/src/program.rs:242: Pub/sub client started
2025-10-22T01:39:44.087818Z  INFO arx::program: arx/src/program.rs:244: Connecting initial pub/sub
2025-10-22T01:39:44.047750Z  INFO arx::program: arx/src/program.rs:242: Pub/sub client started
2025-10-22T01:39:44.106604Z  INFO arx::program: arx/src/program.rs:244: Connecting initial pub/sub
2025-10-22T01:39:44.138867Z  INFO arx::program: arx/src/program.rs:267: Fetching initial state for account: Ff56UQ5U1AwHSP6Cxqfz1G5XV85RQ42uG66fU8vM9KKY
2025-10-22T01:39:44.170866Z  INFO arx::program: arx/src/program.rs:279: Subscribing to account: Ff56UQ5U1AwHSP6Cxqfz1G5XV85RQ42uG66fU8vM9KKY
2025-10-22T01:39:44.173857Z DEBUG arx::units::cluster_unit: arx/src/units/cluster_unit.rs:101: Processing arx node update
2025-10-22T01:39:48.883690Z DEBUG arx::program: arx/src/program.rs:312: Received update for account: Ff56UQ5U1AwHSP6Cxqfz1G5XV85RQ42uG66fU8vM9KKY
2025-10-22T01:39:48.885033Z DEBUG arx::units::cluster_unit: arx/src/units/cluster_unit.rs:101: Processing arx node update
2025-10-22T01:39:49.260553Z  INFO arx::units::node_transaction_unit: arx/src/units/node_transaction_unit.rs:70: Node activated
2025-10-22T01:39:49.268214Z DEBUG arx::coordinator: arx/src/coordinator.rs:204: Coordinator received activation unit message: activated
2025-10-22T01:39:49.277962Z DEBUG arx::coordinator: arx/src/coordinator.rs:251: Coordinator received cluster unit message: cluster: 0, status: Joined
2025-10-22T01:39:49.280086Z DEBUG arx::units::mxe_unit: arx/src/units/mxe_unit.rs:112: Subscribing to cluster: GgSqqAyH7AVY3Umcv8NvncrjFaNJuQLmxzxFxPoPW2Yd
2025-10-22T01:39:49.284360Z  INFO arx::program: arx/src/program.rs:267: Fetching initial state for account: GgSqqAyH7AVY3Umcv8NvncrjFaNJuQLmxzxFxPoPW2Yd
2025-10-22T01:39:49.299048Z  INFO arx::program: arx/src/program.rs:279: Subscribing to account: GgSqqAyH7AVY3Umcv8NvncrjFaNJuQLmxzxFxPoPW2Yd
2025-10-22T01:39:49.305786Z DEBUG arx::units::mxe_unit: arx/src/units/mxe_unit.rs:129: Processing cluster update for account: GgSqqAyH7AVY3Umcv8NvncrjFaNJuQLmxzxFxPoPW2Yd
2025-10-22T01:39:49.313425Z DEBUG arx::coordinator: arx/src/coordinator.rs:349: Coordinator received mxe unit message: cluster: GgSqqAyH7AVY3Umcv8NvncrjFaNJuQLmxzxFxPoPW2Yd, mxe: CQvzhuYp299gu8rDs4RyLg1cDgnbDZiEdK51NcnSVwGm, status: Joined
2025-10-22T01:39:49.317412Z DEBUG arx::units::execpool_unit: arx/src/units/execpool_unit.rs:120: Subscribing to execpool account: CQF2VydaWEk5ZkVRi5q3LxoQTkJNHsRSc2yuUAMS1qUc
2025-10-22T01:39:49.318532Z  INFO arx::program: arx/src/program.rs:267: Fetching initial state for account: CQF2VydaWEk5ZkVRi5q3LxoQTkJNHsRSc2yuUAMS1qUc
2025-10-22T01:39:49.317526Z DEBUG arx::units::mempool_unit: arx/src/units/mempool_unit.rs:113: Subscribing to mempool account: Eii8e5feybZsNs1xJcmktof6LkWNGrAdTk179oL3ZZyv
2025-10-22T01:39:49.322630Z  INFO arx::program: arx/src/program.rs:267: Fetching initial state for account: Eii8e5feybZsNs1xJcmktof6LkWNGrAdTk179oL3ZZyv
2025-10-22T01:39:49.327286Z  INFO arx::program: arx/src/program.rs:279: Subscribing to account: CQF2VydaWEk5ZkVRi5q3LxoQTkJNHsRSc2yuUAMS1qUc
2025-10-22T01:39:49.329306Z  INFO arx::program: arx/src/program.rs:279: Subscribing to account: Eii8e5feybZsNs1xJcmktof6LkWNGrAdTk179oL3ZZyv
2025-10-22T01:39:49.329536Z DEBUG arx::coordinator: arx/src/coordinator.rs:288: Coordinator received execpool unit message: computations ids: [1]
2025-10-22T01:39:49.331278Z DEBUG arx::units::state_unit: arx/src/units/state_unit.rs:231: Processing execpool update
2025-10-22T01:39:49.331302Z DEBUG arx::units::mempool_unit: arx/src/units/mempool_unit.rs:136: Processing new mempool update for account: Eii8e5feybZsNs1xJcmktof6LkWNGrAdTk179oL3ZZyv
2025-10-22T01:39:49.331466Z DEBUG arx::units::cache_unit: arx/src/units/cache_unit.rs:144: Processing queued computation: ArxComputationReference (1,1) (cluster: GgSqqAyH7AVY3Umcv8NvncrjFaNJuQLmxzxFxPoPW2Yd, mxe: CQvzhuYp299gu8rDs4RyLg1cDgnbDZiEdK51NcnSVwGm)
2025-10-22T01:39:49.332678Z DEBUG arx::units::mempool_unit: arx/src/units/mempool_unit.rs:175: Mempool account Eii8e5feybZsNs1xJcmktof6LkWNGrAdTk179oL3ZZyv contains the same computations, skipping update
2025-10-22T01:39:49.332886Z DEBUG arx::units::state_unit: arx/src/units/state_unit.rs:281: Prefetching and executing computation: ArxComputationReference (1,1) (cluster: GgSqqAyH7AVY3Umcv8NvncrjFaNJuQLmxzxFxPoPW2Yd, mxe: CQvzhuYp299gu8rDs4RyLg1cDgnbDZiEdK51NcnSVwGm) with status (index: 0, executed: false)
2025-10-22T01:39:49.333257Z DEBUG arx::coordinator: arx/src/coordinator.rs:384: Coordinator received state unit message: prefetch computation: ArxComputationReference (1,1) (cluster: GgSqqAyH7AVY3Umcv8NvncrjFaNJuQLmxzxFxPoPW2Yd, mxe: CQvzhuYp299gu8rDs4RyLg1cDgnbDZiEdK51NcnSVwGm)
2025-10-22T01:39:49.333934Z DEBUG arx::units::circuit_unit: arx/src/units/circuit_unit.rs:148: Processing computation definition: Dpz7xMiZ29fGETVJc3rnexMZSq7G4quyeMrZzbWt88R3
2025-10-22T01:39:49.334011Z DEBUG arx::coordinator: arx/src/coordinator.rs:405: Coordinator received state unit message: execute computation: ArxComputationReference (1,1) (cluster: GgSqqAyH7AVY3Umcv8NvncrjFaNJuQLmxzxFxPoPW2Yd, mxe: CQvzhuYp299gu8rDs4RyLg1cDgnbDZiEdK51NcnSVwGm)
2025-10-22T01:39:49.334520Z DEBUG arx::units::peers_unit: arx/src/units/peers_unit.rs:111: Processing cluster: GgSqqAyH7AVY3Umcv8NvncrjFaNJuQLmxzxFxPoPW2Yd
2025-10-22T01:39:49.336490Z DEBUG arx::coordinator: arx/src/coordinator.rs:309: Coordinator prefetched computation ArxComputationReference (1,1) (cluster: GgSqqAyH7AVY3Umcv8NvncrjFaNJuQLmxzxFxPoPW2Yd, mxe: CQvzhuYp299gu8rDs4RyLg1cDgnbDZiEdK51NcnSVwGm)
2025-10-22T01:39:49.342917Z DEBUG arx::coordinator: arx/src/coordinator.rs:312: Coordinator fetched computation ArxComputation 303790697907795210078047774390766665400 (cluster: GgSqqAyH7AVY3Umcv8NvncrjFaNJuQLmxzxFxPoPW2Yd, mxe: CQvzhuYp299gu8rDs4RyLg1cDgnbDZiEdK51NcnSVwGm) inputs
2025-10-22T01:39:49.343527Z DEBUG arx::units::cache_unit: arx/src/units/cache_unit.rs:246: Processing fetched inputs: Cerberus Inputs
2025-10-22T01:39:49.361217Z DEBUG arx::units::circuit_unit: arx/src/units/circuit_unit.rs:198: Deserializing circuit data
2025-10-22T01:39:49.378989Z DEBUG arx::units::circuit_unit: arx/src/units/circuit_unit.rs:215: Inserting circuit info into cache
2025-10-22T01:39:49.393507Z DEBUG arx::coordinator: arx/src/coordinator.rs:241: Coordinator received circuit unit message
2025-10-22T01:39:49.398046Z DEBUG arx::units::cache_unit: arx/src/units/cache_unit.rs:170: Processing fetched circuit: CircuitInfo Dpz7xMiZ29fGETVJc3rnexMZSq7G4quyeMrZzbWt88R3
2025-10-22T01:39:49.428866Z DEBUG arx::coordinator: arx/src/coordinator.rs:373: Coordinator received peers unit message
2025-10-22T01:39:49.433044Z DEBUG arx::units::cache_unit: arx/src/units/cache_unit.rs:209: Processing fetched peers: PeersInfo { cluster: GgSqqAyH7AVY3Umcv8NvncrjFaNJuQLmxzxFxPoPW2Yd, peer_number: 64 }
2025-10-22T01:39:49.435850Z DEBUG arx::coordinator: arx/src/coordinator.rs:221: Coordinator received cache unit message
2025-10-22T01:39:49.437541Z DEBUG arx::coordinator: arx/src/coordinator.rs:221: Coordinator received cache unit message
2025-10-22T01:39:49.445570Z DEBUG arx::units::state_unit: arx/src/units/state_unit.rs:296: Processing prefetched computation
2025-10-22T01:39:49.447405Z  INFO arx::units::online_phase_unit: arx/src/units/online_phase_unit.rs:326: Processing Cerberus computation with id 303790697907795210078047774390766665400
2025-10-22T01:39:49.466605Z DEBUG arx::units::online_phase_unit: arx/src/units/online_phase_unit.rs:328: Connecting to peers (303790697907795210078047774390766665400)
2025-10-22T01:39:49.472286Z DEBUG network::router::network_router: /home/runner/.cargo/git/checkouts/async-mpc-1dbbf554a14e7a32/b307074/network/src/router/network_router.rs:79: Handling connection request to peer 0461a5    
2025-10-22T01:39:49.476704Z DEBUG network::router::state::connection_handlers: /home/runner/.cargo/git/checkouts/async-mpc-1dbbf554a14e7a32/b307074/network/src/router/state/connection_handlers.rs:44: Handling internal connection request: ConnectionRequest { expected_peer_id: 0461a5, peer_addr: 172.20.0.100:8001, response_sender: Sender { inner: Some(Inner { state: State { is_complete: false, is_closed: false, is_rx_task_set: true, is_tx_task_set: false } }) } }    
2025-10-22T01:39:49.478311Z DEBUG network::router::state::connection_handlers: /home/runner/.cargo/git/checkouts/async-mpc-1dbbf554a14e7a32/b307074/network/src/router/state/connection_handlers.rs:65: Connection not established yet: 172.20.0.100:8001    
2025-10-22T01:39:49.478410Z DEBUG network::router::state::connection_handlers: /home/runner/.cargo/git/checkouts/async-mpc-1dbbf554a14e7a32/b307074/network/src/router/state/connection_handlers.rs:100: Connecting to peer: 172.20.0.100:8001    
2025-10-22T01:39:49.492235Z DEBUG network::router::state::connection_handlers: /home/runner/.cargo/git/checkouts/async-mpc-1dbbf554a14e7a32/b307074/network/src/router/state/connection_handlers.rs:128: Connecting and checking ID of peer: 172.20.0.100:8001    
2025-10-22T01:39:49.497150Z DEBUG network::router::network_router: /home/runner/.cargo/git/checkouts/async-mpc-1dbbf554a14e7a32/b307074/network/src/router/network_router.rs:85: Connection request to peer 0461a5 handled    
2025-10-22T01:40:07.094539Z  WARN arx::program: arx/src/program.rs:322: Pub/sub connection closed or error occurred, reconnecting...
2025-10-22T01:40:07.092638Z  WARN arx::program: arx/src/program.rs:322: Pub/sub connection closed or error occurred, reconnecting...
2025-10-22T01:40:07.104624Z  WARN arx::program: arx/src/program.rs:322: Pub/sub connection closed or error occurred, reconnecting...
2025-10-22T01:40:07.092620Z  WARN arx::program: arx/src/program.rs:322: Pub/sub connection closed or error occurred, reconnecting...
2025-10-22T01:40:07.128825Z  INFO arx::program: arx/src/program.rs:327: Reconnecting pub/sub client
2025-10-22T01:40:07.111201Z  INFO arx::program: arx/src/program.rs:327: Reconnecting pub/sub client
2025-10-22T01:40:07.115846Z  INFO arx::program: arx/src/program.rs:327: Reconnecting pub/sub client
2025-10-22T01:40:07.121051Z  INFO arx::program: arx/src/program.rs:327: Reconnecting pub/sub client
2025-10-22T01:40:07.191887Z  WARN arx::program: arx/src/program.rs:375: Attempt 1/5: Failed to create new pub/sub: unable to connect to server
2025-10-22T01:40:07.193233Z  WARN arx::program: arx/src/program.rs:375: Attempt 1/5: Failed to create new pub/sub: unable to connect to server
2025-10-22T01:40:07.203931Z  WARN arx::program: arx/src/program.rs:375: Attempt 1/5: Failed to create new pub/sub: unable to connect to server
2025-10-22T01:40:07.207456Z  WARN arx::program: arx/src/program.rs:375: Attempt 1/5: Failed to create new pub/sub: unable to connect to server
2025-10-22T01:40:08.211796Z  WARN arx::program: arx/src/program.rs:375: Attempt 2/5: Failed to create new pub/sub: unable to connect to server
2025-10-22T01:40:08.217113Z  WARN arx::program: arx/src/program.rs:375: Attempt 2/5: Failed to create new pub/sub: unable to connect to server
2025-10-22T01:40:08.225911Z  WARN arx::program: arx/src/program.rs:375: Attempt 2/5: Failed to create new pub/sub: unable to connect to server
2025-10-22T01:40:08.230615Z  WARN arx::program: arx/src/program.rs:375: Attempt 2/5: Failed to create new pub/sub: unable to connect to server
2025-10-22T01:40:10.217461Z  WARN arx::program: arx/src/program.rs:375: Attempt 3/5: Failed to create new pub/sub: unable to connect to server
2025-10-22T01:40:10.223980Z  WARN arx::program: arx/src/program.rs:375: Attempt 3/5: Failed to create new pub/sub: unable to connect to server
2025-10-22T01:40:10.229539Z  WARN arx::program: arx/src/program.rs:375: Attempt 3/5: Failed to create new pub/sub: unable to connect to server
2025-10-22T01:40:10.250260Z  WARN arx::program: arx/src/program.rs:375: Attempt 3/5: Failed to create new pub/sub: unable to connect to server
2025-10-22T01:40:14.233305Z  INFO arx::program: arx/src/program.rs:337: Re-fetching initial state for account: Eii8e5feybZsNs1xJcmktof6LkWNGrAdTk179oL3ZZyv
2025-10-22T01:40:14.254607Z  INFO arx::program: arx/src/program.rs:337: Re-fetching initial state for account: GgSqqAyH7AVY3Umcv8NvncrjFaNJuQLmxzxFxPoPW2Yd
2025-10-22T01:40:14.254756Z  INFO arx::program: arx/src/program.rs:337: Re-fetching initial state for account: CQF2VydaWEk5ZkVRi5q3LxoQTkJNHsRSc2yuUAMS1qUc
2025-10-22T01:40:14.296573Z  INFO arx::program: arx/src/program.rs:337: Re-fetching initial state for account: Ff56UQ5U1AwHSP6Cxqfz1G5XV85RQ42uG66fU8vM9KKY
2025-10-22T01:40:14.336181Z  WARN arx::program: arx/src/program.rs:144: Attempt 1/5: Failed to fetch account Ff56UQ5U1AwHSP6Cxqfz1G5XV85RQ42uG66fU8vM9KKY: Account not found
2025-10-22T01:40:14.336485Z  INFO arx::program: arx/src/program.rs:349: Re-subscribing to account: CQF2VydaWEk5ZkVRi5q3LxoQTkJNHsRSc2yuUAMS1qUc
2025-10-22T01:40:14.379847Z DEBUG arx::units::execpool_unit: arx/src/units/execpool_unit.rs:188: Execpool account CQF2VydaWEk5ZkVRi5q3LxoQTkJNHsRSc2yuUAMS1qUc contains the same computations, skipping update
2025-10-22T01:40:14.398883Z  INFO arx::program: arx/src/program.rs:349: Re-subscribing to account: Eii8e5feybZsNs1xJcmktof6LkWNGrAdTk179oL3ZZyv
2025-10-22T01:40:14.400343Z DEBUG arx::units::mempool_unit: arx/src/units/mempool_unit.rs:136: Processing new mempool update for account: Eii8e5feybZsNs1xJcmktof6LkWNGrAdTk179oL3ZZyv
2025-10-22T01:40:14.401642Z DEBUG arx::units::mempool_unit: arx/src/units/mempool_unit.rs:175: Mempool account Eii8e5feybZsNs1xJcmktof6LkWNGrAdTk179oL3ZZyv contains the same computations, skipping update
2025-10-22T01:40:14.405116Z  INFO arx::program: arx/src/program.rs:349: Re-subscribing to account: GgSqqAyH7AVY3Umcv8NvncrjFaNJuQLmxzxFxPoPW2Yd
2025-10-22T01:40:14.411521Z DEBUG arx::units::mxe_unit: arx/src/units/mxe_unit.rs:129: Processing cluster update for account: GgSqqAyH7AVY3Umcv8NvncrjFaNJuQLmxzxFxPoPW2Yd
2025-10-22T01:40:15.346698Z  WARN arx::program: arx/src/program.rs:144: Attempt 2/5: Failed to fetch account Ff56UQ5U1AwHSP6Cxqfz1G5XV85RQ42uG66fU8vM9KKY: Account not found
2025-10-22T01:40:17.351546Z  WARN arx::program: arx/src/program.rs:144: Attempt 3/5: Failed to fetch account Ff56UQ5U1AwHSP6Cxqfz1G5XV85RQ42uG66fU8vM9KKY: Account not found
2025-10-22T01:40:21.354273Z  WARN arx::program: arx/src/program.rs:144: Attempt 4/5: Failed to fetch account Ff56UQ5U1AwHSP6Cxqfz1G5XV85RQ42uG66fU8vM9KKY: Account not found
2025-10-22T01:40:29.357766Z  WARN arx::program: arx/src/program.rs:144: Attempt 5/5: Failed to fetch account Ff56UQ5U1AwHSP6Cxqfz1G5XV85RQ42uG66fU8vM9KKY: Account not found
2025-10-22T01:40:29.358401Z ERROR arx::program: arx/src/program.rs:346: Failed to re-fetch initial state for account Ff56UQ5U1AwHSP6Cxqfz1G5XV85RQ42uG66fU8vM9KKY: RPC error: Attempt 5/5: Failed to fetch account Ff56UQ5U1AwHSP6Cxqfz1G5XV85RQ42uG66fU8vM9KKY: Account not found
2025-10-22T01:40:29.358784Z  INFO arx::program: arx/src/program.rs:349: Re-subscribing to account: Ff56UQ5U1AwHSP6Cxqfz1G5XV85RQ42uG66fU8vM9KKY
2025-10-22T01:40:32.169698Z  WARN arx::program: arx/src/program.rs:322: Pub/sub connection closed or error occurred, reconnecting...
2025-10-22T01:40:32.176564Z  INFO arx::program: arx/src/program.rs:327: Reconnecting pub/sub client
2025-10-22T01:40:32.170067Z  WARN arx::program: arx/src/program.rs:322: Pub/sub connection closed or error occurred, reconnecting...
2025-10-22T01:40:32.184043Z  INFO arx::program: arx/src/program.rs:327: Reconnecting pub/sub client
2025-10-22T01:40:32.171662Z  WARN arx::program: arx/src/program.rs:322: Pub/sub connection closed or error occurred, reconnecting...
2025-10-22T01:40:32.190244Z  INFO arx::program: arx/src/program.rs:327: Reconnecting pub/sub client
2025-10-22T01:40:32.181645Z  WARN arx::program: arx/src/program.rs:322: Pub/sub connection closed or error occurred, reconnecting...
2025-10-22T01:40:32.194433Z  INFO arx::program: arx/src/program.rs:327: Reconnecting pub/sub client
2025-10-22T01:40:32.197315Z  WARN arx::program: arx/src/program.rs:375: Attempt 1/5: Failed to create new pub/sub: unable to connect to server
2025-10-22T01:40:32.198085Z  WARN arx::program: arx/src/program.rs:375: Attempt 1/5: Failed to create new pub/sub: unable to connect to server
2025-10-22T01:40:32.216864Z  WARN arx::program: arx/src/program.rs:375: Attempt 1/5: Failed to create new pub/sub: unable to connect to server
2025-10-22T01:40:32.218890Z  WARN arx::program: arx/src/program.rs:375: Attempt 1/5: Failed to create new pub/sub: unable to connect to server
2025-10-22T01:40:33.230494Z  WARN arx::program: arx/src/program.rs:375: Attempt 2/5: Failed to create new pub/sub: unable to connect to server
2025-10-22T01:40:33.234937Z  WARN arx::program: arx/src/program.rs:375: Attempt 2/5: Failed to create new pub/sub: unable to connect to server
2025-10-22T01:40:33.253489Z  WARN arx::program: arx/src/program.rs:375: Attempt 2/5: Failed to create new pub/sub: unable to connect to server
2025-10-22T01:40:33.253513Z  WARN arx::program: arx/src/program.rs:375: Attempt 2/5: Failed to create new pub/sub: unable to connect to server
2025-10-22T01:40:35.241168Z  WARN arx::program: arx/src/program.rs:375: Attempt 3/5: Failed to create new pub/sub: unable to connect to server
2025-10-22T01:40:35.249712Z  WARN arx::program: arx/src/program.rs:375: Attempt 3/5: Failed to create new pub/sub: unable to connect to server
2025-10-22T01:40:35.267401Z  WARN arx::program: arx/src/program.rs:375: Attempt 3/5: Failed to create new pub/sub: unable to connect to server
2025-10-22T01:40:35.268070Z  WARN arx::program: arx/src/program.rs:375: Attempt 3/5: Failed to create new pub/sub: unable to connect to server
2025-10-22T01:40:39.299101Z  INFO arx::program: arx/src/program.rs:337: Re-fetching initial state for account: Eii8e5feybZsNs1xJcmktof6LkWNGrAdTk179oL3ZZyv
2025-10-22T01:40:39.312376Z  INFO arx::program: arx/src/program.rs:337: Re-fetching initial state for account: Ff56UQ5U1AwHSP6Cxqfz1G5XV85RQ42uG66fU8vM9KKY
2025-10-22T01:40:39.334898Z  INFO arx::program: arx/src/program.rs:337: Re-fetching initial state for account: CQF2VydaWEk5ZkVRi5q3LxoQTkJNHsRSc2yuUAMS1qUc
2025-10-22T01:40:39.346311Z  INFO arx::program: arx/src/program.rs:337: Re-fetching initial state for account: GgSqqAyH7AVY3Umcv8NvncrjFaNJuQLmxzxFxPoPW2Yd
2025-10-22T01:40:39.352646Z  INFO arx::program: arx/src/program.rs:349: Re-subscribing to account: Eii8e5feybZsNs1xJcmktof6LkWNGrAdTk179oL3ZZyv
2025-10-22T01:40:39.370124Z DEBUG arx::units::mempool_unit: arx/src/units/mempool_unit.rs:136: Processing new mempool update for account: Eii8e5feybZsNs1xJcmktof6LkWNGrAdTk179oL3ZZyv
2025-10-22T01:40:39.376407Z DEBUG arx::units::mempool_unit: arx/src/units/mempool_unit.rs:175: Mempool account Eii8e5feybZsNs1xJcmktof6LkWNGrAdTk179oL3ZZyv contains the same computations, skipping update
2025-10-22T01:40:39.373330Z  INFO arx::program: arx/src/program.rs:349: Re-subscribing to account: CQF2VydaWEk5ZkVRi5q3LxoQTkJNHsRSc2yuUAMS1qUc
2025-10-22T01:40:39.373553Z  INFO arx::program: arx/src/program.rs:349: Re-subscribing to account: GgSqqAyH7AVY3Umcv8NvncrjFaNJuQLmxzxFxPoPW2Yd
2025-10-22T01:40:39.384716Z DEBUG arx::units::mxe_unit: arx/src/units/mxe_unit.rs:129: Processing cluster update for account: GgSqqAyH7AVY3Umcv8NvncrjFaNJuQLmxzxFxPoPW2Yd
2025-10-22T01:40:39.376916Z  WARN arx::program: arx/src/program.rs:144: Attempt 1/5: Failed to fetch account Ff56UQ5U1AwHSP6Cxqfz1G5XV85RQ42uG66fU8vM9KKY: Account not found
2025-10-22T01:40:39.384959Z DEBUG arx::units::execpool_unit: arx/src/units/execpool_unit.rs:188: Execpool account CQF2VydaWEk5ZkVRi5q3LxoQTkJNHsRSc2yuUAMS1qUc contains the same computations, skipping update
2025-10-22T01:40:40.395629Z  WARN arx::program: arx/src/program.rs:144: Attempt 2/5: Failed to fetch account Ff56UQ5U1AwHSP6Cxqfz1G5XV85RQ42uG66fU8vM9KKY: Account not found
2025-10-22T01:40:42.400710Z  WARN arx::program: arx/src/program.rs:144: Attempt 3/5: Failed to fetch account Ff56UQ5U1AwHSP6Cxqfz1G5XV85RQ42uG66fU8vM9KKY: Account not found
2025-10-22T01:40:46.403254Z  WARN arx::program: arx/src/program.rs:144: Attempt 4/5: Failed to fetch account Ff56UQ5U1AwHSP6Cxqfz1G5XV85RQ42uG66fU8vM9KKY: Account not found
2025-10-22T01:40:54.405778Z  WARN arx::program: arx/src/program.rs:144: Attempt 5/5: Failed to fetch account Ff56UQ5U1AwHSP6Cxqfz1G5XV85RQ42uG66fU8vM9KKY: Account not found
2025-10-22T01:40:54.405889Z ERROR arx::program: arx/src/program.rs:346: Failed to re-fetch initial state for account Ff56UQ5U1AwHSP6Cxqfz1G5XV85RQ42uG66fU8vM9KKY: RPC error: Attempt 5/5: Failed to fetch account Ff56UQ5U1AwHSP6Cxqfz1G5XV85RQ42uG66fU8vM9KKY: Account not found
2025-10-22T01:40:54.405934Z  INFO arx::program: arx/src/program.rs:349: Re-subscribing to account: Ff56UQ5U1AwHSP6Cxqfz1G5XV85RQ42uG66fU8vM9KKY
