2025-10-21T20:37:38.910979Z DEBUG arx: arx/src/main.rs:53: Checking Solana is up and running
2025-10-21T20:37:39.010634Z  INFO arx: arx/src/main.rs:58: Running ARX
2025-10-21T20:37:39.012206Z DEBUG arx: arx/src/main.rs:60: Reading node keypair, callback authority keypair, and identity files from env
2025-10-21T20:37:39.013919Z DEBUG arx: arx/src/main.rs:68: Reading node keypair, callback authority keypair, and identity files
2025-10-21T20:37:39.022269Z DEBUG arx: arx/src/main.rs:78: Installing AWS LC crypto provider
2025-10-21T20:37:39.022376Z  INFO arx: arx/src/main.rs:83: Creating ARX coordinator
2025-10-21T20:37:39.132877Z DEBUG arx::units::online_phase_unit: arx/src/units/online_phase_unit.rs:121: Loaded MXE private shares for 4ydkSgq1T8XPhNih52CWiQUAcuVoUWkP4xxwHd8Ti1iv
2025-10-21T20:37:39.133259Z DEBUG arx::units::online_phase_unit: arx/src/units/online_phase_unit.rs:121: Loaded MXE private shares for CQvzhuYp299gu8rDs4RyLg1cDgnbDZiEdK51NcnSVwGm
2025-10-21T20:37:39.134961Z  INFO arx::units::cache_unit: arx/src/units/cache_unit.rs:88: Cache unit started
2025-10-21T20:37:39.135814Z  INFO arx::units::circuit_unit: arx/src/units/circuit_unit.rs:107: Circuit unit started
2025-10-21T20:37:39.137411Z  INFO arx::units::cluster_unit: arx/src/units/cluster_unit.rs:66: Cluster unit started
2025-10-21T20:37:39.137709Z DEBUG arx::units::cluster_unit: arx/src/units/cluster_unit.rs:68: Running pub/sub for arx node account
2025-10-21T20:37:39.138679Z  INFO arx::units::computation_transaction_unit: arx/src/units/computation_transaction_unit.rs:89: Computation transaction unit started
2025-10-21T20:37:39.140274Z  INFO arx::units::execpool_unit: arx/src/units/execpool_unit.rs:80: Execpool unit started
2025-10-21T20:37:39.140337Z DEBUG arx::units::execpool_unit: arx/src/units/execpool_unit.rs:82: Running pub/sub for mempools accounts
2025-10-21T20:37:39.141164Z DEBUG arx::units::cluster_unit: arx/src/units/cluster_unit.rs:78: Subscribing to arx node account
2025-10-21T20:37:39.141352Z  INFO arx::units::computation_unit: arx/src/units/computation_unit.rs:74: Inputs unit started
2025-10-21T20:37:39.142078Z  INFO arx::units::mempool_unit: arx/src/units/mempool_unit.rs:77: Mempool unit started
2025-10-21T20:37:39.142119Z DEBUG arx::units::mempool_unit: arx/src/units/mempool_unit.rs:79: Running pub/sub for mempools accounts
2025-10-21T20:37:39.144371Z  INFO arx::units::mxe_unit: arx/src/units/mxe_unit.rs:75: MXE unit started
2025-10-21T20:37:39.144803Z  INFO arx::units::node_transaction_unit: arx/src/units/node_transaction_unit.rs:65: Node transaction unit started
2025-10-21T20:37:39.144858Z  INFO arx::units::node_transaction_unit: arx/src/units/node_transaction_unit.rs:67: Activating node
2025-10-21T20:37:39.144838Z DEBUG arx::units::mxe_unit: arx/src/units/mxe_unit.rs:77: Running pub/sub for clusters accounts
2025-10-21T20:37:39.145836Z  INFO arx::units::online_phase_unit: arx/src/units/online_phase_unit.rs:152: Online phase unit started
2025-10-21T20:37:39.147069Z  INFO arx::units::peers_unit: arx/src/units/peers_unit.rs:76: Peers unit started
2025-10-21T20:37:39.147306Z  INFO arx: arx/src/main.rs:93: Coordinator created successfully
2025-10-21T20:37:39.147623Z  INFO arx::units::state_unit: arx/src/units/state_unit.rs:109: State unit started
2025-10-21T20:37:39.148265Z  INFO arx: arx/src/main.rs:102: Starting ARX coordinator
2025-10-21T20:37:39.149319Z  INFO arx::program: arx/src/program.rs:242: Pub/sub client started
2025-10-21T20:37:39.149752Z  INFO arx::program: arx/src/program.rs:244: Connecting initial pub/sub
2025-10-21T20:37:39.151081Z  INFO arx: arx/src/main.rs:105: Waiting for Ctrl+C
2025-10-21T20:37:39.151554Z  INFO arx::program: arx/src/program.rs:242: Pub/sub client started
2025-10-21T20:37:39.151620Z  INFO arx::program: arx/src/program.rs:244: Connecting initial pub/sub
2025-10-21T20:37:39.152026Z  INFO arx::coordinator: arx/src/coordinator.rs:198: Coordinator started
2025-10-21T20:37:39.152526Z  INFO arx::program: arx/src/program.rs:242: Pub/sub client started
2025-10-21T20:37:39.152568Z  INFO arx::program: arx/src/program.rs:244: Connecting initial pub/sub
2025-10-21T20:37:39.154909Z  INFO arx::program: arx/src/program.rs:242: Pub/sub client started
2025-10-21T20:37:39.154967Z  INFO arx::program: arx/src/program.rs:244: Connecting initial pub/sub
2025-10-21T20:37:39.191974Z  INFO arx::program: arx/src/program.rs:267: Fetching initial state for account: ELoRR19zrps1G3UYKcAxr7LKbw3kbqkVUXVY9dETMWN7
2025-10-21T20:37:39.199101Z  INFO arx::program: arx/src/program.rs:279: Subscribing to account: ELoRR19zrps1G3UYKcAxr7LKbw3kbqkVUXVY9dETMWN7
2025-10-21T20:37:39.201284Z DEBUG arx::units::cluster_unit: arx/src/units/cluster_unit.rs:101: Processing arx node update
2025-10-21T20:37:39.657260Z DEBUG arx::program: arx/src/program.rs:312: Received update for account: ELoRR19zrps1G3UYKcAxr7LKbw3kbqkVUXVY9dETMWN7
2025-10-21T20:37:39.657770Z DEBUG arx::units::cluster_unit: arx/src/units/cluster_unit.rs:101: Processing arx node update
2025-10-21T20:37:39.718381Z  INFO arx::units::node_transaction_unit: arx/src/units/node_transaction_unit.rs:70: Node activated
2025-10-21T20:37:39.719491Z DEBUG arx::coordinator: arx/src/coordinator.rs:204: Coordinator received activation unit message: activated
2025-10-21T20:37:39.722750Z DEBUG arx::coordinator: arx/src/coordinator.rs:251: Coordinator received cluster unit message: cluster: 0, status: Joined
2025-10-21T20:37:39.723675Z DEBUG arx::units::mxe_unit: arx/src/units/mxe_unit.rs:112: Subscribing to cluster: GgSqqAyH7AVY3Umcv8NvncrjFaNJuQLmxzxFxPoPW2Yd
2025-10-21T20:37:39.724140Z  INFO arx::program: arx/src/program.rs:267: Fetching initial state for account: GgSqqAyH7AVY3Umcv8NvncrjFaNJuQLmxzxFxPoPW2Yd
2025-10-21T20:37:39.728491Z  INFO arx::program: arx/src/program.rs:279: Subscribing to account: GgSqqAyH7AVY3Umcv8NvncrjFaNJuQLmxzxFxPoPW2Yd
2025-10-21T20:37:39.729179Z DEBUG arx::units::mxe_unit: arx/src/units/mxe_unit.rs:129: Processing cluster update for account: GgSqqAyH7AVY3Umcv8NvncrjFaNJuQLmxzxFxPoPW2Yd
2025-10-21T20:37:39.730812Z DEBUG arx::coordinator: arx/src/coordinator.rs:349: Coordinator received mxe unit message: cluster: GgSqqAyH7AVY3Umcv8NvncrjFaNJuQLmxzxFxPoPW2Yd, mxe: 4ydkSgq1T8XPhNih52CWiQUAcuVoUWkP4xxwHd8Ti1iv, status: Joined
2025-10-21T20:37:39.731804Z DEBUG arx::units::execpool_unit: arx/src/units/execpool_unit.rs:120: Subscribing to execpool account: E5VnBi5DamtU26BiJwnTjniWzDgW9ShfzAbvFKqFDAPj
2025-10-21T20:37:39.731933Z DEBUG arx::units::mempool_unit: arx/src/units/mempool_unit.rs:113: Subscribing to mempool account: 6zZBJuBWkxUfhhnhH1pH5dgzjWqgcVe6Cz5vM4evHHfM
2025-10-21T20:37:39.732891Z  INFO arx::program: arx/src/program.rs:267: Fetching initial state for account: 6zZBJuBWkxUfhhnhH1pH5dgzjWqgcVe6Cz5vM4evHHfM
2025-10-21T20:37:39.733090Z  INFO arx::program: arx/src/program.rs:267: Fetching initial state for account: E5VnBi5DamtU26BiJwnTjniWzDgW9ShfzAbvFKqFDAPj
2025-10-21T20:37:39.737424Z  INFO arx::program: arx/src/program.rs:279: Subscribing to account: 6zZBJuBWkxUfhhnhH1pH5dgzjWqgcVe6Cz5vM4evHHfM
2025-10-21T20:37:39.738426Z DEBUG arx::units::mempool_unit: arx/src/units/mempool_unit.rs:136: Processing new mempool update for account: 6zZBJuBWkxUfhhnhH1pH5dgzjWqgcVe6Cz5vM4evHHfM
2025-10-21T20:37:39.739454Z  INFO arx::program: arx/src/program.rs:279: Subscribing to account: E5VnBi5DamtU26BiJwnTjniWzDgW9ShfzAbvFKqFDAPj
2025-10-21T20:37:39.739558Z DEBUG arx::units::mempool_unit: arx/src/units/mempool_unit.rs:175: Mempool account 6zZBJuBWkxUfhhnhH1pH5dgzjWqgcVe6Cz5vM4evHHfM contains the same computations, skipping update
2025-10-21T20:37:39.741071Z DEBUG arx::coordinator: arx/src/coordinator.rs:288: Coordinator received execpool unit message: computations ids: [1]
2025-10-21T20:37:39.742196Z DEBUG arx::units::state_unit: arx/src/units/state_unit.rs:231: Processing execpool update
2025-10-21T20:37:39.742466Z DEBUG arx::units::cache_unit: arx/src/units/cache_unit.rs:144: Processing queued computation: ArxComputationReference (1,1) (cluster: GgSqqAyH7AVY3Umcv8NvncrjFaNJuQLmxzxFxPoPW2Yd, mxe: 4ydkSgq1T8XPhNih52CWiQUAcuVoUWkP4xxwHd8Ti1iv)
2025-10-21T20:37:39.743923Z DEBUG arx::units::state_unit: arx/src/units/state_unit.rs:281: Prefetching and executing computation: ArxComputationReference (1,1) (cluster: GgSqqAyH7AVY3Umcv8NvncrjFaNJuQLmxzxFxPoPW2Yd, mxe: 4ydkSgq1T8XPhNih52CWiQUAcuVoUWkP4xxwHd8Ti1iv) with status (index: 0, executed: false)
2025-10-21T20:37:39.744684Z DEBUG arx::coordinator: arx/src/coordinator.rs:384: Coordinator received state unit message: prefetch computation: ArxComputationReference (1,1) (cluster: GgSqqAyH7AVY3Umcv8NvncrjFaNJuQLmxzxFxPoPW2Yd, mxe: 4ydkSgq1T8XPhNih52CWiQUAcuVoUWkP4xxwHd8Ti1iv)
2025-10-21T20:37:39.745181Z DEBUG arx::coordinator: arx/src/coordinator.rs:405: Coordinator received state unit message: execute computation: ArxComputationReference (1,1) (cluster: GgSqqAyH7AVY3Umcv8NvncrjFaNJuQLmxzxFxPoPW2Yd, mxe: 4ydkSgq1T8XPhNih52CWiQUAcuVoUWkP4xxwHd8Ti1iv)
2025-10-21T20:37:39.746147Z DEBUG arx::units::peers_unit: arx/src/units/peers_unit.rs:111: Processing cluster: GgSqqAyH7AVY3Umcv8NvncrjFaNJuQLmxzxFxPoPW2Yd
2025-10-21T20:37:39.746208Z DEBUG arx::units::circuit_unit: arx/src/units/circuit_unit.rs:148: Processing computation definition: 3vPNRZQKoXb9xv89fNcgQT7T36Y23ZsZEhFhnGXnC1TK
2025-10-21T20:37:39.754179Z DEBUG arx::coordinator: arx/src/coordinator.rs:309: Coordinator prefetched computation ArxComputationReference (1,1) (cluster: GgSqqAyH7AVY3Umcv8NvncrjFaNJuQLmxzxFxPoPW2Yd, mxe: 4ydkSgq1T8XPhNih52CWiQUAcuVoUWkP4xxwHd8Ti1iv)
2025-10-21T20:37:39.755013Z DEBUG arx::coordinator: arx/src/coordinator.rs:312: Coordinator fetched computation ArxComputation 216761856220171781129864534047532659560 (cluster: GgSqqAyH7AVY3Umcv8NvncrjFaNJuQLmxzxFxPoPW2Yd, mxe: 4ydkSgq1T8XPhNih52CWiQUAcuVoUWkP4xxwHd8Ti1iv) inputs
2025-10-21T20:37:39.756798Z DEBUG arx::units::cache_unit: arx/src/units/cache_unit.rs:246: Processing fetched inputs: Cerberus Inputs
2025-10-21T20:37:39.762037Z DEBUG arx::units::circuit_unit: arx/src/units/circuit_unit.rs:198: Deserializing circuit data
2025-10-21T20:37:39.764424Z DEBUG arx::coordinator: arx/src/coordinator.rs:373: Coordinator received peers unit message
2025-10-21T20:37:39.764600Z DEBUG arx::units::cache_unit: arx/src/units/cache_unit.rs:209: Processing fetched peers: PeersInfo { cluster: GgSqqAyH7AVY3Umcv8NvncrjFaNJuQLmxzxFxPoPW2Yd, peer_number: 0 }
2025-10-21T20:37:39.767248Z DEBUG arx::units::circuit_unit: arx/src/units/circuit_unit.rs:215: Inserting circuit info into cache
2025-10-21T20:37:39.768581Z DEBUG arx::coordinator: arx/src/coordinator.rs:241: Coordinator received circuit unit message
2025-10-21T20:37:39.768762Z DEBUG arx::units::cache_unit: arx/src/units/cache_unit.rs:170: Processing fetched circuit: CircuitInfo 3vPNRZQKoXb9xv89fNcgQT7T36Y23ZsZEhFhnGXnC1TK
2025-10-21T20:37:39.769101Z DEBUG arx::coordinator: arx/src/coordinator.rs:221: Coordinator received cache unit message
2025-10-21T20:37:39.769169Z DEBUG arx::coordinator: arx/src/coordinator.rs:221: Coordinator received cache unit message
2025-10-21T20:37:39.769365Z DEBUG arx::units::state_unit: arx/src/units/state_unit.rs:296: Processing prefetched computation
2025-10-21T20:37:39.770354Z  WARN arx::units::online_phase_unit: arx/src/units/online_phase_unit.rs:195: Overwriting existing private shares for MXE keygen computation
2025-10-21T20:37:39.772110Z  INFO arx::units::online_phase_unit: arx/src/units/online_phase_unit.rs:326: Processing Cerberus computation with id 216761856220171781129864534047532659560
2025-10-21T20:37:39.772220Z DEBUG arx::units::online_phase_unit: arx/src/units/online_phase_unit.rs:328: Connecting to peers (216761856220171781129864534047532659560)
2025-10-21T20:37:39.772928Z DEBUG network::router::network_router: /home/runner/.cargo/git/checkouts/async-mpc-1dbbf554a14e7a32/b307074/network/src/router/network_router.rs:79: Handling connection request to peer cf7093    
2025-10-21T20:37:39.773215Z DEBUG network::router::state::connection_handlers: /home/runner/.cargo/git/checkouts/async-mpc-1dbbf554a14e7a32/b307074/network/src/router/state/connection_handlers.rs:44: Handling internal connection request: ConnectionRequest { expected_peer_id: cf7093, peer_addr: 172.20.0.101:8001, response_sender: Sender { inner: Some(Inner { state: State { is_complete: false, is_closed: false, is_rx_task_set: true, is_tx_task_set: false } }) } }    
2025-10-21T20:37:39.773541Z DEBUG network::router::state::connection_handlers: /home/runner/.cargo/git/checkouts/async-mpc-1dbbf554a14e7a32/b307074/network/src/router/state/connection_handlers.rs:65: Connection not established yet: 172.20.0.101:8001    
2025-10-21T20:37:39.773585Z DEBUG network::router::state::connection_handlers: /home/runner/.cargo/git/checkouts/async-mpc-1dbbf554a14e7a32/b307074/network/src/router/state/connection_handlers.rs:100: Connecting to peer: 172.20.0.101:8001    
2025-10-21T20:37:39.774035Z DEBUG network::router::network_router: /home/runner/.cargo/git/checkouts/async-mpc-1dbbf554a14e7a32/b307074/network/src/router/network_router.rs:85: Connection request to peer cf7093 handled    
2025-10-21T20:37:39.788478Z DEBUG network::router::state::connection_handlers: /home/runner/.cargo/git/checkouts/async-mpc-1dbbf554a14e7a32/b307074/network/src/router/state/connection_handlers.rs:227: Handling incoming connection request from peer: 172.20.0.101:8001    
2025-10-21T20:37:39.804486Z DEBUG network::router::state::connection_handlers: /home/runner/.cargo/git/checkouts/async-mpc-1dbbf554a14e7a32/b307074/network/src/router/state/connection_handlers.rs:128: Connecting and checking ID of peer: 172.20.0.101:8001    
2025-10-21T20:37:39.832814Z DEBUG network::router::state::connection_handlers: /home/runner/.cargo/git/checkouts/async-mpc-1dbbf554a14e7a32/b307074/network/src/router/state/connection_handlers.rs:280: Checking connection liveness to peer: 172.20.0.101:8001    
2025-10-21T20:37:39.834444Z DEBUG network::router::state::connection_handlers: /home/runner/.cargo/git/checkouts/async-mpc-1dbbf554a14e7a32/b307074/network/src/router/state/connection_handlers.rs:168: Outcome of connection to peer 172.20.0.101:8001 sent.    
2025-10-21T20:37:39.834863Z DEBUG network::router::state::connection_handlers: /home/runner/.cargo/git/checkouts/async-mpc-1dbbf554a14e7a32/b307074/network/src/router/state/connection_handlers.rs:188: Handling established connection to peer: 172.20.0.101:8001    
2025-10-21T20:37:39.835227Z  INFO network::router::state::substream_handlers: /home/runner/.cargo/git/checkouts/async-mpc-1dbbf554a14e7a32/b307074/network/src/router/state/substream_handlers.rs:217: Listening to substream requests from address 172.20.0.101:8001.    
2025-10-21T20:37:39.835669Z DEBUG arx::units::online_phase_unit: arx/src/units/online_phase_unit.rs:343: Connected to peers (216761856220171781129864534047532659560)
2025-10-21T20:37:39.837216Z DEBUG network::router::network_router: /home/runner/.cargo/git/checkouts/async-mpc-1dbbf554a14e7a32/b307074/network/src/router/network_router.rs:105: Opening substream for protocol (216761856220171781129864534047532659560, 0) with peer cf7093    
2025-10-21T20:37:39.839397Z  INFO network::router::state::substream_handlers: /home/runner/.cargo/git/checkouts/async-mpc-1dbbf554a14e7a32/b307074/network/src/router/state/substream_handlers.rs:235: Registered incoming stream from address 172.20.0.101:8001.    
2025-10-21T20:37:39.839801Z  INFO network::router::state::substream_handlers: /home/runner/.cargo/git/checkouts/async-mpc-1dbbf554a14e7a32/b307074/network/src/router/state/substream_handlers.rs:50: New substream successfully established.    
2025-10-21T20:37:39.840030Z  INFO network::router::network_router: /home/runner/.cargo/git/checkouts/async-mpc-1dbbf554a14e7a32/b307074/network/src/router/network_router.rs:273: Opened substreams for protocol 216761856220171781129864534047532659560    
2025-10-21T20:37:40.019531Z  INFO network::labeled_interface::handlers: /home/runner/.cargo/git/checkouts/async-mpc-1dbbf554a14e7a32/b307074/network/src/labeled_interface/handlers.rs:86: Interface 0461a5 dropped.    
2025-10-21T20:37:40.019591Z DEBUG arx::units::online_phase_unit: arx/src/units/online_phase_unit.rs:255: Output of computation is: ArxComputationOutput { computation: ArxComputation 216761856220171781129864534047532659560 (cluster: GgSqqAyH7AVY3Umcv8NvncrjFaNJuQLmxzxFxPoPW2Yd, mxe: 4ydkSgq1T8XPhNih52CWiQUAcuVoUWkP4xxwHd8Ti1iv), outputs: Success([[195, 61, 79, 183, 27, 134, 47, 144, 190, 184, 167, 65, 30, 109, 4, 135, 153, 170, 220, 207, 194, 173, 203, 111, 44, 249, 79, 57, 74, 218, 31, 11]]) } (216761856220171781129864534047532659560)
2025-10-21T20:37:40.020295Z  INFO network::labeled_interface::interface: /home/runner/.cargo/git/checkouts/async-mpc-1dbbf554a14e7a32/b307074/network/src/labeled_interface/interface.rs:415: Interface 0461a5 dropped.    
2025-10-21T20:37:40.020304Z  INFO network::labeled_interface::handlers: /home/runner/.cargo/git/checkouts/async-mpc-1dbbf554a14e7a32/b307074/network/src/labeled_interface/handlers.rs:53: Router closed interface 0461a5.    
2025-10-21T20:37:40.020754Z DEBUG arx::coordinator: arx/src/coordinator.rs:364: Coordinator received online unit output: ArxComputationOutput { computation: ArxComputation 216761856220171781129864534047532659560 (cluster: GgSqqAyH7AVY3Umcv8NvncrjFaNJuQLmxzxFxPoPW2Yd, mxe: 4ydkSgq1T8XPhNih52CWiQUAcuVoUWkP4xxwHd8Ti1iv), outputs: Success([[195, 61, 79, 183, 27, 134, 47, 144, 190, 184, 167, 65, 30, 109, 4, 135, 153, 170, 220, 207, 194, 173, 203, 111, 44, 249, 79, 57, 74, 218, 31, 11]]) }
2025-10-21T20:37:40.021595Z DEBUG arx::units::computation_transaction_unit: arx/src/units/computation_transaction_unit.rs:162: Processing callback for computation ArxComputation 216761856220171781129864534047532659560 (cluster: GgSqqAyH7AVY3Umcv8NvncrjFaNJuQLmxzxFxPoPW2Yd, mxe: 4ydkSgq1T8XPhNih52CWiQUAcuVoUWkP4xxwHd8Ti1iv)
2025-10-21T20:37:40.021615Z  INFO network::router::state::substream_handlers: /home/runner/.cargo/git/checkouts/async-mpc-1dbbf554a14e7a32/b307074/network/src/router/state/substream_handlers.rs:197: Removed protocol ID (216761856220171781129864534047532659560, 0) for peer cf7093.    
2025-10-21T20:37:40.542280Z DEBUG arx::program: arx/src/program.rs:312: Received update for account: GgSqqAyH7AVY3Umcv8NvncrjFaNJuQLmxzxFxPoPW2Yd
2025-10-21T20:37:40.542630Z DEBUG arx::units::mxe_unit: arx/src/units/mxe_unit.rs:129: Processing cluster update for account: GgSqqAyH7AVY3Umcv8NvncrjFaNJuQLmxzxFxPoPW2Yd
2025-10-21T20:37:41.038536Z DEBUG arx::units::computation_transaction_unit: arx/src/units/computation_transaction_unit.rs:219: Sent set_mxe_keys tx for mxe 4ydkSgq1T8XPhNih52CWiQUAcuVoUWkP4xxwHd8Ti1iv with sig 2uTMrqGnKXTakcmjboJdEmgpX52JUuMg2M2HzSRnVdcKShSyAXmgjKtvohEEgHJf1AR6YVz2gQe84V468FEzJjff
2025-10-21T20:37:41.437301Z DEBUG arx::program: arx/src/program.rs:312: Received update for account: E5VnBi5DamtU26BiJwnTjniWzDgW9ShfzAbvFKqFDAPj
2025-10-21T20:37:41.438234Z DEBUG arx::program: arx/src/program.rs:312: Received update for account: GgSqqAyH7AVY3Umcv8NvncrjFaNJuQLmxzxFxPoPW2Yd
2025-10-21T20:37:41.438723Z DEBUG arx::units::mxe_unit: arx/src/units/mxe_unit.rs:129: Processing cluster update for account: GgSqqAyH7AVY3Umcv8NvncrjFaNJuQLmxzxFxPoPW2Yd
2025-10-21T20:37:41.438762Z DEBUG arx::coordinator: arx/src/coordinator.rs:288: Coordinator received execpool unit message: computations ids: []
2025-10-21T20:37:41.438759Z DEBUG arx::program: arx/src/program.rs:312: Received update for account: 6zZBJuBWkxUfhhnhH1pH5dgzjWqgcVe6Cz5vM4evHHfM
2025-10-21T20:37:41.439113Z DEBUG arx::units::state_unit: arx/src/units/state_unit.rs:231: Processing execpool update
2025-10-21T20:37:41.439554Z DEBUG arx::units::mempool_unit: arx/src/units/mempool_unit.rs:136: Processing new mempool update for account: 6zZBJuBWkxUfhhnhH1pH5dgzjWqgcVe6Cz5vM4evHHfM
2025-10-21T20:37:41.439691Z DEBUG arx::units::mempool_unit: arx/src/units/mempool_unit.rs:175: Mempool account 6zZBJuBWkxUfhhnhH1pH5dgzjWqgcVe6Cz5vM4evHHfM contains the same computations, skipping update
2025-10-21T20:37:41.440363Z DEBUG arx::units::state_unit: arx/src/units/state_unit.rs:255: Removing computation from execpool: ArxComputationReference (1,1) (cluster: GgSqqAyH7AVY3Umcv8NvncrjFaNJuQLmxzxFxPoPW2Yd, mxe: 4ydkSgq1T8XPhNih52CWiQUAcuVoUWkP4xxwHd8Ti1iv)
2025-10-21T20:37:41.440721Z DEBUG arx::coordinator: arx/src/coordinator.rs:423: Coordinator received state unit message: executed computation: ArxComputationReference (1,1) (cluster: GgSqqAyH7AVY3Umcv8NvncrjFaNJuQLmxzxFxPoPW2Yd, mxe: 4ydkSgq1T8XPhNih52CWiQUAcuVoUWkP4xxwHd8Ti1iv)
2025-10-21T20:37:41.441399Z DEBUG arx::units::cache_unit: arx/src/units/cache_unit.rs:278: Processing executed computation: ArxComputationReference (1,1) (cluster: GgSqqAyH7AVY3Umcv8NvncrjFaNJuQLmxzxFxPoPW2Yd, mxe: 4ydkSgq1T8XPhNih52CWiQUAcuVoUWkP4xxwHd8Ti1iv)
2025-10-21T20:37:41.441789Z DEBUG arx::units::cache_unit: arx/src/units/cache_unit.rs:282: Computation executed and removed from cache: ArxComputationReference (1,1) (cluster: GgSqqAyH7AVY3Umcv8NvncrjFaNJuQLmxzxFxPoPW2Yd, mxe: 4ydkSgq1T8XPhNih52CWiQUAcuVoUWkP4xxwHd8Ti1iv)
2025-10-21T20:37:41.547053Z DEBUG arx::units::computation_transaction_unit: arx/src/units/computation_transaction_unit.rs:342: Callback computation tx for mxe 4ydkSgq1T8XPhNih52CWiQUAcuVoUWkP4xxwHd8Ti1iv already sent
2025-10-21T20:37:41.548135Z DEBUG arx::coordinator: arx/src/coordinator.rs:265: Coordinator received computation transaction unit callback computation: ArxComputationReference (1,1) (cluster: GgSqqAyH7AVY3Umcv8NvncrjFaNJuQLmxzxFxPoPW2Yd, mxe: 4ydkSgq1T8XPhNih52CWiQUAcuVoUWkP4xxwHd8Ti1iv)
2025-10-21T20:37:41.548333Z DEBUG arx::units::cache_unit: arx/src/units/cache_unit.rs:278: Processing executed computation: ArxComputationReference (1,1) (cluster: GgSqqAyH7AVY3Umcv8NvncrjFaNJuQLmxzxFxPoPW2Yd, mxe: 4ydkSgq1T8XPhNih52CWiQUAcuVoUWkP4xxwHd8Ti1iv)
2025-10-21T20:37:41.548649Z DEBUG arx::units::state_unit: arx/src/units/state_unit.rs:311: Processing executed computation
2025-10-21T20:37:41.548665Z  WARN arx::units::cache_unit: arx/src/units/cache_unit.rs:289: Computation info not found in cache: ArxComputationReference (1,1) (cluster: GgSqqAyH7AVY3Umcv8NvncrjFaNJuQLmxzxFxPoPW2Yd, mxe: 4ydkSgq1T8XPhNih52CWiQUAcuVoUWkP4xxwHd8Ti1iv)
2025-10-21T20:37:42.898337Z  WARN arx::program: arx/src/program.rs:322: Pub/sub connection closed or error occurred, reconnecting...
2025-10-21T20:37:42.898614Z  WARN arx::program: arx/src/program.rs:322: Pub/sub connection closed or error occurred, reconnecting...
2025-10-21T20:37:42.898655Z  WARN arx::program: arx/src/program.rs:322: Pub/sub connection closed or error occurred, reconnecting...
2025-10-21T20:37:42.898788Z  WARN arx::program: arx/src/program.rs:322: Pub/sub connection closed or error occurred, reconnecting...
2025-10-21T20:37:42.905978Z  INFO arx::program: arx/src/program.rs:327: Reconnecting pub/sub client
2025-10-21T20:37:42.906011Z  INFO arx::program: arx/src/program.rs:327: Reconnecting pub/sub client
2025-10-21T20:37:42.906039Z  INFO arx::program: arx/src/program.rs:327: Reconnecting pub/sub client
2025-10-21T20:37:42.906087Z  INFO arx::program: arx/src/program.rs:327: Reconnecting pub/sub client
2025-10-21T20:37:42.907440Z  WARN arx::program: arx/src/program.rs:375: Attempt 1/5: Failed to create new pub/sub: unable to connect to server
2025-10-21T20:37:42.907649Z  WARN arx::program: arx/src/program.rs:375: Attempt 1/5: Failed to create new pub/sub: unable to connect to server
2025-10-21T20:37:42.908015Z  WARN arx::program: arx/src/program.rs:375: Attempt 1/5: Failed to create new pub/sub: unable to connect to server
2025-10-21T20:37:42.908031Z  WARN arx::program: arx/src/program.rs:375: Attempt 1/5: Failed to create new pub/sub: unable to connect to server
2025-10-21T20:37:43.912506Z  WARN arx::program: arx/src/program.rs:375: Attempt 2/5: Failed to create new pub/sub: unable to connect to server
2025-10-21T20:37:43.912876Z  WARN arx::program: arx/src/program.rs:375: Attempt 2/5: Failed to create new pub/sub: unable to connect to server
2025-10-21T20:37:43.913213Z  WARN arx::program: arx/src/program.rs:375: Attempt 2/5: Failed to create new pub/sub: unable to connect to server
2025-10-21T20:37:43.913435Z  WARN arx::program: arx/src/program.rs:375: Attempt 2/5: Failed to create new pub/sub: unable to connect to server
