2025-10-21T18:44:57.409923Z DEBUG arx: arx/src/main.rs:53: Checking Solana is up and running
2025-10-21T18:44:57.500404Z  INFO arx: arx/src/main.rs:58: Running ARX
2025-10-21T18:44:57.500572Z DEBUG arx: arx/src/main.rs:60: Reading node keypair, callback authority keypair, and identity files from env
2025-10-21T18:44:57.500717Z DEBUG arx: arx/src/main.rs:68: Reading node keypair, callback authority keypair, and identity files
2025-10-21T18:44:57.505777Z DEBUG arx: arx/src/main.rs:78: Installing AWS LC crypto provider
2025-10-21T18:44:57.505904Z  INFO arx: arx/src/main.rs:83: Creating ARX coordinator
2025-10-21T18:44:57.611108Z DEBUG arx::units::online_phase_unit: arx/src/units/online_phase_unit.rs:121: Loaded MXE private shares for CQvzhuYp299gu8rDs4RyLg1cDgnbDZiEdK51NcnSVwGm
2025-10-21T18:44:57.614082Z  INFO arx::units::cache_unit: arx/src/units/cache_unit.rs:88: Cache unit started
2025-10-21T18:44:57.614965Z  INFO arx::units::circuit_unit: arx/src/units/circuit_unit.rs:107: Circuit unit started
2025-10-21T18:44:57.616301Z  INFO arx::units::cluster_unit: arx/src/units/cluster_unit.rs:66: Cluster unit started
2025-10-21T18:44:57.616529Z DEBUG arx::units::cluster_unit: arx/src/units/cluster_unit.rs:68: Running pub/sub for arx node account
2025-10-21T18:44:57.617492Z  INFO arx::units::computation_transaction_unit: arx/src/units/computation_transaction_unit.rs:89: Computation transaction unit started
2025-10-21T18:44:57.619162Z  INFO arx::units::execpool_unit: arx/src/units/execpool_unit.rs:80: Execpool unit started
2025-10-21T18:44:57.619309Z DEBUG arx::units::execpool_unit: arx/src/units/execpool_unit.rs:82: Running pub/sub for mempools accounts
2025-10-21T18:44:57.619903Z DEBUG arx::units::cluster_unit: arx/src/units/cluster_unit.rs:78: Subscribing to arx node account
2025-10-21T18:44:57.620222Z  INFO arx::units::computation_unit: arx/src/units/computation_unit.rs:74: Inputs unit started
2025-10-21T18:44:57.620931Z  INFO arx::units::mempool_unit: arx/src/units/mempool_unit.rs:77: Mempool unit started
2025-10-21T18:44:57.620976Z DEBUG arx::units::mempool_unit: arx/src/units/mempool_unit.rs:79: Running pub/sub for mempools accounts
2025-10-21T18:44:57.623004Z  INFO arx::units::mxe_unit: arx/src/units/mxe_unit.rs:75: MXE unit started
2025-10-21T18:44:57.623466Z  INFO arx::units::node_transaction_unit: arx/src/units/node_transaction_unit.rs:65: Node transaction unit started
2025-10-21T18:44:57.623638Z  INFO arx::units::node_transaction_unit: arx/src/units/node_transaction_unit.rs:67: Activating node
2025-10-21T18:44:57.623612Z DEBUG arx::units::mxe_unit: arx/src/units/mxe_unit.rs:77: Running pub/sub for clusters accounts
2025-10-21T18:44:57.624637Z  INFO arx::units::online_phase_unit: arx/src/units/online_phase_unit.rs:152: Online phase unit started
2025-10-21T18:44:57.625955Z  INFO arx::units::peers_unit: arx/src/units/peers_unit.rs:76: Peers unit started
2025-10-21T18:44:57.626707Z  INFO arx: arx/src/main.rs:93: Coordinator created successfully
2025-10-21T18:44:57.626781Z  INFO arx::units::state_unit: arx/src/units/state_unit.rs:109: State unit started
2025-10-21T18:44:57.627545Z  INFO arx: arx/src/main.rs:102: Starting ARX coordinator
2025-10-21T18:44:57.628862Z  INFO arx::program: arx/src/program.rs:242: Pub/sub client started
2025-10-21T18:44:57.629428Z  INFO arx::program: arx/src/program.rs:244: Connecting initial pub/sub
2025-10-21T18:44:57.630515Z  INFO arx: arx/src/main.rs:105: Waiting for Ctrl+C
2025-10-21T18:44:57.631383Z  INFO arx::program: arx/src/program.rs:242: Pub/sub client started
2025-10-21T18:44:57.631423Z  INFO arx::program: arx/src/program.rs:244: Connecting initial pub/sub
2025-10-21T18:44:57.631565Z  INFO arx::coordinator: arx/src/coordinator.rs:198: Coordinator started
2025-10-21T18:44:57.632625Z  INFO arx::program: arx/src/program.rs:242: Pub/sub client started
2025-10-21T18:44:57.632661Z  INFO arx::program: arx/src/program.rs:244: Connecting initial pub/sub
2025-10-21T18:44:57.634424Z  INFO arx::program: arx/src/program.rs:242: Pub/sub client started
2025-10-21T18:44:57.634471Z  INFO arx::program: arx/src/program.rs:244: Connecting initial pub/sub
2025-10-21T18:44:57.663869Z  INFO arx::program: arx/src/program.rs:267: Fetching initial state for account: ELoRR19zrps1G3UYKcAxr7LKbw3kbqkVUXVY9dETMWN7
2025-10-21T18:44:57.672796Z  INFO arx::program: arx/src/program.rs:279: Subscribing to account: ELoRR19zrps1G3UYKcAxr7LKbw3kbqkVUXVY9dETMWN7
2025-10-21T18:44:57.674586Z DEBUG arx::units::cluster_unit: arx/src/units/cluster_unit.rs:101: Processing arx node update
2025-10-21T18:44:58.054336Z DEBUG arx::program: arx/src/program.rs:312: Received update for account: ELoRR19zrps1G3UYKcAxr7LKbw3kbqkVUXVY9dETMWN7
2025-10-21T18:44:58.054923Z DEBUG arx::units::cluster_unit: arx/src/units/cluster_unit.rs:101: Processing arx node update
2025-10-21T18:44:58.194380Z  INFO arx::units::node_transaction_unit: arx/src/units/node_transaction_unit.rs:70: Node activated
2025-10-21T18:44:58.195276Z DEBUG arx::coordinator: arx/src/coordinator.rs:204: Coordinator received activation unit message: activated
2025-10-21T18:44:58.197367Z DEBUG arx::coordinator: arx/src/coordinator.rs:251: Coordinator received cluster unit message: cluster: 0, status: Joined
2025-10-21T18:44:58.200176Z DEBUG arx::units::mxe_unit: arx/src/units/mxe_unit.rs:112: Subscribing to cluster: GgSqqAyH7AVY3Umcv8NvncrjFaNJuQLmxzxFxPoPW2Yd
2025-10-21T18:44:58.200625Z  INFO arx::program: arx/src/program.rs:267: Fetching initial state for account: GgSqqAyH7AVY3Umcv8NvncrjFaNJuQLmxzxFxPoPW2Yd
2025-10-21T18:44:58.204988Z  INFO arx::program: arx/src/program.rs:279: Subscribing to account: GgSqqAyH7AVY3Umcv8NvncrjFaNJuQLmxzxFxPoPW2Yd
2025-10-21T18:44:58.205583Z DEBUG arx::units::mxe_unit: arx/src/units/mxe_unit.rs:129: Processing cluster update for account: GgSqqAyH7AVY3Umcv8NvncrjFaNJuQLmxzxFxPoPW2Yd
2025-10-21T18:44:58.207152Z DEBUG arx::coordinator: arx/src/coordinator.rs:349: Coordinator received mxe unit message: cluster: GgSqqAyH7AVY3Umcv8NvncrjFaNJuQLmxzxFxPoPW2Yd, mxe: CQvzhuYp299gu8rDs4RyLg1cDgnbDZiEdK51NcnSVwGm, status: Joined
2025-10-21T18:44:58.207979Z DEBUG arx::units::execpool_unit: arx/src/units/execpool_unit.rs:120: Subscribing to execpool account: CQF2VydaWEk5ZkVRi5q3LxoQTkJNHsRSc2yuUAMS1qUc
2025-10-21T18:44:58.208205Z DEBUG arx::units::mempool_unit: arx/src/units/mempool_unit.rs:113: Subscribing to mempool account: Eii8e5feybZsNs1xJcmktof6LkWNGrAdTk179oL3ZZyv
2025-10-21T18:44:58.208698Z  INFO arx::program: arx/src/program.rs:267: Fetching initial state for account: CQF2VydaWEk5ZkVRi5q3LxoQTkJNHsRSc2yuUAMS1qUc
2025-10-21T18:44:58.209197Z  INFO arx::program: arx/src/program.rs:267: Fetching initial state for account: Eii8e5feybZsNs1xJcmktof6LkWNGrAdTk179oL3ZZyv
2025-10-21T18:44:58.211312Z  INFO arx::program: arx/src/program.rs:279: Subscribing to account: CQF2VydaWEk5ZkVRi5q3LxoQTkJNHsRSc2yuUAMS1qUc
2025-10-21T18:44:58.213131Z  INFO arx::program: arx/src/program.rs:279: Subscribing to account: Eii8e5feybZsNs1xJcmktof6LkWNGrAdTk179oL3ZZyv
2025-10-21T18:44:58.213731Z DEBUG arx::units::mempool_unit: arx/src/units/mempool_unit.rs:136: Processing new mempool update for account: Eii8e5feybZsNs1xJcmktof6LkWNGrAdTk179oL3ZZyv
2025-10-21T18:44:58.213457Z DEBUG arx::coordinator: arx/src/coordinator.rs:288: Coordinator received execpool unit message: computations ids: [1]
2025-10-21T18:44:58.214667Z DEBUG arx::units::mempool_unit: arx/src/units/mempool_unit.rs:175: Mempool account Eii8e5feybZsNs1xJcmktof6LkWNGrAdTk179oL3ZZyv contains the same computations, skipping update
2025-10-21T18:44:58.215377Z DEBUG arx::units::state_unit: arx/src/units/state_unit.rs:231: Processing execpool update
2025-10-21T18:44:58.215508Z DEBUG arx::units::cache_unit: arx/src/units/cache_unit.rs:144: Processing queued computation: ArxComputationReference (1,1) (cluster: GgSqqAyH7AVY3Umcv8NvncrjFaNJuQLmxzxFxPoPW2Yd, mxe: CQvzhuYp299gu8rDs4RyLg1cDgnbDZiEdK51NcnSVwGm)
2025-10-21T18:44:58.216301Z DEBUG arx::units::state_unit: arx/src/units/state_unit.rs:281: Prefetching and executing computation: ArxComputationReference (1,1) (cluster: GgSqqAyH7AVY3Umcv8NvncrjFaNJuQLmxzxFxPoPW2Yd, mxe: CQvzhuYp299gu8rDs4RyLg1cDgnbDZiEdK51NcnSVwGm) with status (index: 0, executed: false)
2025-10-21T18:44:58.216586Z DEBUG arx::coordinator: arx/src/coordinator.rs:384: Coordinator received state unit message: prefetch computation: ArxComputationReference (1,1) (cluster: GgSqqAyH7AVY3Umcv8NvncrjFaNJuQLmxzxFxPoPW2Yd, mxe: CQvzhuYp299gu8rDs4RyLg1cDgnbDZiEdK51NcnSVwGm)
2025-10-21T18:44:58.216861Z DEBUG arx::coordinator: arx/src/coordinator.rs:405: Coordinator received state unit message: execute computation: ArxComputationReference (1,1) (cluster: GgSqqAyH7AVY3Umcv8NvncrjFaNJuQLmxzxFxPoPW2Yd, mxe: CQvzhuYp299gu8rDs4RyLg1cDgnbDZiEdK51NcnSVwGm)
2025-10-21T18:44:58.217474Z DEBUG arx::units::peers_unit: arx/src/units/peers_unit.rs:111: Processing cluster: GgSqqAyH7AVY3Umcv8NvncrjFaNJuQLmxzxFxPoPW2Yd
2025-10-21T18:44:58.217492Z DEBUG arx::units::circuit_unit: arx/src/units/circuit_unit.rs:148: Processing computation definition: Dpz7xMiZ29fGETVJc3rnexMZSq7G4quyeMrZzbWt88R3
2025-10-21T18:44:58.223186Z DEBUG arx::coordinator: arx/src/coordinator.rs:309: Coordinator prefetched computation ArxComputationReference (1,1) (cluster: GgSqqAyH7AVY3Umcv8NvncrjFaNJuQLmxzxFxPoPW2Yd, mxe: CQvzhuYp299gu8rDs4RyLg1cDgnbDZiEdK51NcnSVwGm)
2025-10-21T18:44:58.223469Z DEBUG arx::coordinator: arx/src/coordinator.rs:312: Coordinator fetched computation ArxComputation 303790697907795210078047774390766665400 (cluster: GgSqqAyH7AVY3Umcv8NvncrjFaNJuQLmxzxFxPoPW2Yd, mxe: CQvzhuYp299gu8rDs4RyLg1cDgnbDZiEdK51NcnSVwGm) inputs
2025-10-21T18:44:58.224930Z DEBUG arx::units::cache_unit: arx/src/units/cache_unit.rs:246: Processing fetched inputs: Cerberus Inputs
2025-10-21T18:44:58.229335Z DEBUG arx::units::circuit_unit: arx/src/units/circuit_unit.rs:198: Deserializing circuit data
2025-10-21T18:44:58.231142Z DEBUG arx::coordinator: arx/src/coordinator.rs:373: Coordinator received peers unit message
2025-10-21T18:44:58.231303Z DEBUG arx::units::cache_unit: arx/src/units/cache_unit.rs:209: Processing fetched peers: PeersInfo { cluster: GgSqqAyH7AVY3Umcv8NvncrjFaNJuQLmxzxFxPoPW2Yd, peer_number: 0 }
2025-10-21T18:44:58.235435Z DEBUG arx::units::circuit_unit: arx/src/units/circuit_unit.rs:215: Inserting circuit info into cache
2025-10-21T18:44:58.236679Z DEBUG arx::coordinator: arx/src/coordinator.rs:241: Coordinator received circuit unit message
2025-10-21T18:44:58.236838Z DEBUG arx::units::cache_unit: arx/src/units/cache_unit.rs:170: Processing fetched circuit: CircuitInfo Dpz7xMiZ29fGETVJc3rnexMZSq7G4quyeMrZzbWt88R3
2025-10-21T18:44:58.237108Z DEBUG arx::coordinator: arx/src/coordinator.rs:221: Coordinator received cache unit message
2025-10-21T18:44:58.237157Z DEBUG arx::coordinator: arx/src/coordinator.rs:221: Coordinator received cache unit message
2025-10-21T18:44:58.237395Z DEBUG arx::units::state_unit: arx/src/units/state_unit.rs:296: Processing prefetched computation
2025-10-21T18:44:58.237947Z  WARN arx::units::online_phase_unit: arx/src/units/online_phase_unit.rs:195: Overwriting existing private shares for MXE keygen computation
2025-10-21T18:44:58.239404Z  INFO arx::units::online_phase_unit: arx/src/units/online_phase_unit.rs:326: Processing Cerberus computation with id 303790697907795210078047774390766665400
2025-10-21T18:44:58.239488Z DEBUG arx::units::online_phase_unit: arx/src/units/online_phase_unit.rs:328: Connecting to peers (303790697907795210078047774390766665400)
2025-10-21T18:44:58.240094Z DEBUG network::router::network_router: /home/runner/.cargo/git/checkouts/async-mpc-1dbbf554a14e7a32/b307074/network/src/router/network_router.rs:79: Handling connection request to peer cf7093    
2025-10-21T18:44:58.240344Z DEBUG network::router::state::connection_handlers: /home/runner/.cargo/git/checkouts/async-mpc-1dbbf554a14e7a32/b307074/network/src/router/state/connection_handlers.rs:44: Handling internal connection request: ConnectionRequest { expected_peer_id: cf7093, peer_addr: 172.20.0.101:8001, response_sender: Sender { inner: Some(Inner { state: State { is_complete: false, is_closed: false, is_rx_task_set: true, is_tx_task_set: false } }) } }    
2025-10-21T18:44:58.240578Z DEBUG network::router::state::connection_handlers: /home/runner/.cargo/git/checkouts/async-mpc-1dbbf554a14e7a32/b307074/network/src/router/state/connection_handlers.rs:65: Connection not established yet: 172.20.0.101:8001    
2025-10-21T18:44:58.240662Z DEBUG network::router::state::connection_handlers: /home/runner/.cargo/git/checkouts/async-mpc-1dbbf554a14e7a32/b307074/network/src/router/state/connection_handlers.rs:100: Connecting to peer: 172.20.0.101:8001    
2025-10-21T18:44:58.241056Z DEBUG network::router::network_router: /home/runner/.cargo/git/checkouts/async-mpc-1dbbf554a14e7a32/b307074/network/src/router/network_router.rs:85: Connection request to peer cf7093 handled    
2025-10-21T18:44:58.257586Z DEBUG network::router::state::connection_handlers: /home/runner/.cargo/git/checkouts/async-mpc-1dbbf554a14e7a32/b307074/network/src/router/state/connection_handlers.rs:227: Handling incoming connection request from peer: 172.20.0.101:8001    
2025-10-21T18:44:58.274486Z DEBUG network::router::state::connection_handlers: /home/runner/.cargo/git/checkouts/async-mpc-1dbbf554a14e7a32/b307074/network/src/router/state/connection_handlers.rs:128: Connecting and checking ID of peer: 172.20.0.101:8001    
2025-10-21T18:44:58.305450Z DEBUG network::router::state::connection_handlers: /home/runner/.cargo/git/checkouts/async-mpc-1dbbf554a14e7a32/b307074/network/src/router/state/connection_handlers.rs:280: Checking connection liveness to peer: 172.20.0.101:8001    
2025-10-21T18:44:58.307659Z DEBUG network::router::state::connection_handlers: /home/runner/.cargo/git/checkouts/async-mpc-1dbbf554a14e7a32/b307074/network/src/router/state/connection_handlers.rs:168: Outcome of connection to peer 172.20.0.101:8001 sent.    
2025-10-21T18:44:58.308754Z DEBUG network::router::state::connection_handlers: /home/runner/.cargo/git/checkouts/async-mpc-1dbbf554a14e7a32/b307074/network/src/router/state/connection_handlers.rs:188: Handling established connection to peer: 172.20.0.101:8001    
2025-10-21T18:44:58.309164Z  INFO network::router::state::substream_handlers: /home/runner/.cargo/git/checkouts/async-mpc-1dbbf554a14e7a32/b307074/network/src/router/state/substream_handlers.rs:217: Listening to substream requests from address 172.20.0.101:8001.    
2025-10-21T18:44:58.309656Z DEBUG arx::units::online_phase_unit: arx/src/units/online_phase_unit.rs:343: Connected to peers (303790697907795210078047774390766665400)
2025-10-21T18:44:58.311277Z DEBUG network::router::network_router: /home/runner/.cargo/git/checkouts/async-mpc-1dbbf554a14e7a32/b307074/network/src/router/network_router.rs:105: Opening substream for protocol (303790697907795210078047774390766665400, 0) with peer cf7093    
2025-10-21T18:44:58.314300Z  INFO network::router::state::substream_handlers: /home/runner/.cargo/git/checkouts/async-mpc-1dbbf554a14e7a32/b307074/network/src/router/state/substream_handlers.rs:235: Registered incoming stream from address 172.20.0.101:8001.    
2025-10-21T18:44:58.314728Z  INFO network::router::state::substream_handlers: /home/runner/.cargo/git/checkouts/async-mpc-1dbbf554a14e7a32/b307074/network/src/router/state/substream_handlers.rs:50: New substream successfully established.    
2025-10-21T18:44:58.314972Z  INFO network::router::network_router: /home/runner/.cargo/git/checkouts/async-mpc-1dbbf554a14e7a32/b307074/network/src/router/network_router.rs:273: Opened substreams for protocol 303790697907795210078047774390766665400    
2025-10-21T18:44:58.480705Z  INFO network::labeled_interface::handlers: /home/runner/.cargo/git/checkouts/async-mpc-1dbbf554a14e7a32/b307074/network/src/labeled_interface/handlers.rs:86: Interface 0461a5 dropped.    
2025-10-21T18:44:58.480726Z DEBUG arx::units::online_phase_unit: arx/src/units/online_phase_unit.rs:255: Output of computation is: ArxComputationOutput { computation: ArxComputation 303790697907795210078047774390766665400 (cluster: GgSqqAyH7AVY3Umcv8NvncrjFaNJuQLmxzxFxPoPW2Yd, mxe: CQvzhuYp299gu8rDs4RyLg1cDgnbDZiEdK51NcnSVwGm), outputs: Success([[96, 101, 38, 163, 120, 101, 220, 58, 252, 73, 189, 209, 119, 65, 66, 205, 199, 170, 187, 112, 150, 119, 189, 129, 164, 107, 128, 65, 2, 152, 192, 81]]) } (303790697907795210078047774390766665400)
2025-10-21T18:44:58.481266Z  INFO network::labeled_interface::interface: /home/runner/.cargo/git/checkouts/async-mpc-1dbbf554a14e7a32/b307074/network/src/labeled_interface/interface.rs:415: Interface 0461a5 dropped.    
2025-10-21T18:44:58.481373Z DEBUG arx::coordinator: arx/src/coordinator.rs:364: Coordinator received online unit output: ArxComputationOutput { computation: ArxComputation 303790697907795210078047774390766665400 (cluster: GgSqqAyH7AVY3Umcv8NvncrjFaNJuQLmxzxFxPoPW2Yd, mxe: CQvzhuYp299gu8rDs4RyLg1cDgnbDZiEdK51NcnSVwGm), outputs: Success([[96, 101, 38, 163, 120, 101, 220, 58, 252, 73, 189, 209, 119, 65, 66, 205, 199, 170, 187, 112, 150, 119, 189, 129, 164, 107, 128, 65, 2, 152, 192, 81]]) }
2025-10-21T18:44:58.481495Z  INFO network::labeled_interface::handlers: /home/runner/.cargo/git/checkouts/async-mpc-1dbbf554a14e7a32/b307074/network/src/labeled_interface/handlers.rs:53: Router closed interface 0461a5.    
2025-10-21T18:44:58.482132Z DEBUG arx::units::computation_transaction_unit: arx/src/units/computation_transaction_unit.rs:162: Processing callback for computation ArxComputation 303790697907795210078047774390766665400 (cluster: GgSqqAyH7AVY3Umcv8NvncrjFaNJuQLmxzxFxPoPW2Yd, mxe: CQvzhuYp299gu8rDs4RyLg1cDgnbDZiEdK51NcnSVwGm)
2025-10-21T18:44:58.482265Z  INFO network::router::state::substream_handlers: /home/runner/.cargo/git/checkouts/async-mpc-1dbbf554a14e7a32/b307074/network/src/router/state/substream_handlers.rs:197: Removed protocol ID (303790697907795210078047774390766665400, 0) for peer cf7093.    
2025-10-21T18:44:58.950298Z DEBUG arx::program: arx/src/program.rs:312: Received update for account: GgSqqAyH7AVY3Umcv8NvncrjFaNJuQLmxzxFxPoPW2Yd
2025-10-21T18:44:58.950665Z DEBUG arx::units::mxe_unit: arx/src/units/mxe_unit.rs:129: Processing cluster update for account: GgSqqAyH7AVY3Umcv8NvncrjFaNJuQLmxzxFxPoPW2Yd
2025-10-21T18:44:58.992370Z DEBUG arx::units::computation_transaction_unit: arx/src/units/computation_transaction_unit.rs:219: Sent set_mxe_keys tx for mxe CQvzhuYp299gu8rDs4RyLg1cDgnbDZiEdK51NcnSVwGm with sig 5BMPBJhDLQdrVrTnAaUULtEawAGhNEcq2jd7VfX5jnra48jQzw1eZgVt1KPWTaEF4uwgxVoxEF95AgymuMKqAk6q
2025-10-21T18:44:59.492256Z DEBUG arx::program: arx/src/program.rs:312: Received update for account: GgSqqAyH7AVY3Umcv8NvncrjFaNJuQLmxzxFxPoPW2Yd
2025-10-21T18:44:59.492817Z DEBUG arx::program: arx/src/program.rs:312: Received update for account: CQF2VydaWEk5ZkVRi5q3LxoQTkJNHsRSc2yuUAMS1qUc
2025-10-21T18:44:59.493903Z DEBUG arx::program: arx/src/program.rs:312: Received update for account: Eii8e5feybZsNs1xJcmktof6LkWNGrAdTk179oL3ZZyv
2025-10-21T18:44:59.493964Z DEBUG arx::units::mxe_unit: arx/src/units/mxe_unit.rs:129: Processing cluster update for account: GgSqqAyH7AVY3Umcv8NvncrjFaNJuQLmxzxFxPoPW2Yd
2025-10-21T18:44:59.494376Z DEBUG arx::coordinator: arx/src/coordinator.rs:288: Coordinator received execpool unit message: computations ids: []
2025-10-21T18:44:59.494759Z DEBUG arx::units::state_unit: arx/src/units/state_unit.rs:231: Processing execpool update
2025-10-21T18:44:59.494762Z DEBUG arx::units::mempool_unit: arx/src/units/mempool_unit.rs:136: Processing new mempool update for account: Eii8e5feybZsNs1xJcmktof6LkWNGrAdTk179oL3ZZyv
2025-10-21T18:44:59.494917Z DEBUG arx::units::mempool_unit: arx/src/units/mempool_unit.rs:175: Mempool account Eii8e5feybZsNs1xJcmktof6LkWNGrAdTk179oL3ZZyv contains the same computations, skipping update
2025-10-21T18:44:59.495434Z DEBUG arx::units::state_unit: arx/src/units/state_unit.rs:255: Removing computation from execpool: ArxComputationReference (1,1) (cluster: GgSqqAyH7AVY3Umcv8NvncrjFaNJuQLmxzxFxPoPW2Yd, mxe: CQvzhuYp299gu8rDs4RyLg1cDgnbDZiEdK51NcnSVwGm)
2025-10-21T18:44:59.496032Z DEBUG arx::coordinator: arx/src/coordinator.rs:423: Coordinator received state unit message: executed computation: ArxComputationReference (1,1) (cluster: GgSqqAyH7AVY3Umcv8NvncrjFaNJuQLmxzxFxPoPW2Yd, mxe: CQvzhuYp299gu8rDs4RyLg1cDgnbDZiEdK51NcnSVwGm)
2025-10-21T18:44:59.496834Z DEBUG arx::units::cache_unit: arx/src/units/cache_unit.rs:278: Processing executed computation: ArxComputationReference (1,1) (cluster: GgSqqAyH7AVY3Umcv8NvncrjFaNJuQLmxzxFxPoPW2Yd, mxe: CQvzhuYp299gu8rDs4RyLg1cDgnbDZiEdK51NcnSVwGm)
2025-10-21T18:44:59.497153Z DEBUG arx::units::cache_unit: arx/src/units/cache_unit.rs:282: Computation executed and removed from cache: ArxComputationReference (1,1) (cluster: GgSqqAyH7AVY3Umcv8NvncrjFaNJuQLmxzxFxPoPW2Yd, mxe: CQvzhuYp299gu8rDs4RyLg1cDgnbDZiEdK51NcnSVwGm)
2025-10-21T18:44:59.501924Z DEBUG arx::units::computation_transaction_unit: arx/src/units/computation_transaction_unit.rs:322: Sent callback computation tx for mxe CQvzhuYp299gu8rDs4RyLg1cDgnbDZiEdK51NcnSVwGm with sig 2qttBymbAhyV57yNJEwGoSjo81YkWeydaRXofwpSpTaG1mGAR25ZphbwW6B5qX9KsStoz4bfBjoCt185ATMe1HqU
2025-10-21T18:44:59.503290Z DEBUG arx::coordinator: arx/src/coordinator.rs:265: Coordinator received computation transaction unit callback computation: ArxComputationReference (1,1) (cluster: GgSqqAyH7AVY3Umcv8NvncrjFaNJuQLmxzxFxPoPW2Yd, mxe: CQvzhuYp299gu8rDs4RyLg1cDgnbDZiEdK51NcnSVwGm)
2025-10-21T18:44:59.503625Z DEBUG arx::units::cache_unit: arx/src/units/cache_unit.rs:278: Processing executed computation: ArxComputationReference (1,1) (cluster: GgSqqAyH7AVY3Umcv8NvncrjFaNJuQLmxzxFxPoPW2Yd, mxe: CQvzhuYp299gu8rDs4RyLg1cDgnbDZiEdK51NcnSVwGm)
2025-10-21T18:44:59.504028Z DEBUG arx::units::state_unit: arx/src/units/state_unit.rs:311: Processing executed computation
2025-10-21T18:44:59.504038Z  WARN arx::units::cache_unit: arx/src/units/cache_unit.rs:289: Computation info not found in cache: ArxComputationReference (1,1) (cluster: GgSqqAyH7AVY3Umcv8NvncrjFaNJuQLmxzxFxPoPW2Yd, mxe: CQvzhuYp299gu8rDs4RyLg1cDgnbDZiEdK51NcnSVwGm)
2025-10-21T18:45:07.416776Z DEBUG arx::program: arx/src/program.rs:312: Received update for account: CQF2VydaWEk5ZkVRi5q3LxoQTkJNHsRSc2yuUAMS1qUc
2025-10-21T18:45:07.416995Z DEBUG arx::coordinator: arx/src/coordinator.rs:288: Coordinator received execpool unit message: computations ids: [802635128429765527]
2025-10-21T18:45:07.417131Z DEBUG arx::units::cache_unit: arx/src/units/cache_unit.rs:144: Processing queued computation: ArxComputationReference (802635128429765527,1925767261) (cluster: GgSqqAyH7AVY3Umcv8NvncrjFaNJuQLmxzxFxPoPW2Yd, mxe: CQvzhuYp299gu8rDs4RyLg1cDgnbDZiEdK51NcnSVwGm)
2025-10-21T18:45:07.417161Z DEBUG arx::units::state_unit: arx/src/units/state_unit.rs:231: Processing execpool update
2025-10-21T18:45:07.417333Z DEBUG arx::units::state_unit: arx/src/units/state_unit.rs:281: Prefetching and executing computation: ArxComputationReference (802635128429765527,1925767261) (cluster: GgSqqAyH7AVY3Umcv8NvncrjFaNJuQLmxzxFxPoPW2Yd, mxe: CQvzhuYp299gu8rDs4RyLg1cDgnbDZiEdK51NcnSVwGm) with status (index: 0, executed: false)
2025-10-21T18:45:07.417263Z DEBUG arx::program: arx/src/program.rs:312: Received update for account: Eii8e5feybZsNs1xJcmktof6LkWNGrAdTk179oL3ZZyv
2025-10-21T18:45:07.417269Z DEBUG arx::program: arx/src/program.rs:312: Received update for account: GgSqqAyH7AVY3Umcv8NvncrjFaNJuQLmxzxFxPoPW2Yd
2025-10-21T18:45:07.417405Z DEBUG arx::coordinator: arx/src/coordinator.rs:384: Coordinator received state unit message: prefetch computation: ArxComputationReference (802635128429765527,1925767261) (cluster: GgSqqAyH7AVY3Umcv8NvncrjFaNJuQLmxzxFxPoPW2Yd, mxe: CQvzhuYp299gu8rDs4RyLg1cDgnbDZiEdK51NcnSVwGm)
2025-10-21T18:45:07.417507Z DEBUG arx::units::mempool_unit: arx/src/units/mempool_unit.rs:136: Processing new mempool update for account: Eii8e5feybZsNs1xJcmktof6LkWNGrAdTk179oL3ZZyv
2025-10-21T18:45:07.417686Z DEBUG arx::units::circuit_unit: arx/src/units/circuit_unit.rs:148: Processing computation definition: 9vqkf7AGugLgSFD9RPPX2aqESvGeW2ctWGW8xzm5dXso
2025-10-21T18:45:07.417585Z DEBUG arx::units::mxe_unit: arx/src/units/mxe_unit.rs:129: Processing cluster update for account: GgSqqAyH7AVY3Umcv8NvncrjFaNJuQLmxzxFxPoPW2Yd
2025-10-21T18:45:07.417654Z DEBUG arx::coordinator: arx/src/coordinator.rs:405: Coordinator received state unit message: execute computation: ArxComputationReference (802635128429765527,1925767261) (cluster: GgSqqAyH7AVY3Umcv8NvncrjFaNJuQLmxzxFxPoPW2Yd, mxe: CQvzhuYp299gu8rDs4RyLg1cDgnbDZiEdK51NcnSVwGm)
2025-10-21T18:45:07.417697Z DEBUG arx::units::mempool_unit: arx/src/units/mempool_unit.rs:175: Mempool account Eii8e5feybZsNs1xJcmktof6LkWNGrAdTk179oL3ZZyv contains the same computations, skipping update
2025-10-21T18:45:07.417703Z DEBUG arx::units::peers_unit: arx/src/units/peers_unit.rs:111: Processing cluster: GgSqqAyH7AVY3Umcv8NvncrjFaNJuQLmxzxFxPoPW2Yd
2025-10-21T18:45:07.419619Z DEBUG arx::coordinator: arx/src/coordinator.rs:309: Coordinator prefetched computation ArxComputationReference (802635128429765527,1925767261) (cluster: GgSqqAyH7AVY3Umcv8NvncrjFaNJuQLmxzxFxPoPW2Yd, mxe: CQvzhuYp299gu8rDs4RyLg1cDgnbDZiEdK51NcnSVwGm)
2025-10-21T18:45:07.420139Z DEBUG arx::coordinator: arx/src/coordinator.rs:312: Coordinator fetched computation ArxComputation 223055331588350420748345629456623609883 (cluster: GgSqqAyH7AVY3Umcv8NvncrjFaNJuQLmxzxFxPoPW2Yd, mxe: CQvzhuYp299gu8rDs4RyLg1cDgnbDZiEdK51NcnSVwGm) inputs
2025-10-21T18:45:07.420250Z DEBUG arx::units::cache_unit: arx/src/units/cache_unit.rs:246: Processing fetched inputs: Cerberus Inputs
2025-10-21T18:45:07.420182Z DEBUG arx::units::circuit_unit: arx/src/units/circuit_unit.rs:246: Fetching onchain circuit data from: 9vqkf7AGugLgSFD9RPPX2aqESvGeW2ctWGW8xzm5dXso
2025-10-21T18:45:07.420635Z DEBUG arx::coordinator: arx/src/coordinator.rs:373: Coordinator received peers unit message
2025-10-21T18:45:07.420732Z DEBUG arx::units::cache_unit: arx/src/units/cache_unit.rs:209: Processing fetched peers: PeersInfo { cluster: GgSqqAyH7AVY3Umcv8NvncrjFaNJuQLmxzxFxPoPW2Yd, peer_number: 0 }
2025-10-21T18:45:07.423336Z DEBUG arx::units::circuit_unit: arx/src/units/circuit_unit.rs:198: Deserializing circuit data
2025-10-21T18:45:07.425063Z DEBUG arx::units::circuit_unit: arx/src/units/circuit_unit.rs:215: Inserting circuit info into cache
2025-10-21T18:45:07.425944Z DEBUG arx::coordinator: arx/src/coordinator.rs:241: Coordinator received circuit unit message
2025-10-21T18:45:07.426008Z DEBUG arx::units::cache_unit: arx/src/units/cache_unit.rs:170: Processing fetched circuit: CircuitInfo 9vqkf7AGugLgSFD9RPPX2aqESvGeW2ctWGW8xzm5dXso
2025-10-21T18:45:07.426057Z DEBUG arx::coordinator: arx/src/coordinator.rs:221: Coordinator received cache unit message
2025-10-21T18:45:07.426102Z DEBUG arx::coordinator: arx/src/coordinator.rs:221: Coordinator received cache unit message
2025-10-21T18:45:07.426130Z DEBUG arx::units::state_unit: arx/src/units/state_unit.rs:296: Processing prefetched computation
2025-10-21T18:45:07.426229Z  INFO arx::units::online_phase_unit: arx/src/units/online_phase_unit.rs:326: Processing Cerberus computation with id 223055331588350420748345629456623609883
2025-10-21T18:45:07.426381Z DEBUG arx::units::online_phase_unit: arx/src/units/online_phase_unit.rs:328: Connecting to peers (223055331588350420748345629456623609883)
2025-10-21T18:45:07.426444Z DEBUG network::router::network_router: /home/runner/.cargo/git/checkouts/async-mpc-1dbbf554a14e7a32/b307074/network/src/router/network_router.rs:79: Handling connection request to peer cf7093    
2025-10-21T18:45:07.426498Z DEBUG network::router::state::connection_handlers: /home/runner/.cargo/git/checkouts/async-mpc-1dbbf554a14e7a32/b307074/network/src/router/state/connection_handlers.rs:44: Handling internal connection request: ConnectionRequest { expected_peer_id: cf7093, peer_addr: 172.20.0.101:8001, response_sender: Sender { inner: Some(Inner { state: State { is_complete: false, is_closed: false, is_rx_task_set: true, is_tx_task_set: false } }) } }    
2025-10-21T18:45:07.426554Z DEBUG network::router::state::connection_handlers: /home/runner/.cargo/git/checkouts/async-mpc-1dbbf554a14e7a32/b307074/network/src/router/state/connection_handlers.rs:60: Connection already established: 172.20.0.101:8001    
2025-10-21T18:45:07.426628Z DEBUG network::router::network_router: /home/runner/.cargo/git/checkouts/async-mpc-1dbbf554a14e7a32/b307074/network/src/router/network_router.rs:85: Connection request to peer cf7093 handled    
2025-10-21T18:45:07.426738Z DEBUG arx::units::online_phase_unit: arx/src/units/online_phase_unit.rs:343: Connected to peers (223055331588350420748345629456623609883)
2025-10-21T18:45:07.427089Z DEBUG network::router::network_router: /home/runner/.cargo/git/checkouts/async-mpc-1dbbf554a14e7a32/b307074/network/src/router/network_router.rs:105: Opening substream for protocol (223055331588350420748345629456623609883, 0) with peer cf7093    
2025-10-21T18:45:07.427100Z  INFO network::router::state::substream_handlers: /home/runner/.cargo/git/checkouts/async-mpc-1dbbf554a14e7a32/b307074/network/src/router/state/substream_handlers.rs:235: Registered incoming stream from address 172.20.0.101:8001.    
2025-10-21T18:45:07.427240Z  INFO network::router::state::substream_handlers: /home/runner/.cargo/git/checkouts/async-mpc-1dbbf554a14e7a32/b307074/network/src/router/state/substream_handlers.rs:50: New substream successfully established.    
2025-10-21T18:45:07.427260Z  INFO network::router::network_router: /home/runner/.cargo/git/checkouts/async-mpc-1dbbf554a14e7a32/b307074/network/src/router/network_router.rs:273: Opened substreams for protocol 223055331588350420748345629456623609883    
2025-10-21T18:45:07.451648Z DEBUG arx::units::online_phase_unit: arx/src/units/online_phase_unit.rs:255: Output of computation is: ArxComputationOutput { computation: ArxComputation 223055331588350420748345629456623609883 (cluster: GgSqqAyH7AVY3Umcv8NvncrjFaNJuQLmxzxFxPoPW2Yd, mxe: CQvzhuYp299gu8rDs4RyLg1cDgnbDZiEdK51NcnSVwGm), outputs: Success([[49, 55, 98, 177, 168, 244, 103, 193, 203, 247, 237, 95, 8, 185, 246, 84], [106, 139, 170, 85, 35, 180, 235, 190, 150, 25, 210, 145, 191, 153, 115, 101, 217, 231, 238, 53, 253, 90, 133, 60, 106, 148, 252, 84, 179, 168, 112, 19], [190, 22, 229, 244, 116, 93, 27, 0, 186, 73, 228, 81, 54, 226, 242, 36, 222, 126, 23, 118, 182, 197, 247, 163, 195, 107, 202, 167, 41, 122, 230, 3], [18, 77, 129, 98, 213, 92, 164, 30, 241, 175, 31, 118, 233, 165, 25, 139, 186, 75, 229, 160, 217, 131, 28, 189, 3, 158, 218, 187, 96, 67, 161, 18], [140, 18, 98, 181, 10, 47, 180, 199, 73, 31, 83, 121, 83, 150, 122, 45, 25, 174, 122, 182, 226, 249, 219, 240, 92, 230, 111, 237, 133, 86, 89, 124]]) } (223055331588350420748345629456623609883)
2025-10-21T18:45:07.451666Z  INFO network::labeled_interface::handlers: /home/runner/.cargo/git/checkouts/async-mpc-1dbbf554a14e7a32/b307074/network/src/labeled_interface/handlers.rs:86: Interface 0461a5 dropped.    
2025-10-21T18:45:07.451740Z DEBUG arx::coordinator: arx/src/coordinator.rs:364: Coordinator received online unit output: ArxComputationOutput { computation: ArxComputation 223055331588350420748345629456623609883 (cluster: GgSqqAyH7AVY3Umcv8NvncrjFaNJuQLmxzxFxPoPW2Yd, mxe: CQvzhuYp299gu8rDs4RyLg1cDgnbDZiEdK51NcnSVwGm), outputs: Success([[49, 55, 98, 177, 168, 244, 103, 193, 203, 247, 237, 95, 8, 185, 246, 84], [106, 139, 170, 85, 35, 180, 235, 190, 150, 25, 210, 145, 191, 153, 115, 101, 217, 231, 238, 53, 253, 90, 133, 60, 106, 148, 252, 84, 179, 168, 112, 19], [190, 22, 229, 244, 116, 93, 27, 0, 186, 73, 228, 81, 54, 226, 242, 36, 222, 126, 23, 118, 182, 197, 247, 163, 195, 107, 202, 167, 41, 122, 230, 3], [18, 77, 129, 98, 213, 92, 164, 30, 241, 175, 31, 118, 233, 165, 25, 139, 186, 75, 229, 160, 217, 131, 28, 189, 3, 158, 218, 187, 96, 67, 161, 18], [140, 18, 98, 181, 10, 47, 180, 199, 73, 31, 83, 121, 83, 150, 122, 45, 25, 174, 122, 182, 226, 249, 219, 240, 92, 230, 111, 237, 133, 86, 89, 124]]) }
2025-10-21T18:45:07.451750Z  INFO network::labeled_interface::interface: /home/runner/.cargo/git/checkouts/async-mpc-1dbbf554a14e7a32/b307074/network/src/labeled_interface/interface.rs:415: Interface 0461a5 dropped.    
2025-10-21T18:45:07.451853Z  INFO network::labeled_interface::handlers: /home/runner/.cargo/git/checkouts/async-mpc-1dbbf554a14e7a32/b307074/network/src/labeled_interface/handlers.rs:53: Router closed interface 0461a5.    
2025-10-21T18:45:07.451938Z DEBUG arx::units::computation_transaction_unit: arx/src/units/computation_transaction_unit.rs:162: Processing callback for computation ArxComputation 223055331588350420748345629456623609883 (cluster: GgSqqAyH7AVY3Umcv8NvncrjFaNJuQLmxzxFxPoPW2Yd, mxe: CQvzhuYp299gu8rDs4RyLg1cDgnbDZiEdK51NcnSVwGm)
2025-10-21T18:45:07.452073Z  INFO network::router::state::substream_handlers: /home/runner/.cargo/git/checkouts/async-mpc-1dbbf554a14e7a32/b307074/network/src/router/state/substream_handlers.rs:197: Removed protocol ID (223055331588350420748345629456623609883, 0) for peer cf7093.    
2025-10-21T18:45:07.455982Z ERROR arx::units::computation_transaction_unit: arx/src/units/computation_transaction_unit.rs:358: Failed to send callback computation tx for mxe CQvzhuYp299gu8rDs4RyLg1cDgnbDZiEdK51NcnSVwGm error SolanaClientError(Error { request: Some(SendTransaction), kind: RpcError(RpcResponseError { code: -32002, message: "Transaction simulation failed: Error processing Instruction 1: custom program error: 0xbbf", data: SendTransactionPreflightFailure(RpcSimulateTransactionResult { err: Some(InstructionError(1, Custom(3007))), logs: Some(["Program BKck65TgoKRokMjQM3datB9oRwJ8rAj2jxPXvHXUvcL6 invoke [1]", "Program log: Instruction: CallbackComputation", "Program data: m9Xun/BMpxOXY06SZYgjC6mR95BvPks37J0G4eFvSACVJpCVJnL9Bl+veZYj1jB6", "Program data: G0t13b/V/fmXY06SZYgjC6mR95BvPks37J0G4eFvSACVJpCVJnL9Bl+veZYj1jB6", "Program BKck65TgoKRokMjQM3datB9oRwJ8rAj2jxPXvHXUvcL6 consumed 30932 of 400000 compute units", "Program BKck65TgoKRokMjQM3datB9oRwJ8rAj2jxPXvHXUvcL6 success", "Program CQvzhuYp299gu8rDs4RyLg1cDgnbDZiEdK51NcnSVwGm invoke [1]", "Program log: Instruction: InitializeMarketCallback", "Program log: AnchorError caused by account: market. Error Code: AccountOwnedByWrongProgram. Error Number: 3007. Error Message: The given account is owned by a different program than expected.", "Program log: Left:", "Program log: BPFLoaderUpgradeab1e11111111111111111111111", "Program log: Right:", "Program log: CQvzhuYp299gu8rDs4RyLg1cDgnbDZiEdK51NcnSVwGm", "Program CQvzhuYp299gu8rDs4RyLg1cDgnbDZiEdK51NcnSVwGm consumed 3875 of 369068 compute units", "Program CQvzhuYp299gu8rDs4RyLg1cDgnbDZiEdK51NcnSVwGm failed: custom program error: 0xbbf"]), accounts: None, units_consumed: Some(34807), return_data: None, inner_instructions: None, replacement_blockhash: None }) }) })
2025-10-21T18:45:07.456467Z  WARN arx::units::computation_transaction_unit: arx/src/units/computation_transaction_unit.rs:170: Attempt 1/5: RPC error while calling self.callback(mxe.clone(), computation.clone(), outputs): RPC error: Failed to send callback computation tx for mxe CQvzhuYp299gu8rDs4RyLg1cDgnbDZiEdK51NcnSVwGm error SolanaClientError(Error { request: Some(SendTransaction), kind: RpcError(RpcResponseError { code: -32002, message: "Transaction simulation failed: Error processing Instruction 1: custom program error: 0xbbf", data: SendTransactionPreflightFailure(RpcSimulateTransactionResult { err: Some(InstructionError(1, Custom(3007))), logs: Some(["Program BKck65TgoKRokMjQM3datB9oRwJ8rAj2jxPXvHXUvcL6 invoke [1]", "Program log: Instruction: CallbackComputation", "Program data: m9Xun/BMpxOXY06SZYgjC6mR95BvPks37J0G4eFvSACVJpCVJnL9Bl+veZYj1jB6", "Program data: G0t13b/V/fmXY06SZYgjC6mR95BvPks37J0G4eFvSACVJpCVJnL9Bl+veZYj1jB6", "Program BKck65TgoKRokMjQM3datB9oRwJ8rAj2jxPXvHXUvcL6 consumed 30932 of 400000 compute units", "Program BKck65TgoKRokMjQM3datB9oRwJ8rAj2jxPXvHXUvcL6 success", "Program CQvzhuYp299gu8rDs4RyLg1cDgnbDZiEdK51NcnSVwGm invoke [1]", "Program log: Instruction: InitializeMarketCallback", "Program log: AnchorError caused by account: market. Error Code: AccountOwnedByWrongProgram. Error Number: 3007. Error Message: The given account is owned by a different program than expected.", "Program log: Left:", "Program log: BPFLoaderUpgradeab1e11111111111111111111111", "Program log: Right:", "Program log: CQvzhuYp299gu8rDs4RyLg1cDgnbDZiEdK51NcnSVwGm", "Program CQvzhuYp299gu8rDs4RyLg1cDgnbDZiEdK51NcnSVwGm consumed 3875 of 369068 compute units", "Program CQvzhuYp299gu8rDs4RyLg1cDgnbDZiEdK51NcnSVwGm failed: custom program error: 0xbbf"]), accounts: None, units_consumed: Some(34807), return_data: None, inner_instructions: None, replacement_blockhash: None }) }) })
2025-10-21T18:45:08.464697Z ERROR arx::units::computation_transaction_unit: arx/src/units/computation_transaction_unit.rs:358: Failed to send callback computation tx for mxe CQvzhuYp299gu8rDs4RyLg1cDgnbDZiEdK51NcnSVwGm error SolanaClientError(Error { request: Some(SendTransaction), kind: RpcError(RpcResponseError { code: -32002, message: "Transaction simulation failed: Error processing Instruction 1: custom program error: 0xbbf", data: SendTransactionPreflightFailure(RpcSimulateTransactionResult { err: Some(InstructionError(1, Custom(3007))), logs: Some(["Program BKck65TgoKRokMjQM3datB9oRwJ8rAj2jxPXvHXUvcL6 invoke [1]", "Program log: Instruction: CallbackComputation", "Program data: m9Xun/BMpxOXY06SZYgjC6mR95BvPks37J0G4eFvSACVJpCVJnL9Bl+veZYj1jB6", "Program data: G0t13b/V/fmXY06SZYgjC6mR95BvPks37J0G4eFvSACVJpCVJnL9Bl+veZYj1jB6", "Program BKck65TgoKRokMjQM3datB9oRwJ8rAj2jxPXvHXUvcL6 consumed 30947 of 400000 compute units", "Program BKck65TgoKRokMjQM3datB9oRwJ8rAj2jxPXvHXUvcL6 success", "Program CQvzhuYp299gu8rDs4RyLg1cDgnbDZiEdK51NcnSVwGm invoke [1]", "Program log: Instruction: InitializeMarketCallback", "Program log: AnchorError caused by account: market. Error Code: AccountOwnedByWrongProgram. Error Number: 3007. Error Message: The given account is owned by a different program than expected.", "Program log: Left:", "Program log: BPFLoaderUpgradeab1e11111111111111111111111", "Program log: Right:", "Program log: CQvzhuYp299gu8rDs4RyLg1cDgnbDZiEdK51NcnSVwGm", "Program CQvzhuYp299gu8rDs4RyLg1cDgnbDZiEdK51NcnSVwGm consumed 3875 of 369053 compute units", "Program CQvzhuYp299gu8rDs4RyLg1cDgnbDZiEdK51NcnSVwGm failed: custom program error: 0xbbf"]), accounts: None, units_consumed: Some(34822), return_data: None, inner_instructions: None, replacement_blockhash: None }) }) })
2025-10-21T18:45:08.464925Z  WARN arx::units::computation_transaction_unit: arx/src/units/computation_transaction_unit.rs:170: Attempt 2/5: RPC error while calling self.callback(mxe.clone(), computation.clone(), outputs): RPC error: Failed to send callback computation tx for mxe CQvzhuYp299gu8rDs4RyLg1cDgnbDZiEdK51NcnSVwGm error SolanaClientError(Error { request: Some(SendTransaction), kind: RpcError(RpcResponseError { code: -32002, message: "Transaction simulation failed: Error processing Instruction 1: custom program error: 0xbbf", data: SendTransactionPreflightFailure(RpcSimulateTransactionResult { err: Some(InstructionError(1, Custom(3007))), logs: Some(["Program BKck65TgoKRokMjQM3datB9oRwJ8rAj2jxPXvHXUvcL6 invoke [1]", "Program log: Instruction: CallbackComputation", "Program data: m9Xun/BMpxOXY06SZYgjC6mR95BvPks37J0G4eFvSACVJpCVJnL9Bl+veZYj1jB6", "Program data: G0t13b/V/fmXY06SZYgjC6mR95BvPks37J0G4eFvSACVJpCVJnL9Bl+veZYj1jB6", "Program BKck65TgoKRokMjQM3datB9oRwJ8rAj2jxPXvHXUvcL6 consumed 30947 of 400000 compute units", "Program BKck65TgoKRokMjQM3datB9oRwJ8rAj2jxPXvHXUvcL6 success", "Program CQvzhuYp299gu8rDs4RyLg1cDgnbDZiEdK51NcnSVwGm invoke [1]", "Program log: Instruction: InitializeMarketCallback", "Program log: AnchorError caused by account: market. Error Code: AccountOwnedByWrongProgram. Error Number: 3007. Error Message: The given account is owned by a different program than expected.", "Program log: Left:", "Program log: BPFLoaderUpgradeab1e11111111111111111111111", "Program log: Right:", "Program log: CQvzhuYp299gu8rDs4RyLg1cDgnbDZiEdK51NcnSVwGm", "Program CQvzhuYp299gu8rDs4RyLg1cDgnbDZiEdK51NcnSVwGm consumed 3875 of 369053 compute units", "Program CQvzhuYp299gu8rDs4RyLg1cDgnbDZiEdK51NcnSVwGm failed: custom program error: 0xbbf"]), accounts: None, units_consumed: Some(34822), return_data: None, inner_instructions: None, replacement_blockhash: None }) }) })
2025-10-21T18:45:10.474264Z ERROR arx::units::computation_transaction_unit: arx/src/units/computation_transaction_unit.rs:358: Failed to send callback computation tx for mxe CQvzhuYp299gu8rDs4RyLg1cDgnbDZiEdK51NcnSVwGm error SolanaClientError(Error { request: Some(SendTransaction), kind: RpcError(RpcResponseError { code: -32002, message: "Transaction simulation failed: Error processing Instruction 1: custom program error: 0xbbf", data: SendTransactionPreflightFailure(RpcSimulateTransactionResult { err: Some(InstructionError(1, Custom(3007))), logs: Some(["Program BKck65TgoKRokMjQM3datB9oRwJ8rAj2jxPXvHXUvcL6 invoke [1]", "Program log: Instruction: CallbackComputation", "Program data: m9Xun/BMpxOXY06SZYgjC6mR95BvPks37J0G4eFvSACVJpCVJnL9Bl+veZYj1jB6", "Program data: G0t13b/V/fmXY06SZYgjC6mR95BvPks37J0G4eFvSACVJpCVJnL9Bl+veZYj1jB6", "Program BKck65TgoKRokMjQM3datB9oRwJ8rAj2jxPXvHXUvcL6 consumed 30967 of 400000 compute units", "Program BKck65TgoKRokMjQM3datB9oRwJ8rAj2jxPXvHXUvcL6 success", "Program CQvzhuYp299gu8rDs4RyLg1cDgnbDZiEdK51NcnSVwGm invoke [1]", "Program log: Instruction: InitializeMarketCallback", "Program log: AnchorError caused by account: market. Error Code: AccountOwnedByWrongProgram. Error Number: 3007. Error Message: The given account is owned by a different program than expected.", "Program log: Left:", "Program log: BPFLoaderUpgradeab1e11111111111111111111111", "Program log: Right:", "Program log: CQvzhuYp299gu8rDs4RyLg1cDgnbDZiEdK51NcnSVwGm", "Program CQvzhuYp299gu8rDs4RyLg1cDgnbDZiEdK51NcnSVwGm consumed 3875 of 369033 compute units", "Program CQvzhuYp299gu8rDs4RyLg1cDgnbDZiEdK51NcnSVwGm failed: custom program error: 0xbbf"]), accounts: None, units_consumed: Some(34842), return_data: None, inner_instructions: None, replacement_blockhash: None }) }) })
2025-10-21T18:45:10.474891Z  WARN arx::units::computation_transaction_unit: arx/src/units/computation_transaction_unit.rs:170: Attempt 3/5: RPC error while calling self.callback(mxe.clone(), computation.clone(), outputs): RPC error: Failed to send callback computation tx for mxe CQvzhuYp299gu8rDs4RyLg1cDgnbDZiEdK51NcnSVwGm error SolanaClientError(Error { request: Some(SendTransaction), kind: RpcError(RpcResponseError { code: -32002, message: "Transaction simulation failed: Error processing Instruction 1: custom program error: 0xbbf", data: SendTransactionPreflightFailure(RpcSimulateTransactionResult { err: Some(InstructionError(1, Custom(3007))), logs: Some(["Program BKck65TgoKRokMjQM3datB9oRwJ8rAj2jxPXvHXUvcL6 invoke [1]", "Program log: Instruction: CallbackComputation", "Program data: m9Xun/BMpxOXY06SZYgjC6mR95BvPks37J0G4eFvSACVJpCVJnL9Bl+veZYj1jB6", "Program data: G0t13b/V/fmXY06SZYgjC6mR95BvPks37J0G4eFvSACVJpCVJnL9Bl+veZYj1jB6", "Program BKck65TgoKRokMjQM3datB9oRwJ8rAj2jxPXvHXUvcL6 consumed 30967 of 400000 compute units", "Program BKck65TgoKRokMjQM3datB9oRwJ8rAj2jxPXvHXUvcL6 success", "Program CQvzhuYp299gu8rDs4RyLg1cDgnbDZiEdK51NcnSVwGm invoke [1]", "Program log: Instruction: InitializeMarketCallback", "Program log: AnchorError caused by account: market. Error Code: AccountOwnedByWrongProgram. Error Number: 3007. Error Message: The given account is owned by a different program than expected.", "Program log: Left:", "Program log: BPFLoaderUpgradeab1e11111111111111111111111", "Program log: Right:", "Program log: CQvzhuYp299gu8rDs4RyLg1cDgnbDZiEdK51NcnSVwGm", "Program CQvzhuYp299gu8rDs4RyLg1cDgnbDZiEdK51NcnSVwGm consumed 3875 of 369033 compute units", "Program CQvzhuYp299gu8rDs4RyLg1cDgnbDZiEdK51NcnSVwGm failed: custom program error: 0xbbf"]), accounts: None, units_consumed: Some(34842), return_data: None, inner_instructions: None, replacement_blockhash: None }) }) })
2025-10-21T18:45:14.483249Z ERROR arx::units::computation_transaction_unit: arx/src/units/computation_transaction_unit.rs:358: Failed to send callback computation tx for mxe CQvzhuYp299gu8rDs4RyLg1cDgnbDZiEdK51NcnSVwGm error SolanaClientError(Error { request: Some(SendTransaction), kind: RpcError(RpcResponseError { code: -32002, message: "Transaction simulation failed: Error processing Instruction 1: custom program error: 0xbbf", data: SendTransactionPreflightFailure(RpcSimulateTransactionResult { err: Some(InstructionError(1, Custom(3007))), logs: Some(["Program BKck65TgoKRokMjQM3datB9oRwJ8rAj2jxPXvHXUvcL6 invoke [1]", "Program log: Instruction: CallbackComputation", "Program data: m9Xun/BMpxOXY06SZYgjC6mR95BvPks37J0G4eFvSACVJpCVJnL9Bl+veZYj1jB6", "Program data: G0t13b/V/fmXY06SZYgjC6mR95BvPks37J0G4eFvSACVJpCVJnL9Bl+veZYj1jB6", "Program BKck65TgoKRokMjQM3datB9oRwJ8rAj2jxPXvHXUvcL6 consumed 31007 of 400000 compute units", "Program BKck65TgoKRokMjQM3datB9oRwJ8rAj2jxPXvHXUvcL6 success", "Program CQvzhuYp299gu8rDs4RyLg1cDgnbDZiEdK51NcnSVwGm invoke [1]", "Program log: Instruction: InitializeMarketCallback", "Program log: AnchorError caused by account: market. Error Code: AccountOwnedByWrongProgram. Error Number: 3007. Error Message: The given account is owned by a different program than expected.", "Program log: Left:", "Program log: BPFLoaderUpgradeab1e11111111111111111111111", "Program log: Right:", "Program log: CQvzhuYp299gu8rDs4RyLg1cDgnbDZiEdK51NcnSVwGm", "Program CQvzhuYp299gu8rDs4RyLg1cDgnbDZiEdK51NcnSVwGm consumed 3875 of 368993 compute units", "Program CQvzhuYp299gu8rDs4RyLg1cDgnbDZiEdK51NcnSVwGm failed: custom program error: 0xbbf"]), accounts: None, units_consumed: Some(34882), return_data: None, inner_instructions: None, replacement_blockhash: None }) }) })
2025-10-21T18:45:14.483592Z  WARN arx::units::computation_transaction_unit: arx/src/units/computation_transaction_unit.rs:170: Attempt 4/5: RPC error while calling self.callback(mxe.clone(), computation.clone(), outputs): RPC error: Failed to send callback computation tx for mxe CQvzhuYp299gu8rDs4RyLg1cDgnbDZiEdK51NcnSVwGm error SolanaClientError(Error { request: Some(SendTransaction), kind: RpcError(RpcResponseError { code: -32002, message: "Transaction simulation failed: Error processing Instruction 1: custom program error: 0xbbf", data: SendTransactionPreflightFailure(RpcSimulateTransactionResult { err: Some(InstructionError(1, Custom(3007))), logs: Some(["Program BKck65TgoKRokMjQM3datB9oRwJ8rAj2jxPXvHXUvcL6 invoke [1]", "Program log: Instruction: CallbackComputation", "Program data: m9Xun/BMpxOXY06SZYgjC6mR95BvPks37J0G4eFvSACVJpCVJnL9Bl+veZYj1jB6", "Program data: G0t13b/V/fmXY06SZYgjC6mR95BvPks37J0G4eFvSACVJpCVJnL9Bl+veZYj1jB6", "Program BKck65TgoKRokMjQM3datB9oRwJ8rAj2jxPXvHXUvcL6 consumed 31007 of 400000 compute units", "Program BKck65TgoKRokMjQM3datB9oRwJ8rAj2jxPXvHXUvcL6 success", "Program CQvzhuYp299gu8rDs4RyLg1cDgnbDZiEdK51NcnSVwGm invoke [1]", "Program log: Instruction: InitializeMarketCallback", "Program log: AnchorError caused by account: market. Error Code: AccountOwnedByWrongProgram. Error Number: 3007. Error Message: The given account is owned by a different program than expected.", "Program log: Left:", "Program log: BPFLoaderUpgradeab1e11111111111111111111111", "Program log: Right:", "Program log: CQvzhuYp299gu8rDs4RyLg1cDgnbDZiEdK51NcnSVwGm", "Program CQvzhuYp299gu8rDs4RyLg1cDgnbDZiEdK51NcnSVwGm consumed 3875 of 368993 compute units", "Program CQvzhuYp299gu8rDs4RyLg1cDgnbDZiEdK51NcnSVwGm failed: custom program error: 0xbbf"]), accounts: None, units_consumed: Some(34882), return_data: None, inner_instructions: None, replacement_blockhash: None }) }) })
2025-10-21T18:45:22.494479Z ERROR arx::units::computation_transaction_unit: arx/src/units/computation_transaction_unit.rs:358: Failed to send callback computation tx for mxe CQvzhuYp299gu8rDs4RyLg1cDgnbDZiEdK51NcnSVwGm error SolanaClientError(Error { request: Some(SendTransaction), kind: RpcError(RpcResponseError { code: -32002, message: "Transaction simulation failed: Error processing Instruction 1: custom program error: 0xbbf", data: SendTransactionPreflightFailure(RpcSimulateTransactionResult { err: Some(InstructionError(1, Custom(3007))), logs: Some(["Program BKck65TgoKRokMjQM3datB9oRwJ8rAj2jxPXvHXUvcL6 invoke [1]", "Program log: Instruction: CallbackComputation", "Program data: m9Xun/BMpxOXY06SZYgjC6mR95BvPks37J0G4eFvSACVJpCVJnL9Bl+veZYj1jB6", "Program data: G0t13b/V/fmXY06SZYgjC6mR95BvPks37J0G4eFvSACVJpCVJnL9Bl+veZYj1jB6", "Program BKck65TgoKRokMjQM3datB9oRwJ8rAj2jxPXvHXUvcL6 consumed 31097 of 400000 compute units", "Program BKck65TgoKRokMjQM3datB9oRwJ8rAj2jxPXvHXUvcL6 success", "Program CQvzhuYp299gu8rDs4RyLg1cDgnbDZiEdK51NcnSVwGm invoke [1]", "Program log: Instruction: InitializeMarketCallback", "Program log: AnchorError caused by account: market. Error Code: AccountOwnedByWrongProgram. Error Number: 3007. Error Message: The given account is owned by a different program than expected.", "Program log: Left:", "Program log: BPFLoaderUpgradeab1e11111111111111111111111", "Program log: Right:", "Program log: CQvzhuYp299gu8rDs4RyLg1cDgnbDZiEdK51NcnSVwGm", "Program CQvzhuYp299gu8rDs4RyLg1cDgnbDZiEdK51NcnSVwGm consumed 3875 of 368903 compute units", "Program CQvzhuYp299gu8rDs4RyLg1cDgnbDZiEdK51NcnSVwGm failed: custom program error: 0xbbf"]), accounts: None, units_consumed: Some(34972), return_data: None, inner_instructions: None, replacement_blockhash: None }) }) })
2025-10-21T18:45:22.495267Z  WARN arx::units::computation_transaction_unit: arx/src/units/computation_transaction_unit.rs:170: Attempt 5/5: RPC error while calling self.callback(mxe.clone(), computation.clone(), outputs): RPC error: Failed to send callback computation tx for mxe CQvzhuYp299gu8rDs4RyLg1cDgnbDZiEdK51NcnSVwGm error SolanaClientError(Error { request: Some(SendTransaction), kind: RpcError(RpcResponseError { code: -32002, message: "Transaction simulation failed: Error processing Instruction 1: custom program error: 0xbbf", data: SendTransactionPreflightFailure(RpcSimulateTransactionResult { err: Some(InstructionError(1, Custom(3007))), logs: Some(["Program BKck65TgoKRokMjQM3datB9oRwJ8rAj2jxPXvHXUvcL6 invoke [1]", "Program log: Instruction: CallbackComputation", "Program data: m9Xun/BMpxOXY06SZYgjC6mR95BvPks37J0G4eFvSACVJpCVJnL9Bl+veZYj1jB6", "Program data: G0t13b/V/fmXY06SZYgjC6mR95BvPks37J0G4eFvSACVJpCVJnL9Bl+veZYj1jB6", "Program BKck65TgoKRokMjQM3datB9oRwJ8rAj2jxPXvHXUvcL6 consumed 31097 of 400000 compute units", "Program BKck65TgoKRokMjQM3datB9oRwJ8rAj2jxPXvHXUvcL6 success", "Program CQvzhuYp299gu8rDs4RyLg1cDgnbDZiEdK51NcnSVwGm invoke [1]", "Program log: Instruction: InitializeMarketCallback", "Program log: AnchorError caused by account: market. Error Code: AccountOwnedByWrongProgram. Error Number: 3007. Error Message: The given account is owned by a different program than expected.", "Program log: Left:", "Program log: BPFLoaderUpgradeab1e11111111111111111111111", "Program log: Right:", "Program log: CQvzhuYp299gu8rDs4RyLg1cDgnbDZiEdK51NcnSVwGm", "Program CQvzhuYp299gu8rDs4RyLg1cDgnbDZiEdK51NcnSVwGm consumed 3875 of 368903 compute units", "Program CQvzhuYp299gu8rDs4RyLg1cDgnbDZiEdK51NcnSVwGm failed: custom program error: 0xbbf"]), accounts: None, units_consumed: Some(34972), return_data: None, inner_instructions: None, replacement_blockhash: None }) }) })
2025-10-21T18:45:22.495926Z  WARN arx::units::computation_transaction_unit: arx/src/units/computation_transaction_unit.rs:119: Failed to process message RPC error: Attempt 5/5: RPC error: Failed to send callback computation tx for mxe CQvzhuYp299gu8rDs4RyLg1cDgnbDZiEdK51NcnSVwGm error SolanaClientError(Error { request: Some(SendTransaction), kind: RpcError(RpcResponseError { code: -32002, message: "Transaction simulation failed: Error processing Instruction 1: custom program error: 0xbbf", data: SendTransactionPreflightFailure(RpcSimulateTransactionResult { err: Some(InstructionError(1, Custom(3007))), logs: Some(["Program BKck65TgoKRokMjQM3datB9oRwJ8rAj2jxPXvHXUvcL6 invoke [1]", "Program log: Instruction: CallbackComputation", "Program data: m9Xun/BMpxOXY06SZYgjC6mR95BvPks37J0G4eFvSACVJpCVJnL9Bl+veZYj1jB6", "Program data: G0t13b/V/fmXY06SZYgjC6mR95BvPks37J0G4eFvSACVJpCVJnL9Bl+veZYj1jB6", "Program BKck65TgoKRokMjQM3datB9oRwJ8rAj2jxPXvHXUvcL6 consumed 31097 of 400000 compute units", "Program BKck65TgoKRokMjQM3datB9oRwJ8rAj2jxPXvHXUvcL6 success", "Program CQvzhuYp299gu8rDs4RyLg1cDgnbDZiEdK51NcnSVwGm invoke [1]", "Program log: Instruction: InitializeMarketCallback", "Program log: AnchorError caused by account: market. Error Code: AccountOwnedByWrongProgram. Error Number: 3007. Error Message: The given account is owned by a different program than expected.", "Program log: Left:", "Program log: BPFLoaderUpgradeab1e11111111111111111111111", "Program log: Right:", "Program log: CQvzhuYp299gu8rDs4RyLg1cDgnbDZiEdK51NcnSVwGm", "Program CQvzhuYp299gu8rDs4RyLg1cDgnbDZiEdK51NcnSVwGm consumed 3875 of 368903 compute units", "Program CQvzhuYp299gu8rDs4RyLg1cDgnbDZiEdK51NcnSVwGm failed: custom program error: 0xbbf"]), accounts: None, units_consumed: Some(34972), return_data: None, inner_instructions: None, replacement_blockhash: None }) }) })
2025-10-21T18:45:22.496192Z ERROR arx::units::computation_transaction_unit: arx/src/units/computation_transaction_unit.rs:121: Failing to process callback can lead to stale MXE
2025-10-21T18:45:31.777828Z DEBUG arx::program: arx/src/program.rs:312: Received update for account: GgSqqAyH7AVY3Umcv8NvncrjFaNJuQLmxzxFxPoPW2Yd
2025-10-21T18:45:31.778384Z DEBUG arx::units::mxe_unit: arx/src/units/mxe_unit.rs:129: Processing cluster update for account: GgSqqAyH7AVY3Umcv8NvncrjFaNJuQLmxzxFxPoPW2Yd
2025-10-21T18:45:31.778925Z DEBUG arx::program: arx/src/program.rs:312: Received update for account: CQF2VydaWEk5ZkVRi5q3LxoQTkJNHsRSc2yuUAMS1qUc
2025-10-21T18:45:31.778944Z DEBUG arx::program: arx/src/program.rs:312: Received update for account: Eii8e5feybZsNs1xJcmktof6LkWNGrAdTk179oL3ZZyv
2025-10-21T18:45:31.779270Z DEBUG arx::units::execpool_unit: arx/src/units/execpool_unit.rs:188: Execpool account CQF2VydaWEk5ZkVRi5q3LxoQTkJNHsRSc2yuUAMS1qUc contains the same computations, skipping update
2025-10-21T18:45:31.779415Z DEBUG arx::units::mempool_unit: arx/src/units/mempool_unit.rs:136: Processing new mempool update for account: Eii8e5feybZsNs1xJcmktof6LkWNGrAdTk179oL3ZZyv
2025-10-21T18:45:31.779948Z DEBUG arx::coordinator: arx/src/coordinator.rs:327: Coordinator received mempool unit message: computations ids: [6159250479747894988]
2025-10-21T18:45:31.780321Z DEBUG arx::units::cache_unit: arx/src/units/cache_unit.rs:144: Processing queued computation: ArxComputationReference (6159250479747894988,1925767261) (cluster: GgSqqAyH7AVY3Umcv8NvncrjFaNJuQLmxzxFxPoPW2Yd, mxe: CQvzhuYp299gu8rDs4RyLg1cDgnbDZiEdK51NcnSVwGm)
2025-10-21T18:45:31.780393Z DEBUG arx::units::state_unit: arx/src/units/state_unit.rs:157: Processing mempool update
2025-10-21T18:45:31.782172Z DEBUG arx::units::state_unit: arx/src/units/state_unit.rs:219: Prefetching computation from mempool: ArxComputationReference (6159250479747894988,1925767261) (cluster: GgSqqAyH7AVY3Umcv8NvncrjFaNJuQLmxzxFxPoPW2Yd, mxe: CQvzhuYp299gu8rDs4RyLg1cDgnbDZiEdK51NcnSVwGm)
2025-10-21T18:45:31.782371Z DEBUG arx::coordinator: arx/src/coordinator.rs:384: Coordinator received state unit message: prefetch computation: ArxComputationReference (6159250479747894988,1925767261) (cluster: GgSqqAyH7AVY3Umcv8NvncrjFaNJuQLmxzxFxPoPW2Yd, mxe: CQvzhuYp299gu8rDs4RyLg1cDgnbDZiEdK51NcnSVwGm)
2025-10-21T18:45:31.782544Z DEBUG arx::units::circuit_unit: arx/src/units/circuit_unit.rs:148: Processing computation definition: 9vqkf7AGugLgSFD9RPPX2aqESvGeW2ctWGW8xzm5dXso
2025-10-21T18:45:31.782621Z DEBUG arx::units::peers_unit: arx/src/units/peers_unit.rs:111: Processing cluster: GgSqqAyH7AVY3Umcv8NvncrjFaNJuQLmxzxFxPoPW2Yd
2025-10-21T18:45:31.782787Z DEBUG arx::coordinator: arx/src/coordinator.rs:241: Coordinator received circuit unit message
2025-10-21T18:45:31.783091Z DEBUG arx::units::cache_unit: arx/src/units/cache_unit.rs:170: Processing fetched circuit: CircuitInfo 9vqkf7AGugLgSFD9RPPX2aqESvGeW2ctWGW8xzm5dXso
2025-10-21T18:45:31.783176Z DEBUG arx::coordinator: arx/src/coordinator.rs:373: Coordinator received peers unit message
2025-10-21T18:45:31.783326Z DEBUG arx::units::cache_unit: arx/src/units/cache_unit.rs:209: Processing fetched peers: PeersInfo { cluster: GgSqqAyH7AVY3Umcv8NvncrjFaNJuQLmxzxFxPoPW2Yd, peer_number: 0 }
2025-10-21T18:45:31.783414Z DEBUG arx::coordinator: arx/src/coordinator.rs:221: Coordinator received cache unit message
2025-10-21T18:45:31.783509Z DEBUG arx::units::state_unit: arx/src/units/state_unit.rs:296: Processing prefetched computation
2025-10-21T18:45:31.783905Z DEBUG arx::units::state_unit: arx/src/units/state_unit.rs:303: Computation prefetched: ArxComputationReference (6159250479747894988,1925767261) (cluster: GgSqqAyH7AVY3Umcv8NvncrjFaNJuQLmxzxFxPoPW2Yd, mxe: CQvzhuYp299gu8rDs4RyLg1cDgnbDZiEdK51NcnSVwGm)
2025-10-21T18:45:31.784100Z DEBUG arx::coordinator: arx/src/coordinator.rs:309: Coordinator prefetched computation ArxComputationReference (6159250479747894988,1925767261) (cluster: GgSqqAyH7AVY3Umcv8NvncrjFaNJuQLmxzxFxPoPW2Yd, mxe: CQvzhuYp299gu8rDs4RyLg1cDgnbDZiEdK51NcnSVwGm)
2025-10-21T18:53:18.099922Z DEBUG arx::program: arx/src/program.rs:312: Received update for account: GgSqqAyH7AVY3Umcv8NvncrjFaNJuQLmxzxFxPoPW2Yd
2025-10-21T18:53:18.100866Z DEBUG arx::units::mxe_unit: arx/src/units/mxe_unit.rs:129: Processing cluster update for account: GgSqqAyH7AVY3Umcv8NvncrjFaNJuQLmxzxFxPoPW2Yd
2025-10-21T18:53:18.101337Z DEBUG arx::program: arx/src/program.rs:312: Received update for account: Eii8e5feybZsNs1xJcmktof6LkWNGrAdTk179oL3ZZyv
2025-10-21T18:53:18.101332Z DEBUG arx::program: arx/src/program.rs:312: Received update for account: CQF2VydaWEk5ZkVRi5q3LxoQTkJNHsRSc2yuUAMS1qUc
2025-10-21T18:53:18.101544Z DEBUG arx::units::mempool_unit: arx/src/units/mempool_unit.rs:136: Processing new mempool update for account: Eii8e5feybZsNs1xJcmktof6LkWNGrAdTk179oL3ZZyv
2025-10-21T18:53:18.101572Z DEBUG arx::units::execpool_unit: arx/src/units/execpool_unit.rs:188: Execpool account CQF2VydaWEk5ZkVRi5q3LxoQTkJNHsRSc2yuUAMS1qUc contains the same computations, skipping update
2025-10-21T18:53:18.101757Z DEBUG arx::coordinator: arx/src/coordinator.rs:327: Coordinator received mempool unit message: computations ids: []
2025-10-21T18:53:18.101977Z DEBUG arx::units::state_unit: arx/src/units/state_unit.rs:157: Processing mempool update
2025-10-21T18:53:18.102184Z DEBUG arx::units::state_unit: arx/src/units/state_unit.rs:174: Removing computation from mempool: ArxComputationReference (6159250479747894988,1925767261) (cluster: GgSqqAyH7AVY3Umcv8NvncrjFaNJuQLmxzxFxPoPW2Yd, mxe: CQvzhuYp299gu8rDs4RyLg1cDgnbDZiEdK51NcnSVwGm)
2025-10-21T18:53:18.103047Z DEBUG arx::units::state_unit: arx/src/units/state_unit.rs:185: Computation pruned: ArxComputationReference (6159250479747894988,1925767261) (cluster: GgSqqAyH7AVY3Umcv8NvncrjFaNJuQLmxzxFxPoPW2Yd, mxe: CQvzhuYp299gu8rDs4RyLg1cDgnbDZiEdK51NcnSVwGm) after 466.322679964s
2025-10-21T18:53:18.103606Z DEBUG arx::coordinator: arx/src/coordinator.rs:414: Coordinator received state unit message: pruned computation: ArxComputationReference (6159250479747894988,1925767261) (cluster: GgSqqAyH7AVY3Umcv8NvncrjFaNJuQLmxzxFxPoPW2Yd, mxe: CQvzhuYp299gu8rDs4RyLg1cDgnbDZiEdK51NcnSVwGm)
2025-10-21T18:53:18.103839Z DEBUG arx::units::cache_unit: arx/src/units/cache_unit.rs:263: Processing pruned computation: ArxComputationReference (6159250479747894988,1925767261) (cluster: GgSqqAyH7AVY3Umcv8NvncrjFaNJuQLmxzxFxPoPW2Yd, mxe: CQvzhuYp299gu8rDs4RyLg1cDgnbDZiEdK51NcnSVwGm)
2025-10-21T18:53:18.104160Z DEBUG arx::units::cache_unit: arx/src/units/cache_unit.rs:267: Computation pruned from cache: ArxComputationReference (6159250479747894988,1925767261) (cluster: GgSqqAyH7AVY3Umcv8NvncrjFaNJuQLmxzxFxPoPW2Yd, mxe: CQvzhuYp299gu8rDs4RyLg1cDgnbDZiEdK51NcnSVwGm)
