2025-10-21T18:04:53.699185Z DEBUG arx: arx/src/main.rs:53: Checking Solana is up and running
2025-10-21T18:04:53.793001Z  INFO arx: arx/src/main.rs:58: Running ARX
2025-10-21T18:04:53.794926Z DEBUG arx: arx/src/main.rs:60: Reading node keypair, callback authority keypair, and identity files from env
2025-10-21T18:04:53.795003Z DEBUG arx: arx/src/main.rs:68: Reading node keypair, callback authority keypair, and identity files
2025-10-21T18:04:53.800050Z DEBUG arx: arx/src/main.rs:78: Installing AWS LC crypto provider
2025-10-21T18:04:53.800149Z  INFO arx: arx/src/main.rs:83: Creating ARX coordinator
2025-10-21T18:04:53.912631Z DEBUG arx::units::online_phase_unit: arx/src/units/online_phase_unit.rs:121: Loaded MXE private shares for CQvzhuYp299gu8rDs4RyLg1cDgnbDZiEdK51NcnSVwGm
2025-10-21T18:04:53.914291Z  INFO arx::units::cache_unit: arx/src/units/cache_unit.rs:88: Cache unit started
2025-10-21T18:04:53.914823Z  INFO arx::units::circuit_unit: arx/src/units/circuit_unit.rs:107: Circuit unit started
2025-10-21T18:04:53.916377Z  INFO arx::units::cluster_unit: arx/src/units/cluster_unit.rs:66: Cluster unit started
2025-10-21T18:04:53.916702Z DEBUG arx::units::cluster_unit: arx/src/units/cluster_unit.rs:68: Running pub/sub for arx node account
2025-10-21T18:04:53.917627Z  INFO arx::units::computation_transaction_unit: arx/src/units/computation_transaction_unit.rs:89: Computation transaction unit started
2025-10-21T18:04:53.919457Z  INFO arx::units::execpool_unit: arx/src/units/execpool_unit.rs:80: Execpool unit started
2025-10-21T18:04:53.919504Z DEBUG arx::units::execpool_unit: arx/src/units/execpool_unit.rs:82: Running pub/sub for mempools accounts
2025-10-21T18:04:53.921038Z DEBUG arx::units::cluster_unit: arx/src/units/cluster_unit.rs:78: Subscribing to arx node account
2025-10-21T18:04:53.921248Z  INFO arx::units::computation_unit: arx/src/units/computation_unit.rs:74: Inputs unit started
2025-10-21T18:04:53.922021Z  INFO arx::units::mempool_unit: arx/src/units/mempool_unit.rs:77: Mempool unit started
2025-10-21T18:04:53.922070Z DEBUG arx::units::mempool_unit: arx/src/units/mempool_unit.rs:79: Running pub/sub for mempools accounts
2025-10-21T18:04:53.924292Z  INFO arx::units::mxe_unit: arx/src/units/mxe_unit.rs:75: MXE unit started
2025-10-21T18:04:53.924747Z  INFO arx::units::node_transaction_unit: arx/src/units/node_transaction_unit.rs:65: Node transaction unit started
2025-10-21T18:04:53.924818Z  INFO arx::units::node_transaction_unit: arx/src/units/node_transaction_unit.rs:67: Activating node
2025-10-21T18:04:53.924785Z DEBUG arx::units::mxe_unit: arx/src/units/mxe_unit.rs:77: Running pub/sub for clusters accounts
2025-10-21T18:04:53.925872Z  INFO arx::units::online_phase_unit: arx/src/units/online_phase_unit.rs:152: Online phase unit started
2025-10-21T18:04:53.927270Z  INFO arx::units::peers_unit: arx/src/units/peers_unit.rs:76: Peers unit started
2025-10-21T18:04:53.927523Z  INFO arx: arx/src/main.rs:93: Coordinator created successfully
2025-10-21T18:04:53.927576Z  INFO arx::units::state_unit: arx/src/units/state_unit.rs:109: State unit started
2025-10-21T18:04:53.928482Z  INFO arx: arx/src/main.rs:102: Starting ARX coordinator
2025-10-21T18:04:53.929732Z  INFO arx::program: arx/src/program.rs:242: Pub/sub client started
2025-10-21T18:04:53.930346Z  INFO arx::program: arx/src/program.rs:244: Connecting initial pub/sub
2025-10-21T18:04:53.931158Z  INFO arx: arx/src/main.rs:105: Waiting for Ctrl+C
2025-10-21T18:04:53.931895Z  INFO arx::program: arx/src/program.rs:242: Pub/sub client started
2025-10-21T18:04:53.931935Z  INFO arx::program: arx/src/program.rs:244: Connecting initial pub/sub
2025-10-21T18:04:53.932361Z  INFO arx::coordinator: arx/src/coordinator.rs:198: Coordinator started
2025-10-21T18:04:53.932809Z  INFO arx::program: arx/src/program.rs:242: Pub/sub client started
2025-10-21T18:04:53.932853Z  INFO arx::program: arx/src/program.rs:244: Connecting initial pub/sub
2025-10-21T18:04:53.935359Z  INFO arx::program: arx/src/program.rs:242: Pub/sub client started
2025-10-21T18:04:53.935400Z  INFO arx::program: arx/src/program.rs:244: Connecting initial pub/sub
2025-10-21T18:04:53.969582Z  INFO arx::program: arx/src/program.rs:267: Fetching initial state for account: XdfSwb8ZajhN7CerfBSJVhyfx5fyLtv34QVKSRgMFA9
2025-10-21T18:04:53.976243Z  INFO arx::program: arx/src/program.rs:279: Subscribing to account: XdfSwb8ZajhN7CerfBSJVhyfx5fyLtv34QVKSRgMFA9
2025-10-21T18:04:53.978263Z DEBUG arx::units::cluster_unit: arx/src/units/cluster_unit.rs:101: Processing arx node update
2025-10-21T18:04:54.343132Z DEBUG arx::program: arx/src/program.rs:312: Received update for account: XdfSwb8ZajhN7CerfBSJVhyfx5fyLtv34QVKSRgMFA9
2025-10-21T18:04:54.343579Z DEBUG arx::units::cluster_unit: arx/src/units/cluster_unit.rs:101: Processing arx node update
2025-10-21T18:04:54.503734Z  INFO arx::units::node_transaction_unit: arx/src/units/node_transaction_unit.rs:70: Node activated
2025-10-21T18:04:54.504640Z DEBUG arx::coordinator: arx/src/coordinator.rs:204: Coordinator received activation unit message: activated
2025-10-21T18:04:54.508053Z DEBUG arx::coordinator: arx/src/coordinator.rs:251: Coordinator received cluster unit message: cluster: 0, status: Joined
2025-10-21T18:04:54.508704Z DEBUG arx::units::mxe_unit: arx/src/units/mxe_unit.rs:112: Subscribing to cluster: GgSqqAyH7AVY3Umcv8NvncrjFaNJuQLmxzxFxPoPW2Yd
2025-10-21T18:04:54.509129Z  INFO arx::program: arx/src/program.rs:267: Fetching initial state for account: GgSqqAyH7AVY3Umcv8NvncrjFaNJuQLmxzxFxPoPW2Yd
2025-10-21T18:04:54.512997Z  INFO arx::program: arx/src/program.rs:279: Subscribing to account: GgSqqAyH7AVY3Umcv8NvncrjFaNJuQLmxzxFxPoPW2Yd
2025-10-21T18:04:54.514008Z DEBUG arx::units::mxe_unit: arx/src/units/mxe_unit.rs:129: Processing cluster update for account: GgSqqAyH7AVY3Umcv8NvncrjFaNJuQLmxzxFxPoPW2Yd
2025-10-21T18:04:54.515348Z DEBUG arx::coordinator: arx/src/coordinator.rs:349: Coordinator received mxe unit message: cluster: GgSqqAyH7AVY3Umcv8NvncrjFaNJuQLmxzxFxPoPW2Yd, mxe: CQvzhuYp299gu8rDs4RyLg1cDgnbDZiEdK51NcnSVwGm, status: Joined
2025-10-21T18:04:54.516830Z DEBUG arx::units::execpool_unit: arx/src/units/execpool_unit.rs:120: Subscribing to execpool account: CQF2VydaWEk5ZkVRi5q3LxoQTkJNHsRSc2yuUAMS1qUc
2025-10-21T18:04:54.516988Z DEBUG arx::units::mempool_unit: arx/src/units/mempool_unit.rs:113: Subscribing to mempool account: Eii8e5feybZsNs1xJcmktof6LkWNGrAdTk179oL3ZZyv
2025-10-21T18:04:54.517972Z  INFO arx::program: arx/src/program.rs:267: Fetching initial state for account: CQF2VydaWEk5ZkVRi5q3LxoQTkJNHsRSc2yuUAMS1qUc
2025-10-21T18:04:54.518103Z  INFO arx::program: arx/src/program.rs:267: Fetching initial state for account: Eii8e5feybZsNs1xJcmktof6LkWNGrAdTk179oL3ZZyv
2025-10-21T18:04:54.520383Z  INFO arx::program: arx/src/program.rs:279: Subscribing to account: CQF2VydaWEk5ZkVRi5q3LxoQTkJNHsRSc2yuUAMS1qUc
2025-10-21T18:04:54.521530Z  INFO arx::program: arx/src/program.rs:279: Subscribing to account: Eii8e5feybZsNs1xJcmktof6LkWNGrAdTk179oL3ZZyv
2025-10-21T18:04:54.522204Z DEBUG arx::units::mempool_unit: arx/src/units/mempool_unit.rs:136: Processing new mempool update for account: Eii8e5feybZsNs1xJcmktof6LkWNGrAdTk179oL3ZZyv
2025-10-21T18:04:54.522277Z DEBUG arx::coordinator: arx/src/coordinator.rs:288: Coordinator received execpool unit message: computations ids: [1]
2025-10-21T18:04:54.522855Z DEBUG arx::units::mempool_unit: arx/src/units/mempool_unit.rs:175: Mempool account Eii8e5feybZsNs1xJcmktof6LkWNGrAdTk179oL3ZZyv contains the same computations, skipping update
2025-10-21T18:04:54.523066Z DEBUG arx::units::state_unit: arx/src/units/state_unit.rs:231: Processing execpool update
2025-10-21T18:04:54.523231Z DEBUG arx::units::cache_unit: arx/src/units/cache_unit.rs:144: Processing queued computation: ArxComputationReference (1,1) (cluster: GgSqqAyH7AVY3Umcv8NvncrjFaNJuQLmxzxFxPoPW2Yd, mxe: CQvzhuYp299gu8rDs4RyLg1cDgnbDZiEdK51NcnSVwGm)
2025-10-21T18:04:54.524026Z DEBUG arx::units::state_unit: arx/src/units/state_unit.rs:281: Prefetching and executing computation: ArxComputationReference (1,1) (cluster: GgSqqAyH7AVY3Umcv8NvncrjFaNJuQLmxzxFxPoPW2Yd, mxe: CQvzhuYp299gu8rDs4RyLg1cDgnbDZiEdK51NcnSVwGm) with status (index: 0, executed: false)
2025-10-21T18:04:54.524776Z DEBUG arx::coordinator: arx/src/coordinator.rs:384: Coordinator received state unit message: prefetch computation: ArxComputationReference (1,1) (cluster: GgSqqAyH7AVY3Umcv8NvncrjFaNJuQLmxzxFxPoPW2Yd, mxe: CQvzhuYp299gu8rDs4RyLg1cDgnbDZiEdK51NcnSVwGm)
2025-10-21T18:04:54.525260Z DEBUG arx::coordinator: arx/src/coordinator.rs:405: Coordinator received state unit message: execute computation: ArxComputationReference (1,1) (cluster: GgSqqAyH7AVY3Umcv8NvncrjFaNJuQLmxzxFxPoPW2Yd, mxe: CQvzhuYp299gu8rDs4RyLg1cDgnbDZiEdK51NcnSVwGm)
2025-10-21T18:04:54.525812Z DEBUG arx::units::peers_unit: arx/src/units/peers_unit.rs:111: Processing cluster: GgSqqAyH7AVY3Umcv8NvncrjFaNJuQLmxzxFxPoPW2Yd
2025-10-21T18:04:54.525847Z DEBUG arx::units::circuit_unit: arx/src/units/circuit_unit.rs:148: Processing computation definition: Dpz7xMiZ29fGETVJc3rnexMZSq7G4quyeMrZzbWt88R3
2025-10-21T18:04:54.530693Z DEBUG arx::coordinator: arx/src/coordinator.rs:309: Coordinator prefetched computation ArxComputationReference (1,1) (cluster: GgSqqAyH7AVY3Umcv8NvncrjFaNJuQLmxzxFxPoPW2Yd, mxe: CQvzhuYp299gu8rDs4RyLg1cDgnbDZiEdK51NcnSVwGm)
2025-10-21T18:04:54.531166Z DEBUG arx::coordinator: arx/src/coordinator.rs:312: Coordinator fetched computation ArxComputation 303790697907795210078047774390766665400 (cluster: GgSqqAyH7AVY3Umcv8NvncrjFaNJuQLmxzxFxPoPW2Yd, mxe: CQvzhuYp299gu8rDs4RyLg1cDgnbDZiEdK51NcnSVwGm) inputs
2025-10-21T18:04:54.532293Z DEBUG arx::units::cache_unit: arx/src/units/cache_unit.rs:246: Processing fetched inputs: Cerberus Inputs
2025-10-21T18:04:54.536130Z DEBUG arx::units::circuit_unit: arx/src/units/circuit_unit.rs:198: Deserializing circuit data
2025-10-21T18:04:54.537941Z DEBUG arx::coordinator: arx/src/coordinator.rs:373: Coordinator received peers unit message
2025-10-21T18:04:54.538093Z DEBUG arx::units::cache_unit: arx/src/units/cache_unit.rs:209: Processing fetched peers: PeersInfo { cluster: GgSqqAyH7AVY3Umcv8NvncrjFaNJuQLmxzxFxPoPW2Yd, peer_number: 1 }
2025-10-21T18:04:54.539401Z DEBUG arx::units::circuit_unit: arx/src/units/circuit_unit.rs:215: Inserting circuit info into cache
2025-10-21T18:04:54.540460Z DEBUG arx::coordinator: arx/src/coordinator.rs:241: Coordinator received circuit unit message
2025-10-21T18:04:54.540643Z DEBUG arx::units::cache_unit: arx/src/units/cache_unit.rs:170: Processing fetched circuit: CircuitInfo Dpz7xMiZ29fGETVJc3rnexMZSq7G4quyeMrZzbWt88R3
2025-10-21T18:04:54.540909Z DEBUG arx::coordinator: arx/src/coordinator.rs:221: Coordinator received cache unit message
2025-10-21T18:04:54.540946Z DEBUG arx::coordinator: arx/src/coordinator.rs:221: Coordinator received cache unit message
2025-10-21T18:04:54.541121Z DEBUG arx::units::state_unit: arx/src/units/state_unit.rs:296: Processing prefetched computation
2025-10-21T18:04:54.541661Z  WARN arx::units::online_phase_unit: arx/src/units/online_phase_unit.rs:195: Overwriting existing private shares for MXE keygen computation
2025-10-21T18:04:54.543439Z  INFO arx::units::online_phase_unit: arx/src/units/online_phase_unit.rs:326: Processing Cerberus computation with id 303790697907795210078047774390766665400
2025-10-21T18:04:54.543523Z DEBUG arx::units::online_phase_unit: arx/src/units/online_phase_unit.rs:328: Connecting to peers (303790697907795210078047774390766665400)
2025-10-21T18:04:54.545017Z DEBUG network::router::network_router: /home/runner/.cargo/git/checkouts/async-mpc-1dbbf554a14e7a32/b307074/network/src/router/network_router.rs:79: Handling connection request to peer 0461a5    
2025-10-21T18:04:54.545406Z DEBUG network::router::state::connection_handlers: /home/runner/.cargo/git/checkouts/async-mpc-1dbbf554a14e7a32/b307074/network/src/router/state/connection_handlers.rs:44: Handling internal connection request: ConnectionRequest { expected_peer_id: 0461a5, peer_addr: 172.20.0.100:8001, response_sender: Sender { inner: Some(Inner { state: State { is_complete: false, is_closed: false, is_rx_task_set: true, is_tx_task_set: false } }) } }    
2025-10-21T18:04:54.545932Z DEBUG network::router::state::connection_handlers: /home/runner/.cargo/git/checkouts/async-mpc-1dbbf554a14e7a32/b307074/network/src/router/state/connection_handlers.rs:65: Connection not established yet: 172.20.0.100:8001    
2025-10-21T18:04:54.546079Z DEBUG network::router::state::connection_handlers: /home/runner/.cargo/git/checkouts/async-mpc-1dbbf554a14e7a32/b307074/network/src/router/state/connection_handlers.rs:100: Connecting to peer: 172.20.0.100:8001    
2025-10-21T18:04:54.554586Z DEBUG network::router::state::connection_handlers: /home/runner/.cargo/git/checkouts/async-mpc-1dbbf554a14e7a32/b307074/network/src/router/state/connection_handlers.rs:128: Connecting and checking ID of peer: 172.20.0.100:8001    
2025-10-21T18:04:54.555050Z DEBUG network::router::network_router: /home/runner/.cargo/git/checkouts/async-mpc-1dbbf554a14e7a32/b307074/network/src/router/network_router.rs:85: Connection request to peer 0461a5 handled    
2025-10-21T18:04:54.601089Z DEBUG network::router::state::connection_handlers: /home/runner/.cargo/git/checkouts/async-mpc-1dbbf554a14e7a32/b307074/network/src/router/state/connection_handlers.rs:280: Checking connection liveness to peer: 172.20.0.100:8001    
2025-10-21T18:04:54.610878Z DEBUG network::router::state::connection_handlers: /home/runner/.cargo/git/checkouts/async-mpc-1dbbf554a14e7a32/b307074/network/src/router/state/connection_handlers.rs:168: Outcome of connection to peer 172.20.0.100:8001 sent.    
2025-10-21T18:04:54.611206Z DEBUG network::router::state::connection_handlers: /home/runner/.cargo/git/checkouts/async-mpc-1dbbf554a14e7a32/b307074/network/src/router/state/connection_handlers.rs:188: Handling established connection to peer: 172.20.0.100:8001    
2025-10-21T18:04:54.611674Z  INFO network::router::state::substream_handlers: /home/runner/.cargo/git/checkouts/async-mpc-1dbbf554a14e7a32/b307074/network/src/router/state/substream_handlers.rs:217: Listening to substream requests from address 172.20.0.100:8001.    
2025-10-21T18:04:54.612368Z DEBUG arx::units::online_phase_unit: arx/src/units/online_phase_unit.rs:343: Connected to peers (303790697907795210078047774390766665400)
2025-10-21T18:04:54.613765Z DEBUG network::router::network_router: /home/runner/.cargo/git/checkouts/async-mpc-1dbbf554a14e7a32/b307074/network/src/router/network_router.rs:105: Opening substream for protocol (303790697907795210078047774390766665400, 0) with peer 0461a5    
2025-10-21T18:04:54.614683Z  INFO network::router::network_router: /home/runner/.cargo/git/checkouts/async-mpc-1dbbf554a14e7a32/b307074/network/src/router/network_router.rs:273: Opened substreams for protocol 303790697907795210078047774390766665400    
2025-10-21T18:04:54.773649Z  INFO network::labeled_interface::handlers: /home/runner/.cargo/git/checkouts/async-mpc-1dbbf554a14e7a32/b307074/network/src/labeled_interface/handlers.rs:86: Interface cf7093 dropped.    
2025-10-21T18:04:54.773689Z DEBUG arx::units::online_phase_unit: arx/src/units/online_phase_unit.rs:255: Output of computation is: ArxComputationOutput { computation: ArxComputation 303790697907795210078047774390766665400 (cluster: GgSqqAyH7AVY3Umcv8NvncrjFaNJuQLmxzxFxPoPW2Yd, mxe: CQvzhuYp299gu8rDs4RyLg1cDgnbDZiEdK51NcnSVwGm), outputs: Success([[96, 101, 38, 163, 120, 101, 220, 58, 252, 73, 189, 209, 119, 65, 66, 205, 199, 170, 187, 112, 150, 119, 189, 129, 164, 107, 128, 65, 2, 152, 192, 81]]) } (303790697907795210078047774390766665400)
2025-10-21T18:04:54.774209Z  INFO network::labeled_interface::handlers: /home/runner/.cargo/git/checkouts/async-mpc-1dbbf554a14e7a32/b307074/network/src/labeled_interface/handlers.rs:53: Router closed interface cf7093.    
2025-10-21T18:04:54.774478Z  INFO network::labeled_interface::interface: /home/runner/.cargo/git/checkouts/async-mpc-1dbbf554a14e7a32/b307074/network/src/labeled_interface/interface.rs:415: Interface cf7093 dropped.    
2025-10-21T18:04:54.775525Z DEBUG arx::coordinator: arx/src/coordinator.rs:364: Coordinator received online unit output: ArxComputationOutput { computation: ArxComputation 303790697907795210078047774390766665400 (cluster: GgSqqAyH7AVY3Umcv8NvncrjFaNJuQLmxzxFxPoPW2Yd, mxe: CQvzhuYp299gu8rDs4RyLg1cDgnbDZiEdK51NcnSVwGm), outputs: Success([[96, 101, 38, 163, 120, 101, 220, 58, 252, 73, 189, 209, 119, 65, 66, 205, 199, 170, 187, 112, 150, 119, 189, 129, 164, 107, 128, 65, 2, 152, 192, 81]]) }
2025-10-21T18:04:54.776104Z  INFO network::router::state::substream_handlers: /home/runner/.cargo/git/checkouts/async-mpc-1dbbf554a14e7a32/b307074/network/src/router/state/substream_handlers.rs:197: Removed protocol ID (303790697907795210078047774390766665400, 0) for peer 0461a5.    
2025-10-21T18:04:54.776371Z DEBUG arx::units::computation_transaction_unit: arx/src/units/computation_transaction_unit.rs:162: Processing callback for computation ArxComputation 303790697907795210078047774390766665400 (cluster: GgSqqAyH7AVY3Umcv8NvncrjFaNJuQLmxzxFxPoPW2Yd, mxe: CQvzhuYp299gu8rDs4RyLg1cDgnbDZiEdK51NcnSVwGm)
2025-10-21T18:04:55.241985Z DEBUG arx::program: arx/src/program.rs:312: Received update for account: GgSqqAyH7AVY3Umcv8NvncrjFaNJuQLmxzxFxPoPW2Yd
2025-10-21T18:04:55.242265Z DEBUG arx::units::mxe_unit: arx/src/units/mxe_unit.rs:129: Processing cluster update for account: GgSqqAyH7AVY3Umcv8NvncrjFaNJuQLmxzxFxPoPW2Yd
2025-10-21T18:04:55.280942Z DEBUG arx::units::computation_transaction_unit: arx/src/units/computation_transaction_unit.rs:219: Sent set_mxe_keys tx for mxe CQvzhuYp299gu8rDs4RyLg1cDgnbDZiEdK51NcnSVwGm with sig 5Hwm8eskNGmqThozbk9jmeJVmbLREnnoyrFGbsdMX3oA7XKQXqXmxkw3Q8hUPSRqL99wQj7onpWBoh475s6kAg8w
2025-10-21T18:04:55.766028Z DEBUG arx::program: arx/src/program.rs:312: Received update for account: GgSqqAyH7AVY3Umcv8NvncrjFaNJuQLmxzxFxPoPW2Yd
2025-10-21T18:04:55.766151Z DEBUG arx::program: arx/src/program.rs:312: Received update for account: CQF2VydaWEk5ZkVRi5q3LxoQTkJNHsRSc2yuUAMS1qUc
2025-10-21T18:04:55.766363Z DEBUG arx::units::mxe_unit: arx/src/units/mxe_unit.rs:129: Processing cluster update for account: GgSqqAyH7AVY3Umcv8NvncrjFaNJuQLmxzxFxPoPW2Yd
2025-10-21T18:04:55.766731Z DEBUG arx::coordinator: arx/src/coordinator.rs:288: Coordinator received execpool unit message: computations ids: []
2025-10-21T18:04:55.766730Z DEBUG arx::program: arx/src/program.rs:312: Received update for account: Eii8e5feybZsNs1xJcmktof6LkWNGrAdTk179oL3ZZyv
2025-10-21T18:04:55.766898Z DEBUG arx::units::state_unit: arx/src/units/state_unit.rs:231: Processing execpool update
2025-10-21T18:04:55.767459Z DEBUG arx::units::mempool_unit: arx/src/units/mempool_unit.rs:136: Processing new mempool update for account: Eii8e5feybZsNs1xJcmktof6LkWNGrAdTk179oL3ZZyv
2025-10-21T18:04:55.767554Z DEBUG arx::units::mempool_unit: arx/src/units/mempool_unit.rs:175: Mempool account Eii8e5feybZsNs1xJcmktof6LkWNGrAdTk179oL3ZZyv contains the same computations, skipping update
2025-10-21T18:04:55.767967Z DEBUG arx::units::state_unit: arx/src/units/state_unit.rs:255: Removing computation from execpool: ArxComputationReference (1,1) (cluster: GgSqqAyH7AVY3Umcv8NvncrjFaNJuQLmxzxFxPoPW2Yd, mxe: CQvzhuYp299gu8rDs4RyLg1cDgnbDZiEdK51NcnSVwGm)
2025-10-21T18:04:55.768205Z DEBUG arx::coordinator: arx/src/coordinator.rs:423: Coordinator received state unit message: executed computation: ArxComputationReference (1,1) (cluster: GgSqqAyH7AVY3Umcv8NvncrjFaNJuQLmxzxFxPoPW2Yd, mxe: CQvzhuYp299gu8rDs4RyLg1cDgnbDZiEdK51NcnSVwGm)
2025-10-21T18:04:55.768580Z DEBUG arx::units::cache_unit: arx/src/units/cache_unit.rs:278: Processing executed computation: ArxComputationReference (1,1) (cluster: GgSqqAyH7AVY3Umcv8NvncrjFaNJuQLmxzxFxPoPW2Yd, mxe: CQvzhuYp299gu8rDs4RyLg1cDgnbDZiEdK51NcnSVwGm)
2025-10-21T18:04:55.769059Z DEBUG arx::units::cache_unit: arx/src/units/cache_unit.rs:282: Computation executed and removed from cache: ArxComputationReference (1,1) (cluster: GgSqqAyH7AVY3Umcv8NvncrjFaNJuQLmxzxFxPoPW2Yd, mxe: CQvzhuYp299gu8rDs4RyLg1cDgnbDZiEdK51NcnSVwGm)
2025-10-21T18:04:55.789557Z DEBUG arx::units::computation_transaction_unit: arx/src/units/computation_transaction_unit.rs:342: Callback computation tx for mxe CQvzhuYp299gu8rDs4RyLg1cDgnbDZiEdK51NcnSVwGm already sent
2025-10-21T18:04:55.791234Z DEBUG arx::coordinator: arx/src/coordinator.rs:265: Coordinator received computation transaction unit callback computation: ArxComputationReference (1,1) (cluster: GgSqqAyH7AVY3Umcv8NvncrjFaNJuQLmxzxFxPoPW2Yd, mxe: CQvzhuYp299gu8rDs4RyLg1cDgnbDZiEdK51NcnSVwGm)
2025-10-21T18:04:55.791508Z DEBUG arx::units::cache_unit: arx/src/units/cache_unit.rs:278: Processing executed computation: ArxComputationReference (1,1) (cluster: GgSqqAyH7AVY3Umcv8NvncrjFaNJuQLmxzxFxPoPW2Yd, mxe: CQvzhuYp299gu8rDs4RyLg1cDgnbDZiEdK51NcnSVwGm)
2025-10-21T18:04:55.791860Z DEBUG arx::units::state_unit: arx/src/units/state_unit.rs:311: Processing executed computation
2025-10-21T18:04:55.791872Z  WARN arx::units::cache_unit: arx/src/units/cache_unit.rs:289: Computation info not found in cache: ArxComputationReference (1,1) (cluster: GgSqqAyH7AVY3Umcv8NvncrjFaNJuQLmxzxFxPoPW2Yd, mxe: CQvzhuYp299gu8rDs4RyLg1cDgnbDZiEdK51NcnSVwGm)
2025-10-21T18:05:03.676058Z DEBUG arx::program: arx/src/program.rs:312: Received update for account: GgSqqAyH7AVY3Umcv8NvncrjFaNJuQLmxzxFxPoPW2Yd
2025-10-21T18:05:03.676667Z DEBUG arx::units::mxe_unit: arx/src/units/mxe_unit.rs:129: Processing cluster update for account: GgSqqAyH7AVY3Umcv8NvncrjFaNJuQLmxzxFxPoPW2Yd
2025-10-21T18:05:03.677090Z DEBUG arx::program: arx/src/program.rs:312: Received update for account: CQF2VydaWEk5ZkVRi5q3LxoQTkJNHsRSc2yuUAMS1qUc
2025-10-21T18:05:03.677124Z DEBUG arx::program: arx/src/program.rs:312: Received update for account: Eii8e5feybZsNs1xJcmktof6LkWNGrAdTk179oL3ZZyv
2025-10-21T18:05:03.677359Z DEBUG arx::coordinator: arx/src/coordinator.rs:288: Coordinator received execpool unit message: computations ids: [5221261188332895718]
2025-10-21T18:05:03.677484Z DEBUG arx::units::mempool_unit: arx/src/units/mempool_unit.rs:136: Processing new mempool update for account: Eii8e5feybZsNs1xJcmktof6LkWNGrAdTk179oL3ZZyv
2025-10-21T18:05:03.677640Z DEBUG arx::units::state_unit: arx/src/units/state_unit.rs:231: Processing execpool update
2025-10-21T18:05:03.677560Z DEBUG arx::units::cache_unit: arx/src/units/cache_unit.rs:144: Processing queued computation: ArxComputationReference (5221261188332895718,1925767261) (cluster: GgSqqAyH7AVY3Umcv8NvncrjFaNJuQLmxzxFxPoPW2Yd, mxe: CQvzhuYp299gu8rDs4RyLg1cDgnbDZiEdK51NcnSVwGm)
2025-10-21T18:05:03.677662Z DEBUG arx::units::mempool_unit: arx/src/units/mempool_unit.rs:175: Mempool account Eii8e5feybZsNs1xJcmktof6LkWNGrAdTk179oL3ZZyv contains the same computations, skipping update
2025-10-21T18:05:03.677762Z DEBUG arx::units::state_unit: arx/src/units/state_unit.rs:281: Prefetching and executing computation: ArxComputationReference (5221261188332895718,1925767261) (cluster: GgSqqAyH7AVY3Umcv8NvncrjFaNJuQLmxzxFxPoPW2Yd, mxe: CQvzhuYp299gu8rDs4RyLg1cDgnbDZiEdK51NcnSVwGm) with status (index: 0, executed: false)
2025-10-21T18:05:03.678200Z DEBUG arx::coordinator: arx/src/coordinator.rs:384: Coordinator received state unit message: prefetch computation: ArxComputationReference (5221261188332895718,1925767261) (cluster: GgSqqAyH7AVY3Umcv8NvncrjFaNJuQLmxzxFxPoPW2Yd, mxe: CQvzhuYp299gu8rDs4RyLg1cDgnbDZiEdK51NcnSVwGm)
2025-10-21T18:05:03.678380Z DEBUG arx::coordinator: arx/src/coordinator.rs:405: Coordinator received state unit message: execute computation: ArxComputationReference (5221261188332895718,1925767261) (cluster: GgSqqAyH7AVY3Umcv8NvncrjFaNJuQLmxzxFxPoPW2Yd, mxe: CQvzhuYp299gu8rDs4RyLg1cDgnbDZiEdK51NcnSVwGm)
2025-10-21T18:05:03.678426Z DEBUG arx::units::circuit_unit: arx/src/units/circuit_unit.rs:148: Processing computation definition: 9vqkf7AGugLgSFD9RPPX2aqESvGeW2ctWGW8xzm5dXso
2025-10-21T18:05:03.678472Z DEBUG arx::units::peers_unit: arx/src/units/peers_unit.rs:111: Processing cluster: GgSqqAyH7AVY3Umcv8NvncrjFaNJuQLmxzxFxPoPW2Yd
2025-10-21T18:05:03.686322Z DEBUG arx::coordinator: arx/src/coordinator.rs:309: Coordinator prefetched computation ArxComputationReference (5221261188332895718,1925767261) (cluster: GgSqqAyH7AVY3Umcv8NvncrjFaNJuQLmxzxFxPoPW2Yd, mxe: CQvzhuYp299gu8rDs4RyLg1cDgnbDZiEdK51NcnSVwGm)
2025-10-21T18:05:03.686700Z DEBUG arx::coordinator: arx/src/coordinator.rs:312: Coordinator fetched computation ArxComputation 76715594459562282524880351532753810278 (cluster: GgSqqAyH7AVY3Umcv8NvncrjFaNJuQLmxzxFxPoPW2Yd, mxe: CQvzhuYp299gu8rDs4RyLg1cDgnbDZiEdK51NcnSVwGm) inputs
2025-10-21T18:05:03.687009Z DEBUG arx::coordinator: arx/src/coordinator.rs:373: Coordinator received peers unit message
2025-10-21T18:05:03.687122Z DEBUG arx::units::cache_unit: arx/src/units/cache_unit.rs:246: Processing fetched inputs: Cerberus Inputs
2025-10-21T18:05:03.687200Z DEBUG arx::units::cache_unit: arx/src/units/cache_unit.rs:209: Processing fetched peers: PeersInfo { cluster: GgSqqAyH7AVY3Umcv8NvncrjFaNJuQLmxzxFxPoPW2Yd, peer_number: 1 }
2025-10-21T18:05:03.688555Z DEBUG arx::units::circuit_unit: arx/src/units/circuit_unit.rs:246: Fetching onchain circuit data from: 9vqkf7AGugLgSFD9RPPX2aqESvGeW2ctWGW8xzm5dXso
2025-10-21T18:05:03.696115Z DEBUG arx::units::circuit_unit: arx/src/units/circuit_unit.rs:198: Deserializing circuit data
2025-10-21T18:05:03.700202Z DEBUG arx::units::circuit_unit: arx/src/units/circuit_unit.rs:215: Inserting circuit info into cache
2025-10-21T18:05:03.700593Z DEBUG arx::coordinator: arx/src/coordinator.rs:241: Coordinator received circuit unit message
2025-10-21T18:05:03.700896Z DEBUG arx::units::cache_unit: arx/src/units/cache_unit.rs:170: Processing fetched circuit: CircuitInfo 9vqkf7AGugLgSFD9RPPX2aqESvGeW2ctWGW8xzm5dXso
2025-10-21T18:05:03.701014Z DEBUG arx::coordinator: arx/src/coordinator.rs:221: Coordinator received cache unit message
2025-10-21T18:05:03.701205Z DEBUG arx::coordinator: arx/src/coordinator.rs:221: Coordinator received cache unit message
2025-10-21T18:05:03.701254Z DEBUG arx::units::state_unit: arx/src/units/state_unit.rs:296: Processing prefetched computation
2025-10-21T18:05:03.701693Z  INFO arx::units::online_phase_unit: arx/src/units/online_phase_unit.rs:326: Processing Cerberus computation with id 76715594459562282524880351532753810278
2025-10-21T18:05:03.701770Z DEBUG arx::units::online_phase_unit: arx/src/units/online_phase_unit.rs:328: Connecting to peers (76715594459562282524880351532753810278)
2025-10-21T18:05:03.701890Z DEBUG network::router::network_router: /home/runner/.cargo/git/checkouts/async-mpc-1dbbf554a14e7a32/b307074/network/src/router/network_router.rs:79: Handling connection request to peer 0461a5    
2025-10-21T18:05:03.701978Z DEBUG network::router::state::connection_handlers: /home/runner/.cargo/git/checkouts/async-mpc-1dbbf554a14e7a32/b307074/network/src/router/state/connection_handlers.rs:44: Handling internal connection request: ConnectionRequest { expected_peer_id: 0461a5, peer_addr: 172.20.0.100:8001, response_sender: Sender { inner: Some(Inner { state: State { is_complete: false, is_closed: false, is_rx_task_set: true, is_tx_task_set: false } }) } }    
2025-10-21T18:05:03.702090Z DEBUG network::router::state::connection_handlers: /home/runner/.cargo/git/checkouts/async-mpc-1dbbf554a14e7a32/b307074/network/src/router/state/connection_handlers.rs:60: Connection already established: 172.20.0.100:8001    
2025-10-21T18:05:03.702167Z DEBUG network::router::network_router: /home/runner/.cargo/git/checkouts/async-mpc-1dbbf554a14e7a32/b307074/network/src/router/network_router.rs:85: Connection request to peer 0461a5 handled    
2025-10-21T18:05:03.702300Z DEBUG arx::units::online_phase_unit: arx/src/units/online_phase_unit.rs:343: Connected to peers (76715594459562282524880351532753810278)
2025-10-21T18:05:03.702763Z DEBUG network::router::network_router: /home/runner/.cargo/git/checkouts/async-mpc-1dbbf554a14e7a32/b307074/network/src/router/network_router.rs:105: Opening substream for protocol (76715594459562282524880351532753810278, 0) with peer 0461a5    
2025-10-21T18:05:03.702915Z  INFO network::router::network_router: /home/runner/.cargo/git/checkouts/async-mpc-1dbbf554a14e7a32/b307074/network/src/router/network_router.rs:273: Opened substreams for protocol 76715594459562282524880351532753810278    
2025-10-21T18:05:03.727491Z DEBUG arx::units::online_phase_unit: arx/src/units/online_phase_unit.rs:255: Output of computation is: ArxComputationOutput { computation: ArxComputation 76715594459562282524880351532753810278 (cluster: GgSqqAyH7AVY3Umcv8NvncrjFaNJuQLmxzxFxPoPW2Yd, mxe: CQvzhuYp299gu8rDs4RyLg1cDgnbDZiEdK51NcnSVwGm), outputs: Success([[113, 77, 217, 63, 131, 52, 11, 143, 120, 81, 2, 122, 204, 139, 21, 233], [218, 5, 103, 141, 58, 78, 229, 19, 43, 121, 75, 127, 242, 99, 42, 220, 251, 68, 223, 17, 80, 82, 244, 58, 176, 244, 106, 241, 169, 202, 61, 99], [73, 139, 194, 73, 230, 184, 176, 160, 59, 89, 30, 12, 29, 28, 207, 228, 36, 177, 118, 203, 44, 169, 213, 70, 95, 21, 155, 78, 157, 69, 211, 46], [39, 172, 7, 96, 146, 19, 31, 170, 147, 102, 27, 64, 189, 63, 138, 9, 160, 249, 58, 255, 18, 184, 62, 154, 250, 74, 73, 135, 0, 17, 197, 115], [193, 56, 214, 42, 239, 105, 161, 105, 211, 47, 240, 191, 248, 184, 13, 57, 91, 98, 104, 213, 216, 229, 72, 159, 13, 16, 251, 147, 42, 178, 114, 42]]) } (76715594459562282524880351532753810278)
2025-10-21T18:05:03.727577Z  INFO network::labeled_interface::handlers: /home/runner/.cargo/git/checkouts/async-mpc-1dbbf554a14e7a32/b307074/network/src/labeled_interface/handlers.rs:86: Interface cf7093 dropped.    
2025-10-21T18:05:03.727764Z  INFO network::labeled_interface::handlers: /home/runner/.cargo/git/checkouts/async-mpc-1dbbf554a14e7a32/b307074/network/src/labeled_interface/handlers.rs:53: Router closed interface cf7093.    
2025-10-21T18:05:03.727705Z DEBUG arx::coordinator: arx/src/coordinator.rs:364: Coordinator received online unit output: ArxComputationOutput { computation: ArxComputation 76715594459562282524880351532753810278 (cluster: GgSqqAyH7AVY3Umcv8NvncrjFaNJuQLmxzxFxPoPW2Yd, mxe: CQvzhuYp299gu8rDs4RyLg1cDgnbDZiEdK51NcnSVwGm), outputs: Success([[113, 77, 217, 63, 131, 52, 11, 143, 120, 81, 2, 122, 204, 139, 21, 233], [218, 5, 103, 141, 58, 78, 229, 19, 43, 121, 75, 127, 242, 99, 42, 220, 251, 68, 223, 17, 80, 82, 244, 58, 176, 244, 106, 241, 169, 202, 61, 99], [73, 139, 194, 73, 230, 184, 176, 160, 59, 89, 30, 12, 29, 28, 207, 228, 36, 177, 118, 203, 44, 169, 213, 70, 95, 21, 155, 78, 157, 69, 211, 46], [39, 172, 7, 96, 146, 19, 31, 170, 147, 102, 27, 64, 189, 63, 138, 9, 160, 249, 58, 255, 18, 184, 62, 154, 250, 74, 73, 135, 0, 17, 197, 115], [193, 56, 214, 42, 239, 105, 161, 105, 211, 47, 240, 191, 248, 184, 13, 57, 91, 98, 104, 213, 216, 229, 72, 159, 13, 16, 251, 147, 42, 178, 114, 42]]) }
2025-10-21T18:05:03.727791Z  INFO network::labeled_interface::interface: /home/runner/.cargo/git/checkouts/async-mpc-1dbbf554a14e7a32/b307074/network/src/labeled_interface/interface.rs:415: Interface cf7093 dropped.    
2025-10-21T18:05:03.727844Z  INFO network::router::state::substream_handlers: /home/runner/.cargo/git/checkouts/async-mpc-1dbbf554a14e7a32/b307074/network/src/router/state/substream_handlers.rs:197: Removed protocol ID (76715594459562282524880351532753810278, 0) for peer 0461a5.    
2025-10-21T18:05:03.727913Z DEBUG arx::units::computation_transaction_unit: arx/src/units/computation_transaction_unit.rs:162: Processing callback for computation ArxComputation 76715594459562282524880351532753810278 (cluster: GgSqqAyH7AVY3Umcv8NvncrjFaNJuQLmxzxFxPoPW2Yd, mxe: CQvzhuYp299gu8rDs4RyLg1cDgnbDZiEdK51NcnSVwGm)
2025-10-21T18:05:03.732616Z ERROR arx::units::computation_transaction_unit: arx/src/units/computation_transaction_unit.rs:358: Failed to send callback computation tx for mxe CQvzhuYp299gu8rDs4RyLg1cDgnbDZiEdK51NcnSVwGm error SolanaClientError(Error { request: Some(SendTransaction), kind: RpcError(RpcResponseError { code: -32002, message: "Transaction simulation failed: Error processing Instruction 1: custom program error: 0xbbf", data: SendTransactionPreflightFailure(RpcSimulateTransactionResult { err: Some(InstructionError(1, Custom(3007))), logs: Some(["Program BKck65TgoKRokMjQM3datB9oRwJ8rAj2jxPXvHXUvcL6 invoke [1]", "Program log: Instruction: CallbackComputation", "Program data: m9Xun/BMpxPmvR0qY6V1SKmR95BvPks37J0G4eFvSACVJpCVJnL9Bl+veZYj1jB6", "Program data: G0t13b/V/fnmvR0qY6V1SKmR95BvPks37J0G4eFvSACVJpCVJnL9Bl+veZYj1jB6", "Program BKck65TgoKRokMjQM3datB9oRwJ8rAj2jxPXvHXUvcL6 consumed 30938 of 400000 compute units", "Program BKck65TgoKRokMjQM3datB9oRwJ8rAj2jxPXvHXUvcL6 success", "Program CQvzhuYp299gu8rDs4RyLg1cDgnbDZiEdK51NcnSVwGm invoke [1]", "Program log: Instruction: InitializeMarketCallback", "Program log: AnchorError caused by account: market. Error Code: AccountOwnedByWrongProgram. Error Number: 3007. Error Message: The given account is owned by a different program than expected.", "Program log: Left:", "Program log: BPFLoaderUpgradeab1e11111111111111111111111", "Program log: Right:", "Program log: CQvzhuYp299gu8rDs4RyLg1cDgnbDZiEdK51NcnSVwGm", "Program CQvzhuYp299gu8rDs4RyLg1cDgnbDZiEdK51NcnSVwGm consumed 3875 of 369062 compute units", "Program CQvzhuYp299gu8rDs4RyLg1cDgnbDZiEdK51NcnSVwGm failed: custom program error: 0xbbf"]), accounts: None, units_consumed: Some(34813), return_data: None, inner_instructions: None, replacement_blockhash: None }) }) })
2025-10-21T18:05:03.733207Z  WARN arx::units::computation_transaction_unit: arx/src/units/computation_transaction_unit.rs:170: Attempt 1/5: RPC error while calling self.callback(mxe.clone(), computation.clone(), outputs): RPC error: Failed to send callback computation tx for mxe CQvzhuYp299gu8rDs4RyLg1cDgnbDZiEdK51NcnSVwGm error SolanaClientError(Error { request: Some(SendTransaction), kind: RpcError(RpcResponseError { code: -32002, message: "Transaction simulation failed: Error processing Instruction 1: custom program error: 0xbbf", data: SendTransactionPreflightFailure(RpcSimulateTransactionResult { err: Some(InstructionError(1, Custom(3007))), logs: Some(["Program BKck65TgoKRokMjQM3datB9oRwJ8rAj2jxPXvHXUvcL6 invoke [1]", "Program log: Instruction: CallbackComputation", "Program data: m9Xun/BMpxPmvR0qY6V1SKmR95BvPks37J0G4eFvSACVJpCVJnL9Bl+veZYj1jB6", "Program data: G0t13b/V/fnmvR0qY6V1SKmR95BvPks37J0G4eFvSACVJpCVJnL9Bl+veZYj1jB6", "Program BKck65TgoKRokMjQM3datB9oRwJ8rAj2jxPXvHXUvcL6 consumed 30938 of 400000 compute units", "Program BKck65TgoKRokMjQM3datB9oRwJ8rAj2jxPXvHXUvcL6 success", "Program CQvzhuYp299gu8rDs4RyLg1cDgnbDZiEdK51NcnSVwGm invoke [1]", "Program log: Instruction: InitializeMarketCallback", "Program log: AnchorError caused by account: market. Error Code: AccountOwnedByWrongProgram. Error Number: 3007. Error Message: The given account is owned by a different program than expected.", "Program log: Left:", "Program log: BPFLoaderUpgradeab1e11111111111111111111111", "Program log: Right:", "Program log: CQvzhuYp299gu8rDs4RyLg1cDgnbDZiEdK51NcnSVwGm", "Program CQvzhuYp299gu8rDs4RyLg1cDgnbDZiEdK51NcnSVwGm consumed 3875 of 369062 compute units", "Program CQvzhuYp299gu8rDs4RyLg1cDgnbDZiEdK51NcnSVwGm failed: custom program error: 0xbbf"]), accounts: None, units_consumed: Some(34813), return_data: None, inner_instructions: None, replacement_blockhash: None }) }) })
2025-10-21T18:05:04.742420Z ERROR arx::units::computation_transaction_unit: arx/src/units/computation_transaction_unit.rs:358: Failed to send callback computation tx for mxe CQvzhuYp299gu8rDs4RyLg1cDgnbDZiEdK51NcnSVwGm error SolanaClientError(Error { request: Some(SendTransaction), kind: RpcError(RpcResponseError { code: -32002, message: "Transaction simulation failed: Error processing Instruction 1: custom program error: 0xbbf", data: SendTransactionPreflightFailure(RpcSimulateTransactionResult { err: Some(InstructionError(1, Custom(3007))), logs: Some(["Program BKck65TgoKRokMjQM3datB9oRwJ8rAj2jxPXvHXUvcL6 invoke [1]", "Program log: Instruction: CallbackComputation", "Program data: m9Xun/BMpxPmvR0qY6V1SKmR95BvPks37J0G4eFvSACVJpCVJnL9Bl+veZYj1jB6", "Program data: G0t13b/V/fnmvR0qY6V1SKmR95BvPks37J0G4eFvSACVJpCVJnL9Bl+veZYj1jB6", "Program BKck65TgoKRokMjQM3datB9oRwJ8rAj2jxPXvHXUvcL6 consumed 30953 of 400000 compute units", "Program BKck65TgoKRokMjQM3datB9oRwJ8rAj2jxPXvHXUvcL6 success", "Program CQvzhuYp299gu8rDs4RyLg1cDgnbDZiEdK51NcnSVwGm invoke [1]", "Program log: Instruction: InitializeMarketCallback", "Program log: AnchorError caused by account: market. Error Code: AccountOwnedByWrongProgram. Error Number: 3007. Error Message: The given account is owned by a different program than expected.", "Program log: Left:", "Program log: BPFLoaderUpgradeab1e11111111111111111111111", "Program log: Right:", "Program log: CQvzhuYp299gu8rDs4RyLg1cDgnbDZiEdK51NcnSVwGm", "Program CQvzhuYp299gu8rDs4RyLg1cDgnbDZiEdK51NcnSVwGm consumed 3875 of 369047 compute units", "Program CQvzhuYp299gu8rDs4RyLg1cDgnbDZiEdK51NcnSVwGm failed: custom program error: 0xbbf"]), accounts: None, units_consumed: Some(34828), return_data: None, inner_instructions: None, replacement_blockhash: None }) }) })
2025-10-21T18:05:04.742992Z  WARN arx::units::computation_transaction_unit: arx/src/units/computation_transaction_unit.rs:170: Attempt 2/5: RPC error while calling self.callback(mxe.clone(), computation.clone(), outputs): RPC error: Failed to send callback computation tx for mxe CQvzhuYp299gu8rDs4RyLg1cDgnbDZiEdK51NcnSVwGm error SolanaClientError(Error { request: Some(SendTransaction), kind: RpcError(RpcResponseError { code: -32002, message: "Transaction simulation failed: Error processing Instruction 1: custom program error: 0xbbf", data: SendTransactionPreflightFailure(RpcSimulateTransactionResult { err: Some(InstructionError(1, Custom(3007))), logs: Some(["Program BKck65TgoKRokMjQM3datB9oRwJ8rAj2jxPXvHXUvcL6 invoke [1]", "Program log: Instruction: CallbackComputation", "Program data: m9Xun/BMpxPmvR0qY6V1SKmR95BvPks37J0G4eFvSACVJpCVJnL9Bl+veZYj1jB6", "Program data: G0t13b/V/fnmvR0qY6V1SKmR95BvPks37J0G4eFvSACVJpCVJnL9Bl+veZYj1jB6", "Program BKck65TgoKRokMjQM3datB9oRwJ8rAj2jxPXvHXUvcL6 consumed 30953 of 400000 compute units", "Program BKck65TgoKRokMjQM3datB9oRwJ8rAj2jxPXvHXUvcL6 success", "Program CQvzhuYp299gu8rDs4RyLg1cDgnbDZiEdK51NcnSVwGm invoke [1]", "Program log: Instruction: InitializeMarketCallback", "Program log: AnchorError caused by account: market. Error Code: AccountOwnedByWrongProgram. Error Number: 3007. Error Message: The given account is owned by a different program than expected.", "Program log: Left:", "Program log: BPFLoaderUpgradeab1e11111111111111111111111", "Program log: Right:", "Program log: CQvzhuYp299gu8rDs4RyLg1cDgnbDZiEdK51NcnSVwGm", "Program CQvzhuYp299gu8rDs4RyLg1cDgnbDZiEdK51NcnSVwGm consumed 3875 of 369047 compute units", "Program CQvzhuYp299gu8rDs4RyLg1cDgnbDZiEdK51NcnSVwGm failed: custom program error: 0xbbf"]), accounts: None, units_consumed: Some(34828), return_data: None, inner_instructions: None, replacement_blockhash: None }) }) })
2025-10-21T18:05:06.750390Z ERROR arx::units::computation_transaction_unit: arx/src/units/computation_transaction_unit.rs:358: Failed to send callback computation tx for mxe CQvzhuYp299gu8rDs4RyLg1cDgnbDZiEdK51NcnSVwGm error SolanaClientError(Error { request: Some(SendTransaction), kind: RpcError(RpcResponseError { code: -32002, message: "Transaction simulation failed: Error processing Instruction 1: custom program error: 0xbbf", data: SendTransactionPreflightFailure(RpcSimulateTransactionResult { err: Some(InstructionError(1, Custom(3007))), logs: Some(["Program BKck65TgoKRokMjQM3datB9oRwJ8rAj2jxPXvHXUvcL6 invoke [1]", "Program log: Instruction: CallbackComputation", "Program data: m9Xun/BMpxPmvR0qY6V1SKmR95BvPks37J0G4eFvSACVJpCVJnL9Bl+veZYj1jB6", "Program data: G0t13b/V/fnmvR0qY6V1SKmR95BvPks37J0G4eFvSACVJpCVJnL9Bl+veZYj1jB6", "Program BKck65TgoKRokMjQM3datB9oRwJ8rAj2jxPXvHXUvcL6 consumed 30973 of 400000 compute units", "Program BKck65TgoKRokMjQM3datB9oRwJ8rAj2jxPXvHXUvcL6 success", "Program CQvzhuYp299gu8rDs4RyLg1cDgnbDZiEdK51NcnSVwGm invoke [1]", "Program log: Instruction: InitializeMarketCallback", "Program log: AnchorError caused by account: market. Error Code: AccountOwnedByWrongProgram. Error Number: 3007. Error Message: The given account is owned by a different program than expected.", "Program log: Left:", "Program log: BPFLoaderUpgradeab1e11111111111111111111111", "Program log: Right:", "Program log: CQvzhuYp299gu8rDs4RyLg1cDgnbDZiEdK51NcnSVwGm", "Program CQvzhuYp299gu8rDs4RyLg1cDgnbDZiEdK51NcnSVwGm consumed 3875 of 369027 compute units", "Program CQvzhuYp299gu8rDs4RyLg1cDgnbDZiEdK51NcnSVwGm failed: custom program error: 0xbbf"]), accounts: None, units_consumed: Some(34848), return_data: None, inner_instructions: None, replacement_blockhash: None }) }) })
2025-10-21T18:05:06.750920Z  WARN arx::units::computation_transaction_unit: arx/src/units/computation_transaction_unit.rs:170: Attempt 3/5: RPC error while calling self.callback(mxe.clone(), computation.clone(), outputs): RPC error: Failed to send callback computation tx for mxe CQvzhuYp299gu8rDs4RyLg1cDgnbDZiEdK51NcnSVwGm error SolanaClientError(Error { request: Some(SendTransaction), kind: RpcError(RpcResponseError { code: -32002, message: "Transaction simulation failed: Error processing Instruction 1: custom program error: 0xbbf", data: SendTransactionPreflightFailure(RpcSimulateTransactionResult { err: Some(InstructionError(1, Custom(3007))), logs: Some(["Program BKck65TgoKRokMjQM3datB9oRwJ8rAj2jxPXvHXUvcL6 invoke [1]", "Program log: Instruction: CallbackComputation", "Program data: m9Xun/BMpxPmvR0qY6V1SKmR95BvPks37J0G4eFvSACVJpCVJnL9Bl+veZYj1jB6", "Program data: G0t13b/V/fnmvR0qY6V1SKmR95BvPks37J0G4eFvSACVJpCVJnL9Bl+veZYj1jB6", "Program BKck65TgoKRokMjQM3datB9oRwJ8rAj2jxPXvHXUvcL6 consumed 30973 of 400000 compute units", "Program BKck65TgoKRokMjQM3datB9oRwJ8rAj2jxPXvHXUvcL6 success", "Program CQvzhuYp299gu8rDs4RyLg1cDgnbDZiEdK51NcnSVwGm invoke [1]", "Program log: Instruction: InitializeMarketCallback", "Program log: AnchorError caused by account: market. Error Code: AccountOwnedByWrongProgram. Error Number: 3007. Error Message: The given account is owned by a different program than expected.", "Program log: Left:", "Program log: BPFLoaderUpgradeab1e11111111111111111111111", "Program log: Right:", "Program log: CQvzhuYp299gu8rDs4RyLg1cDgnbDZiEdK51NcnSVwGm", "Program CQvzhuYp299gu8rDs4RyLg1cDgnbDZiEdK51NcnSVwGm consumed 3875 of 369027 compute units", "Program CQvzhuYp299gu8rDs4RyLg1cDgnbDZiEdK51NcnSVwGm failed: custom program error: 0xbbf"]), accounts: None, units_consumed: Some(34848), return_data: None, inner_instructions: None, replacement_blockhash: None }) }) })
2025-10-21T18:05:10.761264Z ERROR arx::units::computation_transaction_unit: arx/src/units/computation_transaction_unit.rs:358: Failed to send callback computation tx for mxe CQvzhuYp299gu8rDs4RyLg1cDgnbDZiEdK51NcnSVwGm error SolanaClientError(Error { request: Some(SendTransaction), kind: RpcError(RpcResponseError { code: -32002, message: "Transaction simulation failed: Error processing Instruction 1: custom program error: 0xbbf", data: SendTransactionPreflightFailure(RpcSimulateTransactionResult { err: Some(InstructionError(1, Custom(3007))), logs: Some(["Program BKck65TgoKRokMjQM3datB9oRwJ8rAj2jxPXvHXUvcL6 invoke [1]", "Program log: Instruction: CallbackComputation", "Program data: m9Xun/BMpxPmvR0qY6V1SKmR95BvPks37J0G4eFvSACVJpCVJnL9Bl+veZYj1jB6", "Program data: G0t13b/V/fnmvR0qY6V1SKmR95BvPks37J0G4eFvSACVJpCVJnL9Bl+veZYj1jB6", "Program BKck65TgoKRokMjQM3datB9oRwJ8rAj2jxPXvHXUvcL6 consumed 31018 of 400000 compute units", "Program BKck65TgoKRokMjQM3datB9oRwJ8rAj2jxPXvHXUvcL6 success", "Program CQvzhuYp299gu8rDs4RyLg1cDgnbDZiEdK51NcnSVwGm invoke [1]", "Program log: Instruction: InitializeMarketCallback", "Program log: AnchorError caused by account: market. Error Code: AccountOwnedByWrongProgram. Error Number: 3007. Error Message: The given account is owned by a different program than expected.", "Program log: Left:", "Program log: BPFLoaderUpgradeab1e11111111111111111111111", "Program log: Right:", "Program log: CQvzhuYp299gu8rDs4RyLg1cDgnbDZiEdK51NcnSVwGm", "Program CQvzhuYp299gu8rDs4RyLg1cDgnbDZiEdK51NcnSVwGm consumed 3875 of 368982 compute units", "Program CQvzhuYp299gu8rDs4RyLg1cDgnbDZiEdK51NcnSVwGm failed: custom program error: 0xbbf"]), accounts: None, units_consumed: Some(34893), return_data: None, inner_instructions: None, replacement_blockhash: None }) }) })
2025-10-21T18:05:10.761620Z  WARN arx::units::computation_transaction_unit: arx/src/units/computation_transaction_unit.rs:170: Attempt 4/5: RPC error while calling self.callback(mxe.clone(), computation.clone(), outputs): RPC error: Failed to send callback computation tx for mxe CQvzhuYp299gu8rDs4RyLg1cDgnbDZiEdK51NcnSVwGm error SolanaClientError(Error { request: Some(SendTransaction), kind: RpcError(RpcResponseError { code: -32002, message: "Transaction simulation failed: Error processing Instruction 1: custom program error: 0xbbf", data: SendTransactionPreflightFailure(RpcSimulateTransactionResult { err: Some(InstructionError(1, Custom(3007))), logs: Some(["Program BKck65TgoKRokMjQM3datB9oRwJ8rAj2jxPXvHXUvcL6 invoke [1]", "Program log: Instruction: CallbackComputation", "Program data: m9Xun/BMpxPmvR0qY6V1SKmR95BvPks37J0G4eFvSACVJpCVJnL9Bl+veZYj1jB6", "Program data: G0t13b/V/fnmvR0qY6V1SKmR95BvPks37J0G4eFvSACVJpCVJnL9Bl+veZYj1jB6", "Program BKck65TgoKRokMjQM3datB9oRwJ8rAj2jxPXvHXUvcL6 consumed 31018 of 400000 compute units", "Program BKck65TgoKRokMjQM3datB9oRwJ8rAj2jxPXvHXUvcL6 success", "Program CQvzhuYp299gu8rDs4RyLg1cDgnbDZiEdK51NcnSVwGm invoke [1]", "Program log: Instruction: InitializeMarketCallback", "Program log: AnchorError caused by account: market. Error Code: AccountOwnedByWrongProgram. Error Number: 3007. Error Message: The given account is owned by a different program than expected.", "Program log: Left:", "Program log: BPFLoaderUpgradeab1e11111111111111111111111", "Program log: Right:", "Program log: CQvzhuYp299gu8rDs4RyLg1cDgnbDZiEdK51NcnSVwGm", "Program CQvzhuYp299gu8rDs4RyLg1cDgnbDZiEdK51NcnSVwGm consumed 3875 of 368982 compute units", "Program CQvzhuYp299gu8rDs4RyLg1cDgnbDZiEdK51NcnSVwGm failed: custom program error: 0xbbf"]), accounts: None, units_consumed: Some(34893), return_data: None, inner_instructions: None, replacement_blockhash: None }) }) })
2025-10-21T18:05:18.773484Z ERROR arx::units::computation_transaction_unit: arx/src/units/computation_transaction_unit.rs:358: Failed to send callback computation tx for mxe CQvzhuYp299gu8rDs4RyLg1cDgnbDZiEdK51NcnSVwGm error SolanaClientError(Error { request: Some(SendTransaction), kind: RpcError(RpcResponseError { code: -32002, message: "Transaction simulation failed: Error processing Instruction 1: custom program error: 0xbbf", data: SendTransactionPreflightFailure(RpcSimulateTransactionResult { err: Some(InstructionError(1, Custom(3007))), logs: Some(["Program BKck65TgoKRokMjQM3datB9oRwJ8rAj2jxPXvHXUvcL6 invoke [1]", "Program log: Instruction: CallbackComputation", "Program data: m9Xun/BMpxPmvR0qY6V1SKmR95BvPks37J0G4eFvSACVJpCVJnL9Bl+veZYj1jB6", "Program data: G0t13b/V/fnmvR0qY6V1SKmR95BvPks37J0G4eFvSACVJpCVJnL9Bl+veZYj1jB6", "Program BKck65TgoKRokMjQM3datB9oRwJ8rAj2jxPXvHXUvcL6 consumed 31103 of 400000 compute units", "Program BKck65TgoKRokMjQM3datB9oRwJ8rAj2jxPXvHXUvcL6 success", "Program CQvzhuYp299gu8rDs4RyLg1cDgnbDZiEdK51NcnSVwGm invoke [1]", "Program log: Instruction: InitializeMarketCallback", "Program log: AnchorError caused by account: market. Error Code: AccountOwnedByWrongProgram. Error Number: 3007. Error Message: The given account is owned by a different program than expected.", "Program log: Left:", "Program log: BPFLoaderUpgradeab1e11111111111111111111111", "Program log: Right:", "Program log: CQvzhuYp299gu8rDs4RyLg1cDgnbDZiEdK51NcnSVwGm", "Program CQvzhuYp299gu8rDs4RyLg1cDgnbDZiEdK51NcnSVwGm consumed 3875 of 368897 compute units", "Program CQvzhuYp299gu8rDs4RyLg1cDgnbDZiEdK51NcnSVwGm failed: custom program error: 0xbbf"]), accounts: None, units_consumed: Some(34978), return_data: None, inner_instructions: None, replacement_blockhash: None }) }) })
2025-10-21T18:05:18.774074Z  WARN arx::units::computation_transaction_unit: arx/src/units/computation_transaction_unit.rs:170: Attempt 5/5: RPC error while calling self.callback(mxe.clone(), computation.clone(), outputs): RPC error: Failed to send callback computation tx for mxe CQvzhuYp299gu8rDs4RyLg1cDgnbDZiEdK51NcnSVwGm error SolanaClientError(Error { request: Some(SendTransaction), kind: RpcError(RpcResponseError { code: -32002, message: "Transaction simulation failed: Error processing Instruction 1: custom program error: 0xbbf", data: SendTransactionPreflightFailure(RpcSimulateTransactionResult { err: Some(InstructionError(1, Custom(3007))), logs: Some(["Program BKck65TgoKRokMjQM3datB9oRwJ8rAj2jxPXvHXUvcL6 invoke [1]", "Program log: Instruction: CallbackComputation", "Program data: m9Xun/BMpxPmvR0qY6V1SKmR95BvPks37J0G4eFvSACVJpCVJnL9Bl+veZYj1jB6", "Program data: G0t13b/V/fnmvR0qY6V1SKmR95BvPks37J0G4eFvSACVJpCVJnL9Bl+veZYj1jB6", "Program BKck65TgoKRokMjQM3datB9oRwJ8rAj2jxPXvHXUvcL6 consumed 31103 of 400000 compute units", "Program BKck65TgoKRokMjQM3datB9oRwJ8rAj2jxPXvHXUvcL6 success", "Program CQvzhuYp299gu8rDs4RyLg1cDgnbDZiEdK51NcnSVwGm invoke [1]", "Program log: Instruction: InitializeMarketCallback", "Program log: AnchorError caused by account: market. Error Code: AccountOwnedByWrongProgram. Error Number: 3007. Error Message: The given account is owned by a different program than expected.", "Program log: Left:", "Program log: BPFLoaderUpgradeab1e11111111111111111111111", "Program log: Right:", "Program log: CQvzhuYp299gu8rDs4RyLg1cDgnbDZiEdK51NcnSVwGm", "Program CQvzhuYp299gu8rDs4RyLg1cDgnbDZiEdK51NcnSVwGm consumed 3875 of 368897 compute units", "Program CQvzhuYp299gu8rDs4RyLg1cDgnbDZiEdK51NcnSVwGm failed: custom program error: 0xbbf"]), accounts: None, units_consumed: Some(34978), return_data: None, inner_instructions: None, replacement_blockhash: None }) }) })
2025-10-21T18:05:18.774769Z  WARN arx::units::computation_transaction_unit: arx/src/units/computation_transaction_unit.rs:119: Failed to process message RPC error: Attempt 5/5: RPC error: Failed to send callback computation tx for mxe CQvzhuYp299gu8rDs4RyLg1cDgnbDZiEdK51NcnSVwGm error SolanaClientError(Error { request: Some(SendTransaction), kind: RpcError(RpcResponseError { code: -32002, message: "Transaction simulation failed: Error processing Instruction 1: custom program error: 0xbbf", data: SendTransactionPreflightFailure(RpcSimulateTransactionResult { err: Some(InstructionError(1, Custom(3007))), logs: Some(["Program BKck65TgoKRokMjQM3datB9oRwJ8rAj2jxPXvHXUvcL6 invoke [1]", "Program log: Instruction: CallbackComputation", "Program data: m9Xun/BMpxPmvR0qY6V1SKmR95BvPks37J0G4eFvSACVJpCVJnL9Bl+veZYj1jB6", "Program data: G0t13b/V/fnmvR0qY6V1SKmR95BvPks37J0G4eFvSACVJpCVJnL9Bl+veZYj1jB6", "Program BKck65TgoKRokMjQM3datB9oRwJ8rAj2jxPXvHXUvcL6 consumed 31103 of 400000 compute units", "Program BKck65TgoKRokMjQM3datB9oRwJ8rAj2jxPXvHXUvcL6 success", "Program CQvzhuYp299gu8rDs4RyLg1cDgnbDZiEdK51NcnSVwGm invoke [1]", "Program log: Instruction: InitializeMarketCallback", "Program log: AnchorError caused by account: market. Error Code: AccountOwnedByWrongProgram. Error Number: 3007. Error Message: The given account is owned by a different program than expected.", "Program log: Left:", "Program log: BPFLoaderUpgradeab1e11111111111111111111111", "Program log: Right:", "Program log: CQvzhuYp299gu8rDs4RyLg1cDgnbDZiEdK51NcnSVwGm", "Program CQvzhuYp299gu8rDs4RyLg1cDgnbDZiEdK51NcnSVwGm consumed 3875 of 368897 compute units", "Program CQvzhuYp299gu8rDs4RyLg1cDgnbDZiEdK51NcnSVwGm failed: custom program error: 0xbbf"]), accounts: None, units_consumed: Some(34978), return_data: None, inner_instructions: None, replacement_blockhash: None }) }) })
2025-10-21T18:05:18.774904Z ERROR arx::units::computation_transaction_unit: arx/src/units/computation_transaction_unit.rs:121: Failing to process callback can lead to stale MXE
2025-10-21T18:06:21.760924Z  WARN arx::program: arx/src/program.rs:322: Pub/sub connection closed or error occurred, reconnecting...
2025-10-21T18:06:21.761167Z  WARN arx::program: arx/src/program.rs:322: Pub/sub connection closed or error occurred, reconnecting...
2025-10-21T18:06:21.761193Z  WARN arx::program: arx/src/program.rs:322: Pub/sub connection closed or error occurred, reconnecting...
2025-10-21T18:06:21.761210Z  WARN arx::program: arx/src/program.rs:322: Pub/sub connection closed or error occurred, reconnecting...
2025-10-21T18:06:21.766767Z  INFO arx::program: arx/src/program.rs:327: Reconnecting pub/sub client
2025-10-21T18:06:21.766903Z  INFO arx::program: arx/src/program.rs:327: Reconnecting pub/sub client
2025-10-21T18:06:21.766815Z  INFO arx::program: arx/src/program.rs:327: Reconnecting pub/sub client
2025-10-21T18:06:21.766886Z  INFO arx::program: arx/src/program.rs:327: Reconnecting pub/sub client
2025-10-21T18:06:21.768498Z  WARN arx::program: arx/src/program.rs:375: Attempt 1/5: Failed to create new pub/sub: unable to connect to server
2025-10-21T18:06:21.768907Z  WARN arx::program: arx/src/program.rs:375: Attempt 1/5: Failed to create new pub/sub: unable to connect to server
2025-10-21T18:06:21.769041Z  WARN arx::program: arx/src/program.rs:375: Attempt 1/5: Failed to create new pub/sub: unable to connect to server
2025-10-21T18:06:21.769352Z  WARN arx::program: arx/src/program.rs:375: Attempt 1/5: Failed to create new pub/sub: unable to connect to server
2025-10-21T18:06:22.776734Z  WARN arx::program: arx/src/program.rs:375: Attempt 2/5: Failed to create new pub/sub: unable to connect to server
2025-10-21T18:06:22.777260Z  WARN arx::program: arx/src/program.rs:375: Attempt 2/5: Failed to create new pub/sub: unable to connect to server
2025-10-21T18:06:22.777692Z  WARN arx::program: arx/src/program.rs:375: Attempt 2/5: Failed to create new pub/sub: unable to connect to server
2025-10-21T18:06:22.778062Z  WARN arx::program: arx/src/program.rs:375: Attempt 2/5: Failed to create new pub/sub: unable to connect to server
