2025-10-21T20:41:52.237324Z DEBUG arx: arx/src/main.rs:53: Checking Solana is up and running
2025-10-21T20:41:52.321618Z  INFO arx: arx/src/main.rs:58: Running ARX
2025-10-21T20:41:52.321922Z DEBUG arx: arx/src/main.rs:60: Reading node keypair, callback authority keypair, and identity files from env
2025-10-21T20:41:52.322028Z DEBUG arx: arx/src/main.rs:68: Reading node keypair, callback authority keypair, and identity files
2025-10-21T20:41:52.328442Z DEBUG arx: arx/src/main.rs:78: Installing AWS LC crypto provider
2025-10-21T20:41:52.328566Z  INFO arx: arx/src/main.rs:83: Creating ARX coordinator
2025-10-21T20:41:52.435398Z DEBUG arx::units::online_phase_unit: arx/src/units/online_phase_unit.rs:121: Loaded MXE private shares for 4ydkSgq1T8XPhNih52CWiQUAcuVoUWkP4xxwHd8Ti1iv
2025-10-21T20:41:52.435808Z DEBUG arx::units::online_phase_unit: arx/src/units/online_phase_unit.rs:121: Loaded MXE private shares for CQvzhuYp299gu8rDs4RyLg1cDgnbDZiEdK51NcnSVwGm
2025-10-21T20:41:52.437303Z  INFO arx::units::cache_unit: arx/src/units/cache_unit.rs:88: Cache unit started
2025-10-21T20:41:52.438007Z  INFO arx::units::circuit_unit: arx/src/units/circuit_unit.rs:107: Circuit unit started
2025-10-21T20:41:52.439872Z  INFO arx::units::cluster_unit: arx/src/units/cluster_unit.rs:66: Cluster unit started
2025-10-21T20:41:52.440529Z DEBUG arx::units::cluster_unit: arx/src/units/cluster_unit.rs:68: Running pub/sub for arx node account
2025-10-21T20:41:52.441400Z  INFO arx::units::computation_transaction_unit: arx/src/units/computation_transaction_unit.rs:89: Computation transaction unit started
2025-10-21T20:41:52.443445Z  INFO arx::units::execpool_unit: arx/src/units/execpool_unit.rs:80: Execpool unit started
2025-10-21T20:41:52.443505Z DEBUG arx::units::execpool_unit: arx/src/units/execpool_unit.rs:82: Running pub/sub for mempools accounts
2025-10-21T20:41:52.444315Z DEBUG arx::units::cluster_unit: arx/src/units/cluster_unit.rs:78: Subscribing to arx node account
2025-10-21T20:41:52.444564Z  INFO arx::units::computation_unit: arx/src/units/computation_unit.rs:74: Inputs unit started
2025-10-21T20:41:52.445290Z  INFO arx::units::mempool_unit: arx/src/units/mempool_unit.rs:77: Mempool unit started
2025-10-21T20:41:52.445335Z DEBUG arx::units::mempool_unit: arx/src/units/mempool_unit.rs:79: Running pub/sub for mempools accounts
2025-10-21T20:41:52.447543Z  INFO arx::units::mxe_unit: arx/src/units/mxe_unit.rs:75: MXE unit started
2025-10-21T20:41:52.447994Z  INFO arx::units::node_transaction_unit: arx/src/units/node_transaction_unit.rs:65: Node transaction unit started
2025-10-21T20:41:52.448050Z  INFO arx::units::node_transaction_unit: arx/src/units/node_transaction_unit.rs:67: Activating node
2025-10-21T20:41:52.448167Z DEBUG arx::units::mxe_unit: arx/src/units/mxe_unit.rs:77: Running pub/sub for clusters accounts
2025-10-21T20:41:52.448974Z  INFO arx::units::online_phase_unit: arx/src/units/online_phase_unit.rs:152: Online phase unit started
2025-10-21T20:41:52.450260Z  INFO arx::units::peers_unit: arx/src/units/peers_unit.rs:76: Peers unit started
2025-10-21T20:41:52.450476Z  INFO arx: arx/src/main.rs:93: Coordinator created successfully
2025-10-21T20:41:52.450964Z  INFO arx::units::state_unit: arx/src/units/state_unit.rs:109: State unit started
2025-10-21T20:41:52.451667Z  INFO arx: arx/src/main.rs:102: Starting ARX coordinator
2025-10-21T20:41:52.452655Z  INFO arx::program: arx/src/program.rs:242: Pub/sub client started
2025-10-21T20:41:52.453137Z  INFO arx::program: arx/src/program.rs:244: Connecting initial pub/sub
2025-10-21T20:41:52.454535Z  INFO arx: arx/src/main.rs:105: Waiting for Ctrl+C
2025-10-21T20:41:52.455114Z  INFO arx::program: arx/src/program.rs:242: Pub/sub client started
2025-10-21T20:41:52.455158Z  INFO arx::program: arx/src/program.rs:244: Connecting initial pub/sub
2025-10-21T20:41:52.455500Z  INFO arx::coordinator: arx/src/coordinator.rs:198: Coordinator started
2025-10-21T20:41:52.456197Z  INFO arx::program: arx/src/program.rs:242: Pub/sub client started
2025-10-21T20:41:52.456250Z  INFO arx::program: arx/src/program.rs:244: Connecting initial pub/sub
2025-10-21T20:41:52.458378Z  INFO arx::program: arx/src/program.rs:242: Pub/sub client started
2025-10-21T20:41:52.458419Z  INFO arx::program: arx/src/program.rs:244: Connecting initial pub/sub
2025-10-21T20:41:52.498214Z  INFO arx::program: arx/src/program.rs:267: Fetching initial state for account: ELoRR19zrps1G3UYKcAxr7LKbw3kbqkVUXVY9dETMWN7
2025-10-21T20:41:52.502389Z  INFO arx::program: arx/src/program.rs:279: Subscribing to account: ELoRR19zrps1G3UYKcAxr7LKbw3kbqkVUXVY9dETMWN7
2025-10-21T20:41:52.505878Z DEBUG arx::units::cluster_unit: arx/src/units/cluster_unit.rs:101: Processing arx node update
2025-10-21T20:41:52.874451Z DEBUG arx::program: arx/src/program.rs:312: Received update for account: ELoRR19zrps1G3UYKcAxr7LKbw3kbqkVUXVY9dETMWN7
2025-10-21T20:41:52.875159Z DEBUG arx::units::cluster_unit: arx/src/units/cluster_unit.rs:101: Processing arx node update
2025-10-21T20:41:53.022738Z  INFO arx::units::node_transaction_unit: arx/src/units/node_transaction_unit.rs:70: Node activated
2025-10-21T20:41:53.023589Z DEBUG arx::coordinator: arx/src/coordinator.rs:204: Coordinator received activation unit message: activated
2025-10-21T20:41:53.027045Z DEBUG arx::coordinator: arx/src/coordinator.rs:251: Coordinator received cluster unit message: cluster: 0, status: Joined
2025-10-21T20:41:53.027930Z DEBUG arx::units::mxe_unit: arx/src/units/mxe_unit.rs:112: Subscribing to cluster: GgSqqAyH7AVY3Umcv8NvncrjFaNJuQLmxzxFxPoPW2Yd
2025-10-21T20:41:53.028274Z  INFO arx::program: arx/src/program.rs:267: Fetching initial state for account: GgSqqAyH7AVY3Umcv8NvncrjFaNJuQLmxzxFxPoPW2Yd
2025-10-21T20:41:53.031336Z  INFO arx::program: arx/src/program.rs:279: Subscribing to account: GgSqqAyH7AVY3Umcv8NvncrjFaNJuQLmxzxFxPoPW2Yd
2025-10-21T20:41:53.031822Z DEBUG arx::units::mxe_unit: arx/src/units/mxe_unit.rs:129: Processing cluster update for account: GgSqqAyH7AVY3Umcv8NvncrjFaNJuQLmxzxFxPoPW2Yd
2025-10-21T20:41:53.033248Z DEBUG arx::coordinator: arx/src/coordinator.rs:349: Coordinator received mxe unit message: cluster: GgSqqAyH7AVY3Umcv8NvncrjFaNJuQLmxzxFxPoPW2Yd, mxe: 4ydkSgq1T8XPhNih52CWiQUAcuVoUWkP4xxwHd8Ti1iv, status: Joined
2025-10-21T20:41:53.033848Z DEBUG arx::units::execpool_unit: arx/src/units/execpool_unit.rs:120: Subscribing to execpool account: E5VnBi5DamtU26BiJwnTjniWzDgW9ShfzAbvFKqFDAPj
2025-10-21T20:41:53.034078Z DEBUG arx::units::mempool_unit: arx/src/units/mempool_unit.rs:113: Subscribing to mempool account: 6zZBJuBWkxUfhhnhH1pH5dgzjWqgcVe6Cz5vM4evHHfM
2025-10-21T20:41:53.034610Z  INFO arx::program: arx/src/program.rs:267: Fetching initial state for account: E5VnBi5DamtU26BiJwnTjniWzDgW9ShfzAbvFKqFDAPj
2025-10-21T20:41:53.034728Z  INFO arx::program: arx/src/program.rs:267: Fetching initial state for account: 6zZBJuBWkxUfhhnhH1pH5dgzjWqgcVe6Cz5vM4evHHfM
2025-10-21T20:41:53.037701Z  INFO arx::program: arx/src/program.rs:279: Subscribing to account: E5VnBi5DamtU26BiJwnTjniWzDgW9ShfzAbvFKqFDAPj
2025-10-21T20:41:53.038773Z  INFO arx::program: arx/src/program.rs:279: Subscribing to account: 6zZBJuBWkxUfhhnhH1pH5dgzjWqgcVe6Cz5vM4evHHfM
2025-10-21T20:41:53.039019Z DEBUG arx::coordinator: arx/src/coordinator.rs:288: Coordinator received execpool unit message: computations ids: [1]
2025-10-21T20:41:53.039607Z DEBUG arx::units::mempool_unit: arx/src/units/mempool_unit.rs:136: Processing new mempool update for account: 6zZBJuBWkxUfhhnhH1pH5dgzjWqgcVe6Cz5vM4evHHfM
2025-10-21T20:41:53.040214Z DEBUG arx::units::mempool_unit: arx/src/units/mempool_unit.rs:175: Mempool account 6zZBJuBWkxUfhhnhH1pH5dgzjWqgcVe6Cz5vM4evHHfM contains the same computations, skipping update
2025-10-21T20:41:53.040604Z DEBUG arx::units::state_unit: arx/src/units/state_unit.rs:231: Processing execpool update
2025-10-21T20:41:53.040616Z DEBUG arx::units::cache_unit: arx/src/units/cache_unit.rs:144: Processing queued computation: ArxComputationReference (1,1) (cluster: GgSqqAyH7AVY3Umcv8NvncrjFaNJuQLmxzxFxPoPW2Yd, mxe: 4ydkSgq1T8XPhNih52CWiQUAcuVoUWkP4xxwHd8Ti1iv)
2025-10-21T20:41:53.041455Z DEBUG arx::units::state_unit: arx/src/units/state_unit.rs:281: Prefetching and executing computation: ArxComputationReference (1,1) (cluster: GgSqqAyH7AVY3Umcv8NvncrjFaNJuQLmxzxFxPoPW2Yd, mxe: 4ydkSgq1T8XPhNih52CWiQUAcuVoUWkP4xxwHd8Ti1iv) with status (index: 0, executed: false)
2025-10-21T20:41:53.041665Z DEBUG arx::coordinator: arx/src/coordinator.rs:384: Coordinator received state unit message: prefetch computation: ArxComputationReference (1,1) (cluster: GgSqqAyH7AVY3Umcv8NvncrjFaNJuQLmxzxFxPoPW2Yd, mxe: 4ydkSgq1T8XPhNih52CWiQUAcuVoUWkP4xxwHd8Ti1iv)
2025-10-21T20:41:53.041960Z DEBUG arx::coordinator: arx/src/coordinator.rs:405: Coordinator received state unit message: execute computation: ArxComputationReference (1,1) (cluster: GgSqqAyH7AVY3Umcv8NvncrjFaNJuQLmxzxFxPoPW2Yd, mxe: 4ydkSgq1T8XPhNih52CWiQUAcuVoUWkP4xxwHd8Ti1iv)
2025-10-21T20:41:53.042433Z DEBUG arx::units::peers_unit: arx/src/units/peers_unit.rs:111: Processing cluster: GgSqqAyH7AVY3Umcv8NvncrjFaNJuQLmxzxFxPoPW2Yd
2025-10-21T20:41:53.042445Z DEBUG arx::units::circuit_unit: arx/src/units/circuit_unit.rs:148: Processing computation definition: 3vPNRZQKoXb9xv89fNcgQT7T36Y23ZsZEhFhnGXnC1TK
2025-10-21T20:41:53.047346Z DEBUG arx::coordinator: arx/src/coordinator.rs:309: Coordinator prefetched computation ArxComputationReference (1,1) (cluster: GgSqqAyH7AVY3Umcv8NvncrjFaNJuQLmxzxFxPoPW2Yd, mxe: 4ydkSgq1T8XPhNih52CWiQUAcuVoUWkP4xxwHd8Ti1iv)
2025-10-21T20:41:53.047776Z DEBUG arx::coordinator: arx/src/coordinator.rs:312: Coordinator fetched computation ArxComputation 216761856220171781129864534047532659560 (cluster: GgSqqAyH7AVY3Umcv8NvncrjFaNJuQLmxzxFxPoPW2Yd, mxe: 4ydkSgq1T8XPhNih52CWiQUAcuVoUWkP4xxwHd8Ti1iv) inputs
2025-10-21T20:41:53.048894Z DEBUG arx::units::cache_unit: arx/src/units/cache_unit.rs:246: Processing fetched inputs: Cerberus Inputs
2025-10-21T20:41:53.052912Z DEBUG arx::units::circuit_unit: arx/src/units/circuit_unit.rs:198: Deserializing circuit data
2025-10-21T20:41:53.054767Z DEBUG arx::coordinator: arx/src/coordinator.rs:373: Coordinator received peers unit message
2025-10-21T20:41:53.054908Z DEBUG arx::units::cache_unit: arx/src/units/cache_unit.rs:209: Processing fetched peers: PeersInfo { cluster: GgSqqAyH7AVY3Umcv8NvncrjFaNJuQLmxzxFxPoPW2Yd, peer_number: 0 }
2025-10-21T20:41:53.057436Z DEBUG arx::units::circuit_unit: arx/src/units/circuit_unit.rs:215: Inserting circuit info into cache
2025-10-21T20:41:53.058520Z DEBUG arx::coordinator: arx/src/coordinator.rs:241: Coordinator received circuit unit message
2025-10-21T20:41:53.058662Z DEBUG arx::units::cache_unit: arx/src/units/cache_unit.rs:170: Processing fetched circuit: CircuitInfo 3vPNRZQKoXb9xv89fNcgQT7T36Y23ZsZEhFhnGXnC1TK
2025-10-21T20:41:53.058928Z DEBUG arx::coordinator: arx/src/coordinator.rs:221: Coordinator received cache unit message
2025-10-21T20:41:53.058958Z DEBUG arx::coordinator: arx/src/coordinator.rs:221: Coordinator received cache unit message
2025-10-21T20:41:53.059132Z DEBUG arx::units::state_unit: arx/src/units/state_unit.rs:296: Processing prefetched computation
2025-10-21T20:41:53.059661Z  WARN arx::units::online_phase_unit: arx/src/units/online_phase_unit.rs:195: Overwriting existing private shares for MXE keygen computation
2025-10-21T20:41:53.061060Z  INFO arx::units::online_phase_unit: arx/src/units/online_phase_unit.rs:326: Processing Cerberus computation with id 216761856220171781129864534047532659560
2025-10-21T20:41:53.061135Z DEBUG arx::units::online_phase_unit: arx/src/units/online_phase_unit.rs:328: Connecting to peers (216761856220171781129864534047532659560)
2025-10-21T20:41:53.061723Z DEBUG network::router::network_router: /home/runner/.cargo/git/checkouts/async-mpc-1dbbf554a14e7a32/b307074/network/src/router/network_router.rs:79: Handling connection request to peer cf7093    
2025-10-21T20:41:53.061988Z DEBUG network::router::state::connection_handlers: /home/runner/.cargo/git/checkouts/async-mpc-1dbbf554a14e7a32/b307074/network/src/router/state/connection_handlers.rs:44: Handling internal connection request: ConnectionRequest { expected_peer_id: cf7093, peer_addr: 172.20.0.101:8001, response_sender: Sender { inner: Some(Inner { state: State { is_complete: false, is_closed: false, is_rx_task_set: true, is_tx_task_set: false } }) } }    
2025-10-21T20:41:53.062307Z DEBUG network::router::state::connection_handlers: /home/runner/.cargo/git/checkouts/async-mpc-1dbbf554a14e7a32/b307074/network/src/router/state/connection_handlers.rs:65: Connection not established yet: 172.20.0.101:8001    
2025-10-21T20:41:53.062339Z DEBUG network::router::state::connection_handlers: /home/runner/.cargo/git/checkouts/async-mpc-1dbbf554a14e7a32/b307074/network/src/router/state/connection_handlers.rs:100: Connecting to peer: 172.20.0.101:8001    
2025-10-21T20:41:53.062725Z DEBUG network::router::network_router: /home/runner/.cargo/git/checkouts/async-mpc-1dbbf554a14e7a32/b307074/network/src/router/network_router.rs:85: Connection request to peer cf7093 handled    
2025-10-21T20:41:53.078104Z DEBUG network::router::state::connection_handlers: /home/runner/.cargo/git/checkouts/async-mpc-1dbbf554a14e7a32/b307074/network/src/router/state/connection_handlers.rs:227: Handling incoming connection request from peer: 172.20.0.101:8001    
2025-10-21T20:41:53.093825Z DEBUG network::router::state::connection_handlers: /home/runner/.cargo/git/checkouts/async-mpc-1dbbf554a14e7a32/b307074/network/src/router/state/connection_handlers.rs:128: Connecting and checking ID of peer: 172.20.0.101:8001    
2025-10-21T20:41:53.123990Z DEBUG network::router::state::connection_handlers: /home/runner/.cargo/git/checkouts/async-mpc-1dbbf554a14e7a32/b307074/network/src/router/state/connection_handlers.rs:280: Checking connection liveness to peer: 172.20.0.101:8001    
2025-10-21T20:41:53.125815Z DEBUG network::router::state::connection_handlers: /home/runner/.cargo/git/checkouts/async-mpc-1dbbf554a14e7a32/b307074/network/src/router/state/connection_handlers.rs:168: Outcome of connection to peer 172.20.0.101:8001 sent.    
2025-10-21T20:41:53.126498Z DEBUG network::router::state::connection_handlers: /home/runner/.cargo/git/checkouts/async-mpc-1dbbf554a14e7a32/b307074/network/src/router/state/connection_handlers.rs:188: Handling established connection to peer: 172.20.0.101:8001    
2025-10-21T20:41:53.126905Z  INFO network::router::state::substream_handlers: /home/runner/.cargo/git/checkouts/async-mpc-1dbbf554a14e7a32/b307074/network/src/router/state/substream_handlers.rs:217: Listening to substream requests from address 172.20.0.101:8001.    
2025-10-21T20:41:53.127379Z DEBUG arx::units::online_phase_unit: arx/src/units/online_phase_unit.rs:343: Connected to peers (216761856220171781129864534047532659560)
2025-10-21T20:41:53.129015Z DEBUG network::router::network_router: /home/runner/.cargo/git/checkouts/async-mpc-1dbbf554a14e7a32/b307074/network/src/router/network_router.rs:105: Opening substream for protocol (216761856220171781129864534047532659560, 0) with peer cf7093    
2025-10-21T20:41:53.131579Z  INFO network::router::state::substream_handlers: /home/runner/.cargo/git/checkouts/async-mpc-1dbbf554a14e7a32/b307074/network/src/router/state/substream_handlers.rs:235: Registered incoming stream from address 172.20.0.101:8001.    
2025-10-21T20:41:53.132015Z  INFO network::router::state::substream_handlers: /home/runner/.cargo/git/checkouts/async-mpc-1dbbf554a14e7a32/b307074/network/src/router/state/substream_handlers.rs:50: New substream successfully established.    
2025-10-21T20:41:53.132253Z  INFO network::router::network_router: /home/runner/.cargo/git/checkouts/async-mpc-1dbbf554a14e7a32/b307074/network/src/router/network_router.rs:273: Opened substreams for protocol 216761856220171781129864534047532659560    
2025-10-21T20:41:53.394552Z  INFO network::labeled_interface::handlers: /home/runner/.cargo/git/checkouts/async-mpc-1dbbf554a14e7a32/b307074/network/src/labeled_interface/handlers.rs:86: Interface 0461a5 dropped.    
2025-10-21T20:41:53.394605Z DEBUG arx::units::online_phase_unit: arx/src/units/online_phase_unit.rs:255: Output of computation is: ArxComputationOutput { computation: ArxComputation 216761856220171781129864534047532659560 (cluster: GgSqqAyH7AVY3Umcv8NvncrjFaNJuQLmxzxFxPoPW2Yd, mxe: 4ydkSgq1T8XPhNih52CWiQUAcuVoUWkP4xxwHd8Ti1iv), outputs: Success([[195, 61, 79, 183, 27, 134, 47, 144, 190, 184, 167, 65, 30, 109, 4, 135, 153, 170, 220, 207, 194, 173, 203, 111, 44, 249, 79, 57, 74, 218, 31, 11]]) } (216761856220171781129864534047532659560)
2025-10-21T20:41:53.394750Z  INFO network::labeled_interface::handlers: /home/runner/.cargo/git/checkouts/async-mpc-1dbbf554a14e7a32/b307074/network/src/labeled_interface/handlers.rs:53: Router closed interface 0461a5.    
2025-10-21T20:41:53.395218Z  INFO network::labeled_interface::interface: /home/runner/.cargo/git/checkouts/async-mpc-1dbbf554a14e7a32/b307074/network/src/labeled_interface/interface.rs:415: Interface 0461a5 dropped.    
2025-10-21T20:41:53.395778Z DEBUG arx::coordinator: arx/src/coordinator.rs:364: Coordinator received online unit output: ArxComputationOutput { computation: ArxComputation 216761856220171781129864534047532659560 (cluster: GgSqqAyH7AVY3Umcv8NvncrjFaNJuQLmxzxFxPoPW2Yd, mxe: 4ydkSgq1T8XPhNih52CWiQUAcuVoUWkP4xxwHd8Ti1iv), outputs: Success([[195, 61, 79, 183, 27, 134, 47, 144, 190, 184, 167, 65, 30, 109, 4, 135, 153, 170, 220, 207, 194, 173, 203, 111, 44, 249, 79, 57, 74, 218, 31, 11]]) }
2025-10-21T20:41:53.396181Z  INFO network::router::state::substream_handlers: /home/runner/.cargo/git/checkouts/async-mpc-1dbbf554a14e7a32/b307074/network/src/router/state/substream_handlers.rs:197: Removed protocol ID (216761856220171781129864534047532659560, 0) for peer cf7093.    
2025-10-21T20:41:53.396469Z DEBUG arx::units::computation_transaction_unit: arx/src/units/computation_transaction_unit.rs:162: Processing callback for computation ArxComputation 216761856220171781129864534047532659560 (cluster: GgSqqAyH7AVY3Umcv8NvncrjFaNJuQLmxzxFxPoPW2Yd, mxe: 4ydkSgq1T8XPhNih52CWiQUAcuVoUWkP4xxwHd8Ti1iv)
2025-10-21T20:41:53.779037Z DEBUG arx::program: arx/src/program.rs:312: Received update for account: GgSqqAyH7AVY3Umcv8NvncrjFaNJuQLmxzxFxPoPW2Yd
2025-10-21T20:41:53.779286Z DEBUG arx::units::mxe_unit: arx/src/units/mxe_unit.rs:129: Processing cluster update for account: GgSqqAyH7AVY3Umcv8NvncrjFaNJuQLmxzxFxPoPW2Yd
2025-10-21T20:41:53.903203Z DEBUG arx::units::computation_transaction_unit: arx/src/units/computation_transaction_unit.rs:219: Sent set_mxe_keys tx for mxe 4ydkSgq1T8XPhNih52CWiQUAcuVoUWkP4xxwHd8Ti1iv with sig 3BKxfqKLnzkf12KrCEo8orTingq3Z4L6UyMnLmrN411o1SongisXGQeonY7WzZN6JTRiJVGhh9TkYaUMLCQ2rm7Y
2025-10-21T20:41:54.024732Z  WARN arx::program: arx/src/program.rs:322: Pub/sub connection closed or error occurred, reconnecting...
2025-10-21T20:41:54.025159Z  WARN arx::program: arx/src/program.rs:322: Pub/sub connection closed or error occurred, reconnecting...
2025-10-21T20:41:54.025289Z  WARN arx::program: arx/src/program.rs:322: Pub/sub connection closed or error occurred, reconnecting...
2025-10-21T20:41:54.025328Z  WARN arx::program: arx/src/program.rs:322: Pub/sub connection closed or error occurred, reconnecting...
2025-10-21T20:41:54.030669Z  INFO arx::program: arx/src/program.rs:327: Reconnecting pub/sub client
2025-10-21T20:41:54.030729Z  INFO arx::program: arx/src/program.rs:327: Reconnecting pub/sub client
2025-10-21T20:41:54.030746Z  INFO arx::program: arx/src/program.rs:327: Reconnecting pub/sub client
2025-10-21T20:41:54.030767Z  INFO arx::program: arx/src/program.rs:327: Reconnecting pub/sub client
2025-10-21T20:41:54.031713Z  WARN arx::program: arx/src/program.rs:375: Attempt 1/5: Failed to create new pub/sub: unable to connect to server
2025-10-21T20:41:54.031918Z  WARN arx::program: arx/src/program.rs:375: Attempt 1/5: Failed to create new pub/sub: unable to connect to server
2025-10-21T20:41:54.032429Z  WARN arx::program: arx/src/program.rs:375: Attempt 1/5: Failed to create new pub/sub: unable to connect to server
2025-10-21T20:41:54.033125Z  WARN arx::program: arx/src/program.rs:375: Attempt 1/5: Failed to create new pub/sub: unable to connect to server
2025-10-21T20:41:54.414189Z ERROR arx::units::computation_transaction_unit: arx/src/units/computation_transaction_unit.rs:358: Failed to send callback computation tx for mxe 4ydkSgq1T8XPhNih52CWiQUAcuVoUWkP4xxwHd8Ti1iv error SolanaClientError(Error { request: Some(GetSignatureStatuses), kind: Reqwest(reqwest::Error { kind: Request, url: Url { scheme: "http", cannot_be_a_base: false, username: "", password: None, host: Some(Domain("host.docker.internal")), port: Some(8899), path: "/", query: None, fragment: None }, source: hyper::Error(Connect, ConnectError("tcp connect error", Os { code: 111, kind: ConnectionRefused, message: "Connection refused" })) }) })
2025-10-21T20:41:54.417311Z  WARN arx::units::computation_transaction_unit: arx/src/units/computation_transaction_unit.rs:170: Attempt 1/5: RPC error while calling self.callback(mxe.clone(), computation.clone(), outputs): RPC error: Failed to send callback computation tx for mxe 4ydkSgq1T8XPhNih52CWiQUAcuVoUWkP4xxwHd8Ti1iv error SolanaClientError(Error { request: Some(GetSignatureStatuses), kind: Reqwest(reqwest::Error { kind: Request, url: Url { scheme: "http", cannot_be_a_base: false, username: "", password: None, host: Some(Domain("host.docker.internal")), port: Some(8899), path: "/", query: None, fragment: None }, source: hyper::Error(Connect, ConnectError("tcp connect error", Os { code: 111, kind: ConnectionRefused, message: "Connection refused" })) }) })
2025-10-21T20:41:55.041693Z  WARN arx::program: arx/src/program.rs:375: Attempt 2/5: Failed to create new pub/sub: unable to connect to server
2025-10-21T20:41:55.042465Z  WARN arx::program: arx/src/program.rs:375: Attempt 2/5: Failed to create new pub/sub: unable to connect to server
2025-10-21T20:41:55.043156Z  WARN arx::program: arx/src/program.rs:375: Attempt 2/5: Failed to create new pub/sub: unable to connect to server
2025-10-21T20:41:55.044169Z  WARN arx::program: arx/src/program.rs:375: Attempt 2/5: Failed to create new pub/sub: unable to connect to server
