2025-10-22T01:39:46.925603Z DEBUG arx: arx/src/main.rs:53: Checking Solana is up and running
2025-10-22T01:39:47.638736Z  INFO arx: arx/src/main.rs:58: Running ARX
2025-10-22T01:39:47.661462Z DEBUG arx: arx/src/main.rs:60: Reading node keypair, callback authority keypair, and identity files from env
2025-10-22T01:39:47.671675Z DEBUG arx: arx/src/main.rs:68: Reading node keypair, callback authority keypair, and identity files
2025-10-22T01:39:47.815358Z DEBUG arx: arx/src/main.rs:78: Installing AWS LC crypto provider
2025-10-22T01:39:47.816676Z  INFO arx: arx/src/main.rs:83: Creating ARX coordinator
2025-10-22T01:39:48.595358Z  INFO arx: arx/src/main.rs:93: Coordinator created successfully
2025-10-22T01:39:48.595899Z  INFO arx: arx/src/main.rs:102: Starting ARX coordinator
2025-10-22T01:39:48.596976Z  INFO arx: arx/src/main.rs:105: Waiting for Ctrl+C
2025-10-22T01:39:48.597571Z  INFO arx::units::cache_unit: arx/src/units/cache_unit.rs:88: Cache unit started
2025-10-22T01:39:48.600965Z  INFO arx::units::circuit_unit: arx/src/units/circuit_unit.rs:107: Circuit unit started
2025-10-22T01:39:48.610309Z  INFO arx::units::cluster_unit: arx/src/units/cluster_unit.rs:66: Cluster unit started
2025-10-22T01:39:48.610610Z  INFO arx::units::state_unit: arx/src/units/state_unit.rs:109: State unit started
2025-10-22T01:39:48.610898Z DEBUG arx::units::cluster_unit: arx/src/units/cluster_unit.rs:68: Running pub/sub for arx node account
2025-10-22T01:39:48.614308Z  INFO arx::units::mempool_unit: arx/src/units/mempool_unit.rs:77: Mempool unit started
2025-10-22T01:39:48.615177Z DEBUG arx::units::mempool_unit: arx/src/units/mempool_unit.rs:79: Running pub/sub for mempools accounts
2025-10-22T01:39:48.614052Z  INFO arx::units::computation_unit: arx/src/units/computation_unit.rs:74: Inputs unit started
2025-10-22T01:39:48.611057Z  INFO arx::units::node_transaction_unit: arx/src/units/node_transaction_unit.rs:65: Node transaction unit started
2025-10-22T01:39:48.616408Z  INFO arx::units::node_transaction_unit: arx/src/units/node_transaction_unit.rs:67: Activating node
2025-10-22T01:39:48.611414Z  INFO arx::units::peers_unit: arx/src/units/peers_unit.rs:76: Peers unit started
2025-10-22T01:39:48.611834Z  INFO arx::units::execpool_unit: arx/src/units/execpool_unit.rs:80: Execpool unit started
2025-10-22T01:39:48.619530Z DEBUG arx::units::execpool_unit: arx/src/units/execpool_unit.rs:82: Running pub/sub for mempools accounts
2025-10-22T01:39:48.611856Z  INFO arx::units::online_phase_unit: arx/src/units/online_phase_unit.rs:152: Online phase unit started
2025-10-22T01:39:48.614346Z  INFO arx::units::mxe_unit: arx/src/units/mxe_unit.rs:75: MXE unit started
2025-10-22T01:39:48.615412Z  INFO arx::coordinator: arx/src/coordinator.rs:198: Coordinator started
2025-10-22T01:39:48.629313Z DEBUG arx::units::mxe_unit: arx/src/units/mxe_unit.rs:77: Running pub/sub for clusters accounts
2025-10-22T01:39:48.630925Z  INFO arx::units::computation_transaction_unit: arx/src/units/computation_transaction_unit.rs:89: Computation transaction unit started
2025-10-22T01:39:48.631403Z DEBUG arx::units::cluster_unit: arx/src/units/cluster_unit.rs:78: Subscribing to arx node account
2025-10-22T01:39:48.637316Z  INFO arx::program: arx/src/program.rs:242: Pub/sub client started
2025-10-22T01:39:48.638322Z  INFO arx::program: arx/src/program.rs:244: Connecting initial pub/sub
2025-10-22T01:39:48.632261Z  INFO arx::program: arx/src/program.rs:242: Pub/sub client started
2025-10-22T01:39:48.644039Z  INFO arx::program: arx/src/program.rs:244: Connecting initial pub/sub
2025-10-22T01:39:48.634313Z  INFO arx::program: arx/src/program.rs:242: Pub/sub client started
2025-10-22T01:39:48.647960Z  INFO arx::program: arx/src/program.rs:244: Connecting initial pub/sub
2025-10-22T01:39:48.637864Z  INFO arx::program: arx/src/program.rs:242: Pub/sub client started
2025-10-22T01:39:48.652561Z  INFO arx::program: arx/src/program.rs:244: Connecting initial pub/sub
2025-10-22T01:39:48.720297Z  INFO arx::program: arx/src/program.rs:267: Fetching initial state for account: 4LNJWwrpGW5pShV4gGF5NN9v3b6LTtqx1rxQ5odmFopb
2025-10-22T01:39:48.736990Z  INFO arx::program: arx/src/program.rs:279: Subscribing to account: 4LNJWwrpGW5pShV4gGF5NN9v3b6LTtqx1rxQ5odmFopb
2025-10-22T01:39:48.757264Z DEBUG arx::units::cluster_unit: arx/src/units/cluster_unit.rs:101: Processing arx node update
2025-10-22T01:39:49.399112Z DEBUG arx::program: arx/src/program.rs:312: Received update for account: 4LNJWwrpGW5pShV4gGF5NN9v3b6LTtqx1rxQ5odmFopb
2025-10-22T01:39:49.415130Z DEBUG arx::units::cluster_unit: arx/src/units/cluster_unit.rs:101: Processing arx node update
2025-10-22T01:39:49.784680Z  INFO arx::units::node_transaction_unit: arx/src/units/node_transaction_unit.rs:70: Node activated
2025-10-22T01:39:49.790149Z DEBUG arx::coordinator: arx/src/coordinator.rs:204: Coordinator received activation unit message: activated
2025-10-22T01:39:49.798901Z DEBUG arx::coordinator: arx/src/coordinator.rs:251: Coordinator received cluster unit message: cluster: 0, status: Joined
2025-10-22T01:39:49.809771Z DEBUG arx::units::mxe_unit: arx/src/units/mxe_unit.rs:112: Subscribing to cluster: GgSqqAyH7AVY3Umcv8NvncrjFaNJuQLmxzxFxPoPW2Yd
2025-10-22T01:39:49.821529Z  INFO arx::program: arx/src/program.rs:267: Fetching initial state for account: GgSqqAyH7AVY3Umcv8NvncrjFaNJuQLmxzxFxPoPW2Yd
2025-10-22T01:39:49.857958Z  INFO arx::program: arx/src/program.rs:279: Subscribing to account: GgSqqAyH7AVY3Umcv8NvncrjFaNJuQLmxzxFxPoPW2Yd
2025-10-22T01:39:49.859607Z DEBUG arx::units::mxe_unit: arx/src/units/mxe_unit.rs:129: Processing cluster update for account: GgSqqAyH7AVY3Umcv8NvncrjFaNJuQLmxzxFxPoPW2Yd
2025-10-22T01:39:49.865092Z DEBUG arx::coordinator: arx/src/coordinator.rs:349: Coordinator received mxe unit message: cluster: GgSqqAyH7AVY3Umcv8NvncrjFaNJuQLmxzxFxPoPW2Yd, mxe: CQvzhuYp299gu8rDs4RyLg1cDgnbDZiEdK51NcnSVwGm, status: Joined
2025-10-22T01:39:49.892517Z DEBUG arx::units::execpool_unit: arx/src/units/execpool_unit.rs:120: Subscribing to execpool account: CQF2VydaWEk5ZkVRi5q3LxoQTkJNHsRSc2yuUAMS1qUc
2025-10-22T01:39:49.897620Z  INFO arx::program: arx/src/program.rs:267: Fetching initial state for account: CQF2VydaWEk5ZkVRi5q3LxoQTkJNHsRSc2yuUAMS1qUc
2025-10-22T01:39:49.892917Z DEBUG arx::units::mempool_unit: arx/src/units/mempool_unit.rs:113: Subscribing to mempool account: Eii8e5feybZsNs1xJcmktof6LkWNGrAdTk179oL3ZZyv
2025-10-22T01:39:49.920631Z  INFO arx::program: arx/src/program.rs:267: Fetching initial state for account: Eii8e5feybZsNs1xJcmktof6LkWNGrAdTk179oL3ZZyv
2025-10-22T01:39:49.927483Z  INFO arx::program: arx/src/program.rs:279: Subscribing to account: CQF2VydaWEk5ZkVRi5q3LxoQTkJNHsRSc2yuUAMS1qUc
2025-10-22T01:39:49.949189Z DEBUG arx::coordinator: arx/src/coordinator.rs:288: Coordinator received execpool unit message: computations ids: [1]
2025-10-22T01:39:49.941951Z  INFO arx::program: arx/src/program.rs:279: Subscribing to account: Eii8e5feybZsNs1xJcmktof6LkWNGrAdTk179oL3ZZyv
2025-10-22T01:39:50.000503Z DEBUG arx::units::state_unit: arx/src/units/state_unit.rs:231: Processing execpool update
2025-10-22T01:39:50.001428Z DEBUG arx::units::mempool_unit: arx/src/units/mempool_unit.rs:136: Processing new mempool update for account: Eii8e5feybZsNs1xJcmktof6LkWNGrAdTk179oL3ZZyv
2025-10-22T01:39:50.003156Z DEBUG arx::units::cache_unit: arx/src/units/cache_unit.rs:144: Processing queued computation: ArxComputationReference (1,1) (cluster: GgSqqAyH7AVY3Umcv8NvncrjFaNJuQLmxzxFxPoPW2Yd, mxe: CQvzhuYp299gu8rDs4RyLg1cDgnbDZiEdK51NcnSVwGm)
2025-10-22T01:39:50.074314Z DEBUG arx::units::state_unit: arx/src/units/state_unit.rs:281: Prefetching and executing computation: ArxComputationReference (1,1) (cluster: GgSqqAyH7AVY3Umcv8NvncrjFaNJuQLmxzxFxPoPW2Yd, mxe: CQvzhuYp299gu8rDs4RyLg1cDgnbDZiEdK51NcnSVwGm) with status (index: 0, executed: false)
2025-10-22T01:39:50.110288Z DEBUG arx::coordinator: arx/src/coordinator.rs:384: Coordinator received state unit message: prefetch computation: ArxComputationReference (1,1) (cluster: GgSqqAyH7AVY3Umcv8NvncrjFaNJuQLmxzxFxPoPW2Yd, mxe: CQvzhuYp299gu8rDs4RyLg1cDgnbDZiEdK51NcnSVwGm)
2025-10-22T01:39:50.074846Z DEBUG arx::units::mempool_unit: arx/src/units/mempool_unit.rs:175: Mempool account Eii8e5feybZsNs1xJcmktof6LkWNGrAdTk179oL3ZZyv contains the same computations, skipping update
2025-10-22T01:39:50.120845Z DEBUG arx::coordinator: arx/src/coordinator.rs:405: Coordinator received state unit message: execute computation: ArxComputationReference (1,1) (cluster: GgSqqAyH7AVY3Umcv8NvncrjFaNJuQLmxzxFxPoPW2Yd, mxe: CQvzhuYp299gu8rDs4RyLg1cDgnbDZiEdK51NcnSVwGm)
2025-10-22T01:39:50.121098Z DEBUG arx::units::peers_unit: arx/src/units/peers_unit.rs:111: Processing cluster: GgSqqAyH7AVY3Umcv8NvncrjFaNJuQLmxzxFxPoPW2Yd
2025-10-22T01:39:50.121250Z DEBUG arx::units::circuit_unit: arx/src/units/circuit_unit.rs:148: Processing computation definition: Dpz7xMiZ29fGETVJc3rnexMZSq7G4quyeMrZzbWt88R3
2025-10-22T01:39:50.194134Z DEBUG arx::coordinator: arx/src/coordinator.rs:309: Coordinator prefetched computation ArxComputationReference (1,1) (cluster: GgSqqAyH7AVY3Umcv8NvncrjFaNJuQLmxzxFxPoPW2Yd, mxe: CQvzhuYp299gu8rDs4RyLg1cDgnbDZiEdK51NcnSVwGm)
2025-10-22T01:39:50.230879Z DEBUG arx::coordinator: arx/src/coordinator.rs:312: Coordinator fetched computation ArxComputation 303790697907795210078047774390766665400 (cluster: GgSqqAyH7AVY3Umcv8NvncrjFaNJuQLmxzxFxPoPW2Yd, mxe: CQvzhuYp299gu8rDs4RyLg1cDgnbDZiEdK51NcnSVwGm) inputs
2025-10-22T01:39:50.314279Z DEBUG arx::units::cache_unit: arx/src/units/cache_unit.rs:246: Processing fetched inputs: Cerberus Inputs
2025-10-22T01:39:50.737631Z DEBUG arx::units::circuit_unit: arx/src/units/circuit_unit.rs:198: Deserializing circuit data
2025-10-22T01:39:50.784282Z DEBUG arx::coordinator: arx/src/coordinator.rs:373: Coordinator received peers unit message
2025-10-22T01:39:50.788332Z DEBUG arx::units::cache_unit: arx/src/units/cache_unit.rs:209: Processing fetched peers: PeersInfo { cluster: GgSqqAyH7AVY3Umcv8NvncrjFaNJuQLmxzxFxPoPW2Yd, peer_number: 42 }
2025-10-22T01:39:50.917947Z DEBUG arx::units::circuit_unit: arx/src/units/circuit_unit.rs:215: Inserting circuit info into cache
2025-10-22T01:39:50.927651Z DEBUG arx::coordinator: arx/src/coordinator.rs:241: Coordinator received circuit unit message
2025-10-22T01:39:50.928191Z DEBUG arx::units::cache_unit: arx/src/units/cache_unit.rs:170: Processing fetched circuit: CircuitInfo Dpz7xMiZ29fGETVJc3rnexMZSq7G4quyeMrZzbWt88R3
2025-10-22T01:39:50.928784Z DEBUG arx::coordinator: arx/src/coordinator.rs:221: Coordinator received cache unit message
2025-10-22T01:39:50.930408Z DEBUG arx::units::state_unit: arx/src/units/state_unit.rs:296: Processing prefetched computation
2025-10-22T01:39:50.931040Z DEBUG arx::coordinator: arx/src/coordinator.rs:221: Coordinator received cache unit message
2025-10-22T01:39:50.956692Z  INFO arx::units::online_phase_unit: arx/src/units/online_phase_unit.rs:326: Processing Cerberus computation with id 303790697907795210078047774390766665400
2025-10-22T01:39:50.966391Z DEBUG arx::units::online_phase_unit: arx/src/units/online_phase_unit.rs:328: Connecting to peers (303790697907795210078047774390766665400)
2025-10-22T01:39:50.968720Z DEBUG network::router::network_router: /home/runner/.cargo/git/checkouts/async-mpc-1dbbf554a14e7a32/b307074/network/src/router/network_router.rs:79: Handling connection request to peer 0461a5    
2025-10-22T01:39:50.970404Z DEBUG network::router::state::connection_handlers: /home/runner/.cargo/git/checkouts/async-mpc-1dbbf554a14e7a32/b307074/network/src/router/state/connection_handlers.rs:44: Handling internal connection request: ConnectionRequest { expected_peer_id: 0461a5, peer_addr: 172.20.0.100:8001, response_sender: Sender { inner: Some(Inner { state: State { is_complete: false, is_closed: false, is_rx_task_set: true, is_tx_task_set: false } }) } }    
2025-10-22T01:39:50.973538Z DEBUG network::router::state::connection_handlers: /home/runner/.cargo/git/checkouts/async-mpc-1dbbf554a14e7a32/b307074/network/src/router/state/connection_handlers.rs:65: Connection not established yet: 172.20.0.100:8001    
2025-10-22T01:39:50.974546Z DEBUG network::router::state::connection_handlers: /home/runner/.cargo/git/checkouts/async-mpc-1dbbf554a14e7a32/b307074/network/src/router/state/connection_handlers.rs:100: Connecting to peer: 172.20.0.100:8001    
2025-10-22T01:39:50.989123Z DEBUG network::router::state::connection_handlers: /home/runner/.cargo/git/checkouts/async-mpc-1dbbf554a14e7a32/b307074/network/src/router/state/connection_handlers.rs:128: Connecting and checking ID of peer: 172.20.0.100:8001    
2025-10-22T01:39:50.994406Z DEBUG network::router::network_router: /home/runner/.cargo/git/checkouts/async-mpc-1dbbf554a14e7a32/b307074/network/src/router/network_router.rs:85: Connection request to peer 0461a5 handled    
2025-10-22T01:40:07.012842Z  WARN arx::program: arx/src/program.rs:322: Pub/sub connection closed or error occurred, reconnecting...
2025-10-22T01:40:07.026809Z  INFO arx::program: arx/src/program.rs:327: Reconnecting pub/sub client
2025-10-22T01:40:07.053407Z  WARN arx::program: arx/src/program.rs:322: Pub/sub connection closed or error occurred, reconnecting...
2025-10-22T01:40:07.055759Z  INFO arx::program: arx/src/program.rs:327: Reconnecting pub/sub client
2025-10-22T01:40:07.067716Z  WARN arx::program: arx/src/program.rs:322: Pub/sub connection closed or error occurred, reconnecting...
2025-10-22T01:40:07.075848Z  INFO arx::program: arx/src/program.rs:327: Reconnecting pub/sub client
2025-10-22T01:40:07.079094Z  WARN arx::program: arx/src/program.rs:322: Pub/sub connection closed or error occurred, reconnecting...
2025-10-22T01:40:07.080912Z  INFO arx::program: arx/src/program.rs:327: Reconnecting pub/sub client
2025-10-22T01:40:07.154796Z  WARN arx::program: arx/src/program.rs:375: Attempt 1/5: Failed to create new pub/sub: unable to connect to server
2025-10-22T01:40:07.186787Z  WARN arx::program: arx/src/program.rs:375: Attempt 1/5: Failed to create new pub/sub: unable to connect to server
2025-10-22T01:40:07.187991Z  WARN arx::program: arx/src/program.rs:375: Attempt 1/5: Failed to create new pub/sub: unable to connect to server
2025-10-22T01:40:07.188917Z  WARN arx::program: arx/src/program.rs:375: Attempt 1/5: Failed to create new pub/sub: unable to connect to server
2025-10-22T01:40:08.166816Z  WARN arx::program: arx/src/program.rs:375: Attempt 2/5: Failed to create new pub/sub: unable to connect to server
2025-10-22T01:40:08.201139Z  WARN arx::program: arx/src/program.rs:375: Attempt 2/5: Failed to create new pub/sub: unable to connect to server
2025-10-22T01:40:08.203075Z  WARN arx::program: arx/src/program.rs:375: Attempt 2/5: Failed to create new pub/sub: unable to connect to server
2025-10-22T01:40:08.217108Z  WARN arx::program: arx/src/program.rs:375: Attempt 2/5: Failed to create new pub/sub: unable to connect to server
2025-10-22T01:40:10.169929Z  WARN arx::program: arx/src/program.rs:375: Attempt 3/5: Failed to create new pub/sub: unable to connect to server
2025-10-22T01:40:10.206325Z  WARN arx::program: arx/src/program.rs:375: Attempt 3/5: Failed to create new pub/sub: unable to connect to server
2025-10-22T01:40:10.207066Z  WARN arx::program: arx/src/program.rs:375: Attempt 3/5: Failed to create new pub/sub: unable to connect to server
2025-10-22T01:40:10.236651Z  WARN arx::program: arx/src/program.rs:375: Attempt 3/5: Failed to create new pub/sub: unable to connect to server
2025-10-22T01:40:14.182733Z  INFO arx::program: arx/src/program.rs:337: Re-fetching initial state for account: GgSqqAyH7AVY3Umcv8NvncrjFaNJuQLmxzxFxPoPW2Yd
2025-10-22T01:40:14.200461Z  INFO arx::program: arx/src/program.rs:349: Re-subscribing to account: GgSqqAyH7AVY3Umcv8NvncrjFaNJuQLmxzxFxPoPW2Yd
2025-10-22T01:40:14.204767Z DEBUG arx::units::mxe_unit: arx/src/units/mxe_unit.rs:129: Processing cluster update for account: GgSqqAyH7AVY3Umcv8NvncrjFaNJuQLmxzxFxPoPW2Yd
2025-10-22T01:40:14.212418Z  INFO arx::program: arx/src/program.rs:337: Re-fetching initial state for account: Eii8e5feybZsNs1xJcmktof6LkWNGrAdTk179oL3ZZyv
2025-10-22T01:40:14.218463Z  INFO arx::program: arx/src/program.rs:349: Re-subscribing to account: Eii8e5feybZsNs1xJcmktof6LkWNGrAdTk179oL3ZZyv
2025-10-22T01:40:14.220066Z DEBUG arx::units::mempool_unit: arx/src/units/mempool_unit.rs:136: Processing new mempool update for account: Eii8e5feybZsNs1xJcmktof6LkWNGrAdTk179oL3ZZyv
2025-10-22T01:40:14.219165Z  INFO arx::program: arx/src/program.rs:337: Re-fetching initial state for account: 4LNJWwrpGW5pShV4gGF5NN9v3b6LTtqx1rxQ5odmFopb
2025-10-22T01:40:14.223069Z DEBUG arx::units::mempool_unit: arx/src/units/mempool_unit.rs:175: Mempool account Eii8e5feybZsNs1xJcmktof6LkWNGrAdTk179oL3ZZyv contains the same computations, skipping update
2025-10-22T01:40:14.231097Z  WARN arx::program: arx/src/program.rs:144: Attempt 1/5: Failed to fetch account 4LNJWwrpGW5pShV4gGF5NN9v3b6LTtqx1rxQ5odmFopb: Account not found
2025-10-22T01:40:14.250898Z  INFO arx::program: arx/src/program.rs:337: Re-fetching initial state for account: CQF2VydaWEk5ZkVRi5q3LxoQTkJNHsRSc2yuUAMS1qUc
2025-10-22T01:40:14.267129Z  INFO arx::program: arx/src/program.rs:349: Re-subscribing to account: CQF2VydaWEk5ZkVRi5q3LxoQTkJNHsRSc2yuUAMS1qUc
2025-10-22T01:40:14.286131Z DEBUG arx::units::execpool_unit: arx/src/units/execpool_unit.rs:188: Execpool account CQF2VydaWEk5ZkVRi5q3LxoQTkJNHsRSc2yuUAMS1qUc contains the same computations, skipping update
2025-10-22T01:40:15.233811Z  WARN arx::program: arx/src/program.rs:144: Attempt 2/5: Failed to fetch account 4LNJWwrpGW5pShV4gGF5NN9v3b6LTtqx1rxQ5odmFopb: Account not found
2025-10-22T01:40:17.237185Z  WARN arx::program: arx/src/program.rs:144: Attempt 3/5: Failed to fetch account 4LNJWwrpGW5pShV4gGF5NN9v3b6LTtqx1rxQ5odmFopb: Account not found
2025-10-22T01:40:21.240762Z  WARN arx::program: arx/src/program.rs:144: Attempt 4/5: Failed to fetch account 4LNJWwrpGW5pShV4gGF5NN9v3b6LTtqx1rxQ5odmFopb: Account not found
2025-10-22T01:40:29.244033Z  WARN arx::program: arx/src/program.rs:144: Attempt 5/5: Failed to fetch account 4LNJWwrpGW5pShV4gGF5NN9v3b6LTtqx1rxQ5odmFopb: Account not found
2025-10-22T01:40:29.244606Z ERROR arx::program: arx/src/program.rs:346: Failed to re-fetch initial state for account 4LNJWwrpGW5pShV4gGF5NN9v3b6LTtqx1rxQ5odmFopb: RPC error: Attempt 5/5: Failed to fetch account 4LNJWwrpGW5pShV4gGF5NN9v3b6LTtqx1rxQ5odmFopb: Account not found
2025-10-22T01:40:29.244808Z  INFO arx::program: arx/src/program.rs:349: Re-subscribing to account: 4LNJWwrpGW5pShV4gGF5NN9v3b6LTtqx1rxQ5odmFopb
2025-10-22T01:40:32.165177Z  WARN arx::program: arx/src/program.rs:322: Pub/sub connection closed or error occurred, reconnecting...
2025-10-22T01:40:32.176059Z  INFO arx::program: arx/src/program.rs:327: Reconnecting pub/sub client
2025-10-22T01:40:32.165344Z  WARN arx::program: arx/src/program.rs:322: Pub/sub connection closed or error occurred, reconnecting...
2025-10-22T01:40:32.184085Z  INFO arx::program: arx/src/program.rs:327: Reconnecting pub/sub client
2025-10-22T01:40:32.177264Z  WARN arx::program: arx/src/program.rs:322: Pub/sub connection closed or error occurred, reconnecting...
2025-10-22T01:40:32.189761Z  INFO arx::program: arx/src/program.rs:327: Reconnecting pub/sub client
2025-10-22T01:40:32.179576Z  WARN arx::program: arx/src/program.rs:322: Pub/sub connection closed or error occurred, reconnecting...
2025-10-22T01:40:32.191626Z  INFO arx::program: arx/src/program.rs:327: Reconnecting pub/sub client
2025-10-22T01:40:32.203055Z  WARN arx::program: arx/src/program.rs:375: Attempt 1/5: Failed to create new pub/sub: unable to connect to server
2025-10-22T01:40:32.207139Z  WARN arx::program: arx/src/program.rs:375: Attempt 1/5: Failed to create new pub/sub: unable to connect to server
2025-10-22T01:40:32.216852Z  WARN arx::program: arx/src/program.rs:375: Attempt 1/5: Failed to create new pub/sub: unable to connect to server
2025-10-22T01:40:32.219047Z  WARN arx::program: arx/src/program.rs:375: Attempt 1/5: Failed to create new pub/sub: unable to connect to server
2025-10-22T01:40:33.232002Z  WARN arx::program: arx/src/program.rs:375: Attempt 2/5: Failed to create new pub/sub: unable to connect to server
2025-10-22T01:40:33.234222Z  WARN arx::program: arx/src/program.rs:375: Attempt 2/5: Failed to create new pub/sub: unable to connect to server
2025-10-22T01:40:33.235934Z  WARN arx::program: arx/src/program.rs:375: Attempt 2/5: Failed to create new pub/sub: unable to connect to server
2025-10-22T01:40:33.248135Z  WARN arx::program: arx/src/program.rs:375: Attempt 2/5: Failed to create new pub/sub: unable to connect to server
2025-10-22T01:40:35.248012Z  WARN arx::program: arx/src/program.rs:375: Attempt 3/5: Failed to create new pub/sub: unable to connect to server
2025-10-22T01:40:35.250030Z  WARN arx::program: arx/src/program.rs:375: Attempt 3/5: Failed to create new pub/sub: unable to connect to server
2025-10-22T01:40:35.250022Z  WARN arx::program: arx/src/program.rs:375: Attempt 3/5: Failed to create new pub/sub: unable to connect to server
2025-10-22T01:40:35.268569Z  WARN arx::program: arx/src/program.rs:375: Attempt 3/5: Failed to create new pub/sub: unable to connect to server
2025-10-22T01:40:39.278431Z  INFO arx::program: arx/src/program.rs:337: Re-fetching initial state for account: GgSqqAyH7AVY3Umcv8NvncrjFaNJuQLmxzxFxPoPW2Yd
2025-10-22T01:40:39.310743Z  INFO arx::program: arx/src/program.rs:337: Re-fetching initial state for account: CQF2VydaWEk5ZkVRi5q3LxoQTkJNHsRSc2yuUAMS1qUc
2025-10-22T01:40:39.319481Z  INFO arx::program: arx/src/program.rs:337: Re-fetching initial state for account: 4LNJWwrpGW5pShV4gGF5NN9v3b6LTtqx1rxQ5odmFopb
2025-10-22T01:40:39.328384Z  INFO arx::program: arx/src/program.rs:337: Re-fetching initial state for account: Eii8e5feybZsNs1xJcmktof6LkWNGrAdTk179oL3ZZyv
2025-10-22T01:40:39.341154Z  INFO arx::program: arx/src/program.rs:349: Re-subscribing to account: GgSqqAyH7AVY3Umcv8NvncrjFaNJuQLmxzxFxPoPW2Yd
2025-10-22T01:40:39.344387Z DEBUG arx::units::mxe_unit: arx/src/units/mxe_unit.rs:129: Processing cluster update for account: GgSqqAyH7AVY3Umcv8NvncrjFaNJuQLmxzxFxPoPW2Yd
2025-10-22T01:40:39.354065Z  INFO arx::program: arx/src/program.rs:349: Re-subscribing to account: CQF2VydaWEk5ZkVRi5q3LxoQTkJNHsRSc2yuUAMS1qUc
2025-10-22T01:40:39.366453Z DEBUG arx::units::execpool_unit: arx/src/units/execpool_unit.rs:188: Execpool account CQF2VydaWEk5ZkVRi5q3LxoQTkJNHsRSc2yuUAMS1qUc contains the same computations, skipping update
2025-10-22T01:40:39.366739Z  WARN arx::program: arx/src/program.rs:144: Attempt 1/5: Failed to fetch account 4LNJWwrpGW5pShV4gGF5NN9v3b6LTtqx1rxQ5odmFopb: Account not found
2025-10-22T01:40:39.371921Z  INFO arx::program: arx/src/program.rs:349: Re-subscribing to account: Eii8e5feybZsNs1xJcmktof6LkWNGrAdTk179oL3ZZyv
2025-10-22T01:40:39.386939Z DEBUG arx::units::mempool_unit: arx/src/units/mempool_unit.rs:136: Processing new mempool update for account: Eii8e5feybZsNs1xJcmktof6LkWNGrAdTk179oL3ZZyv
2025-10-22T01:40:39.390277Z DEBUG arx::units::mempool_unit: arx/src/units/mempool_unit.rs:175: Mempool account Eii8e5feybZsNs1xJcmktof6LkWNGrAdTk179oL3ZZyv contains the same computations, skipping update
2025-10-22T01:40:40.382874Z  WARN arx::program: arx/src/program.rs:144: Attempt 2/5: Failed to fetch account 4LNJWwrpGW5pShV4gGF5NN9v3b6LTtqx1rxQ5odmFopb: Account not found
2025-10-22T01:40:42.386448Z  WARN arx::program: arx/src/program.rs:144: Attempt 3/5: Failed to fetch account 4LNJWwrpGW5pShV4gGF5NN9v3b6LTtqx1rxQ5odmFopb: Account not found
2025-10-22T01:40:46.389826Z  WARN arx::program: arx/src/program.rs:144: Attempt 4/5: Failed to fetch account 4LNJWwrpGW5pShV4gGF5NN9v3b6LTtqx1rxQ5odmFopb: Account not found
2025-10-22T01:40:54.392181Z  WARN arx::program: arx/src/program.rs:144: Attempt 5/5: Failed to fetch account 4LNJWwrpGW5pShV4gGF5NN9v3b6LTtqx1rxQ5odmFopb: Account not found
2025-10-22T01:40:54.392329Z ERROR arx::program: arx/src/program.rs:346: Failed to re-fetch initial state for account 4LNJWwrpGW5pShV4gGF5NN9v3b6LTtqx1rxQ5odmFopb: RPC error: Attempt 5/5: Failed to fetch account 4LNJWwrpGW5pShV4gGF5NN9v3b6LTtqx1rxQ5odmFopb: Account not found
2025-10-22T01:40:54.392392Z  INFO arx::program: arx/src/program.rs:349: Re-subscribing to account: 4LNJWwrpGW5pShV4gGF5NN9v3b6LTtqx1rxQ5odmFopb
