2025-10-22T01:39:45.564465Z DEBUG arx: arx/src/main.rs:53: Checking Solana is up and running
2025-10-22T01:39:46.648471Z  INFO arx: arx/src/main.rs:58: Running ARX
2025-10-22T01:39:46.652457Z DEBUG arx: arx/src/main.rs:60: Reading node keypair, callback authority keypair, and identity files from env
2025-10-22T01:39:46.652803Z DEBUG arx: arx/src/main.rs:68: Reading node keypair, callback authority keypair, and identity files
2025-10-22T01:39:46.795537Z DEBUG arx: arx/src/main.rs:78: Installing AWS LC crypto provider
2025-10-22T01:39:46.843004Z  INFO arx: arx/src/main.rs:83: Creating ARX coordinator
2025-10-22T01:39:47.492486Z  INFO arx::units::cache_unit: arx/src/units/cache_unit.rs:88: Cache unit started
2025-10-22T01:39:47.497466Z  INFO arx::units::circuit_unit: arx/src/units/circuit_unit.rs:107: Circuit unit started
2025-10-22T01:39:47.501669Z  INFO arx::units::cluster_unit: arx/src/units/cluster_unit.rs:66: Cluster unit started
2025-10-22T01:39:47.502151Z DEBUG arx::units::cluster_unit: arx/src/units/cluster_unit.rs:68: Running pub/sub for arx node account
2025-10-22T01:39:47.503076Z DEBUG arx::units::cluster_unit: arx/src/units/cluster_unit.rs:78: Subscribing to arx node account
2025-10-22T01:39:47.502135Z  INFO arx::units::computation_transaction_unit: arx/src/units/computation_transaction_unit.rs:89: Computation transaction unit started
2025-10-22T01:39:47.511898Z  INFO arx::units::execpool_unit: arx/src/units/execpool_unit.rs:80: Execpool unit started
2025-10-22T01:39:47.530716Z DEBUG arx::units::execpool_unit: arx/src/units/execpool_unit.rs:82: Running pub/sub for mempools accounts
2025-10-22T01:39:47.533811Z  INFO arx::units::mempool_unit: arx/src/units/mempool_unit.rs:77: Mempool unit started
2025-10-22T01:39:47.539315Z DEBUG arx::units::mempool_unit: arx/src/units/mempool_unit.rs:79: Running pub/sub for mempools accounts
2025-10-22T01:39:47.542402Z  INFO arx::units::mxe_unit: arx/src/units/mxe_unit.rs:75: MXE unit started
2025-10-22T01:39:47.542754Z  INFO arx::units::computation_unit: arx/src/units/computation_unit.rs:74: Inputs unit started
2025-10-22T01:39:47.543973Z DEBUG arx::units::mxe_unit: arx/src/units/mxe_unit.rs:77: Running pub/sub for clusters accounts
2025-10-22T01:39:47.543993Z  INFO arx::program: arx/src/program.rs:242: Pub/sub client started
2025-10-22T01:39:47.665447Z  INFO arx::program: arx/src/program.rs:244: Connecting initial pub/sub
2025-10-22T01:39:47.700922Z  INFO arx::units::node_transaction_unit: arx/src/units/node_transaction_unit.rs:65: Node transaction unit started
2025-10-22T01:39:47.703892Z  INFO arx::units::node_transaction_unit: arx/src/units/node_transaction_unit.rs:67: Activating node
2025-10-22T01:39:47.701308Z  INFO arx::units::online_phase_unit: arx/src/units/online_phase_unit.rs:152: Online phase unit started
2025-10-22T01:39:47.702849Z  INFO arx::units::peers_unit: arx/src/units/peers_unit.rs:76: Peers unit started
2025-10-22T01:39:47.703831Z  INFO arx: arx/src/main.rs:93: Coordinator created successfully
2025-10-22T01:39:47.703937Z  INFO arx::program: arx/src/program.rs:242: Pub/sub client started
2025-10-22T01:39:47.779597Z  INFO arx::program: arx/src/program.rs:244: Connecting initial pub/sub
2025-10-22T01:39:47.704446Z  INFO arx::units::state_unit: arx/src/units/state_unit.rs:109: State unit started
2025-10-22T01:39:47.705269Z  INFO arx::program: arx/src/program.rs:242: Pub/sub client started
2025-10-22T01:39:47.782374Z  INFO arx::program: arx/src/program.rs:244: Connecting initial pub/sub
2025-10-22T01:39:47.705457Z  INFO arx::program: arx/src/program.rs:242: Pub/sub client started
2025-10-22T01:39:47.789336Z  INFO arx::program: arx/src/program.rs:244: Connecting initial pub/sub
2025-10-22T01:39:47.779579Z  INFO arx: arx/src/main.rs:102: Starting ARX coordinator
2025-10-22T01:39:47.794533Z  INFO arx: arx/src/main.rs:105: Waiting for Ctrl+C
2025-10-22T01:39:47.794730Z  INFO arx::coordinator: arx/src/coordinator.rs:198: Coordinator started
2025-10-22T01:39:47.913606Z  INFO arx::program: arx/src/program.rs:267: Fetching initial state for account: Hr1JyvtPK92L69Ao8AH7k3NLAchEgcLkRmdw3nFQQBLz
2025-10-22T01:39:47.990356Z  INFO arx::program: arx/src/program.rs:279: Subscribing to account: Hr1JyvtPK92L69Ao8AH7k3NLAchEgcLkRmdw3nFQQBLz
2025-10-22T01:39:47.990785Z DEBUG arx::units::cluster_unit: arx/src/units/cluster_unit.rs:101: Processing arx node update
2025-10-22T01:39:49.398470Z DEBUG arx::program: arx/src/program.rs:312: Received update for account: Hr1JyvtPK92L69Ao8AH7k3NLAchEgcLkRmdw3nFQQBLz
2025-10-22T01:39:49.410275Z DEBUG arx::units::cluster_unit: arx/src/units/cluster_unit.rs:101: Processing arx node update
2025-10-22T01:39:49.506947Z  INFO arx::units::node_transaction_unit: arx/src/units/node_transaction_unit.rs:70: Node activated
2025-10-22T01:39:49.507310Z DEBUG arx::coordinator: arx/src/coordinator.rs:204: Coordinator received activation unit message: activated
2025-10-22T01:39:49.508510Z DEBUG arx::coordinator: arx/src/coordinator.rs:251: Coordinator received cluster unit message: cluster: 0, status: Joined
2025-10-22T01:39:49.509158Z DEBUG arx::units::mxe_unit: arx/src/units/mxe_unit.rs:112: Subscribing to cluster: GgSqqAyH7AVY3Umcv8NvncrjFaNJuQLmxzxFxPoPW2Yd
2025-10-22T01:39:49.514635Z  INFO arx::program: arx/src/program.rs:267: Fetching initial state for account: GgSqqAyH7AVY3Umcv8NvncrjFaNJuQLmxzxFxPoPW2Yd
2025-10-22T01:39:49.522267Z  INFO arx::program: arx/src/program.rs:279: Subscribing to account: GgSqqAyH7AVY3Umcv8NvncrjFaNJuQLmxzxFxPoPW2Yd
2025-10-22T01:39:49.528027Z DEBUG arx::units::mxe_unit: arx/src/units/mxe_unit.rs:129: Processing cluster update for account: GgSqqAyH7AVY3Umcv8NvncrjFaNJuQLmxzxFxPoPW2Yd
2025-10-22T01:39:49.530030Z DEBUG arx::coordinator: arx/src/coordinator.rs:349: Coordinator received mxe unit message: cluster: GgSqqAyH7AVY3Umcv8NvncrjFaNJuQLmxzxFxPoPW2Yd, mxe: CQvzhuYp299gu8rDs4RyLg1cDgnbDZiEdK51NcnSVwGm, status: Joined
2025-10-22T01:39:49.530328Z DEBUG arx::units::execpool_unit: arx/src/units/execpool_unit.rs:120: Subscribing to execpool account: CQF2VydaWEk5ZkVRi5q3LxoQTkJNHsRSc2yuUAMS1qUc
2025-10-22T01:39:49.530758Z  INFO arx::program: arx/src/program.rs:267: Fetching initial state for account: CQF2VydaWEk5ZkVRi5q3LxoQTkJNHsRSc2yuUAMS1qUc
2025-10-22T01:39:49.530480Z DEBUG arx::units::mempool_unit: arx/src/units/mempool_unit.rs:113: Subscribing to mempool account: Eii8e5feybZsNs1xJcmktof6LkWNGrAdTk179oL3ZZyv
2025-10-22T01:39:49.537051Z  INFO arx::program: arx/src/program.rs:267: Fetching initial state for account: Eii8e5feybZsNs1xJcmktof6LkWNGrAdTk179oL3ZZyv
2025-10-22T01:39:49.538512Z  INFO arx::program: arx/src/program.rs:279: Subscribing to account: CQF2VydaWEk5ZkVRi5q3LxoQTkJNHsRSc2yuUAMS1qUc
2025-10-22T01:39:49.545071Z DEBUG arx::coordinator: arx/src/coordinator.rs:288: Coordinator received execpool unit message: computations ids: [1]
2025-10-22T01:39:49.559037Z DEBUG arx::units::cache_unit: arx/src/units/cache_unit.rs:144: Processing queued computation: ArxComputationReference (1,1) (cluster: GgSqqAyH7AVY3Umcv8NvncrjFaNJuQLmxzxFxPoPW2Yd, mxe: CQvzhuYp299gu8rDs4RyLg1cDgnbDZiEdK51NcnSVwGm)
2025-10-22T01:39:49.552108Z  INFO arx::program: arx/src/program.rs:279: Subscribing to account: Eii8e5feybZsNs1xJcmktof6LkWNGrAdTk179oL3ZZyv
2025-10-22T01:39:49.560010Z DEBUG arx::units::state_unit: arx/src/units/state_unit.rs:231: Processing execpool update
2025-10-22T01:39:49.569528Z DEBUG arx::units::state_unit: arx/src/units/state_unit.rs:281: Prefetching and executing computation: ArxComputationReference (1,1) (cluster: GgSqqAyH7AVY3Umcv8NvncrjFaNJuQLmxzxFxPoPW2Yd, mxe: CQvzhuYp299gu8rDs4RyLg1cDgnbDZiEdK51NcnSVwGm) with status (index: 0, executed: false)
2025-10-22T01:39:49.568032Z DEBUG arx::units::mempool_unit: arx/src/units/mempool_unit.rs:136: Processing new mempool update for account: Eii8e5feybZsNs1xJcmktof6LkWNGrAdTk179oL3ZZyv
2025-10-22T01:39:49.572051Z DEBUG arx::units::mempool_unit: arx/src/units/mempool_unit.rs:175: Mempool account Eii8e5feybZsNs1xJcmktof6LkWNGrAdTk179oL3ZZyv contains the same computations, skipping update
2025-10-22T01:39:49.572556Z DEBUG arx::coordinator: arx/src/coordinator.rs:384: Coordinator received state unit message: prefetch computation: ArxComputationReference (1,1) (cluster: GgSqqAyH7AVY3Umcv8NvncrjFaNJuQLmxzxFxPoPW2Yd, mxe: CQvzhuYp299gu8rDs4RyLg1cDgnbDZiEdK51NcnSVwGm)
2025-10-22T01:39:49.589179Z DEBUG arx::coordinator: arx/src/coordinator.rs:405: Coordinator received state unit message: execute computation: ArxComputationReference (1,1) (cluster: GgSqqAyH7AVY3Umcv8NvncrjFaNJuQLmxzxFxPoPW2Yd, mxe: CQvzhuYp299gu8rDs4RyLg1cDgnbDZiEdK51NcnSVwGm)
2025-10-22T01:39:49.590645Z DEBUG arx::units::circuit_unit: arx/src/units/circuit_unit.rs:148: Processing computation definition: Dpz7xMiZ29fGETVJc3rnexMZSq7G4quyeMrZzbWt88R3
2025-10-22T01:39:49.590017Z DEBUG arx::units::peers_unit: arx/src/units/peers_unit.rs:111: Processing cluster: GgSqqAyH7AVY3Umcv8NvncrjFaNJuQLmxzxFxPoPW2Yd
2025-10-22T01:39:49.619487Z DEBUG arx::coordinator: arx/src/coordinator.rs:309: Coordinator prefetched computation ArxComputationReference (1,1) (cluster: GgSqqAyH7AVY3Umcv8NvncrjFaNJuQLmxzxFxPoPW2Yd, mxe: CQvzhuYp299gu8rDs4RyLg1cDgnbDZiEdK51NcnSVwGm)
2025-10-22T01:39:49.625618Z DEBUG arx::coordinator: arx/src/coordinator.rs:312: Coordinator fetched computation ArxComputation 303790697907795210078047774390766665400 (cluster: GgSqqAyH7AVY3Umcv8NvncrjFaNJuQLmxzxFxPoPW2Yd, mxe: CQvzhuYp299gu8rDs4RyLg1cDgnbDZiEdK51NcnSVwGm) inputs
2025-10-22T01:39:49.633063Z DEBUG arx::units::cache_unit: arx/src/units/cache_unit.rs:246: Processing fetched inputs: Cerberus Inputs
2025-10-22T01:39:49.748458Z DEBUG arx::units::circuit_unit: arx/src/units/circuit_unit.rs:198: Deserializing circuit data
2025-10-22T01:39:49.810858Z DEBUG arx::units::circuit_unit: arx/src/units/circuit_unit.rs:215: Inserting circuit info into cache
2025-10-22T01:39:49.825994Z DEBUG arx::coordinator: arx/src/coordinator.rs:241: Coordinator received circuit unit message
2025-10-22T01:39:49.929496Z DEBUG arx::units::cache_unit: arx/src/units/cache_unit.rs:170: Processing fetched circuit: CircuitInfo Dpz7xMiZ29fGETVJc3rnexMZSq7G4quyeMrZzbWt88R3
2025-10-22T01:39:49.932243Z DEBUG arx::coordinator: arx/src/coordinator.rs:373: Coordinator received peers unit message
2025-10-22T01:39:49.991252Z DEBUG arx::units::cache_unit: arx/src/units/cache_unit.rs:209: Processing fetched peers: PeersInfo { cluster: GgSqqAyH7AVY3Umcv8NvncrjFaNJuQLmxzxFxPoPW2Yd, peer_number: 61 }
2025-10-22T01:39:49.998506Z DEBUG arx::coordinator: arx/src/coordinator.rs:221: Coordinator received cache unit message
2025-10-22T01:39:50.048321Z DEBUG arx::coordinator: arx/src/coordinator.rs:221: Coordinator received cache unit message
2025-10-22T01:39:50.081366Z DEBUG arx::units::state_unit: arx/src/units/state_unit.rs:296: Processing prefetched computation
2025-10-22T01:39:50.112512Z  INFO arx::units::online_phase_unit: arx/src/units/online_phase_unit.rs:326: Processing Cerberus computation with id 303790697907795210078047774390766665400
2025-10-22T01:39:50.113237Z DEBUG arx::units::online_phase_unit: arx/src/units/online_phase_unit.rs:328: Connecting to peers (303790697907795210078047774390766665400)
2025-10-22T01:39:50.121083Z DEBUG network::router::network_router: /home/runner/.cargo/git/checkouts/async-mpc-1dbbf554a14e7a32/b307074/network/src/router/network_router.rs:79: Handling connection request to peer 0461a5    
2025-10-22T01:39:50.126308Z DEBUG network::router::state::connection_handlers: /home/runner/.cargo/git/checkouts/async-mpc-1dbbf554a14e7a32/b307074/network/src/router/state/connection_handlers.rs:44: Handling internal connection request: ConnectionRequest { expected_peer_id: 0461a5, peer_addr: 172.20.0.100:8001, response_sender: Sender { inner: Some(Inner { state: State { is_complete: false, is_closed: false, is_rx_task_set: true, is_tx_task_set: false } }) } }    
2025-10-22T01:39:50.149138Z DEBUG network::router::state::connection_handlers: /home/runner/.cargo/git/checkouts/async-mpc-1dbbf554a14e7a32/b307074/network/src/router/state/connection_handlers.rs:65: Connection not established yet: 172.20.0.100:8001    
2025-10-22T01:39:50.158354Z DEBUG network::router::state::connection_handlers: /home/runner/.cargo/git/checkouts/async-mpc-1dbbf554a14e7a32/b307074/network/src/router/state/connection_handlers.rs:100: Connecting to peer: 172.20.0.100:8001    
2025-10-22T01:39:50.306387Z DEBUG network::router::state::connection_handlers: /home/runner/.cargo/git/checkouts/async-mpc-1dbbf554a14e7a32/b307074/network/src/router/state/connection_handlers.rs:128: Connecting and checking ID of peer: 172.20.0.100:8001    
2025-10-22T01:39:50.330857Z DEBUG network::router::network_router: /home/runner/.cargo/git/checkouts/async-mpc-1dbbf554a14e7a32/b307074/network/src/router/network_router.rs:85: Connection request to peer 0461a5 handled    
2025-10-22T01:40:07.102144Z  WARN arx::program: arx/src/program.rs:322: Pub/sub connection closed or error occurred, reconnecting...
2025-10-22T01:40:07.095141Z  WARN arx::program: arx/src/program.rs:322: Pub/sub connection closed or error occurred, reconnecting...
2025-10-22T01:40:07.087315Z  WARN arx::program: arx/src/program.rs:322: Pub/sub connection closed or error occurred, reconnecting...
2025-10-22T01:40:07.128089Z  INFO arx::program: arx/src/program.rs:327: Reconnecting pub/sub client
2025-10-22T01:40:07.090075Z  WARN arx::program: arx/src/program.rs:322: Pub/sub connection closed or error occurred, reconnecting...
2025-10-22T01:40:07.141378Z  INFO arx::program: arx/src/program.rs:327: Reconnecting pub/sub client
2025-10-22T01:40:07.126577Z  INFO arx::program: arx/src/program.rs:327: Reconnecting pub/sub client
2025-10-22T01:40:07.126609Z  INFO arx::program: arx/src/program.rs:327: Reconnecting pub/sub client
2025-10-22T01:40:07.210033Z  WARN arx::program: arx/src/program.rs:375: Attempt 1/5: Failed to create new pub/sub: unable to connect to server
2025-10-22T01:40:07.210029Z  WARN arx::program: arx/src/program.rs:375: Attempt 1/5: Failed to create new pub/sub: unable to connect to server
2025-10-22T01:40:07.210371Z  WARN arx::program: arx/src/program.rs:375: Attempt 1/5: Failed to create new pub/sub: unable to connect to server
2025-10-22T01:40:07.211862Z  WARN arx::program: arx/src/program.rs:375: Attempt 1/5: Failed to create new pub/sub: unable to connect to server
2025-10-22T01:40:08.233237Z  WARN arx::program: arx/src/program.rs:375: Attempt 2/5: Failed to create new pub/sub: unable to connect to server
2025-10-22T01:40:08.234591Z  WARN arx::program: arx/src/program.rs:375: Attempt 2/5: Failed to create new pub/sub: unable to connect to server
2025-10-22T01:40:08.236057Z  WARN arx::program: arx/src/program.rs:375: Attempt 2/5: Failed to create new pub/sub: unable to connect to server
2025-10-22T01:40:08.236548Z  WARN arx::program: arx/src/program.rs:375: Attempt 2/5: Failed to create new pub/sub: unable to connect to server
2025-10-22T01:40:10.255421Z  WARN arx::program: arx/src/program.rs:375: Attempt 3/5: Failed to create new pub/sub: unable to connect to server
2025-10-22T01:40:10.255576Z  WARN arx::program: arx/src/program.rs:375: Attempt 3/5: Failed to create new pub/sub: unable to connect to server
2025-10-22T01:40:10.255803Z  WARN arx::program: arx/src/program.rs:375: Attempt 3/5: Failed to create new pub/sub: unable to connect to server
2025-10-22T01:40:10.257589Z  WARN arx::program: arx/src/program.rs:375: Attempt 3/5: Failed to create new pub/sub: unable to connect to server
2025-10-22T01:40:14.331628Z  INFO arx::program: arx/src/program.rs:337: Re-fetching initial state for account: GgSqqAyH7AVY3Umcv8NvncrjFaNJuQLmxzxFxPoPW2Yd
2025-10-22T01:40:14.331824Z  INFO arx::program: arx/src/program.rs:337: Re-fetching initial state for account: Eii8e5feybZsNs1xJcmktof6LkWNGrAdTk179oL3ZZyv
2025-10-22T01:40:14.331442Z  INFO arx::program: arx/src/program.rs:337: Re-fetching initial state for account: Hr1JyvtPK92L69Ao8AH7k3NLAchEgcLkRmdw3nFQQBLz
2025-10-22T01:40:14.341371Z  INFO arx::program: arx/src/program.rs:337: Re-fetching initial state for account: CQF2VydaWEk5ZkVRi5q3LxoQTkJNHsRSc2yuUAMS1qUc
2025-10-22T01:40:14.453246Z  INFO arx::program: arx/src/program.rs:349: Re-subscribing to account: Eii8e5feybZsNs1xJcmktof6LkWNGrAdTk179oL3ZZyv
2025-10-22T01:40:14.454361Z  WARN arx::program: arx/src/program.rs:144: Attempt 1/5: Failed to fetch account Hr1JyvtPK92L69Ao8AH7k3NLAchEgcLkRmdw3nFQQBLz: Account not found
2025-10-22T01:40:14.454832Z  INFO arx::program: arx/src/program.rs:349: Re-subscribing to account: CQF2VydaWEk5ZkVRi5q3LxoQTkJNHsRSc2yuUAMS1qUc
2025-10-22T01:40:14.455423Z  INFO arx::program: arx/src/program.rs:349: Re-subscribing to account: GgSqqAyH7AVY3Umcv8NvncrjFaNJuQLmxzxFxPoPW2Yd
2025-10-22T01:40:14.455376Z DEBUG arx::units::mempool_unit: arx/src/units/mempool_unit.rs:136: Processing new mempool update for account: Eii8e5feybZsNs1xJcmktof6LkWNGrAdTk179oL3ZZyv
2025-10-22T01:40:14.455890Z DEBUG arx::units::mxe_unit: arx/src/units/mxe_unit.rs:129: Processing cluster update for account: GgSqqAyH7AVY3Umcv8NvncrjFaNJuQLmxzxFxPoPW2Yd
2025-10-22T01:40:14.457409Z DEBUG arx::units::execpool_unit: arx/src/units/execpool_unit.rs:188: Execpool account CQF2VydaWEk5ZkVRi5q3LxoQTkJNHsRSc2yuUAMS1qUc contains the same computations, skipping update
2025-10-22T01:40:14.456783Z DEBUG arx::units::mempool_unit: arx/src/units/mempool_unit.rs:175: Mempool account Eii8e5feybZsNs1xJcmktof6LkWNGrAdTk179oL3ZZyv contains the same computations, skipping update
2025-10-22T01:40:15.459026Z  WARN arx::program: arx/src/program.rs:144: Attempt 2/5: Failed to fetch account Hr1JyvtPK92L69Ao8AH7k3NLAchEgcLkRmdw3nFQQBLz: Account not found
2025-10-22T01:40:17.462600Z  WARN arx::program: arx/src/program.rs:144: Attempt 3/5: Failed to fetch account Hr1JyvtPK92L69Ao8AH7k3NLAchEgcLkRmdw3nFQQBLz: Account not found
2025-10-22T01:40:21.466732Z  WARN arx::program: arx/src/program.rs:144: Attempt 4/5: Failed to fetch account Hr1JyvtPK92L69Ao8AH7k3NLAchEgcLkRmdw3nFQQBLz: Account not found
2025-10-22T01:40:29.469452Z  WARN arx::program: arx/src/program.rs:144: Attempt 5/5: Failed to fetch account Hr1JyvtPK92L69Ao8AH7k3NLAchEgcLkRmdw3nFQQBLz: Account not found
2025-10-22T01:40:29.469745Z ERROR arx::program: arx/src/program.rs:346: Failed to re-fetch initial state for account Hr1JyvtPK92L69Ao8AH7k3NLAchEgcLkRmdw3nFQQBLz: RPC error: Attempt 5/5: Failed to fetch account Hr1JyvtPK92L69Ao8AH7k3NLAchEgcLkRmdw3nFQQBLz: Account not found
2025-10-22T01:40:29.470130Z  INFO arx::program: arx/src/program.rs:349: Re-subscribing to account: Hr1JyvtPK92L69Ao8AH7k3NLAchEgcLkRmdw3nFQQBLz
2025-10-22T01:40:32.170325Z  WARN arx::program: arx/src/program.rs:322: Pub/sub connection closed or error occurred, reconnecting...
2025-10-22T01:40:32.174726Z  INFO arx::program: arx/src/program.rs:327: Reconnecting pub/sub client
2025-10-22T01:40:32.171810Z  WARN arx::program: arx/src/program.rs:322: Pub/sub connection closed or error occurred, reconnecting...
2025-10-22T01:40:32.184625Z  INFO arx::program: arx/src/program.rs:327: Reconnecting pub/sub client
2025-10-22T01:40:32.171548Z  WARN arx::program: arx/src/program.rs:322: Pub/sub connection closed or error occurred, reconnecting...
2025-10-22T01:40:32.183058Z  WARN arx::program: arx/src/program.rs:322: Pub/sub connection closed or error occurred, reconnecting...
2025-10-22T01:40:32.190296Z  INFO arx::program: arx/src/program.rs:327: Reconnecting pub/sub client
2025-10-22T01:40:32.187430Z  WARN arx::program: arx/src/program.rs:375: Attempt 1/5: Failed to create new pub/sub: unable to connect to server
2025-10-22T01:40:32.189154Z  INFO arx::program: arx/src/program.rs:327: Reconnecting pub/sub client
2025-10-22T01:40:32.217858Z  WARN arx::program: arx/src/program.rs:375: Attempt 1/5: Failed to create new pub/sub: unable to connect to server
2025-10-22T01:40:32.218120Z  WARN arx::program: arx/src/program.rs:375: Attempt 1/5: Failed to create new pub/sub: unable to connect to server
2025-10-22T01:40:32.220965Z  WARN arx::program: arx/src/program.rs:375: Attempt 1/5: Failed to create new pub/sub: unable to connect to server
2025-10-22T01:40:33.210506Z  WARN arx::program: arx/src/program.rs:375: Attempt 2/5: Failed to create new pub/sub: unable to connect to server
2025-10-22T01:40:33.231123Z  WARN arx::program: arx/src/program.rs:375: Attempt 2/5: Failed to create new pub/sub: unable to connect to server
2025-10-22T01:40:33.247460Z  WARN arx::program: arx/src/program.rs:375: Attempt 2/5: Failed to create new pub/sub: unable to connect to server
2025-10-22T01:40:33.253686Z  WARN arx::program: arx/src/program.rs:375: Attempt 2/5: Failed to create new pub/sub: unable to connect to server
2025-10-22T01:40:35.220430Z  WARN arx::program: arx/src/program.rs:375: Attempt 3/5: Failed to create new pub/sub: unable to connect to server
2025-10-22T01:40:35.248727Z  WARN arx::program: arx/src/program.rs:375: Attempt 3/5: Failed to create new pub/sub: unable to connect to server
2025-10-22T01:40:35.253453Z  WARN arx::program: arx/src/program.rs:375: Attempt 3/5: Failed to create new pub/sub: unable to connect to server
2025-10-22T01:40:35.268817Z  WARN arx::program: arx/src/program.rs:375: Attempt 3/5: Failed to create new pub/sub: unable to connect to server
2025-10-22T01:40:39.238538Z  INFO arx::program: arx/src/program.rs:337: Re-fetching initial state for account: CQF2VydaWEk5ZkVRi5q3LxoQTkJNHsRSc2yuUAMS1qUc
2025-10-22T01:40:39.278539Z  INFO arx::program: arx/src/program.rs:349: Re-subscribing to account: CQF2VydaWEk5ZkVRi5q3LxoQTkJNHsRSc2yuUAMS1qUc
2025-10-22T01:40:39.282274Z DEBUG arx::units::execpool_unit: arx/src/units/execpool_unit.rs:188: Execpool account CQF2VydaWEk5ZkVRi5q3LxoQTkJNHsRSc2yuUAMS1qUc contains the same computations, skipping update
2025-10-22T01:40:39.321160Z  INFO arx::program: arx/src/program.rs:337: Re-fetching initial state for account: Eii8e5feybZsNs1xJcmktof6LkWNGrAdTk179oL3ZZyv
2025-10-22T01:40:39.333171Z  INFO arx::program: arx/src/program.rs:337: Re-fetching initial state for account: GgSqqAyH7AVY3Umcv8NvncrjFaNJuQLmxzxFxPoPW2Yd
2025-10-22T01:40:39.339092Z  INFO arx::program: arx/src/program.rs:337: Re-fetching initial state for account: Hr1JyvtPK92L69Ao8AH7k3NLAchEgcLkRmdw3nFQQBLz
2025-10-22T01:40:39.345670Z  INFO arx::program: arx/src/program.rs:349: Re-subscribing to account: Eii8e5feybZsNs1xJcmktof6LkWNGrAdTk179oL3ZZyv
2025-10-22T01:40:39.354384Z DEBUG arx::units::mempool_unit: arx/src/units/mempool_unit.rs:136: Processing new mempool update for account: Eii8e5feybZsNs1xJcmktof6LkWNGrAdTk179oL3ZZyv
2025-10-22T01:40:39.355098Z  INFO arx::program: arx/src/program.rs:349: Re-subscribing to account: GgSqqAyH7AVY3Umcv8NvncrjFaNJuQLmxzxFxPoPW2Yd
2025-10-22T01:40:39.373875Z DEBUG arx::units::mxe_unit: arx/src/units/mxe_unit.rs:129: Processing cluster update for account: GgSqqAyH7AVY3Umcv8NvncrjFaNJuQLmxzxFxPoPW2Yd
2025-10-22T01:40:39.364624Z  WARN arx::program: arx/src/program.rs:144: Attempt 1/5: Failed to fetch account Hr1JyvtPK92L69Ao8AH7k3NLAchEgcLkRmdw3nFQQBLz: Account not found
2025-10-22T01:40:39.365991Z DEBUG arx::units::mempool_unit: arx/src/units/mempool_unit.rs:175: Mempool account Eii8e5feybZsNs1xJcmktof6LkWNGrAdTk179oL3ZZyv contains the same computations, skipping update
2025-10-22T01:40:40.388564Z  WARN arx::program: arx/src/program.rs:144: Attempt 2/5: Failed to fetch account Hr1JyvtPK92L69Ao8AH7k3NLAchEgcLkRmdw3nFQQBLz: Account not found
2025-10-22T01:40:42.392687Z  WARN arx::program: arx/src/program.rs:144: Attempt 3/5: Failed to fetch account Hr1JyvtPK92L69Ao8AH7k3NLAchEgcLkRmdw3nFQQBLz: Account not found
2025-10-22T01:40:46.396803Z  WARN arx::program: arx/src/program.rs:144: Attempt 4/5: Failed to fetch account Hr1JyvtPK92L69Ao8AH7k3NLAchEgcLkRmdw3nFQQBLz: Account not found
2025-10-22T01:40:54.400621Z  WARN arx::program: arx/src/program.rs:144: Attempt 5/5: Failed to fetch account Hr1JyvtPK92L69Ao8AH7k3NLAchEgcLkRmdw3nFQQBLz: Account not found
2025-10-22T01:40:54.402045Z ERROR arx::program: arx/src/program.rs:346: Failed to re-fetch initial state for account Hr1JyvtPK92L69Ao8AH7k3NLAchEgcLkRmdw3nFQQBLz: RPC error: Attempt 5/5: Failed to fetch account Hr1JyvtPK92L69Ao8AH7k3NLAchEgcLkRmdw3nFQQBLz: Account not found
2025-10-22T01:40:54.402332Z  INFO arx::program: arx/src/program.rs:349: Re-subscribing to account: Hr1JyvtPK92L69Ao8AH7k3NLAchEgcLkRmdw3nFQQBLz
