2025-10-21T18:14:25.230115Z DEBUG arx: arx/src/main.rs:53: Checking Solana is up and running
2025-10-21T18:14:25.308163Z  WARN arx::utils: arx/src/utils.rs:66: Attempt 1/5: RPC error while calling client.get_version().map_err(|e|
ArxError::RpcError(format!("Failed to check cluster status: {}", e))): RPC error: Failed to check cluster status: error sending request for url (http://host.docker.internal:8899/): error trying to connect: tcp connect error: Connection refused (os error 111)
2025-10-21T18:14:26.318041Z  WARN arx::utils: arx/src/utils.rs:66: Attempt 2/5: RPC error while calling client.get_version().map_err(|e|
ArxError::RpcError(format!("Failed to check cluster status: {}", e))): RPC error: Failed to check cluster status: error sending request for url (http://host.docker.internal:8899/): error trying to connect: tcp connect error: Connection refused (os error 111)
2025-10-21T18:14:28.326604Z  WARN arx::utils: arx/src/utils.rs:66: Attempt 3/5: RPC error while calling client.get_version().map_err(|e|
ArxError::RpcError(format!("Failed to check cluster status: {}", e))): RPC error: Failed to check cluster status: error sending request for url (http://host.docker.internal:8899/): error trying to connect: tcp connect error: Connection refused (os error 111)
2025-10-21T18:14:32.370322Z  INFO arx: arx/src/main.rs:58: Running ARX
2025-10-21T18:14:32.370704Z DEBUG arx: arx/src/main.rs:60: Reading node keypair, callback authority keypair, and identity files from env
2025-10-21T18:14:32.371222Z DEBUG arx: arx/src/main.rs:68: Reading node keypair, callback authority keypair, and identity files
2025-10-21T18:14:32.381869Z DEBUG arx: arx/src/main.rs:78: Installing AWS LC crypto provider
2025-10-21T18:14:32.383913Z  INFO arx: arx/src/main.rs:83: Creating ARX coordinator
2025-10-21T18:14:32.502617Z DEBUG arx::units::online_phase_unit: arx/src/units/online_phase_unit.rs:121: Loaded MXE private shares for CQvzhuYp299gu8rDs4RyLg1cDgnbDZiEdK51NcnSVwGm
2025-10-21T18:14:32.505035Z  INFO arx::units::cache_unit: arx/src/units/cache_unit.rs:88: Cache unit started
2025-10-21T18:14:32.505754Z  INFO arx::units::circuit_unit: arx/src/units/circuit_unit.rs:107: Circuit unit started
2025-10-21T18:14:32.507054Z  INFO arx::units::cluster_unit: arx/src/units/cluster_unit.rs:66: Cluster unit started
2025-10-21T18:14:32.507316Z DEBUG arx::units::cluster_unit: arx/src/units/cluster_unit.rs:68: Running pub/sub for arx node account
2025-10-21T18:14:32.508519Z  INFO arx::units::computation_transaction_unit: arx/src/units/computation_transaction_unit.rs:89: Computation transaction unit started
2025-10-21T18:14:32.510203Z  INFO arx::units::execpool_unit: arx/src/units/execpool_unit.rs:80: Execpool unit started
2025-10-21T18:14:32.510309Z DEBUG arx::units::execpool_unit: arx/src/units/execpool_unit.rs:82: Running pub/sub for mempools accounts
2025-10-21T18:14:32.511083Z DEBUG arx::units::cluster_unit: arx/src/units/cluster_unit.rs:78: Subscribing to arx node account
2025-10-21T18:14:32.511264Z  INFO arx::units::computation_unit: arx/src/units/computation_unit.rs:74: Inputs unit started
2025-10-21T18:14:32.511946Z  INFO arx::units::mempool_unit: arx/src/units/mempool_unit.rs:77: Mempool unit started
2025-10-21T18:14:32.512005Z DEBUG arx::units::mempool_unit: arx/src/units/mempool_unit.rs:79: Running pub/sub for mempools accounts
2025-10-21T18:14:32.514093Z  INFO arx::units::mxe_unit: arx/src/units/mxe_unit.rs:75: MXE unit started
2025-10-21T18:14:32.514595Z  INFO arx::units::node_transaction_unit: arx/src/units/node_transaction_unit.rs:65: Node transaction unit started
2025-10-21T18:14:32.514649Z  INFO arx::units::node_transaction_unit: arx/src/units/node_transaction_unit.rs:67: Activating node
2025-10-21T18:14:32.514684Z DEBUG arx::units::mxe_unit: arx/src/units/mxe_unit.rs:77: Running pub/sub for clusters accounts
2025-10-21T18:14:32.515694Z  INFO arx::units::online_phase_unit: arx/src/units/online_phase_unit.rs:152: Online phase unit started
2025-10-21T18:14:32.516855Z  INFO arx::units::peers_unit: arx/src/units/peers_unit.rs:76: Peers unit started
2025-10-21T18:14:32.517183Z  INFO arx: arx/src/main.rs:93: Coordinator created successfully
2025-10-21T18:14:32.517265Z  INFO arx::units::state_unit: arx/src/units/state_unit.rs:109: State unit started
2025-10-21T18:14:32.517962Z  INFO arx: arx/src/main.rs:102: Starting ARX coordinator
2025-10-21T18:14:32.519083Z  INFO arx::program: arx/src/program.rs:242: Pub/sub client started
2025-10-21T18:14:32.519578Z  INFO arx::program: arx/src/program.rs:244: Connecting initial pub/sub
2025-10-21T18:14:32.520455Z  INFO arx: arx/src/main.rs:105: Waiting for Ctrl+C
2025-10-21T18:14:32.521293Z  INFO arx::program: arx/src/program.rs:242: Pub/sub client started
2025-10-21T18:14:32.521336Z  INFO arx::program: arx/src/program.rs:244: Connecting initial pub/sub
2025-10-21T18:14:32.521478Z  INFO arx::coordinator: arx/src/coordinator.rs:198: Coordinator started
2025-10-21T18:14:32.522380Z  INFO arx::program: arx/src/program.rs:242: Pub/sub client started
2025-10-21T18:14:32.522418Z  INFO arx::program: arx/src/program.rs:244: Connecting initial pub/sub
2025-10-21T18:14:32.524315Z  INFO arx::program: arx/src/program.rs:242: Pub/sub client started
2025-10-21T18:14:32.524413Z  INFO arx::program: arx/src/program.rs:244: Connecting initial pub/sub
2025-10-21T18:14:32.554133Z  INFO arx::program: arx/src/program.rs:267: Fetching initial state for account: CRGqVGabHcGms6kVD7A1KsgNwLsFS8oEkyeGpvioBBKh
2025-10-21T18:14:32.560473Z  INFO arx::program: arx/src/program.rs:279: Subscribing to account: CRGqVGabHcGms6kVD7A1KsgNwLsFS8oEkyeGpvioBBKh
2025-10-21T18:14:32.562750Z DEBUG arx::units::cluster_unit: arx/src/units/cluster_unit.rs:101: Processing arx node update
2025-10-21T18:14:33.016012Z DEBUG arx::program: arx/src/program.rs:312: Received update for account: CRGqVGabHcGms6kVD7A1KsgNwLsFS8oEkyeGpvioBBKh
2025-10-21T18:14:33.016334Z DEBUG arx::units::cluster_unit: arx/src/units/cluster_unit.rs:101: Processing arx node update
2025-10-21T18:14:33.081218Z  INFO arx::units::node_transaction_unit: arx/src/units/node_transaction_unit.rs:70: Node activated
2025-10-21T18:14:33.082066Z DEBUG arx::coordinator: arx/src/coordinator.rs:204: Coordinator received activation unit message: activated
2025-10-21T18:14:33.083898Z DEBUG arx::coordinator: arx/src/coordinator.rs:251: Coordinator received cluster unit message: cluster: 0, status: Joined
2025-10-21T18:14:33.085696Z DEBUG arx::units::mxe_unit: arx/src/units/mxe_unit.rs:112: Subscribing to cluster: GgSqqAyH7AVY3Umcv8NvncrjFaNJuQLmxzxFxPoPW2Yd
2025-10-21T18:14:33.085986Z  INFO arx::program: arx/src/program.rs:267: Fetching initial state for account: GgSqqAyH7AVY3Umcv8NvncrjFaNJuQLmxzxFxPoPW2Yd
2025-10-21T18:14:33.089930Z  INFO arx::program: arx/src/program.rs:279: Subscribing to account: GgSqqAyH7AVY3Umcv8NvncrjFaNJuQLmxzxFxPoPW2Yd
2025-10-21T18:14:33.090198Z DEBUG arx::units::mxe_unit: arx/src/units/mxe_unit.rs:129: Processing cluster update for account: GgSqqAyH7AVY3Umcv8NvncrjFaNJuQLmxzxFxPoPW2Yd
2025-10-21T18:14:33.091160Z DEBUG arx::coordinator: arx/src/coordinator.rs:349: Coordinator received mxe unit message: cluster: GgSqqAyH7AVY3Umcv8NvncrjFaNJuQLmxzxFxPoPW2Yd, mxe: CQvzhuYp299gu8rDs4RyLg1cDgnbDZiEdK51NcnSVwGm, status: Joined
2025-10-21T18:14:33.091474Z DEBUG arx::units::execpool_unit: arx/src/units/execpool_unit.rs:120: Subscribing to execpool account: CQF2VydaWEk5ZkVRi5q3LxoQTkJNHsRSc2yuUAMS1qUc
2025-10-21T18:14:33.091600Z DEBUG arx::units::mempool_unit: arx/src/units/mempool_unit.rs:113: Subscribing to mempool account: Eii8e5feybZsNs1xJcmktof6LkWNGrAdTk179oL3ZZyv
2025-10-21T18:14:33.091943Z  INFO arx::program: arx/src/program.rs:267: Fetching initial state for account: CQF2VydaWEk5ZkVRi5q3LxoQTkJNHsRSc2yuUAMS1qUc
2025-10-21T18:14:33.091996Z  INFO arx::program: arx/src/program.rs:267: Fetching initial state for account: Eii8e5feybZsNs1xJcmktof6LkWNGrAdTk179oL3ZZyv
2025-10-21T18:14:33.094549Z  INFO arx::program: arx/src/program.rs:279: Subscribing to account: CQF2VydaWEk5ZkVRi5q3LxoQTkJNHsRSc2yuUAMS1qUc
2025-10-21T18:14:33.096564Z  INFO arx::program: arx/src/program.rs:279: Subscribing to account: Eii8e5feybZsNs1xJcmktof6LkWNGrAdTk179oL3ZZyv
2025-10-21T18:14:33.097483Z DEBUG arx::units::mempool_unit: arx/src/units/mempool_unit.rs:136: Processing new mempool update for account: Eii8e5feybZsNs1xJcmktof6LkWNGrAdTk179oL3ZZyv
2025-10-21T18:14:33.096760Z DEBUG arx::coordinator: arx/src/coordinator.rs:288: Coordinator received execpool unit message: computations ids: [1]
2025-10-21T18:14:33.098052Z DEBUG arx::units::mempool_unit: arx/src/units/mempool_unit.rs:175: Mempool account Eii8e5feybZsNs1xJcmktof6LkWNGrAdTk179oL3ZZyv contains the same computations, skipping update
2025-10-21T18:14:33.098344Z DEBUG arx::units::state_unit: arx/src/units/state_unit.rs:231: Processing execpool update
2025-10-21T18:14:33.098532Z DEBUG arx::units::cache_unit: arx/src/units/cache_unit.rs:144: Processing queued computation: ArxComputationReference (1,1) (cluster: GgSqqAyH7AVY3Umcv8NvncrjFaNJuQLmxzxFxPoPW2Yd, mxe: CQvzhuYp299gu8rDs4RyLg1cDgnbDZiEdK51NcnSVwGm)
2025-10-21T18:14:33.099736Z DEBUG arx::units::state_unit: arx/src/units/state_unit.rs:281: Prefetching and executing computation: ArxComputationReference (1,1) (cluster: GgSqqAyH7AVY3Umcv8NvncrjFaNJuQLmxzxFxPoPW2Yd, mxe: CQvzhuYp299gu8rDs4RyLg1cDgnbDZiEdK51NcnSVwGm) with status (index: 0, executed: false)
2025-10-21T18:14:33.100031Z DEBUG arx::coordinator: arx/src/coordinator.rs:384: Coordinator received state unit message: prefetch computation: ArxComputationReference (1,1) (cluster: GgSqqAyH7AVY3Umcv8NvncrjFaNJuQLmxzxFxPoPW2Yd, mxe: CQvzhuYp299gu8rDs4RyLg1cDgnbDZiEdK51NcnSVwGm)
2025-10-21T18:14:33.100323Z DEBUG arx::coordinator: arx/src/coordinator.rs:405: Coordinator received state unit message: execute computation: ArxComputationReference (1,1) (cluster: GgSqqAyH7AVY3Umcv8NvncrjFaNJuQLmxzxFxPoPW2Yd, mxe: CQvzhuYp299gu8rDs4RyLg1cDgnbDZiEdK51NcnSVwGm)
2025-10-21T18:14:33.100996Z DEBUG arx::units::peers_unit: arx/src/units/peers_unit.rs:111: Processing cluster: GgSqqAyH7AVY3Umcv8NvncrjFaNJuQLmxzxFxPoPW2Yd
2025-10-21T18:14:33.101057Z DEBUG arx::units::circuit_unit: arx/src/units/circuit_unit.rs:148: Processing computation definition: Dpz7xMiZ29fGETVJc3rnexMZSq7G4quyeMrZzbWt88R3
2025-10-21T18:14:33.106440Z DEBUG arx::coordinator: arx/src/coordinator.rs:309: Coordinator prefetched computation ArxComputationReference (1,1) (cluster: GgSqqAyH7AVY3Umcv8NvncrjFaNJuQLmxzxFxPoPW2Yd, mxe: CQvzhuYp299gu8rDs4RyLg1cDgnbDZiEdK51NcnSVwGm)
2025-10-21T18:14:33.106750Z DEBUG arx::coordinator: arx/src/coordinator.rs:312: Coordinator fetched computation ArxComputation 303790697907795210078047774390766665400 (cluster: GgSqqAyH7AVY3Umcv8NvncrjFaNJuQLmxzxFxPoPW2Yd, mxe: CQvzhuYp299gu8rDs4RyLg1cDgnbDZiEdK51NcnSVwGm) inputs
2025-10-21T18:14:33.108507Z DEBUG arx::units::cache_unit: arx/src/units/cache_unit.rs:246: Processing fetched inputs: Cerberus Inputs
2025-10-21T18:14:33.115055Z DEBUG arx::units::circuit_unit: arx/src/units/circuit_unit.rs:198: Deserializing circuit data
2025-10-21T18:14:33.118617Z DEBUG arx::coordinator: arx/src/coordinator.rs:373: Coordinator received peers unit message
2025-10-21T18:14:33.118759Z DEBUG arx::units::circuit_unit: arx/src/units/circuit_unit.rs:215: Inserting circuit info into cache
2025-10-21T18:14:33.119080Z DEBUG arx::units::cache_unit: arx/src/units/cache_unit.rs:209: Processing fetched peers: PeersInfo { cluster: GgSqqAyH7AVY3Umcv8NvncrjFaNJuQLmxzxFxPoPW2Yd, peer_number: 3 }
2025-10-21T18:14:33.120527Z DEBUG arx::coordinator: arx/src/coordinator.rs:241: Coordinator received circuit unit message
2025-10-21T18:14:33.120715Z DEBUG arx::units::cache_unit: arx/src/units/cache_unit.rs:170: Processing fetched circuit: CircuitInfo Dpz7xMiZ29fGETVJc3rnexMZSq7G4quyeMrZzbWt88R3
2025-10-21T18:14:33.121056Z DEBUG arx::coordinator: arx/src/coordinator.rs:221: Coordinator received cache unit message
2025-10-21T18:14:33.121112Z DEBUG arx::coordinator: arx/src/coordinator.rs:221: Coordinator received cache unit message
2025-10-21T18:14:33.121303Z DEBUG arx::units::state_unit: arx/src/units/state_unit.rs:296: Processing prefetched computation
2025-10-21T18:14:33.121993Z  WARN arx::units::online_phase_unit: arx/src/units/online_phase_unit.rs:195: Overwriting existing private shares for MXE keygen computation
2025-10-21T18:14:33.123830Z  INFO arx::units::online_phase_unit: arx/src/units/online_phase_unit.rs:326: Processing Cerberus computation with id 303790697907795210078047774390766665400
2025-10-21T18:14:33.123916Z DEBUG arx::units::online_phase_unit: arx/src/units/online_phase_unit.rs:328: Connecting to peers (303790697907795210078047774390766665400)
2025-10-21T18:14:33.124628Z DEBUG network::router::network_router: /home/runner/.cargo/git/checkouts/async-mpc-1dbbf554a14e7a32/b307074/network/src/router/network_router.rs:79: Handling connection request to peer 0461a5    
2025-10-21T18:14:33.124922Z DEBUG network::router::state::connection_handlers: /home/runner/.cargo/git/checkouts/async-mpc-1dbbf554a14e7a32/b307074/network/src/router/state/connection_handlers.rs:44: Handling internal connection request: ConnectionRequest { expected_peer_id: 0461a5, peer_addr: 172.20.0.100:8001, response_sender: Sender { inner: Some(Inner { state: State { is_complete: false, is_closed: false, is_rx_task_set: true, is_tx_task_set: false } }) } }    
2025-10-21T18:14:33.125181Z DEBUG network::router::state::connection_handlers: /home/runner/.cargo/git/checkouts/async-mpc-1dbbf554a14e7a32/b307074/network/src/router/state/connection_handlers.rs:65: Connection not established yet: 172.20.0.100:8001    
2025-10-21T18:14:33.125216Z DEBUG network::router::state::connection_handlers: /home/runner/.cargo/git/checkouts/async-mpc-1dbbf554a14e7a32/b307074/network/src/router/state/connection_handlers.rs:100: Connecting to peer: 172.20.0.100:8001    
2025-10-21T18:14:33.134442Z DEBUG network::router::state::connection_handlers: /home/runner/.cargo/git/checkouts/async-mpc-1dbbf554a14e7a32/b307074/network/src/router/state/connection_handlers.rs:128: Connecting and checking ID of peer: 172.20.0.100:8001    
2025-10-21T18:14:33.134962Z DEBUG network::router::network_router: /home/runner/.cargo/git/checkouts/async-mpc-1dbbf554a14e7a32/b307074/network/src/router/network_router.rs:85: Connection request to peer 0461a5 handled    
2025-10-21T18:14:36.807657Z DEBUG network::router::state::connection_handlers: /home/runner/.cargo/git/checkouts/async-mpc-1dbbf554a14e7a32/b307074/network/src/router/state/connection_handlers.rs:227: Handling incoming connection request from peer: 172.20.0.101:8001    
2025-10-21T18:14:36.808289Z DEBUG network::router::state::connection_handlers: /home/runner/.cargo/git/checkouts/async-mpc-1dbbf554a14e7a32/b307074/network/src/router/state/connection_handlers.rs:227: Handling incoming connection request from peer: 172.20.0.102:8001    
2025-10-21T18:14:36.821040Z DEBUG network::router::state::connection_handlers: /home/runner/.cargo/git/checkouts/async-mpc-1dbbf554a14e7a32/b307074/network/src/router/state/connection_handlers.rs:280: Checking connection liveness to peer: 172.20.0.100:8001    
2025-10-21T18:14:36.822922Z DEBUG network::router::state::connection_handlers: /home/runner/.cargo/git/checkouts/async-mpc-1dbbf554a14e7a32/b307074/network/src/router/state/connection_handlers.rs:168: Outcome of connection to peer 172.20.0.100:8001 sent.    
2025-10-21T18:14:36.823434Z DEBUG network::router::state::connection_handlers: /home/runner/.cargo/git/checkouts/async-mpc-1dbbf554a14e7a32/b307074/network/src/router/state/connection_handlers.rs:188: Handling established connection to peer: 172.20.0.100:8001    
2025-10-21T18:14:36.824057Z  INFO network::router::state::substream_handlers: /home/runner/.cargo/git/checkouts/async-mpc-1dbbf554a14e7a32/b307074/network/src/router/state/substream_handlers.rs:217: Listening to substream requests from address 172.20.0.100:8001.    
2025-10-21T18:14:36.824486Z DEBUG network::router::network_router: /home/runner/.cargo/git/checkouts/async-mpc-1dbbf554a14e7a32/b307074/network/src/router/network_router.rs:79: Handling connection request to peer cf7093    
2025-10-21T18:14:36.824527Z DEBUG network::router::state::connection_handlers: /home/runner/.cargo/git/checkouts/async-mpc-1dbbf554a14e7a32/b307074/network/src/router/state/connection_handlers.rs:44: Handling internal connection request: ConnectionRequest { expected_peer_id: cf7093, peer_addr: 172.20.0.101:8001, response_sender: Sender { inner: Some(Inner { state: State { is_complete: false, is_closed: false, is_rx_task_set: true, is_tx_task_set: false } }) } }    
2025-10-21T18:14:36.824613Z DEBUG network::router::state::connection_handlers: /home/runner/.cargo/git/checkouts/async-mpc-1dbbf554a14e7a32/b307074/network/src/router/state/connection_handlers.rs:65: Connection not established yet: 172.20.0.101:8001    
2025-10-21T18:14:36.824655Z DEBUG network::router::state::connection_handlers: /home/runner/.cargo/git/checkouts/async-mpc-1dbbf554a14e7a32/b307074/network/src/router/state/connection_handlers.rs:100: Connecting to peer: 172.20.0.101:8001    
2025-10-21T18:14:36.830565Z DEBUG network::router::state::connection_handlers: /home/runner/.cargo/git/checkouts/async-mpc-1dbbf554a14e7a32/b307074/network/src/router/state/connection_handlers.rs:128: Connecting and checking ID of peer: 172.20.0.101:8001    
2025-10-21T18:14:36.830614Z DEBUG network::router::network_router: /home/runner/.cargo/git/checkouts/async-mpc-1dbbf554a14e7a32/b307074/network/src/router/network_router.rs:85: Connection request to peer cf7093 handled    
2025-10-21T18:14:36.832391Z DEBUG network::router::state::connection_handlers: /home/runner/.cargo/git/checkouts/async-mpc-1dbbf554a14e7a32/b307074/network/src/router/state/connection_handlers.rs:280: Checking connection liveness to peer: 172.20.0.101:8001    
2025-10-21T18:14:36.832528Z DEBUG network::router::state::connection_handlers: /home/runner/.cargo/git/checkouts/async-mpc-1dbbf554a14e7a32/b307074/network/src/router/state/connection_handlers.rs:168: Outcome of connection to peer 172.20.0.101:8001 sent.    
2025-10-21T18:14:36.832587Z DEBUG network::router::state::connection_handlers: /home/runner/.cargo/git/checkouts/async-mpc-1dbbf554a14e7a32/b307074/network/src/router/state/connection_handlers.rs:188: Handling established connection to peer: 172.20.0.101:8001    
2025-10-21T18:14:36.832633Z  INFO network::router::state::substream_handlers: /home/runner/.cargo/git/checkouts/async-mpc-1dbbf554a14e7a32/b307074/network/src/router/state/substream_handlers.rs:217: Listening to substream requests from address 172.20.0.101:8001.    
2025-10-21T18:14:36.833388Z DEBUG network::router::network_router: /home/runner/.cargo/git/checkouts/async-mpc-1dbbf554a14e7a32/b307074/network/src/router/network_router.rs:79: Handling connection request to peer b9d570    
2025-10-21T18:14:36.833486Z DEBUG network::router::state::connection_handlers: /home/runner/.cargo/git/checkouts/async-mpc-1dbbf554a14e7a32/b307074/network/src/router/state/connection_handlers.rs:44: Handling internal connection request: ConnectionRequest { expected_peer_id: b9d570, peer_addr: 172.20.0.102:8001, response_sender: Sender { inner: Some(Inner { state: State { is_complete: false, is_closed: false, is_rx_task_set: true, is_tx_task_set: false } }) } }    
2025-10-21T18:14:36.833543Z DEBUG network::router::state::connection_handlers: /home/runner/.cargo/git/checkouts/async-mpc-1dbbf554a14e7a32/b307074/network/src/router/state/connection_handlers.rs:65: Connection not established yet: 172.20.0.102:8001    
2025-10-21T18:14:36.833586Z DEBUG network::router::state::connection_handlers: /home/runner/.cargo/git/checkouts/async-mpc-1dbbf554a14e7a32/b307074/network/src/router/state/connection_handlers.rs:100: Connecting to peer: 172.20.0.102:8001    
2025-10-21T18:14:36.833830Z DEBUG network::router::state::connection_handlers: /home/runner/.cargo/git/checkouts/async-mpc-1dbbf554a14e7a32/b307074/network/src/router/state/connection_handlers.rs:128: Connecting and checking ID of peer: 172.20.0.102:8001    
2025-10-21T18:14:36.833863Z DEBUG network::router::network_router: /home/runner/.cargo/git/checkouts/async-mpc-1dbbf554a14e7a32/b307074/network/src/router/network_router.rs:85: Connection request to peer b9d570 handled    
2025-10-21T18:14:36.834612Z DEBUG network::router::state::connection_handlers: /home/runner/.cargo/git/checkouts/async-mpc-1dbbf554a14e7a32/b307074/network/src/router/state/connection_handlers.rs:280: Checking connection liveness to peer: 172.20.0.102:8001    
2025-10-21T18:14:36.835494Z DEBUG network::router::state::connection_handlers: /home/runner/.cargo/git/checkouts/async-mpc-1dbbf554a14e7a32/b307074/network/src/router/state/connection_handlers.rs:168: Outcome of connection to peer 172.20.0.102:8001 sent.    
2025-10-21T18:14:36.835606Z DEBUG network::router::state::connection_handlers: /home/runner/.cargo/git/checkouts/async-mpc-1dbbf554a14e7a32/b307074/network/src/router/state/connection_handlers.rs:188: Handling established connection to peer: 172.20.0.102:8001    
2025-10-21T18:14:36.835712Z  INFO network::router::state::substream_handlers: /home/runner/.cargo/git/checkouts/async-mpc-1dbbf554a14e7a32/b307074/network/src/router/state/substream_handlers.rs:217: Listening to substream requests from address 172.20.0.102:8001.    
2025-10-21T18:14:36.835840Z DEBUG network::router::network_router: /home/runner/.cargo/git/checkouts/async-mpc-1dbbf554a14e7a32/b307074/network/src/router/network_router.rs:79: Handling connection request to peer d96e97    
2025-10-21T18:14:36.835893Z DEBUG network::router::state::connection_handlers: /home/runner/.cargo/git/checkouts/async-mpc-1dbbf554a14e7a32/b307074/network/src/router/state/connection_handlers.rs:44: Handling internal connection request: ConnectionRequest { expected_peer_id: d96e97, peer_addr: 172.20.0.104:8001, response_sender: Sender { inner: Some(Inner { state: State { is_complete: false, is_closed: false, is_rx_task_set: true, is_tx_task_set: false } }) } }    
2025-10-21T18:14:36.835965Z DEBUG network::router::state::connection_handlers: /home/runner/.cargo/git/checkouts/async-mpc-1dbbf554a14e7a32/b307074/network/src/router/state/connection_handlers.rs:65: Connection not established yet: 172.20.0.104:8001    
2025-10-21T18:14:36.835997Z DEBUG network::router::state::connection_handlers: /home/runner/.cargo/git/checkouts/async-mpc-1dbbf554a14e7a32/b307074/network/src/router/state/connection_handlers.rs:100: Connecting to peer: 172.20.0.104:8001    
2025-10-21T18:14:36.836132Z DEBUG network::router::network_router: /home/runner/.cargo/git/checkouts/async-mpc-1dbbf554a14e7a32/b307074/network/src/router/network_router.rs:85: Connection request to peer d96e97 handled    
2025-10-21T18:14:36.866159Z  INFO network::router::state::substream_handlers: /home/runner/.cargo/git/checkouts/async-mpc-1dbbf554a14e7a32/b307074/network/src/router/state/substream_handlers.rs:235: Registered incoming stream from address 172.20.0.101:8001.    
2025-10-21T18:14:36.866543Z  INFO network::router::state::substream_handlers: /home/runner/.cargo/git/checkouts/async-mpc-1dbbf554a14e7a32/b307074/network/src/router/state/substream_handlers.rs:53: Buffering substream for later processing.    
2025-10-21T18:14:36.866896Z DEBUG network::router::state::connection_handlers: /home/runner/.cargo/git/checkouts/async-mpc-1dbbf554a14e7a32/b307074/network/src/router/state/connection_handlers.rs:227: Handling incoming connection request from peer: 172.20.0.104:8001    
2025-10-21T18:14:36.867255Z DEBUG network::router::state::connection_handlers: /home/runner/.cargo/git/checkouts/async-mpc-1dbbf554a14e7a32/b307074/network/src/router/state/connection_handlers.rs:128: Connecting and checking ID of peer: 172.20.0.104:8001    
2025-10-21T18:14:36.867999Z DEBUG network::router::state::connection_handlers: /home/runner/.cargo/git/checkouts/async-mpc-1dbbf554a14e7a32/b307074/network/src/router/state/connection_handlers.rs:280: Checking connection liveness to peer: 172.20.0.104:8001    
2025-10-21T18:14:36.868301Z DEBUG network::router::state::connection_handlers: /home/runner/.cargo/git/checkouts/async-mpc-1dbbf554a14e7a32/b307074/network/src/router/state/connection_handlers.rs:168: Outcome of connection to peer 172.20.0.104:8001 sent.    
2025-10-21T18:14:36.868488Z DEBUG network::router::state::connection_handlers: /home/runner/.cargo/git/checkouts/async-mpc-1dbbf554a14e7a32/b307074/network/src/router/state/connection_handlers.rs:188: Handling established connection to peer: 172.20.0.104:8001    
2025-10-21T18:14:36.868879Z  INFO network::router::state::substream_handlers: /home/runner/.cargo/git/checkouts/async-mpc-1dbbf554a14e7a32/b307074/network/src/router/state/substream_handlers.rs:217: Listening to substream requests from address 172.20.0.104:8001.    
2025-10-21T18:14:36.869071Z DEBUG arx::units::online_phase_unit: arx/src/units/online_phase_unit.rs:343: Connected to peers (303790697907795210078047774390766665400)
2025-10-21T18:14:36.869478Z  INFO network::router::state::substream_handlers: /home/runner/.cargo/git/checkouts/async-mpc-1dbbf554a14e7a32/b307074/network/src/router/state/substream_handlers.rs:235: Registered incoming stream from address 172.20.0.102:8001.    
2025-10-21T18:14:36.869534Z  INFO network::router::state::substream_handlers: /home/runner/.cargo/git/checkouts/async-mpc-1dbbf554a14e7a32/b307074/network/src/router/state/substream_handlers.rs:53: Buffering substream for later processing.    
2025-10-21T18:14:36.870474Z DEBUG network::router::network_router: /home/runner/.cargo/git/checkouts/async-mpc-1dbbf554a14e7a32/b307074/network/src/router/network_router.rs:105: Opening substream for protocol (303790697907795210078047774390766665400, 0) with peer 0461a5    
2025-10-21T18:14:36.871138Z DEBUG network::router::network_router: /home/runner/.cargo/git/checkouts/async-mpc-1dbbf554a14e7a32/b307074/network/src/router/network_router.rs:105: Opening substream for protocol (303790697907795210078047774390766665400, 0) with peer b9d570    
2025-10-21T18:14:36.871278Z DEBUG network::router::network_router: /home/runner/.cargo/git/checkouts/async-mpc-1dbbf554a14e7a32/b307074/network/src/router/network_router.rs:105: Opening substream for protocol (303790697907795210078047774390766665400, 0) with peer cf7093    
2025-10-21T18:14:36.871339Z DEBUG network::router::network_router: /home/runner/.cargo/git/checkouts/async-mpc-1dbbf554a14e7a32/b307074/network/src/router/network_router.rs:105: Opening substream for protocol (303790697907795210078047774390766665400, 0) with peer d96e97    
2025-10-21T18:14:36.872135Z  INFO network::router::state::substream_handlers: /home/runner/.cargo/git/checkouts/async-mpc-1dbbf554a14e7a32/b307074/network/src/router/state/substream_handlers.rs:235: Registered incoming stream from address 172.20.0.104:8001.    
2025-10-21T18:14:36.872283Z  INFO network::router::state::substream_handlers: /home/runner/.cargo/git/checkouts/async-mpc-1dbbf554a14e7a32/b307074/network/src/router/state/substream_handlers.rs:50: New substream successfully established.    
2025-10-21T18:14:36.872429Z  INFO network::router::network_router: /home/runner/.cargo/git/checkouts/async-mpc-1dbbf554a14e7a32/b307074/network/src/router/network_router.rs:273: Opened substreams for protocol 303790697907795210078047774390766665400    
2025-10-21T18:14:37.563798Z  INFO network::labeled_interface::handlers: /home/runner/.cargo/git/checkouts/async-mpc-1dbbf554a14e7a32/b307074/network/src/labeled_interface/handlers.rs:53: Router closed interface 15eb2e.    
2025-10-21T18:14:37.564817Z  INFO network::labeled_interface::handlers: /home/runner/.cargo/git/checkouts/async-mpc-1dbbf554a14e7a32/b307074/network/src/labeled_interface/handlers.rs:86: Interface 15eb2e dropped.    
2025-10-21T18:14:37.564691Z  INFO network::labeled_interface::handlers: /home/runner/.cargo/git/checkouts/async-mpc-1dbbf554a14e7a32/b307074/network/src/labeled_interface/handlers.rs:86: Interface 15eb2e dropped.    
2025-10-21T18:14:37.564640Z DEBUG arx::units::online_phase_unit: arx/src/units/online_phase_unit.rs:255: Output of computation is: ArxComputationOutput { computation: ArxComputation 303790697907795210078047774390766665400 (cluster: GgSqqAyH7AVY3Umcv8NvncrjFaNJuQLmxzxFxPoPW2Yd, mxe: CQvzhuYp299gu8rDs4RyLg1cDgnbDZiEdK51NcnSVwGm), outputs: Success([[234, 191, 86, 99, 142, 238, 220, 135, 52, 2, 66, 242, 239, 184, 187, 230, 202, 82, 8, 16, 220, 158, 113, 99, 114, 194, 154, 139, 160, 189, 244, 126]]) } (303790697907795210078047774390766665400)
2025-10-21T18:14:37.564749Z  INFO network::labeled_interface::handlers: /home/runner/.cargo/git/checkouts/async-mpc-1dbbf554a14e7a32/b307074/network/src/labeled_interface/handlers.rs:53: Router closed interface 15eb2e.    
2025-10-21T18:14:37.564866Z  INFO network::labeled_interface::handlers: /home/runner/.cargo/git/checkouts/async-mpc-1dbbf554a14e7a32/b307074/network/src/labeled_interface/handlers.rs:86: Interface 15eb2e dropped.    
2025-10-21T18:14:37.564882Z  INFO network::labeled_interface::handlers: /home/runner/.cargo/git/checkouts/async-mpc-1dbbf554a14e7a32/b307074/network/src/labeled_interface/handlers.rs:86: Interface 15eb2e dropped.    
2025-10-21T18:14:37.567005Z  INFO network::labeled_interface::interface: /home/runner/.cargo/git/checkouts/async-mpc-1dbbf554a14e7a32/b307074/network/src/labeled_interface/interface.rs:415: Interface 15eb2e dropped.    
2025-10-21T18:14:37.567575Z  INFO network::labeled_interface::handlers: /home/runner/.cargo/git/checkouts/async-mpc-1dbbf554a14e7a32/b307074/network/src/labeled_interface/handlers.rs:53: Router closed interface 15eb2e.    
2025-10-21T18:14:37.568451Z DEBUG arx::coordinator: arx/src/coordinator.rs:364: Coordinator received online unit output: ArxComputationOutput { computation: ArxComputation 303790697907795210078047774390766665400 (cluster: GgSqqAyH7AVY3Umcv8NvncrjFaNJuQLmxzxFxPoPW2Yd, mxe: CQvzhuYp299gu8rDs4RyLg1cDgnbDZiEdK51NcnSVwGm), outputs: Success([[234, 191, 86, 99, 142, 238, 220, 135, 52, 2, 66, 242, 239, 184, 187, 230, 202, 82, 8, 16, 220, 158, 113, 99, 114, 194, 154, 139, 160, 189, 244, 126]]) }
2025-10-21T18:14:37.568934Z DEBUG arx::units::computation_transaction_unit: arx/src/units/computation_transaction_unit.rs:162: Processing callback for computation ArxComputation 303790697907795210078047774390766665400 (cluster: GgSqqAyH7AVY3Umcv8NvncrjFaNJuQLmxzxFxPoPW2Yd, mxe: CQvzhuYp299gu8rDs4RyLg1cDgnbDZiEdK51NcnSVwGm)
2025-10-21T18:14:37.569280Z  INFO network::labeled_interface::handlers: /home/runner/.cargo/git/checkouts/async-mpc-1dbbf554a14e7a32/b307074/network/src/labeled_interface/handlers.rs:53: Router closed interface 15eb2e.    
2025-10-21T18:14:37.569632Z  INFO network::router::state::substream_handlers: /home/runner/.cargo/git/checkouts/async-mpc-1dbbf554a14e7a32/b307074/network/src/router/state/substream_handlers.rs:197: Removed protocol ID (303790697907795210078047774390766665400, 0) for peer 0461a5.    
2025-10-21T18:14:37.787170Z DEBUG arx::program: arx/src/program.rs:312: Received update for account: GgSqqAyH7AVY3Umcv8NvncrjFaNJuQLmxzxFxPoPW2Yd
2025-10-21T18:14:37.787711Z DEBUG arx::units::mxe_unit: arx/src/units/mxe_unit.rs:129: Processing cluster update for account: GgSqqAyH7AVY3Umcv8NvncrjFaNJuQLmxzxFxPoPW2Yd
2025-10-21T18:14:38.079115Z DEBUG arx::units::computation_transaction_unit: arx/src/units/computation_transaction_unit.rs:219: Sent set_mxe_keys tx for mxe CQvzhuYp299gu8rDs4RyLg1cDgnbDZiEdK51NcnSVwGm with sig 4BdamqKbSRnHQkABE1Z7WPiV7ZaVFjCXKcGvRWMtUPyThngzB4yxE5oQpjzRMb5ouNi9mNYrap3VDVWFQKRMVvc9
2025-10-21T18:14:38.171767Z DEBUG arx::program: arx/src/program.rs:312: Received update for account: GgSqqAyH7AVY3Umcv8NvncrjFaNJuQLmxzxFxPoPW2Yd
2025-10-21T18:14:38.173145Z DEBUG arx::units::mxe_unit: arx/src/units/mxe_unit.rs:129: Processing cluster update for account: GgSqqAyH7AVY3Umcv8NvncrjFaNJuQLmxzxFxPoPW2Yd
2025-10-21T18:14:38.172412Z DEBUG arx::program: arx/src/program.rs:312: Received update for account: CQF2VydaWEk5ZkVRi5q3LxoQTkJNHsRSc2yuUAMS1qUc
2025-10-21T18:14:38.175633Z DEBUG arx::program: arx/src/program.rs:312: Received update for account: Eii8e5feybZsNs1xJcmktof6LkWNGrAdTk179oL3ZZyv
2025-10-21T18:14:38.176968Z DEBUG arx::coordinator: arx/src/coordinator.rs:288: Coordinator received execpool unit message: computations ids: []
2025-10-21T18:14:38.177594Z DEBUG arx::units::mempool_unit: arx/src/units/mempool_unit.rs:136: Processing new mempool update for account: Eii8e5feybZsNs1xJcmktof6LkWNGrAdTk179oL3ZZyv
2025-10-21T18:14:38.178009Z DEBUG arx::units::mempool_unit: arx/src/units/mempool_unit.rs:175: Mempool account Eii8e5feybZsNs1xJcmktof6LkWNGrAdTk179oL3ZZyv contains the same computations, skipping update
2025-10-21T18:14:38.177921Z DEBUG arx::units::state_unit: arx/src/units/state_unit.rs:231: Processing execpool update
2025-10-21T18:14:38.179597Z DEBUG arx::units::state_unit: arx/src/units/state_unit.rs:255: Removing computation from execpool: ArxComputationReference (1,1) (cluster: GgSqqAyH7AVY3Umcv8NvncrjFaNJuQLmxzxFxPoPW2Yd, mxe: CQvzhuYp299gu8rDs4RyLg1cDgnbDZiEdK51NcnSVwGm)
2025-10-21T18:14:38.179919Z DEBUG arx::coordinator: arx/src/coordinator.rs:423: Coordinator received state unit message: executed computation: ArxComputationReference (1,1) (cluster: GgSqqAyH7AVY3Umcv8NvncrjFaNJuQLmxzxFxPoPW2Yd, mxe: CQvzhuYp299gu8rDs4RyLg1cDgnbDZiEdK51NcnSVwGm)
2025-10-21T18:14:38.180473Z DEBUG arx::units::cache_unit: arx/src/units/cache_unit.rs:278: Processing executed computation: ArxComputationReference (1,1) (cluster: GgSqqAyH7AVY3Umcv8NvncrjFaNJuQLmxzxFxPoPW2Yd, mxe: CQvzhuYp299gu8rDs4RyLg1cDgnbDZiEdK51NcnSVwGm)
2025-10-21T18:14:38.181105Z DEBUG arx::units::cache_unit: arx/src/units/cache_unit.rs:282: Computation executed and removed from cache: ArxComputationReference (1,1) (cluster: GgSqqAyH7AVY3Umcv8NvncrjFaNJuQLmxzxFxPoPW2Yd, mxe: CQvzhuYp299gu8rDs4RyLg1cDgnbDZiEdK51NcnSVwGm)
2025-10-21T18:14:38.598133Z DEBUG arx::units::computation_transaction_unit: arx/src/units/computation_transaction_unit.rs:342: Callback computation tx for mxe CQvzhuYp299gu8rDs4RyLg1cDgnbDZiEdK51NcnSVwGm already sent
2025-10-21T18:14:38.598724Z DEBUG arx::coordinator: arx/src/coordinator.rs:265: Coordinator received computation transaction unit callback computation: ArxComputationReference (1,1) (cluster: GgSqqAyH7AVY3Umcv8NvncrjFaNJuQLmxzxFxPoPW2Yd, mxe: CQvzhuYp299gu8rDs4RyLg1cDgnbDZiEdK51NcnSVwGm)
2025-10-21T18:14:38.598810Z DEBUG arx::units::cache_unit: arx/src/units/cache_unit.rs:278: Processing executed computation: ArxComputationReference (1,1) (cluster: GgSqqAyH7AVY3Umcv8NvncrjFaNJuQLmxzxFxPoPW2Yd, mxe: CQvzhuYp299gu8rDs4RyLg1cDgnbDZiEdK51NcnSVwGm)
2025-10-21T18:14:38.598963Z DEBUG arx::units::state_unit: arx/src/units/state_unit.rs:311: Processing executed computation
2025-10-21T18:14:38.598970Z  WARN arx::units::cache_unit: arx/src/units/cache_unit.rs:289: Computation info not found in cache: ArxComputationReference (1,1) (cluster: GgSqqAyH7AVY3Umcv8NvncrjFaNJuQLmxzxFxPoPW2Yd, mxe: CQvzhuYp299gu8rDs4RyLg1cDgnbDZiEdK51NcnSVwGm)
2025-10-21T18:14:46.142465Z DEBUG arx::program: arx/src/program.rs:312: Received update for account: CQF2VydaWEk5ZkVRi5q3LxoQTkJNHsRSc2yuUAMS1qUc
2025-10-21T18:14:46.143012Z DEBUG arx::coordinator: arx/src/coordinator.rs:288: Coordinator received execpool unit message: computations ids: [11786709982051118262]
2025-10-21T18:14:46.144567Z DEBUG arx::units::cache_unit: arx/src/units/cache_unit.rs:144: Processing queued computation: ArxComputationReference (11786709982051118262,1925767261) (cluster: GgSqqAyH7AVY3Umcv8NvncrjFaNJuQLmxzxFxPoPW2Yd, mxe: CQvzhuYp299gu8rDs4RyLg1cDgnbDZiEdK51NcnSVwGm)
2025-10-21T18:14:46.144689Z DEBUG arx::units::state_unit: arx/src/units/state_unit.rs:231: Processing execpool update
2025-10-21T18:14:46.145484Z DEBUG arx::units::state_unit: arx/src/units/state_unit.rs:281: Prefetching and executing computation: ArxComputationReference (11786709982051118262,1925767261) (cluster: GgSqqAyH7AVY3Umcv8NvncrjFaNJuQLmxzxFxPoPW2Yd, mxe: CQvzhuYp299gu8rDs4RyLg1cDgnbDZiEdK51NcnSVwGm) with status (index: 0, executed: false)
2025-10-21T18:14:46.145039Z DEBUG arx::program: arx/src/program.rs:312: Received update for account: GgSqqAyH7AVY3Umcv8NvncrjFaNJuQLmxzxFxPoPW2Yd
2025-10-21T18:14:46.145053Z DEBUG arx::program: arx/src/program.rs:312: Received update for account: Eii8e5feybZsNs1xJcmktof6LkWNGrAdTk179oL3ZZyv
2025-10-21T18:14:46.145865Z DEBUG arx::coordinator: arx/src/coordinator.rs:384: Coordinator received state unit message: prefetch computation: ArxComputationReference (11786709982051118262,1925767261) (cluster: GgSqqAyH7AVY3Umcv8NvncrjFaNJuQLmxzxFxPoPW2Yd, mxe: CQvzhuYp299gu8rDs4RyLg1cDgnbDZiEdK51NcnSVwGm)
2025-10-21T18:14:46.146252Z DEBUG arx::units::mxe_unit: arx/src/units/mxe_unit.rs:129: Processing cluster update for account: GgSqqAyH7AVY3Umcv8NvncrjFaNJuQLmxzxFxPoPW2Yd
2025-10-21T18:14:46.146555Z DEBUG arx::units::mempool_unit: arx/src/units/mempool_unit.rs:136: Processing new mempool update for account: Eii8e5feybZsNs1xJcmktof6LkWNGrAdTk179oL3ZZyv
2025-10-21T18:14:46.147604Z DEBUG arx::units::mempool_unit: arx/src/units/mempool_unit.rs:175: Mempool account Eii8e5feybZsNs1xJcmktof6LkWNGrAdTk179oL3ZZyv contains the same computations, skipping update
2025-10-21T18:14:46.147093Z DEBUG arx::coordinator: arx/src/coordinator.rs:405: Coordinator received state unit message: execute computation: ArxComputationReference (11786709982051118262,1925767261) (cluster: GgSqqAyH7AVY3Umcv8NvncrjFaNJuQLmxzxFxPoPW2Yd, mxe: CQvzhuYp299gu8rDs4RyLg1cDgnbDZiEdK51NcnSVwGm)
2025-10-21T18:14:46.147160Z DEBUG arx::units::circuit_unit: arx/src/units/circuit_unit.rs:148: Processing computation definition: 9vqkf7AGugLgSFD9RPPX2aqESvGeW2ctWGW8xzm5dXso
2025-10-21T18:14:46.147252Z DEBUG arx::units::peers_unit: arx/src/units/peers_unit.rs:111: Processing cluster: GgSqqAyH7AVY3Umcv8NvncrjFaNJuQLmxzxFxPoPW2Yd
2025-10-21T18:14:46.154574Z DEBUG arx::coordinator: arx/src/coordinator.rs:373: Coordinator received peers unit message
2025-10-21T18:14:46.154910Z DEBUG arx::units::cache_unit: arx/src/units/cache_unit.rs:209: Processing fetched peers: PeersInfo { cluster: GgSqqAyH7AVY3Umcv8NvncrjFaNJuQLmxzxFxPoPW2Yd, peer_number: 3 }
2025-10-21T18:14:46.156019Z DEBUG arx::coordinator: arx/src/coordinator.rs:309: Coordinator prefetched computation ArxComputationReference (11786709982051118262,1925767261) (cluster: GgSqqAyH7AVY3Umcv8NvncrjFaNJuQLmxzxFxPoPW2Yd, mxe: CQvzhuYp299gu8rDs4RyLg1cDgnbDZiEdK51NcnSVwGm)
2025-10-21T18:14:46.157948Z DEBUG arx::coordinator: arx/src/coordinator.rs:312: Coordinator fetched computation ArxComputation 89720026748210598971113965631560719563 (cluster: GgSqqAyH7AVY3Umcv8NvncrjFaNJuQLmxzxFxPoPW2Yd, mxe: CQvzhuYp299gu8rDs4RyLg1cDgnbDZiEdK51NcnSVwGm) inputs
2025-10-21T18:14:46.158421Z DEBUG arx::units::cache_unit: arx/src/units/cache_unit.rs:246: Processing fetched inputs: Cerberus Inputs
2025-10-21T18:14:46.159718Z DEBUG arx::units::circuit_unit: arx/src/units/circuit_unit.rs:246: Fetching onchain circuit data from: 9vqkf7AGugLgSFD9RPPX2aqESvGeW2ctWGW8xzm5dXso
2025-10-21T18:14:46.164025Z DEBUG arx::units::circuit_unit: arx/src/units/circuit_unit.rs:198: Deserializing circuit data
2025-10-21T18:14:46.168281Z DEBUG arx::units::circuit_unit: arx/src/units/circuit_unit.rs:215: Inserting circuit info into cache
2025-10-21T18:14:46.168665Z DEBUG arx::coordinator: arx/src/coordinator.rs:241: Coordinator received circuit unit message
2025-10-21T18:14:46.168803Z DEBUG arx::units::cache_unit: arx/src/units/cache_unit.rs:170: Processing fetched circuit: CircuitInfo 9vqkf7AGugLgSFD9RPPX2aqESvGeW2ctWGW8xzm5dXso
2025-10-21T18:14:46.168958Z DEBUG arx::coordinator: arx/src/coordinator.rs:221: Coordinator received cache unit message
2025-10-21T18:14:46.169100Z DEBUG arx::coordinator: arx/src/coordinator.rs:221: Coordinator received cache unit message
2025-10-21T18:14:46.169288Z DEBUG arx::units::state_unit: arx/src/units/state_unit.rs:296: Processing prefetched computation
2025-10-21T18:14:46.169307Z  INFO arx::units::online_phase_unit: arx/src/units/online_phase_unit.rs:326: Processing Cerberus computation with id 89720026748210598971113965631560719563
2025-10-21T18:14:46.169629Z DEBUG arx::units::online_phase_unit: arx/src/units/online_phase_unit.rs:328: Connecting to peers (89720026748210598971113965631560719563)
2025-10-21T18:14:46.169801Z DEBUG network::router::network_router: /home/runner/.cargo/git/checkouts/async-mpc-1dbbf554a14e7a32/b307074/network/src/router/network_router.rs:79: Handling connection request to peer 0461a5    
2025-10-21T18:14:46.169935Z DEBUG network::router::state::connection_handlers: /home/runner/.cargo/git/checkouts/async-mpc-1dbbf554a14e7a32/b307074/network/src/router/state/connection_handlers.rs:44: Handling internal connection request: ConnectionRequest { expected_peer_id: 0461a5, peer_addr: 172.20.0.100:8001, response_sender: Sender { inner: Some(Inner { state: State { is_complete: false, is_closed: false, is_rx_task_set: true, is_tx_task_set: false } }) } }    
2025-10-21T18:14:46.170170Z DEBUG network::router::state::connection_handlers: /home/runner/.cargo/git/checkouts/async-mpc-1dbbf554a14e7a32/b307074/network/src/router/state/connection_handlers.rs:60: Connection already established: 172.20.0.100:8001    
2025-10-21T18:14:46.170264Z DEBUG network::router::network_router: /home/runner/.cargo/git/checkouts/async-mpc-1dbbf554a14e7a32/b307074/network/src/router/network_router.rs:85: Connection request to peer 0461a5 handled    
2025-10-21T18:14:46.170396Z DEBUG network::router::network_router: /home/runner/.cargo/git/checkouts/async-mpc-1dbbf554a14e7a32/b307074/network/src/router/network_router.rs:79: Handling connection request to peer cf7093    
2025-10-21T18:14:46.170487Z DEBUG network::router::state::connection_handlers: /home/runner/.cargo/git/checkouts/async-mpc-1dbbf554a14e7a32/b307074/network/src/router/state/connection_handlers.rs:44: Handling internal connection request: ConnectionRequest { expected_peer_id: cf7093, peer_addr: 172.20.0.101:8001, response_sender: Sender { inner: Some(Inner { state: State { is_complete: false, is_closed: false, is_rx_task_set: true, is_tx_task_set: false } }) } }    
2025-10-21T18:14:46.170584Z DEBUG network::router::state::connection_handlers: /home/runner/.cargo/git/checkouts/async-mpc-1dbbf554a14e7a32/b307074/network/src/router/state/connection_handlers.rs:60: Connection already established: 172.20.0.101:8001    
2025-10-21T18:14:46.170665Z DEBUG network::router::network_router: /home/runner/.cargo/git/checkouts/async-mpc-1dbbf554a14e7a32/b307074/network/src/router/network_router.rs:85: Connection request to peer cf7093 handled    
2025-10-21T18:14:46.170716Z DEBUG network::router::network_router: /home/runner/.cargo/git/checkouts/async-mpc-1dbbf554a14e7a32/b307074/network/src/router/network_router.rs:79: Handling connection request to peer b9d570    
2025-10-21T18:14:46.170784Z DEBUG network::router::state::connection_handlers: /home/runner/.cargo/git/checkouts/async-mpc-1dbbf554a14e7a32/b307074/network/src/router/state/connection_handlers.rs:44: Handling internal connection request: ConnectionRequest { expected_peer_id: b9d570, peer_addr: 172.20.0.102:8001, response_sender: Sender { inner: Some(Inner { state: State { is_complete: false, is_closed: false, is_rx_task_set: true, is_tx_task_set: false } }) } }    
2025-10-21T18:14:46.170895Z DEBUG network::router::state::connection_handlers: /home/runner/.cargo/git/checkouts/async-mpc-1dbbf554a14e7a32/b307074/network/src/router/state/connection_handlers.rs:60: Connection already established: 172.20.0.102:8001    
2025-10-21T18:14:46.170997Z DEBUG network::router::network_router: /home/runner/.cargo/git/checkouts/async-mpc-1dbbf554a14e7a32/b307074/network/src/router/network_router.rs:85: Connection request to peer b9d570 handled    
2025-10-21T18:14:46.171117Z DEBUG network::router::network_router: /home/runner/.cargo/git/checkouts/async-mpc-1dbbf554a14e7a32/b307074/network/src/router/network_router.rs:79: Handling connection request to peer d96e97    
2025-10-21T18:14:46.171192Z DEBUG network::router::state::connection_handlers: /home/runner/.cargo/git/checkouts/async-mpc-1dbbf554a14e7a32/b307074/network/src/router/state/connection_handlers.rs:44: Handling internal connection request: ConnectionRequest { expected_peer_id: d96e97, peer_addr: 172.20.0.104:8001, response_sender: Sender { inner: Some(Inner { state: State { is_complete: false, is_closed: false, is_rx_task_set: true, is_tx_task_set: false } }) } }    
2025-10-21T18:14:46.171271Z DEBUG network::router::state::connection_handlers: /home/runner/.cargo/git/checkouts/async-mpc-1dbbf554a14e7a32/b307074/network/src/router/state/connection_handlers.rs:60: Connection already established: 172.20.0.104:8001    
2025-10-21T18:14:46.171353Z DEBUG network::router::network_router: /home/runner/.cargo/git/checkouts/async-mpc-1dbbf554a14e7a32/b307074/network/src/router/network_router.rs:85: Connection request to peer d96e97 handled    
2025-10-21T18:14:46.171301Z DEBUG arx::units::online_phase_unit: arx/src/units/online_phase_unit.rs:343: Connected to peers (89720026748210598971113965631560719563)
2025-10-21T18:14:46.171934Z DEBUG network::router::network_router: /home/runner/.cargo/git/checkouts/async-mpc-1dbbf554a14e7a32/b307074/network/src/router/network_router.rs:105: Opening substream for protocol (89720026748210598971113965631560719563, 0) with peer 0461a5    
2025-10-21T18:14:46.172219Z DEBUG network::router::network_router: /home/runner/.cargo/git/checkouts/async-mpc-1dbbf554a14e7a32/b307074/network/src/router/network_router.rs:105: Opening substream for protocol (89720026748210598971113965631560719563, 0) with peer b9d570    
2025-10-21T18:14:46.172244Z  INFO network::router::state::substream_handlers: /home/runner/.cargo/git/checkouts/async-mpc-1dbbf554a14e7a32/b307074/network/src/router/state/substream_handlers.rs:235: Registered incoming stream from address 172.20.0.104:8001.    
2025-10-21T18:14:46.172331Z DEBUG network::router::network_router: /home/runner/.cargo/git/checkouts/async-mpc-1dbbf554a14e7a32/b307074/network/src/router/network_router.rs:105: Opening substream for protocol (89720026748210598971113965631560719563, 0) with peer cf7093    
2025-10-21T18:14:46.172459Z  INFO network::router::state::substream_handlers: /home/runner/.cargo/git/checkouts/async-mpc-1dbbf554a14e7a32/b307074/network/src/router/state/substream_handlers.rs:235: Registered incoming stream from address 172.20.0.101:8001.    
2025-10-21T18:14:46.172625Z  INFO network::router::state::substream_handlers: /home/runner/.cargo/git/checkouts/async-mpc-1dbbf554a14e7a32/b307074/network/src/router/state/substream_handlers.rs:235: Registered incoming stream from address 172.20.0.102:8001.    
2025-10-21T18:14:46.172653Z DEBUG network::router::network_router: /home/runner/.cargo/git/checkouts/async-mpc-1dbbf554a14e7a32/b307074/network/src/router/network_router.rs:105: Opening substream for protocol (89720026748210598971113965631560719563, 0) with peer d96e97    
2025-10-21T18:14:46.173225Z  INFO network::router::state::substream_handlers: /home/runner/.cargo/git/checkouts/async-mpc-1dbbf554a14e7a32/b307074/network/src/router/state/substream_handlers.rs:50: New substream successfully established.    
2025-10-21T18:14:46.173357Z  INFO network::router::state::substream_handlers: /home/runner/.cargo/git/checkouts/async-mpc-1dbbf554a14e7a32/b307074/network/src/router/state/substream_handlers.rs:50: New substream successfully established.    
2025-10-21T18:14:46.173496Z  INFO network::router::state::substream_handlers: /home/runner/.cargo/git/checkouts/async-mpc-1dbbf554a14e7a32/b307074/network/src/router/state/substream_handlers.rs:50: New substream successfully established.    
2025-10-21T18:14:46.173647Z  INFO network::router::network_router: /home/runner/.cargo/git/checkouts/async-mpc-1dbbf554a14e7a32/b307074/network/src/router/network_router.rs:273: Opened substreams for protocol 89720026748210598971113965631560719563    
2025-10-21T18:14:46.249322Z  INFO network::labeled_interface::handlers: /home/runner/.cargo/git/checkouts/async-mpc-1dbbf554a14e7a32/b307074/network/src/labeled_interface/handlers.rs:86: Interface 15eb2e dropped.    
2025-10-21T18:14:46.249308Z DEBUG arx::units::online_phase_unit: arx/src/units/online_phase_unit.rs:255: Output of computation is: ArxComputationOutput { computation: ArxComputation 89720026748210598971113965631560719563 (cluster: GgSqqAyH7AVY3Umcv8NvncrjFaNJuQLmxzxFxPoPW2Yd, mxe: CQvzhuYp299gu8rDs4RyLg1cDgnbDZiEdK51NcnSVwGm), outputs: Success([[166, 58, 117, 150, 24, 153, 154, 211, 167, 19, 168, 60, 33, 22, 5, 111], [66, 31, 120, 111, 47, 234, 219, 109, 9, 51, 62, 199, 245, 165, 28, 45, 137, 52, 133, 110, 219, 158, 243, 148, 65, 112, 185, 15, 133, 199, 10, 67], [223, 186, 60, 0, 28, 168, 47, 237, 187, 89, 5, 159, 161, 165, 202, 34, 88, 81, 80, 186, 140, 249, 252, 109, 119, 6, 182, 199, 126, 127, 230, 95], [219, 58, 220, 35, 38, 163, 52, 91, 73, 112, 113, 228, 74, 240, 184, 99, 100, 167, 250, 216, 203, 234, 18, 172, 255, 39, 236, 55, 124, 130, 225, 104], [240, 155, 253, 142, 49, 2, 63, 116, 45, 55, 83, 135, 112, 34, 216, 23, 17, 61, 166, 93, 219, 22, 255, 125, 136, 199, 96, 92, 71, 178, 190, 62]]) } (89720026748210598971113965631560719563)
2025-10-21T18:14:46.249810Z DEBUG arx::coordinator: arx/src/coordinator.rs:364: Coordinator received online unit output: ArxComputationOutput { computation: ArxComputation 89720026748210598971113965631560719563 (cluster: GgSqqAyH7AVY3Umcv8NvncrjFaNJuQLmxzxFxPoPW2Yd, mxe: CQvzhuYp299gu8rDs4RyLg1cDgnbDZiEdK51NcnSVwGm), outputs: Success([[166, 58, 117, 150, 24, 153, 154, 211, 167, 19, 168, 60, 33, 22, 5, 111], [66, 31, 120, 111, 47, 234, 219, 109, 9, 51, 62, 199, 245, 165, 28, 45, 137, 52, 133, 110, 219, 158, 243, 148, 65, 112, 185, 15, 133, 199, 10, 67], [223, 186, 60, 0, 28, 168, 47, 237, 187, 89, 5, 159, 161, 165, 202, 34, 88, 81, 80, 186, 140, 249, 252, 109, 119, 6, 182, 199, 126, 127, 230, 95], [219, 58, 220, 35, 38, 163, 52, 91, 73, 112, 113, 228, 74, 240, 184, 99, 100, 167, 250, 216, 203, 234, 18, 172, 255, 39, 236, 55, 124, 130, 225, 104], [240, 155, 253, 142, 49, 2, 63, 116, 45, 55, 83, 135, 112, 34, 216, 23, 17, 61, 166, 93, 219, 22, 255, 125, 136, 199, 96, 92, 71, 178, 190, 62]]) }
2025-10-21T18:14:46.249401Z  INFO network::labeled_interface::handlers: /home/runner/.cargo/git/checkouts/async-mpc-1dbbf554a14e7a32/b307074/network/src/labeled_interface/handlers.rs:86: Interface 15eb2e dropped.    
2025-10-21T18:14:46.249423Z  INFO network::labeled_interface::interface: /home/runner/.cargo/git/checkouts/async-mpc-1dbbf554a14e7a32/b307074/network/src/labeled_interface/interface.rs:415: Interface 15eb2e dropped.    
2025-10-21T18:14:46.249432Z  INFO network::labeled_interface::handlers: /home/runner/.cargo/git/checkouts/async-mpc-1dbbf554a14e7a32/b307074/network/src/labeled_interface/handlers.rs:86: Interface 15eb2e dropped.    
2025-10-21T18:14:46.249450Z  INFO network::labeled_interface::handlers: /home/runner/.cargo/git/checkouts/async-mpc-1dbbf554a14e7a32/b307074/network/src/labeled_interface/handlers.rs:86: Interface 15eb2e dropped.    
2025-10-21T18:14:46.249725Z  INFO network::labeled_interface::handlers: /home/runner/.cargo/git/checkouts/async-mpc-1dbbf554a14e7a32/b307074/network/src/labeled_interface/handlers.rs:53: Router closed interface 15eb2e.    
2025-10-21T18:14:46.249736Z  INFO network::labeled_interface::handlers: /home/runner/.cargo/git/checkouts/async-mpc-1dbbf554a14e7a32/b307074/network/src/labeled_interface/handlers.rs:53: Router closed interface 15eb2e.    
2025-10-21T18:14:46.249980Z  INFO network::labeled_interface::handlers: /home/runner/.cargo/git/checkouts/async-mpc-1dbbf554a14e7a32/b307074/network/src/labeled_interface/handlers.rs:53: Router closed interface 15eb2e.    
2025-10-21T18:14:46.250019Z DEBUG arx::units::computation_transaction_unit: arx/src/units/computation_transaction_unit.rs:162: Processing callback for computation ArxComputation 89720026748210598971113965631560719563 (cluster: GgSqqAyH7AVY3Umcv8NvncrjFaNJuQLmxzxFxPoPW2Yd, mxe: CQvzhuYp299gu8rDs4RyLg1cDgnbDZiEdK51NcnSVwGm)
2025-10-21T18:14:46.250150Z  INFO network::labeled_interface::handlers: /home/runner/.cargo/git/checkouts/async-mpc-1dbbf554a14e7a32/b307074/network/src/labeled_interface/handlers.rs:53: Router closed interface 15eb2e.    
2025-10-21T18:14:46.251653Z  INFO network::router::state::substream_handlers: /home/runner/.cargo/git/checkouts/async-mpc-1dbbf554a14e7a32/b307074/network/src/router/state/substream_handlers.rs:197: Removed protocol ID (89720026748210598971113965631560719563, 0) for peer 0461a5.    
2025-10-21T18:14:46.255882Z ERROR arx::units::computation_transaction_unit: arx/src/units/computation_transaction_unit.rs:358: Failed to send callback computation tx for mxe CQvzhuYp299gu8rDs4RyLg1cDgnbDZiEdK51NcnSVwGm error SolanaClientError(Error { request: Some(SendTransaction), kind: RpcError(RpcResponseError { code: -32002, message: "Transaction simulation failed: Error processing Instruction 1: custom program error: 0xbbf", data: SendTransactionPreflightFailure(RpcSimulateTransactionResult { err: Some(InstructionError(1, Custom(3007))), logs: Some(["Program BKck65TgoKRokMjQM3datB9oRwJ8rAj2jxPXvHXUvcL6 invoke [1]", "Program log: Instruction: CallbackComputation", "Program data: m9Xun/BMpxO2LLWuR86So6mR95BvPks37J0G4eFvSACVJpCVJnL9Bl+veZYj1jB6", "Program data: G0t13b/V/fm2LLWuR86So6mR95BvPks37J0G4eFvSACVJpCVJnL9Bl+veZYj1jB6", "Program BKck65TgoKRokMjQM3datB9oRwJ8rAj2jxPXvHXUvcL6 consumed 31655 of 400000 compute units", "Program BKck65TgoKRokMjQM3datB9oRwJ8rAj2jxPXvHXUvcL6 success", "Program CQvzhuYp299gu8rDs4RyLg1cDgnbDZiEdK51NcnSVwGm invoke [1]", "Program log: Instruction: InitializeMarketCallback", "Program log: AnchorError caused by account: market. Error Code: AccountOwnedByWrongProgram. Error Number: 3007. Error Message: The given account is owned by a different program than expected.", "Program log: Left:", "Program log: BPFLoaderUpgradeab1e11111111111111111111111", "Program log: Right:", "Program log: CQvzhuYp299gu8rDs4RyLg1cDgnbDZiEdK51NcnSVwGm", "Program CQvzhuYp299gu8rDs4RyLg1cDgnbDZiEdK51NcnSVwGm consumed 3875 of 368345 compute units", "Program CQvzhuYp299gu8rDs4RyLg1cDgnbDZiEdK51NcnSVwGm failed: custom program error: 0xbbf"]), accounts: None, units_consumed: Some(35530), return_data: None, inner_instructions: None, replacement_blockhash: None }) }) })
2025-10-21T18:14:46.256439Z  WARN arx::units::computation_transaction_unit: arx/src/units/computation_transaction_unit.rs:170: Attempt 1/5: RPC error while calling self.callback(mxe.clone(), computation.clone(), outputs): RPC error: Failed to send callback computation tx for mxe CQvzhuYp299gu8rDs4RyLg1cDgnbDZiEdK51NcnSVwGm error SolanaClientError(Error { request: Some(SendTransaction), kind: RpcError(RpcResponseError { code: -32002, message: "Transaction simulation failed: Error processing Instruction 1: custom program error: 0xbbf", data: SendTransactionPreflightFailure(RpcSimulateTransactionResult { err: Some(InstructionError(1, Custom(3007))), logs: Some(["Program BKck65TgoKRokMjQM3datB9oRwJ8rAj2jxPXvHXUvcL6 invoke [1]", "Program log: Instruction: CallbackComputation", "Program data: m9Xun/BMpxO2LLWuR86So6mR95BvPks37J0G4eFvSACVJpCVJnL9Bl+veZYj1jB6", "Program data: G0t13b/V/fm2LLWuR86So6mR95BvPks37J0G4eFvSACVJpCVJnL9Bl+veZYj1jB6", "Program BKck65TgoKRokMjQM3datB9oRwJ8rAj2jxPXvHXUvcL6 consumed 31655 of 400000 compute units", "Program BKck65TgoKRokMjQM3datB9oRwJ8rAj2jxPXvHXUvcL6 success", "Program CQvzhuYp299gu8rDs4RyLg1cDgnbDZiEdK51NcnSVwGm invoke [1]", "Program log: Instruction: InitializeMarketCallback", "Program log: AnchorError caused by account: market. Error Code: AccountOwnedByWrongProgram. Error Number: 3007. Error Message: The given account is owned by a different program than expected.", "Program log: Left:", "Program log: BPFLoaderUpgradeab1e11111111111111111111111", "Program log: Right:", "Program log: CQvzhuYp299gu8rDs4RyLg1cDgnbDZiEdK51NcnSVwGm", "Program CQvzhuYp299gu8rDs4RyLg1cDgnbDZiEdK51NcnSVwGm consumed 3875 of 368345 compute units", "Program CQvzhuYp299gu8rDs4RyLg1cDgnbDZiEdK51NcnSVwGm failed: custom program error: 0xbbf"]), accounts: None, units_consumed: Some(35530), return_data: None, inner_instructions: None, replacement_blockhash: None }) }) })
2025-10-21T18:14:47.269338Z ERROR arx::units::computation_transaction_unit: arx/src/units/computation_transaction_unit.rs:358: Failed to send callback computation tx for mxe CQvzhuYp299gu8rDs4RyLg1cDgnbDZiEdK51NcnSVwGm error SolanaClientError(Error { request: Some(SendTransaction), kind: RpcError(RpcResponseError { code: -32002, message: "Transaction simulation failed: Error processing Instruction 1: custom program error: 0xbbf", data: SendTransactionPreflightFailure(RpcSimulateTransactionResult { err: Some(InstructionError(1, Custom(3007))), logs: Some(["Program BKck65TgoKRokMjQM3datB9oRwJ8rAj2jxPXvHXUvcL6 invoke [1]", "Program log: Instruction: CallbackComputation", "Program data: m9Xun/BMpxO2LLWuR86So6mR95BvPks37J0G4eFvSACVJpCVJnL9Bl+veZYj1jB6", "Program data: G0t13b/V/fm2LLWuR86So6mR95BvPks37J0G4eFvSACVJpCVJnL9Bl+veZYj1jB6", "Program BKck65TgoKRokMjQM3datB9oRwJ8rAj2jxPXvHXUvcL6 consumed 31670 of 400000 compute units", "Program BKck65TgoKRokMjQM3datB9oRwJ8rAj2jxPXvHXUvcL6 success", "Program CQvzhuYp299gu8rDs4RyLg1cDgnbDZiEdK51NcnSVwGm invoke [1]", "Program log: Instruction: InitializeMarketCallback", "Program log: AnchorError caused by account: market. Error Code: AccountOwnedByWrongProgram. Error Number: 3007. Error Message: The given account is owned by a different program than expected.", "Program log: Left:", "Program log: BPFLoaderUpgradeab1e11111111111111111111111", "Program log: Right:", "Program log: CQvzhuYp299gu8rDs4RyLg1cDgnbDZiEdK51NcnSVwGm", "Program CQvzhuYp299gu8rDs4RyLg1cDgnbDZiEdK51NcnSVwGm consumed 3875 of 368330 compute units", "Program CQvzhuYp299gu8rDs4RyLg1cDgnbDZiEdK51NcnSVwGm failed: custom program error: 0xbbf"]), accounts: None, units_consumed: Some(35545), return_data: None, inner_instructions: None, replacement_blockhash: None }) }) })
2025-10-21T18:14:47.269682Z  WARN arx::units::computation_transaction_unit: arx/src/units/computation_transaction_unit.rs:170: Attempt 2/5: RPC error while calling self.callback(mxe.clone(), computation.clone(), outputs): RPC error: Failed to send callback computation tx for mxe CQvzhuYp299gu8rDs4RyLg1cDgnbDZiEdK51NcnSVwGm error SolanaClientError(Error { request: Some(SendTransaction), kind: RpcError(RpcResponseError { code: -32002, message: "Transaction simulation failed: Error processing Instruction 1: custom program error: 0xbbf", data: SendTransactionPreflightFailure(RpcSimulateTransactionResult { err: Some(InstructionError(1, Custom(3007))), logs: Some(["Program BKck65TgoKRokMjQM3datB9oRwJ8rAj2jxPXvHXUvcL6 invoke [1]", "Program log: Instruction: CallbackComputation", "Program data: m9Xun/BMpxO2LLWuR86So6mR95BvPks37J0G4eFvSACVJpCVJnL9Bl+veZYj1jB6", "Program data: G0t13b/V/fm2LLWuR86So6mR95BvPks37J0G4eFvSACVJpCVJnL9Bl+veZYj1jB6", "Program BKck65TgoKRokMjQM3datB9oRwJ8rAj2jxPXvHXUvcL6 consumed 31670 of 400000 compute units", "Program BKck65TgoKRokMjQM3datB9oRwJ8rAj2jxPXvHXUvcL6 success", "Program CQvzhuYp299gu8rDs4RyLg1cDgnbDZiEdK51NcnSVwGm invoke [1]", "Program log: Instruction: InitializeMarketCallback", "Program log: AnchorError caused by account: market. Error Code: AccountOwnedByWrongProgram. Error Number: 3007. Error Message: The given account is owned by a different program than expected.", "Program log: Left:", "Program log: BPFLoaderUpgradeab1e11111111111111111111111", "Program log: Right:", "Program log: CQvzhuYp299gu8rDs4RyLg1cDgnbDZiEdK51NcnSVwGm", "Program CQvzhuYp299gu8rDs4RyLg1cDgnbDZiEdK51NcnSVwGm consumed 3875 of 368330 compute units", "Program CQvzhuYp299gu8rDs4RyLg1cDgnbDZiEdK51NcnSVwGm failed: custom program error: 0xbbf"]), accounts: None, units_consumed: Some(35545), return_data: None, inner_instructions: None, replacement_blockhash: None }) }) })
2025-10-21T18:14:49.277272Z ERROR arx::units::computation_transaction_unit: arx/src/units/computation_transaction_unit.rs:358: Failed to send callback computation tx for mxe CQvzhuYp299gu8rDs4RyLg1cDgnbDZiEdK51NcnSVwGm error SolanaClientError(Error { request: Some(SendTransaction), kind: RpcError(RpcResponseError { code: -32002, message: "Transaction simulation failed: Error processing Instruction 1: custom program error: 0xbbf", data: SendTransactionPreflightFailure(RpcSimulateTransactionResult { err: Some(InstructionError(1, Custom(3007))), logs: Some(["Program BKck65TgoKRokMjQM3datB9oRwJ8rAj2jxPXvHXUvcL6 invoke [1]", "Program log: Instruction: CallbackComputation", "Program data: m9Xun/BMpxO2LLWuR86So6mR95BvPks37J0G4eFvSACVJpCVJnL9Bl+veZYj1jB6", "Program data: G0t13b/V/fm2LLWuR86So6mR95BvPks37J0G4eFvSACVJpCVJnL9Bl+veZYj1jB6", "Program BKck65TgoKRokMjQM3datB9oRwJ8rAj2jxPXvHXUvcL6 consumed 31690 of 400000 compute units", "Program BKck65TgoKRokMjQM3datB9oRwJ8rAj2jxPXvHXUvcL6 success", "Program CQvzhuYp299gu8rDs4RyLg1cDgnbDZiEdK51NcnSVwGm invoke [1]", "Program log: Instruction: InitializeMarketCallback", "Program log: AnchorError caused by account: market. Error Code: AccountOwnedByWrongProgram. Error Number: 3007. Error Message: The given account is owned by a different program than expected.", "Program log: Left:", "Program log: BPFLoaderUpgradeab1e11111111111111111111111", "Program log: Right:", "Program log: CQvzhuYp299gu8rDs4RyLg1cDgnbDZiEdK51NcnSVwGm", "Program CQvzhuYp299gu8rDs4RyLg1cDgnbDZiEdK51NcnSVwGm consumed 3875 of 368310 compute units", "Program CQvzhuYp299gu8rDs4RyLg1cDgnbDZiEdK51NcnSVwGm failed: custom program error: 0xbbf"]), accounts: None, units_consumed: Some(35565), return_data: None, inner_instructions: None, replacement_blockhash: None }) }) })
2025-10-21T18:14:49.277654Z  WARN arx::units::computation_transaction_unit: arx/src/units/computation_transaction_unit.rs:170: Attempt 3/5: RPC error while calling self.callback(mxe.clone(), computation.clone(), outputs): RPC error: Failed to send callback computation tx for mxe CQvzhuYp299gu8rDs4RyLg1cDgnbDZiEdK51NcnSVwGm error SolanaClientError(Error { request: Some(SendTransaction), kind: RpcError(RpcResponseError { code: -32002, message: "Transaction simulation failed: Error processing Instruction 1: custom program error: 0xbbf", data: SendTransactionPreflightFailure(RpcSimulateTransactionResult { err: Some(InstructionError(1, Custom(3007))), logs: Some(["Program BKck65TgoKRokMjQM3datB9oRwJ8rAj2jxPXvHXUvcL6 invoke [1]", "Program log: Instruction: CallbackComputation", "Program data: m9Xun/BMpxO2LLWuR86So6mR95BvPks37J0G4eFvSACVJpCVJnL9Bl+veZYj1jB6", "Program data: G0t13b/V/fm2LLWuR86So6mR95BvPks37J0G4eFvSACVJpCVJnL9Bl+veZYj1jB6", "Program BKck65TgoKRokMjQM3datB9oRwJ8rAj2jxPXvHXUvcL6 consumed 31690 of 400000 compute units", "Program BKck65TgoKRokMjQM3datB9oRwJ8rAj2jxPXvHXUvcL6 success", "Program CQvzhuYp299gu8rDs4RyLg1cDgnbDZiEdK51NcnSVwGm invoke [1]", "Program log: Instruction: InitializeMarketCallback", "Program log: AnchorError caused by account: market. Error Code: AccountOwnedByWrongProgram. Error Number: 3007. Error Message: The given account is owned by a different program than expected.", "Program log: Left:", "Program log: BPFLoaderUpgradeab1e11111111111111111111111", "Program log: Right:", "Program log: CQvzhuYp299gu8rDs4RyLg1cDgnbDZiEdK51NcnSVwGm", "Program CQvzhuYp299gu8rDs4RyLg1cDgnbDZiEdK51NcnSVwGm consumed 3875 of 368310 compute units", "Program CQvzhuYp299gu8rDs4RyLg1cDgnbDZiEdK51NcnSVwGm failed: custom program error: 0xbbf"]), accounts: None, units_consumed: Some(35565), return_data: None, inner_instructions: None, replacement_blockhash: None }) }) })
2025-10-21T18:14:53.286508Z ERROR arx::units::computation_transaction_unit: arx/src/units/computation_transaction_unit.rs:358: Failed to send callback computation tx for mxe CQvzhuYp299gu8rDs4RyLg1cDgnbDZiEdK51NcnSVwGm error SolanaClientError(Error { request: Some(SendTransaction), kind: RpcError(RpcResponseError { code: -32002, message: "Transaction simulation failed: Error processing Instruction 1: custom program error: 0xbbf", data: SendTransactionPreflightFailure(RpcSimulateTransactionResult { err: Some(InstructionError(1, Custom(3007))), logs: Some(["Program BKck65TgoKRokMjQM3datB9oRwJ8rAj2jxPXvHXUvcL6 invoke [1]", "Program log: Instruction: CallbackComputation", "Program data: m9Xun/BMpxO2LLWuR86So6mR95BvPks37J0G4eFvSACVJpCVJnL9Bl+veZYj1jB6", "Program data: G0t13b/V/fm2LLWuR86So6mR95BvPks37J0G4eFvSACVJpCVJnL9Bl+veZYj1jB6", "Program BKck65TgoKRokMjQM3datB9oRwJ8rAj2jxPXvHXUvcL6 consumed 31735 of 400000 compute units", "Program BKck65TgoKRokMjQM3datB9oRwJ8rAj2jxPXvHXUvcL6 success", "Program CQvzhuYp299gu8rDs4RyLg1cDgnbDZiEdK51NcnSVwGm invoke [1]", "Program log: Instruction: InitializeMarketCallback", "Program log: AnchorError caused by account: market. Error Code: AccountOwnedByWrongProgram. Error Number: 3007. Error Message: The given account is owned by a different program than expected.", "Program log: Left:", "Program log: BPFLoaderUpgradeab1e11111111111111111111111", "Program log: Right:", "Program log: CQvzhuYp299gu8rDs4RyLg1cDgnbDZiEdK51NcnSVwGm", "Program CQvzhuYp299gu8rDs4RyLg1cDgnbDZiEdK51NcnSVwGm consumed 3875 of 368265 compute units", "Program CQvzhuYp299gu8rDs4RyLg1cDgnbDZiEdK51NcnSVwGm failed: custom program error: 0xbbf"]), accounts: None, units_consumed: Some(35610), return_data: None, inner_instructions: None, replacement_blockhash: None }) }) })
2025-10-21T18:14:53.286930Z  WARN arx::units::computation_transaction_unit: arx/src/units/computation_transaction_unit.rs:170: Attempt 4/5: RPC error while calling self.callback(mxe.clone(), computation.clone(), outputs): RPC error: Failed to send callback computation tx for mxe CQvzhuYp299gu8rDs4RyLg1cDgnbDZiEdK51NcnSVwGm error SolanaClientError(Error { request: Some(SendTransaction), kind: RpcError(RpcResponseError { code: -32002, message: "Transaction simulation failed: Error processing Instruction 1: custom program error: 0xbbf", data: SendTransactionPreflightFailure(RpcSimulateTransactionResult { err: Some(InstructionError(1, Custom(3007))), logs: Some(["Program BKck65TgoKRokMjQM3datB9oRwJ8rAj2jxPXvHXUvcL6 invoke [1]", "Program log: Instruction: CallbackComputation", "Program data: m9Xun/BMpxO2LLWuR86So6mR95BvPks37J0G4eFvSACVJpCVJnL9Bl+veZYj1jB6", "Program data: G0t13b/V/fm2LLWuR86So6mR95BvPks37J0G4eFvSACVJpCVJnL9Bl+veZYj1jB6", "Program BKck65TgoKRokMjQM3datB9oRwJ8rAj2jxPXvHXUvcL6 consumed 31735 of 400000 compute units", "Program BKck65TgoKRokMjQM3datB9oRwJ8rAj2jxPXvHXUvcL6 success", "Program CQvzhuYp299gu8rDs4RyLg1cDgnbDZiEdK51NcnSVwGm invoke [1]", "Program log: Instruction: InitializeMarketCallback", "Program log: AnchorError caused by account: market. Error Code: AccountOwnedByWrongProgram. Error Number: 3007. Error Message: The given account is owned by a different program than expected.", "Program log: Left:", "Program log: BPFLoaderUpgradeab1e11111111111111111111111", "Program log: Right:", "Program log: CQvzhuYp299gu8rDs4RyLg1cDgnbDZiEdK51NcnSVwGm", "Program CQvzhuYp299gu8rDs4RyLg1cDgnbDZiEdK51NcnSVwGm consumed 3875 of 368265 compute units", "Program CQvzhuYp299gu8rDs4RyLg1cDgnbDZiEdK51NcnSVwGm failed: custom program error: 0xbbf"]), accounts: None, units_consumed: Some(35610), return_data: None, inner_instructions: None, replacement_blockhash: None }) }) })
2025-10-21T18:15:01.300196Z ERROR arx::units::computation_transaction_unit: arx/src/units/computation_transaction_unit.rs:358: Failed to send callback computation tx for mxe CQvzhuYp299gu8rDs4RyLg1cDgnbDZiEdK51NcnSVwGm error SolanaClientError(Error { request: Some(SendTransaction), kind: RpcError(RpcResponseError { code: -32002, message: "Transaction simulation failed: Error processing Instruction 1: custom program error: 0xbbf", data: SendTransactionPreflightFailure(RpcSimulateTransactionResult { err: Some(InstructionError(1, Custom(3007))), logs: Some(["Program BKck65TgoKRokMjQM3datB9oRwJ8rAj2jxPXvHXUvcL6 invoke [1]", "Program log: Instruction: CallbackComputation", "Program data: m9Xun/BMpxO2LLWuR86So6mR95BvPks37J0G4eFvSACVJpCVJnL9Bl+veZYj1jB6", "Program data: G0t13b/V/fm2LLWuR86So6mR95BvPks37J0G4eFvSACVJpCVJnL9Bl+veZYj1jB6", "Program BKck65TgoKRokMjQM3datB9oRwJ8rAj2jxPXvHXUvcL6 consumed 31820 of 400000 compute units", "Program BKck65TgoKRokMjQM3datB9oRwJ8rAj2jxPXvHXUvcL6 success", "Program CQvzhuYp299gu8rDs4RyLg1cDgnbDZiEdK51NcnSVwGm invoke [1]", "Program log: Instruction: InitializeMarketCallback", "Program log: AnchorError caused by account: market. Error Code: AccountOwnedByWrongProgram. Error Number: 3007. Error Message: The given account is owned by a different program than expected.", "Program log: Left:", "Program log: BPFLoaderUpgradeab1e11111111111111111111111", "Program log: Right:", "Program log: CQvzhuYp299gu8rDs4RyLg1cDgnbDZiEdK51NcnSVwGm", "Program CQvzhuYp299gu8rDs4RyLg1cDgnbDZiEdK51NcnSVwGm consumed 3875 of 368180 compute units", "Program CQvzhuYp299gu8rDs4RyLg1cDgnbDZiEdK51NcnSVwGm failed: custom program error: 0xbbf"]), accounts: None, units_consumed: Some(35695), return_data: None, inner_instructions: None, replacement_blockhash: None }) }) })
2025-10-21T18:15:01.300689Z  WARN arx::units::computation_transaction_unit: arx/src/units/computation_transaction_unit.rs:170: Attempt 5/5: RPC error while calling self.callback(mxe.clone(), computation.clone(), outputs): RPC error: Failed to send callback computation tx for mxe CQvzhuYp299gu8rDs4RyLg1cDgnbDZiEdK51NcnSVwGm error SolanaClientError(Error { request: Some(SendTransaction), kind: RpcError(RpcResponseError { code: -32002, message: "Transaction simulation failed: Error processing Instruction 1: custom program error: 0xbbf", data: SendTransactionPreflightFailure(RpcSimulateTransactionResult { err: Some(InstructionError(1, Custom(3007))), logs: Some(["Program BKck65TgoKRokMjQM3datB9oRwJ8rAj2jxPXvHXUvcL6 invoke [1]", "Program log: Instruction: CallbackComputation", "Program data: m9Xun/BMpxO2LLWuR86So6mR95BvPks37J0G4eFvSACVJpCVJnL9Bl+veZYj1jB6", "Program data: G0t13b/V/fm2LLWuR86So6mR95BvPks37J0G4eFvSACVJpCVJnL9Bl+veZYj1jB6", "Program BKck65TgoKRokMjQM3datB9oRwJ8rAj2jxPXvHXUvcL6 consumed 31820 of 400000 compute units", "Program BKck65TgoKRokMjQM3datB9oRwJ8rAj2jxPXvHXUvcL6 success", "Program CQvzhuYp299gu8rDs4RyLg1cDgnbDZiEdK51NcnSVwGm invoke [1]", "Program log: Instruction: InitializeMarketCallback", "Program log: AnchorError caused by account: market. Error Code: AccountOwnedByWrongProgram. Error Number: 3007. Error Message: The given account is owned by a different program than expected.", "Program log: Left:", "Program log: BPFLoaderUpgradeab1e11111111111111111111111", "Program log: Right:", "Program log: CQvzhuYp299gu8rDs4RyLg1cDgnbDZiEdK51NcnSVwGm", "Program CQvzhuYp299gu8rDs4RyLg1cDgnbDZiEdK51NcnSVwGm consumed 3875 of 368180 compute units", "Program CQvzhuYp299gu8rDs4RyLg1cDgnbDZiEdK51NcnSVwGm failed: custom program error: 0xbbf"]), accounts: None, units_consumed: Some(35695), return_data: None, inner_instructions: None, replacement_blockhash: None }) }) })
2025-10-21T18:15:01.301253Z  WARN arx::units::computation_transaction_unit: arx/src/units/computation_transaction_unit.rs:119: Failed to process message RPC error: Attempt 5/5: RPC error: Failed to send callback computation tx for mxe CQvzhuYp299gu8rDs4RyLg1cDgnbDZiEdK51NcnSVwGm error SolanaClientError(Error { request: Some(SendTransaction), kind: RpcError(RpcResponseError { code: -32002, message: "Transaction simulation failed: Error processing Instruction 1: custom program error: 0xbbf", data: SendTransactionPreflightFailure(RpcSimulateTransactionResult { err: Some(InstructionError(1, Custom(3007))), logs: Some(["Program BKck65TgoKRokMjQM3datB9oRwJ8rAj2jxPXvHXUvcL6 invoke [1]", "Program log: Instruction: CallbackComputation", "Program data: m9Xun/BMpxO2LLWuR86So6mR95BvPks37J0G4eFvSACVJpCVJnL9Bl+veZYj1jB6", "Program data: G0t13b/V/fm2LLWuR86So6mR95BvPks37J0G4eFvSACVJpCVJnL9Bl+veZYj1jB6", "Program BKck65TgoKRokMjQM3datB9oRwJ8rAj2jxPXvHXUvcL6 consumed 31820 of 400000 compute units", "Program BKck65TgoKRokMjQM3datB9oRwJ8rAj2jxPXvHXUvcL6 success", "Program CQvzhuYp299gu8rDs4RyLg1cDgnbDZiEdK51NcnSVwGm invoke [1]", "Program log: Instruction: InitializeMarketCallback", "Program log: AnchorError caused by account: market. Error Code: AccountOwnedByWrongProgram. Error Number: 3007. Error Message: The given account is owned by a different program than expected.", "Program log: Left:", "Program log: BPFLoaderUpgradeab1e11111111111111111111111", "Program log: Right:", "Program log: CQvzhuYp299gu8rDs4RyLg1cDgnbDZiEdK51NcnSVwGm", "Program CQvzhuYp299gu8rDs4RyLg1cDgnbDZiEdK51NcnSVwGm consumed 3875 of 368180 compute units", "Program CQvzhuYp299gu8rDs4RyLg1cDgnbDZiEdK51NcnSVwGm failed: custom program error: 0xbbf"]), accounts: None, units_consumed: Some(35695), return_data: None, inner_instructions: None, replacement_blockhash: None }) }) })
2025-10-21T18:15:01.301368Z ERROR arx::units::computation_transaction_unit: arx/src/units/computation_transaction_unit.rs:121: Failing to process callback can lead to stale MXE
2025-10-21T18:20:57.001457Z  WARN arx::program: arx/src/program.rs:322: Pub/sub connection closed or error occurred, reconnecting...
2025-10-21T18:20:57.001669Z  WARN arx::program: arx/src/program.rs:322: Pub/sub connection closed or error occurred, reconnecting...
2025-10-21T18:20:57.001703Z  WARN arx::program: arx/src/program.rs:322: Pub/sub connection closed or error occurred, reconnecting...
2025-10-21T18:20:57.001723Z  WARN arx::program: arx/src/program.rs:322: Pub/sub connection closed or error occurred, reconnecting...
2025-10-21T18:20:57.007462Z  INFO arx::program: arx/src/program.rs:327: Reconnecting pub/sub client
2025-10-21T18:20:57.007537Z  INFO arx::program: arx/src/program.rs:327: Reconnecting pub/sub client
2025-10-21T18:20:57.007631Z  INFO arx::program: arx/src/program.rs:327: Reconnecting pub/sub client
2025-10-21T18:20:57.007679Z  INFO arx::program: arx/src/program.rs:327: Reconnecting pub/sub client
2025-10-21T18:20:57.012529Z  WARN arx::program: arx/src/program.rs:375: Attempt 1/5: Failed to create new pub/sub: unable to connect to server
2025-10-21T18:20:57.012592Z  WARN arx::program: arx/src/program.rs:375: Attempt 1/5: Failed to create new pub/sub: unable to connect to server
2025-10-21T18:20:57.012765Z  WARN arx::program: arx/src/program.rs:375: Attempt 1/5: Failed to create new pub/sub: unable to connect to server
2025-10-21T18:20:57.014728Z  WARN arx::program: arx/src/program.rs:375: Attempt 1/5: Failed to create new pub/sub: unable to connect to server
2025-10-21T18:20:58.020671Z  WARN arx::program: arx/src/program.rs:375: Attempt 2/5: Failed to create new pub/sub: unable to connect to server
2025-10-21T18:20:58.020884Z  WARN arx::program: arx/src/program.rs:375: Attempt 2/5: Failed to create new pub/sub: unable to connect to server
2025-10-21T18:20:58.022734Z  WARN arx::program: arx/src/program.rs:375: Attempt 2/5: Failed to create new pub/sub: unable to connect to server
2025-10-21T18:20:58.022932Z  WARN arx::program: arx/src/program.rs:375: Attempt 2/5: Failed to create new pub/sub: unable to connect to server
