2025-10-21T18:14:25.257310Z DEBUG arx: arx/src/main.rs:53: Checking Solana is up and running
2025-10-21T18:14:25.331349Z  WARN arx::utils: arx/src/utils.rs:66: Attempt 1/5: RPC error while calling client.get_version().map_err(|e|
ArxError::RpcError(format!("Failed to check cluster status: {}", e))): RPC error: Failed to check cluster status: error sending request for url (http://host.docker.internal:8899/): error trying to connect: tcp connect error: Connection refused (os error 111)
2025-10-21T18:14:26.337821Z  WARN arx::utils: arx/src/utils.rs:66: Attempt 2/5: RPC error while calling client.get_version().map_err(|e|
ArxError::RpcError(format!("Failed to check cluster status: {}", e))): RPC error: Failed to check cluster status: error sending request for url (http://host.docker.internal:8899/): error trying to connect: tcp connect error: Connection refused (os error 111)
2025-10-21T18:14:28.342672Z  WARN arx::utils: arx/src/utils.rs:66: Attempt 3/5: RPC error while calling client.get_version().map_err(|e|
ArxError::RpcError(format!("Failed to check cluster status: {}", e))): RPC error: Failed to check cluster status: error sending request for url (http://host.docker.internal:8899/): error trying to connect: tcp connect error: Connection refused (os error 111)
2025-10-21T18:14:32.377605Z  INFO arx: arx/src/main.rs:58: Running ARX
2025-10-21T18:14:32.377731Z DEBUG arx: arx/src/main.rs:60: Reading node keypair, callback authority keypair, and identity files from env
2025-10-21T18:14:32.377910Z DEBUG arx: arx/src/main.rs:68: Reading node keypair, callback authority keypair, and identity files
2025-10-21T18:14:32.387698Z DEBUG arx: arx/src/main.rs:78: Installing AWS LC crypto provider
2025-10-21T18:14:32.387834Z  INFO arx: arx/src/main.rs:83: Creating ARX coordinator
2025-10-21T18:14:32.501707Z DEBUG arx::units::online_phase_unit: arx/src/units/online_phase_unit.rs:121: Loaded MXE private shares for CQvzhuYp299gu8rDs4RyLg1cDgnbDZiEdK51NcnSVwGm
2025-10-21T18:14:32.503649Z  INFO arx::units::cache_unit: arx/src/units/cache_unit.rs:88: Cache unit started
2025-10-21T18:14:32.504273Z  INFO arx::units::circuit_unit: arx/src/units/circuit_unit.rs:107: Circuit unit started
2025-10-21T18:14:32.505863Z  INFO arx::units::cluster_unit: arx/src/units/cluster_unit.rs:66: Cluster unit started
2025-10-21T18:14:32.506117Z DEBUG arx::units::cluster_unit: arx/src/units/cluster_unit.rs:68: Running pub/sub for arx node account
2025-10-21T18:14:32.507123Z  INFO arx::units::computation_transaction_unit: arx/src/units/computation_transaction_unit.rs:89: Computation transaction unit started
2025-10-21T18:14:32.508808Z  INFO arx::units::execpool_unit: arx/src/units/execpool_unit.rs:80: Execpool unit started
2025-10-21T18:14:32.508898Z DEBUG arx::units::execpool_unit: arx/src/units/execpool_unit.rs:82: Running pub/sub for mempools accounts
2025-10-21T18:14:32.509613Z DEBUG arx::units::cluster_unit: arx/src/units/cluster_unit.rs:78: Subscribing to arx node account
2025-10-21T18:14:32.509964Z  INFO arx::units::computation_unit: arx/src/units/computation_unit.rs:74: Inputs unit started
2025-10-21T18:14:32.510773Z  INFO arx::units::mempool_unit: arx/src/units/mempool_unit.rs:77: Mempool unit started
2025-10-21T18:14:32.510849Z DEBUG arx::units::mempool_unit: arx/src/units/mempool_unit.rs:79: Running pub/sub for mempools accounts
2025-10-21T18:14:32.512891Z  INFO arx::units::mxe_unit: arx/src/units/mxe_unit.rs:75: MXE unit started
2025-10-21T18:14:32.513265Z  INFO arx::units::node_transaction_unit: arx/src/units/node_transaction_unit.rs:65: Node transaction unit started
2025-10-21T18:14:32.513333Z  INFO arx::units::node_transaction_unit: arx/src/units/node_transaction_unit.rs:67: Activating node
2025-10-21T18:14:32.513473Z DEBUG arx::units::mxe_unit: arx/src/units/mxe_unit.rs:77: Running pub/sub for clusters accounts
2025-10-21T18:14:32.514294Z  INFO arx::units::online_phase_unit: arx/src/units/online_phase_unit.rs:152: Online phase unit started
2025-10-21T18:14:32.515545Z  INFO arx::units::peers_unit: arx/src/units/peers_unit.rs:76: Peers unit started
2025-10-21T18:14:32.515783Z  INFO arx: arx/src/main.rs:93: Coordinator created successfully
2025-10-21T18:14:32.516058Z  INFO arx::units::state_unit: arx/src/units/state_unit.rs:109: State unit started
2025-10-21T18:14:32.516639Z  INFO arx: arx/src/main.rs:102: Starting ARX coordinator
2025-10-21T18:14:32.517508Z  INFO arx::program: arx/src/program.rs:242: Pub/sub client started
2025-10-21T18:14:32.517934Z  INFO arx::program: arx/src/program.rs:244: Connecting initial pub/sub
2025-10-21T18:14:32.519275Z  INFO arx: arx/src/main.rs:105: Waiting for Ctrl+C
2025-10-21T18:14:32.519936Z  INFO arx::program: arx/src/program.rs:242: Pub/sub client started
2025-10-21T18:14:32.519972Z  INFO arx::program: arx/src/program.rs:244: Connecting initial pub/sub
2025-10-21T18:14:32.520329Z  INFO arx::coordinator: arx/src/coordinator.rs:198: Coordinator started
2025-10-21T18:14:32.521090Z  INFO arx::program: arx/src/program.rs:242: Pub/sub client started
2025-10-21T18:14:32.521136Z  INFO arx::program: arx/src/program.rs:244: Connecting initial pub/sub
2025-10-21T18:14:32.523119Z  INFO arx::program: arx/src/program.rs:242: Pub/sub client started
2025-10-21T18:14:32.523168Z  INFO arx::program: arx/src/program.rs:244: Connecting initial pub/sub
2025-10-21T18:14:32.551081Z  INFO arx::program: arx/src/program.rs:267: Fetching initial state for account: 31jCcRC9E6AJg1375cfBEcn9hQogHhoUqf5bBszHK5no
2025-10-21T18:14:32.559871Z  INFO arx::program: arx/src/program.rs:279: Subscribing to account: 31jCcRC9E6AJg1375cfBEcn9hQogHhoUqf5bBszHK5no
2025-10-21T18:14:32.562214Z DEBUG arx::units::cluster_unit: arx/src/units/cluster_unit.rs:101: Processing arx node update
2025-10-21T18:14:33.016395Z DEBUG arx::program: arx/src/program.rs:312: Received update for account: 31jCcRC9E6AJg1375cfBEcn9hQogHhoUqf5bBszHK5no
2025-10-21T18:14:33.016781Z DEBUG arx::units::cluster_unit: arx/src/units/cluster_unit.rs:101: Processing arx node update
2025-10-21T18:14:33.080254Z  INFO arx::units::node_transaction_unit: arx/src/units/node_transaction_unit.rs:70: Node activated
2025-10-21T18:14:33.081231Z DEBUG arx::coordinator: arx/src/coordinator.rs:204: Coordinator received activation unit message: activated
2025-10-21T18:14:33.083434Z DEBUG arx::coordinator: arx/src/coordinator.rs:251: Coordinator received cluster unit message: cluster: 0, status: Joined
2025-10-21T18:14:33.084821Z DEBUG arx::units::mxe_unit: arx/src/units/mxe_unit.rs:112: Subscribing to cluster: GgSqqAyH7AVY3Umcv8NvncrjFaNJuQLmxzxFxPoPW2Yd
2025-10-21T18:14:33.085179Z  INFO arx::program: arx/src/program.rs:267: Fetching initial state for account: GgSqqAyH7AVY3Umcv8NvncrjFaNJuQLmxzxFxPoPW2Yd
2025-10-21T18:14:33.089248Z  INFO arx::program: arx/src/program.rs:279: Subscribing to account: GgSqqAyH7AVY3Umcv8NvncrjFaNJuQLmxzxFxPoPW2Yd
2025-10-21T18:14:33.089771Z DEBUG arx::units::mxe_unit: arx/src/units/mxe_unit.rs:129: Processing cluster update for account: GgSqqAyH7AVY3Umcv8NvncrjFaNJuQLmxzxFxPoPW2Yd
2025-10-21T18:14:33.090747Z DEBUG arx::coordinator: arx/src/coordinator.rs:349: Coordinator received mxe unit message: cluster: GgSqqAyH7AVY3Umcv8NvncrjFaNJuQLmxzxFxPoPW2Yd, mxe: CQvzhuYp299gu8rDs4RyLg1cDgnbDZiEdK51NcnSVwGm, status: Joined
2025-10-21T18:14:33.091150Z DEBUG arx::units::execpool_unit: arx/src/units/execpool_unit.rs:120: Subscribing to execpool account: CQF2VydaWEk5ZkVRi5q3LxoQTkJNHsRSc2yuUAMS1qUc
2025-10-21T18:14:33.091196Z DEBUG arx::units::mempool_unit: arx/src/units/mempool_unit.rs:113: Subscribing to mempool account: Eii8e5feybZsNs1xJcmktof6LkWNGrAdTk179oL3ZZyv
2025-10-21T18:14:33.091531Z  INFO arx::program: arx/src/program.rs:267: Fetching initial state for account: CQF2VydaWEk5ZkVRi5q3LxoQTkJNHsRSc2yuUAMS1qUc
2025-10-21T18:14:33.091627Z  INFO arx::program: arx/src/program.rs:267: Fetching initial state for account: Eii8e5feybZsNs1xJcmktof6LkWNGrAdTk179oL3ZZyv
2025-10-21T18:14:33.093880Z  INFO arx::program: arx/src/program.rs:279: Subscribing to account: CQF2VydaWEk5ZkVRi5q3LxoQTkJNHsRSc2yuUAMS1qUc
2025-10-21T18:14:33.095546Z  INFO arx::program: arx/src/program.rs:279: Subscribing to account: Eii8e5feybZsNs1xJcmktof6LkWNGrAdTk179oL3ZZyv
2025-10-21T18:14:33.097106Z DEBUG arx::units::mempool_unit: arx/src/units/mempool_unit.rs:136: Processing new mempool update for account: Eii8e5feybZsNs1xJcmktof6LkWNGrAdTk179oL3ZZyv
2025-10-21T18:14:33.097396Z DEBUG arx::units::mempool_unit: arx/src/units/mempool_unit.rs:175: Mempool account Eii8e5feybZsNs1xJcmktof6LkWNGrAdTk179oL3ZZyv contains the same computations, skipping update
2025-10-21T18:14:33.097272Z DEBUG arx::coordinator: arx/src/coordinator.rs:288: Coordinator received execpool unit message: computations ids: [1]
2025-10-21T18:14:33.098074Z DEBUG arx::units::state_unit: arx/src/units/state_unit.rs:231: Processing execpool update
2025-10-21T18:14:33.098363Z DEBUG arx::units::cache_unit: arx/src/units/cache_unit.rs:144: Processing queued computation: ArxComputationReference (1,1) (cluster: GgSqqAyH7AVY3Umcv8NvncrjFaNJuQLmxzxFxPoPW2Yd, mxe: CQvzhuYp299gu8rDs4RyLg1cDgnbDZiEdK51NcnSVwGm)
2025-10-21T18:14:33.099446Z DEBUG arx::units::state_unit: arx/src/units/state_unit.rs:281: Prefetching and executing computation: ArxComputationReference (1,1) (cluster: GgSqqAyH7AVY3Umcv8NvncrjFaNJuQLmxzxFxPoPW2Yd, mxe: CQvzhuYp299gu8rDs4RyLg1cDgnbDZiEdK51NcnSVwGm) with status (index: 0, executed: false)
2025-10-21T18:14:33.099750Z DEBUG arx::coordinator: arx/src/coordinator.rs:384: Coordinator received state unit message: prefetch computation: ArxComputationReference (1,1) (cluster: GgSqqAyH7AVY3Umcv8NvncrjFaNJuQLmxzxFxPoPW2Yd, mxe: CQvzhuYp299gu8rDs4RyLg1cDgnbDZiEdK51NcnSVwGm)
2025-10-21T18:14:33.100239Z DEBUG arx::coordinator: arx/src/coordinator.rs:405: Coordinator received state unit message: execute computation: ArxComputationReference (1,1) (cluster: GgSqqAyH7AVY3Umcv8NvncrjFaNJuQLmxzxFxPoPW2Yd, mxe: CQvzhuYp299gu8rDs4RyLg1cDgnbDZiEdK51NcnSVwGm)
2025-10-21T18:14:33.100759Z DEBUG arx::units::peers_unit: arx/src/units/peers_unit.rs:111: Processing cluster: GgSqqAyH7AVY3Umcv8NvncrjFaNJuQLmxzxFxPoPW2Yd
2025-10-21T18:14:33.100773Z DEBUG arx::units::circuit_unit: arx/src/units/circuit_unit.rs:148: Processing computation definition: Dpz7xMiZ29fGETVJc3rnexMZSq7G4quyeMrZzbWt88R3
2025-10-21T18:14:33.106197Z DEBUG arx::coordinator: arx/src/coordinator.rs:309: Coordinator prefetched computation ArxComputationReference (1,1) (cluster: GgSqqAyH7AVY3Umcv8NvncrjFaNJuQLmxzxFxPoPW2Yd, mxe: CQvzhuYp299gu8rDs4RyLg1cDgnbDZiEdK51NcnSVwGm)
2025-10-21T18:14:33.106759Z DEBUG arx::coordinator: arx/src/coordinator.rs:312: Coordinator fetched computation ArxComputation 303790697907795210078047774390766665400 (cluster: GgSqqAyH7AVY3Umcv8NvncrjFaNJuQLmxzxFxPoPW2Yd, mxe: CQvzhuYp299gu8rDs4RyLg1cDgnbDZiEdK51NcnSVwGm) inputs
2025-10-21T18:14:33.108276Z DEBUG arx::units::cache_unit: arx/src/units/cache_unit.rs:246: Processing fetched inputs: Cerberus Inputs
2025-10-21T18:14:33.113033Z DEBUG arx::units::circuit_unit: arx/src/units/circuit_unit.rs:198: Deserializing circuit data
2025-10-21T18:14:33.118285Z DEBUG arx::units::circuit_unit: arx/src/units/circuit_unit.rs:215: Inserting circuit info into cache
2025-10-21T18:14:33.118374Z DEBUG arx::coordinator: arx/src/coordinator.rs:373: Coordinator received peers unit message
2025-10-21T18:14:33.118784Z DEBUG arx::units::cache_unit: arx/src/units/cache_unit.rs:209: Processing fetched peers: PeersInfo { cluster: GgSqqAyH7AVY3Umcv8NvncrjFaNJuQLmxzxFxPoPW2Yd, peer_number: 2 }
2025-10-21T18:14:33.120193Z DEBUG arx::coordinator: arx/src/coordinator.rs:241: Coordinator received circuit unit message
2025-10-21T18:14:33.120380Z DEBUG arx::units::cache_unit: arx/src/units/cache_unit.rs:170: Processing fetched circuit: CircuitInfo Dpz7xMiZ29fGETVJc3rnexMZSq7G4quyeMrZzbWt88R3
2025-10-21T18:14:33.120714Z DEBUG arx::coordinator: arx/src/coordinator.rs:221: Coordinator received cache unit message
2025-10-21T18:14:33.120769Z DEBUG arx::coordinator: arx/src/coordinator.rs:221: Coordinator received cache unit message
2025-10-21T18:14:33.120982Z DEBUG arx::units::state_unit: arx/src/units/state_unit.rs:296: Processing prefetched computation
2025-10-21T18:14:33.121659Z  WARN arx::units::online_phase_unit: arx/src/units/online_phase_unit.rs:195: Overwriting existing private shares for MXE keygen computation
2025-10-21T18:14:33.123614Z  INFO arx::units::online_phase_unit: arx/src/units/online_phase_unit.rs:326: Processing Cerberus computation with id 303790697907795210078047774390766665400
2025-10-21T18:14:33.123713Z DEBUG arx::units::online_phase_unit: arx/src/units/online_phase_unit.rs:328: Connecting to peers (303790697907795210078047774390766665400)
2025-10-21T18:14:33.124450Z DEBUG network::router::network_router: /home/runner/.cargo/git/checkouts/async-mpc-1dbbf554a14e7a32/b307074/network/src/router/network_router.rs:79: Handling connection request to peer 0461a5    
2025-10-21T18:14:33.124755Z DEBUG network::router::state::connection_handlers: /home/runner/.cargo/git/checkouts/async-mpc-1dbbf554a14e7a32/b307074/network/src/router/state/connection_handlers.rs:44: Handling internal connection request: ConnectionRequest { expected_peer_id: 0461a5, peer_addr: 172.20.0.100:8001, response_sender: Sender { inner: Some(Inner { state: State { is_complete: false, is_closed: false, is_rx_task_set: true, is_tx_task_set: false } }) } }    
2025-10-21T18:14:33.125050Z DEBUG network::router::state::connection_handlers: /home/runner/.cargo/git/checkouts/async-mpc-1dbbf554a14e7a32/b307074/network/src/router/state/connection_handlers.rs:65: Connection not established yet: 172.20.0.100:8001    
2025-10-21T18:14:33.125086Z DEBUG network::router::state::connection_handlers: /home/runner/.cargo/git/checkouts/async-mpc-1dbbf554a14e7a32/b307074/network/src/router/state/connection_handlers.rs:100: Connecting to peer: 172.20.0.100:8001    
2025-10-21T18:14:33.134455Z DEBUG network::router::state::connection_handlers: /home/runner/.cargo/git/checkouts/async-mpc-1dbbf554a14e7a32/b307074/network/src/router/state/connection_handlers.rs:128: Connecting and checking ID of peer: 172.20.0.100:8001    
2025-10-21T18:14:33.135049Z DEBUG network::router::network_router: /home/runner/.cargo/git/checkouts/async-mpc-1dbbf554a14e7a32/b307074/network/src/router/network_router.rs:85: Connection request to peer 0461a5 handled    
2025-10-21T18:14:36.775334Z DEBUG network::router::state::connection_handlers: /home/runner/.cargo/git/checkouts/async-mpc-1dbbf554a14e7a32/b307074/network/src/router/state/connection_handlers.rs:227: Handling incoming connection request from peer: 172.20.0.101:8001    
2025-10-21T18:14:36.792941Z DEBUG network::router::state::connection_handlers: /home/runner/.cargo/git/checkouts/async-mpc-1dbbf554a14e7a32/b307074/network/src/router/state/connection_handlers.rs:280: Checking connection liveness to peer: 172.20.0.100:8001    
2025-10-21T18:14:36.794905Z DEBUG network::router::state::connection_handlers: /home/runner/.cargo/git/checkouts/async-mpc-1dbbf554a14e7a32/b307074/network/src/router/state/connection_handlers.rs:168: Outcome of connection to peer 172.20.0.100:8001 sent.    
2025-10-21T18:14:36.795403Z DEBUG network::router::state::connection_handlers: /home/runner/.cargo/git/checkouts/async-mpc-1dbbf554a14e7a32/b307074/network/src/router/state/connection_handlers.rs:188: Handling established connection to peer: 172.20.0.100:8001    
2025-10-21T18:14:36.795763Z  INFO network::router::state::substream_handlers: /home/runner/.cargo/git/checkouts/async-mpc-1dbbf554a14e7a32/b307074/network/src/router/state/substream_handlers.rs:217: Listening to substream requests from address 172.20.0.100:8001.    
2025-10-21T18:14:36.796843Z DEBUG network::router::network_router: /home/runner/.cargo/git/checkouts/async-mpc-1dbbf554a14e7a32/b307074/network/src/router/network_router.rs:79: Handling connection request to peer cf7093    
2025-10-21T18:14:36.796885Z DEBUG network::router::state::connection_handlers: /home/runner/.cargo/git/checkouts/async-mpc-1dbbf554a14e7a32/b307074/network/src/router/state/connection_handlers.rs:44: Handling internal connection request: ConnectionRequest { expected_peer_id: cf7093, peer_addr: 172.20.0.101:8001, response_sender: Sender { inner: Some(Inner { state: State { is_complete: false, is_closed: false, is_rx_task_set: true, is_tx_task_set: false } }) } }    
2025-10-21T18:14:36.796981Z DEBUG network::router::state::connection_handlers: /home/runner/.cargo/git/checkouts/async-mpc-1dbbf554a14e7a32/b307074/network/src/router/state/connection_handlers.rs:65: Connection not established yet: 172.20.0.101:8001    
2025-10-21T18:14:36.797012Z DEBUG network::router::state::connection_handlers: /home/runner/.cargo/git/checkouts/async-mpc-1dbbf554a14e7a32/b307074/network/src/router/state/connection_handlers.rs:100: Connecting to peer: 172.20.0.101:8001    
2025-10-21T18:14:36.803099Z DEBUG network::router::state::connection_handlers: /home/runner/.cargo/git/checkouts/async-mpc-1dbbf554a14e7a32/b307074/network/src/router/state/connection_handlers.rs:128: Connecting and checking ID of peer: 172.20.0.101:8001    
2025-10-21T18:14:36.803137Z DEBUG network::router::network_router: /home/runner/.cargo/git/checkouts/async-mpc-1dbbf554a14e7a32/b307074/network/src/router/network_router.rs:85: Connection request to peer cf7093 handled    
2025-10-21T18:14:36.805007Z DEBUG network::router::state::connection_handlers: /home/runner/.cargo/git/checkouts/async-mpc-1dbbf554a14e7a32/b307074/network/src/router/state/connection_handlers.rs:280: Checking connection liveness to peer: 172.20.0.101:8001    
2025-10-21T18:14:36.805307Z DEBUG network::router::state::connection_handlers: /home/runner/.cargo/git/checkouts/async-mpc-1dbbf554a14e7a32/b307074/network/src/router/state/connection_handlers.rs:168: Outcome of connection to peer 172.20.0.101:8001 sent.    
2025-10-21T18:14:36.805462Z DEBUG network::router::state::connection_handlers: /home/runner/.cargo/git/checkouts/async-mpc-1dbbf554a14e7a32/b307074/network/src/router/state/connection_handlers.rs:188: Handling established connection to peer: 172.20.0.101:8001    
2025-10-21T18:14:36.806271Z  INFO network::router::state::substream_handlers: /home/runner/.cargo/git/checkouts/async-mpc-1dbbf554a14e7a32/b307074/network/src/router/state/substream_handlers.rs:217: Listening to substream requests from address 172.20.0.101:8001.    
2025-10-21T18:14:36.806325Z DEBUG network::router::network_router: /home/runner/.cargo/git/checkouts/async-mpc-1dbbf554a14e7a32/b307074/network/src/router/network_router.rs:79: Handling connection request to peer 15eb2e    
2025-10-21T18:14:36.806357Z DEBUG network::router::state::connection_handlers: /home/runner/.cargo/git/checkouts/async-mpc-1dbbf554a14e7a32/b307074/network/src/router/state/connection_handlers.rs:44: Handling internal connection request: ConnectionRequest { expected_peer_id: 15eb2e, peer_addr: 172.20.0.103:8001, response_sender: Sender { inner: Some(Inner { state: State { is_complete: false, is_closed: false, is_rx_task_set: true, is_tx_task_set: false } }) } }    
2025-10-21T18:14:36.806392Z DEBUG network::router::state::connection_handlers: /home/runner/.cargo/git/checkouts/async-mpc-1dbbf554a14e7a32/b307074/network/src/router/state/connection_handlers.rs:65: Connection not established yet: 172.20.0.103:8001    
2025-10-21T18:14:36.806423Z DEBUG network::router::state::connection_handlers: /home/runner/.cargo/git/checkouts/async-mpc-1dbbf554a14e7a32/b307074/network/src/router/state/connection_handlers.rs:100: Connecting to peer: 172.20.0.103:8001    
2025-10-21T18:14:36.806847Z DEBUG network::router::state::connection_handlers: /home/runner/.cargo/git/checkouts/async-mpc-1dbbf554a14e7a32/b307074/network/src/router/state/connection_handlers.rs:128: Connecting and checking ID of peer: 172.20.0.103:8001    
2025-10-21T18:14:36.806892Z DEBUG network::router::network_router: /home/runner/.cargo/git/checkouts/async-mpc-1dbbf554a14e7a32/b307074/network/src/router/network_router.rs:85: Connection request to peer 15eb2e handled    
2025-10-21T18:14:36.835004Z DEBUG network::router::state::connection_handlers: /home/runner/.cargo/git/checkouts/async-mpc-1dbbf554a14e7a32/b307074/network/src/router/state/connection_handlers.rs:280: Checking connection liveness to peer: 172.20.0.103:8001    
2025-10-21T18:14:36.835084Z DEBUG network::router::state::connection_handlers: /home/runner/.cargo/git/checkouts/async-mpc-1dbbf554a14e7a32/b307074/network/src/router/state/connection_handlers.rs:168: Outcome of connection to peer 172.20.0.103:8001 sent.    
2025-10-21T18:14:36.835210Z DEBUG network::router::state::connection_handlers: /home/runner/.cargo/git/checkouts/async-mpc-1dbbf554a14e7a32/b307074/network/src/router/state/connection_handlers.rs:188: Handling established connection to peer: 172.20.0.103:8001    
2025-10-21T18:14:36.835256Z  INFO network::router::state::substream_handlers: /home/runner/.cargo/git/checkouts/async-mpc-1dbbf554a14e7a32/b307074/network/src/router/state/substream_handlers.rs:217: Listening to substream requests from address 172.20.0.103:8001.    
2025-10-21T18:14:36.835306Z DEBUG network::router::network_router: /home/runner/.cargo/git/checkouts/async-mpc-1dbbf554a14e7a32/b307074/network/src/router/network_router.rs:79: Handling connection request to peer d96e97    
2025-10-21T18:14:36.835348Z DEBUG network::router::state::connection_handlers: /home/runner/.cargo/git/checkouts/async-mpc-1dbbf554a14e7a32/b307074/network/src/router/state/connection_handlers.rs:44: Handling internal connection request: ConnectionRequest { expected_peer_id: d96e97, peer_addr: 172.20.0.104:8001, response_sender: Sender { inner: Some(Inner { state: State { is_complete: false, is_closed: false, is_rx_task_set: true, is_tx_task_set: false } }) } }    
2025-10-21T18:14:36.835487Z DEBUG network::router::state::connection_handlers: /home/runner/.cargo/git/checkouts/async-mpc-1dbbf554a14e7a32/b307074/network/src/router/state/connection_handlers.rs:65: Connection not established yet: 172.20.0.104:8001    
2025-10-21T18:14:36.835597Z DEBUG network::router::state::connection_handlers: /home/runner/.cargo/git/checkouts/async-mpc-1dbbf554a14e7a32/b307074/network/src/router/state/connection_handlers.rs:100: Connecting to peer: 172.20.0.104:8001    
2025-10-21T18:14:36.835795Z DEBUG network::router::network_router: /home/runner/.cargo/git/checkouts/async-mpc-1dbbf554a14e7a32/b307074/network/src/router/network_router.rs:85: Connection request to peer d96e97 handled    
2025-10-21T18:14:36.863863Z DEBUG network::router::state::connection_handlers: /home/runner/.cargo/git/checkouts/async-mpc-1dbbf554a14e7a32/b307074/network/src/router/state/connection_handlers.rs:227: Handling incoming connection request from peer: 172.20.0.104:8001    
2025-10-21T18:14:36.864208Z DEBUG network::router::state::connection_handlers: /home/runner/.cargo/git/checkouts/async-mpc-1dbbf554a14e7a32/b307074/network/src/router/state/connection_handlers.rs:128: Connecting and checking ID of peer: 172.20.0.104:8001    
2025-10-21T18:14:36.865008Z DEBUG network::router::state::connection_handlers: /home/runner/.cargo/git/checkouts/async-mpc-1dbbf554a14e7a32/b307074/network/src/router/state/connection_handlers.rs:280: Checking connection liveness to peer: 172.20.0.104:8001    
2025-10-21T18:14:36.865193Z DEBUG network::router::state::connection_handlers: /home/runner/.cargo/git/checkouts/async-mpc-1dbbf554a14e7a32/b307074/network/src/router/state/connection_handlers.rs:168: Outcome of connection to peer 172.20.0.104:8001 sent.    
2025-10-21T18:14:36.865397Z DEBUG network::router::state::connection_handlers: /home/runner/.cargo/git/checkouts/async-mpc-1dbbf554a14e7a32/b307074/network/src/router/state/connection_handlers.rs:188: Handling established connection to peer: 172.20.0.104:8001    
2025-10-21T18:14:36.865540Z  INFO network::router::state::substream_handlers: /home/runner/.cargo/git/checkouts/async-mpc-1dbbf554a14e7a32/b307074/network/src/router/state/substream_handlers.rs:217: Listening to substream requests from address 172.20.0.104:8001.    
2025-10-21T18:14:36.865955Z  INFO network::router::state::substream_handlers: /home/runner/.cargo/git/checkouts/async-mpc-1dbbf554a14e7a32/b307074/network/src/router/state/substream_handlers.rs:235: Registered incoming stream from address 172.20.0.101:8001.    
2025-10-21T18:14:36.865962Z DEBUG arx::units::online_phase_unit: arx/src/units/online_phase_unit.rs:343: Connected to peers (303790697907795210078047774390766665400)
2025-10-21T18:14:36.866269Z  INFO network::router::state::substream_handlers: /home/runner/.cargo/git/checkouts/async-mpc-1dbbf554a14e7a32/b307074/network/src/router/state/substream_handlers.rs:53: Buffering substream for later processing.    
2025-10-21T18:14:36.867692Z DEBUG network::router::network_router: /home/runner/.cargo/git/checkouts/async-mpc-1dbbf554a14e7a32/b307074/network/src/router/network_router.rs:105: Opening substream for protocol (303790697907795210078047774390766665400, 0) with peer 0461a5    
2025-10-21T18:14:36.868549Z DEBUG network::router::network_router: /home/runner/.cargo/git/checkouts/async-mpc-1dbbf554a14e7a32/b307074/network/src/router/network_router.rs:105: Opening substream for protocol (303790697907795210078047774390766665400, 0) with peer 15eb2e    
2025-10-21T18:14:36.868719Z DEBUG network::router::network_router: /home/runner/.cargo/git/checkouts/async-mpc-1dbbf554a14e7a32/b307074/network/src/router/network_router.rs:105: Opening substream for protocol (303790697907795210078047774390766665400, 0) with peer cf7093    
2025-10-21T18:14:36.869201Z DEBUG network::router::network_router: /home/runner/.cargo/git/checkouts/async-mpc-1dbbf554a14e7a32/b307074/network/src/router/network_router.rs:105: Opening substream for protocol (303790697907795210078047774390766665400, 0) with peer d96e97    
2025-10-21T18:14:36.872321Z  INFO network::router::state::substream_handlers: /home/runner/.cargo/git/checkouts/async-mpc-1dbbf554a14e7a32/b307074/network/src/router/state/substream_handlers.rs:235: Registered incoming stream from address 172.20.0.104:8001.    
2025-10-21T18:14:36.872510Z  INFO network::router::state::substream_handlers: /home/runner/.cargo/git/checkouts/async-mpc-1dbbf554a14e7a32/b307074/network/src/router/state/substream_handlers.rs:50: New substream successfully established.    
2025-10-21T18:14:36.872656Z  INFO network::router::network_router: /home/runner/.cargo/git/checkouts/async-mpc-1dbbf554a14e7a32/b307074/network/src/router/network_router.rs:273: Opened substreams for protocol 303790697907795210078047774390766665400    
2025-10-21T18:14:37.562880Z  INFO network::labeled_interface::handlers: /home/runner/.cargo/git/checkouts/async-mpc-1dbbf554a14e7a32/b307074/network/src/labeled_interface/handlers.rs:86: Interface b9d570 dropped.    
2025-10-21T18:14:37.562927Z  INFO network::labeled_interface::handlers: /home/runner/.cargo/git/checkouts/async-mpc-1dbbf554a14e7a32/b307074/network/src/labeled_interface/handlers.rs:86: Interface b9d570 dropped.    
2025-10-21T18:14:37.562932Z  INFO network::labeled_interface::handlers: /home/runner/.cargo/git/checkouts/async-mpc-1dbbf554a14e7a32/b307074/network/src/labeled_interface/handlers.rs:86: Interface b9d570 dropped.    
2025-10-21T18:14:37.562912Z DEBUG arx::units::online_phase_unit: arx/src/units/online_phase_unit.rs:255: Output of computation is: ArxComputationOutput { computation: ArxComputation 303790697907795210078047774390766665400 (cluster: GgSqqAyH7AVY3Umcv8NvncrjFaNJuQLmxzxFxPoPW2Yd, mxe: CQvzhuYp299gu8rDs4RyLg1cDgnbDZiEdK51NcnSVwGm), outputs: Success([[234, 191, 86, 99, 142, 238, 220, 135, 52, 2, 66, 242, 239, 184, 187, 230, 202, 82, 8, 16, 220, 158, 113, 99, 114, 194, 154, 139, 160, 189, 244, 126]]) } (303790697907795210078047774390766665400)
2025-10-21T18:14:37.563002Z  INFO network::labeled_interface::handlers: /home/runner/.cargo/git/checkouts/async-mpc-1dbbf554a14e7a32/b307074/network/src/labeled_interface/handlers.rs:86: Interface b9d570 dropped.    
2025-10-21T18:14:37.564869Z  INFO network::labeled_interface::interface: /home/runner/.cargo/git/checkouts/async-mpc-1dbbf554a14e7a32/b307074/network/src/labeled_interface/interface.rs:415: Interface b9d570 dropped.    
2025-10-21T18:14:37.564930Z  INFO network::labeled_interface::handlers: /home/runner/.cargo/git/checkouts/async-mpc-1dbbf554a14e7a32/b307074/network/src/labeled_interface/handlers.rs:53: Router closed interface b9d570.    
2025-10-21T18:14:37.565661Z DEBUG arx::coordinator: arx/src/coordinator.rs:364: Coordinator received online unit output: ArxComputationOutput { computation: ArxComputation 303790697907795210078047774390766665400 (cluster: GgSqqAyH7AVY3Umcv8NvncrjFaNJuQLmxzxFxPoPW2Yd, mxe: CQvzhuYp299gu8rDs4RyLg1cDgnbDZiEdK51NcnSVwGm), outputs: Success([[234, 191, 86, 99, 142, 238, 220, 135, 52, 2, 66, 242, 239, 184, 187, 230, 202, 82, 8, 16, 220, 158, 113, 99, 114, 194, 154, 139, 160, 189, 244, 126]]) }
2025-10-21T18:14:37.566292Z  INFO network::labeled_interface::handlers: /home/runner/.cargo/git/checkouts/async-mpc-1dbbf554a14e7a32/b307074/network/src/labeled_interface/handlers.rs:53: Router closed interface b9d570.    
2025-10-21T18:14:37.566889Z DEBUG arx::units::computation_transaction_unit: arx/src/units/computation_transaction_unit.rs:162: Processing callback for computation ArxComputation 303790697907795210078047774390766665400 (cluster: GgSqqAyH7AVY3Umcv8NvncrjFaNJuQLmxzxFxPoPW2Yd, mxe: CQvzhuYp299gu8rDs4RyLg1cDgnbDZiEdK51NcnSVwGm)
2025-10-21T18:14:37.567670Z  INFO network::labeled_interface::handlers: /home/runner/.cargo/git/checkouts/async-mpc-1dbbf554a14e7a32/b307074/network/src/labeled_interface/handlers.rs:53: Router closed interface b9d570.    
2025-10-21T18:14:37.569115Z  INFO network::labeled_interface::handlers: /home/runner/.cargo/git/checkouts/async-mpc-1dbbf554a14e7a32/b307074/network/src/labeled_interface/handlers.rs:53: Router closed interface b9d570.    
2025-10-21T18:14:37.569364Z  INFO network::router::state::substream_handlers: /home/runner/.cargo/git/checkouts/async-mpc-1dbbf554a14e7a32/b307074/network/src/router/state/substream_handlers.rs:197: Removed protocol ID (303790697907795210078047774390766665400, 0) for peer 0461a5.    
2025-10-21T18:14:37.787202Z DEBUG arx::program: arx/src/program.rs:312: Received update for account: GgSqqAyH7AVY3Umcv8NvncrjFaNJuQLmxzxFxPoPW2Yd
2025-10-21T18:14:37.787674Z DEBUG arx::units::mxe_unit: arx/src/units/mxe_unit.rs:129: Processing cluster update for account: GgSqqAyH7AVY3Umcv8NvncrjFaNJuQLmxzxFxPoPW2Yd
2025-10-21T18:14:38.078696Z DEBUG arx::units::computation_transaction_unit: arx/src/units/computation_transaction_unit.rs:219: Sent set_mxe_keys tx for mxe CQvzhuYp299gu8rDs4RyLg1cDgnbDZiEdK51NcnSVwGm with sig 3kLMkPKwQMoVy5g2iPnjJnHqY7tKSp5uxbhVKhHqyGYrzsV7Cq5eR31uMFbwq2UrVPfSPSP5t7XR29tProyj5zN6
2025-10-21T18:14:38.174815Z DEBUG arx::program: arx/src/program.rs:312: Received update for account: CQF2VydaWEk5ZkVRi5q3LxoQTkJNHsRSc2yuUAMS1qUc
2025-10-21T18:14:38.174960Z DEBUG arx::program: arx/src/program.rs:312: Received update for account: GgSqqAyH7AVY3Umcv8NvncrjFaNJuQLmxzxFxPoPW2Yd
2025-10-21T18:14:38.175525Z DEBUG arx::program: arx/src/program.rs:312: Received update for account: Eii8e5feybZsNs1xJcmktof6LkWNGrAdTk179oL3ZZyv
2025-10-21T18:14:38.177458Z DEBUG arx::units::mempool_unit: arx/src/units/mempool_unit.rs:136: Processing new mempool update for account: Eii8e5feybZsNs1xJcmktof6LkWNGrAdTk179oL3ZZyv
2025-10-21T18:14:38.176063Z DEBUG arx::coordinator: arx/src/coordinator.rs:288: Coordinator received execpool unit message: computations ids: []
2025-10-21T18:14:38.176915Z DEBUG arx::units::mxe_unit: arx/src/units/mxe_unit.rs:129: Processing cluster update for account: GgSqqAyH7AVY3Umcv8NvncrjFaNJuQLmxzxFxPoPW2Yd
2025-10-21T18:14:38.177735Z DEBUG arx::units::mempool_unit: arx/src/units/mempool_unit.rs:175: Mempool account Eii8e5feybZsNs1xJcmktof6LkWNGrAdTk179oL3ZZyv contains the same computations, skipping update
2025-10-21T18:14:38.178059Z DEBUG arx::units::state_unit: arx/src/units/state_unit.rs:231: Processing execpool update
2025-10-21T18:14:38.179662Z DEBUG arx::units::state_unit: arx/src/units/state_unit.rs:255: Removing computation from execpool: ArxComputationReference (1,1) (cluster: GgSqqAyH7AVY3Umcv8NvncrjFaNJuQLmxzxFxPoPW2Yd, mxe: CQvzhuYp299gu8rDs4RyLg1cDgnbDZiEdK51NcnSVwGm)
2025-10-21T18:14:38.180136Z DEBUG arx::coordinator: arx/src/coordinator.rs:423: Coordinator received state unit message: executed computation: ArxComputationReference (1,1) (cluster: GgSqqAyH7AVY3Umcv8NvncrjFaNJuQLmxzxFxPoPW2Yd, mxe: CQvzhuYp299gu8rDs4RyLg1cDgnbDZiEdK51NcnSVwGm)
2025-10-21T18:14:38.180946Z DEBUG arx::units::cache_unit: arx/src/units/cache_unit.rs:278: Processing executed computation: ArxComputationReference (1,1) (cluster: GgSqqAyH7AVY3Umcv8NvncrjFaNJuQLmxzxFxPoPW2Yd, mxe: CQvzhuYp299gu8rDs4RyLg1cDgnbDZiEdK51NcnSVwGm)
2025-10-21T18:14:38.181361Z DEBUG arx::units::cache_unit: arx/src/units/cache_unit.rs:282: Computation executed and removed from cache: ArxComputationReference (1,1) (cluster: GgSqqAyH7AVY3Umcv8NvncrjFaNJuQLmxzxFxPoPW2Yd, mxe: CQvzhuYp299gu8rDs4RyLg1cDgnbDZiEdK51NcnSVwGm)
2025-10-21T18:14:38.597950Z DEBUG arx::units::computation_transaction_unit: arx/src/units/computation_transaction_unit.rs:342: Callback computation tx for mxe CQvzhuYp299gu8rDs4RyLg1cDgnbDZiEdK51NcnSVwGm already sent
2025-10-21T18:14:38.598519Z DEBUG arx::coordinator: arx/src/coordinator.rs:265: Coordinator received computation transaction unit callback computation: ArxComputationReference (1,1) (cluster: GgSqqAyH7AVY3Umcv8NvncrjFaNJuQLmxzxFxPoPW2Yd, mxe: CQvzhuYp299gu8rDs4RyLg1cDgnbDZiEdK51NcnSVwGm)
2025-10-21T18:14:38.598595Z DEBUG arx::units::cache_unit: arx/src/units/cache_unit.rs:278: Processing executed computation: ArxComputationReference (1,1) (cluster: GgSqqAyH7AVY3Umcv8NvncrjFaNJuQLmxzxFxPoPW2Yd, mxe: CQvzhuYp299gu8rDs4RyLg1cDgnbDZiEdK51NcnSVwGm)
2025-10-21T18:14:38.598758Z DEBUG arx::units::state_unit: arx/src/units/state_unit.rs:311: Processing executed computation
2025-10-21T18:14:38.598779Z  WARN arx::units::cache_unit: arx/src/units/cache_unit.rs:289: Computation info not found in cache: ArxComputationReference (1,1) (cluster: GgSqqAyH7AVY3Umcv8NvncrjFaNJuQLmxzxFxPoPW2Yd, mxe: CQvzhuYp299gu8rDs4RyLg1cDgnbDZiEdK51NcnSVwGm)
2025-10-21T18:14:46.142572Z DEBUG arx::program: arx/src/program.rs:312: Received update for account: GgSqqAyH7AVY3Umcv8NvncrjFaNJuQLmxzxFxPoPW2Yd
2025-10-21T18:14:46.143151Z DEBUG arx::units::mxe_unit: arx/src/units/mxe_unit.rs:129: Processing cluster update for account: GgSqqAyH7AVY3Umcv8NvncrjFaNJuQLmxzxFxPoPW2Yd
2025-10-21T18:14:46.142667Z DEBUG arx::program: arx/src/program.rs:312: Received update for account: CQF2VydaWEk5ZkVRi5q3LxoQTkJNHsRSc2yuUAMS1qUc
2025-10-21T18:14:46.144598Z DEBUG arx::program: arx/src/program.rs:312: Received update for account: Eii8e5feybZsNs1xJcmktof6LkWNGrAdTk179oL3ZZyv
2025-10-21T18:14:46.145296Z DEBUG arx::coordinator: arx/src/coordinator.rs:288: Coordinator received execpool unit message: computations ids: [11786709982051118262]
2025-10-21T18:14:46.145687Z DEBUG arx::units::mempool_unit: arx/src/units/mempool_unit.rs:136: Processing new mempool update for account: Eii8e5feybZsNs1xJcmktof6LkWNGrAdTk179oL3ZZyv
2025-10-21T18:14:46.146175Z DEBUG arx::units::mempool_unit: arx/src/units/mempool_unit.rs:175: Mempool account Eii8e5feybZsNs1xJcmktof6LkWNGrAdTk179oL3ZZyv contains the same computations, skipping update
2025-10-21T18:14:46.145954Z DEBUG arx::units::cache_unit: arx/src/units/cache_unit.rs:144: Processing queued computation: ArxComputationReference (11786709982051118262,1925767261) (cluster: GgSqqAyH7AVY3Umcv8NvncrjFaNJuQLmxzxFxPoPW2Yd, mxe: CQvzhuYp299gu8rDs4RyLg1cDgnbDZiEdK51NcnSVwGm)
2025-10-21T18:14:46.146085Z DEBUG arx::units::state_unit: arx/src/units/state_unit.rs:231: Processing execpool update
2025-10-21T18:14:46.147085Z DEBUG arx::units::state_unit: arx/src/units/state_unit.rs:281: Prefetching and executing computation: ArxComputationReference (11786709982051118262,1925767261) (cluster: GgSqqAyH7AVY3Umcv8NvncrjFaNJuQLmxzxFxPoPW2Yd, mxe: CQvzhuYp299gu8rDs4RyLg1cDgnbDZiEdK51NcnSVwGm) with status (index: 0, executed: false)
2025-10-21T18:14:46.147361Z DEBUG arx::coordinator: arx/src/coordinator.rs:384: Coordinator received state unit message: prefetch computation: ArxComputationReference (11786709982051118262,1925767261) (cluster: GgSqqAyH7AVY3Umcv8NvncrjFaNJuQLmxzxFxPoPW2Yd, mxe: CQvzhuYp299gu8rDs4RyLg1cDgnbDZiEdK51NcnSVwGm)
2025-10-21T18:14:46.147661Z DEBUG arx::coordinator: arx/src/coordinator.rs:405: Coordinator received state unit message: execute computation: ArxComputationReference (11786709982051118262,1925767261) (cluster: GgSqqAyH7AVY3Umcv8NvncrjFaNJuQLmxzxFxPoPW2Yd, mxe: CQvzhuYp299gu8rDs4RyLg1cDgnbDZiEdK51NcnSVwGm)
2025-10-21T18:14:46.147722Z DEBUG arx::units::circuit_unit: arx/src/units/circuit_unit.rs:148: Processing computation definition: 9vqkf7AGugLgSFD9RPPX2aqESvGeW2ctWGW8xzm5dXso
2025-10-21T18:14:46.147747Z DEBUG arx::units::peers_unit: arx/src/units/peers_unit.rs:111: Processing cluster: GgSqqAyH7AVY3Umcv8NvncrjFaNJuQLmxzxFxPoPW2Yd
2025-10-21T18:14:46.152453Z DEBUG arx::coordinator: arx/src/coordinator.rs:373: Coordinator received peers unit message
2025-10-21T18:14:46.153105Z DEBUG arx::units::cache_unit: arx/src/units/cache_unit.rs:209: Processing fetched peers: PeersInfo { cluster: GgSqqAyH7AVY3Umcv8NvncrjFaNJuQLmxzxFxPoPW2Yd, peer_number: 2 }
2025-10-21T18:14:46.160022Z DEBUG arx::units::circuit_unit: arx/src/units/circuit_unit.rs:246: Fetching onchain circuit data from: 9vqkf7AGugLgSFD9RPPX2aqESvGeW2ctWGW8xzm5dXso
2025-10-21T18:14:46.160945Z DEBUG arx::coordinator: arx/src/coordinator.rs:309: Coordinator prefetched computation ArxComputationReference (11786709982051118262,1925767261) (cluster: GgSqqAyH7AVY3Umcv8NvncrjFaNJuQLmxzxFxPoPW2Yd, mxe: CQvzhuYp299gu8rDs4RyLg1cDgnbDZiEdK51NcnSVwGm)
2025-10-21T18:14:46.161654Z DEBUG arx::coordinator: arx/src/coordinator.rs:312: Coordinator fetched computation ArxComputation 89720026748210598971113965631560719563 (cluster: GgSqqAyH7AVY3Umcv8NvncrjFaNJuQLmxzxFxPoPW2Yd, mxe: CQvzhuYp299gu8rDs4RyLg1cDgnbDZiEdK51NcnSVwGm) inputs
2025-10-21T18:14:46.161868Z DEBUG arx::units::cache_unit: arx/src/units/cache_unit.rs:246: Processing fetched inputs: Cerberus Inputs
2025-10-21T18:14:46.165571Z DEBUG arx::units::circuit_unit: arx/src/units/circuit_unit.rs:198: Deserializing circuit data
2025-10-21T18:14:46.168413Z DEBUG arx::units::circuit_unit: arx/src/units/circuit_unit.rs:215: Inserting circuit info into cache
2025-10-21T18:14:46.168668Z DEBUG arx::coordinator: arx/src/coordinator.rs:241: Coordinator received circuit unit message
2025-10-21T18:14:46.168821Z DEBUG arx::units::cache_unit: arx/src/units/cache_unit.rs:170: Processing fetched circuit: CircuitInfo 9vqkf7AGugLgSFD9RPPX2aqESvGeW2ctWGW8xzm5dXso
2025-10-21T18:14:46.168960Z DEBUG arx::coordinator: arx/src/coordinator.rs:221: Coordinator received cache unit message
2025-10-21T18:14:46.169124Z DEBUG arx::coordinator: arx/src/coordinator.rs:221: Coordinator received cache unit message
2025-10-21T18:14:46.169177Z DEBUG arx::units::state_unit: arx/src/units/state_unit.rs:296: Processing prefetched computation
2025-10-21T18:14:46.169341Z  INFO arx::units::online_phase_unit: arx/src/units/online_phase_unit.rs:326: Processing Cerberus computation with id 89720026748210598971113965631560719563
2025-10-21T18:14:46.169654Z DEBUG arx::units::online_phase_unit: arx/src/units/online_phase_unit.rs:328: Connecting to peers (89720026748210598971113965631560719563)
2025-10-21T18:14:46.169862Z DEBUG network::router::network_router: /home/runner/.cargo/git/checkouts/async-mpc-1dbbf554a14e7a32/b307074/network/src/router/network_router.rs:79: Handling connection request to peer 0461a5    
2025-10-21T18:14:46.169985Z DEBUG network::router::state::connection_handlers: /home/runner/.cargo/git/checkouts/async-mpc-1dbbf554a14e7a32/b307074/network/src/router/state/connection_handlers.rs:44: Handling internal connection request: ConnectionRequest { expected_peer_id: 0461a5, peer_addr: 172.20.0.100:8001, response_sender: Sender { inner: Some(Inner { state: State { is_complete: false, is_closed: false, is_rx_task_set: true, is_tx_task_set: false } }) } }    
2025-10-21T18:14:46.170091Z DEBUG network::router::state::connection_handlers: /home/runner/.cargo/git/checkouts/async-mpc-1dbbf554a14e7a32/b307074/network/src/router/state/connection_handlers.rs:60: Connection already established: 172.20.0.100:8001    
2025-10-21T18:14:46.170185Z DEBUG network::router::network_router: /home/runner/.cargo/git/checkouts/async-mpc-1dbbf554a14e7a32/b307074/network/src/router/network_router.rs:85: Connection request to peer 0461a5 handled    
2025-10-21T18:14:46.170302Z DEBUG network::router::network_router: /home/runner/.cargo/git/checkouts/async-mpc-1dbbf554a14e7a32/b307074/network/src/router/network_router.rs:79: Handling connection request to peer cf7093    
2025-10-21T18:14:46.170507Z DEBUG network::router::state::connection_handlers: /home/runner/.cargo/git/checkouts/async-mpc-1dbbf554a14e7a32/b307074/network/src/router/state/connection_handlers.rs:44: Handling internal connection request: ConnectionRequest { expected_peer_id: cf7093, peer_addr: 172.20.0.101:8001, response_sender: Sender { inner: Some(Inner { state: State { is_complete: false, is_closed: false, is_rx_task_set: true, is_tx_task_set: false } }) } }    
2025-10-21T18:14:46.170583Z DEBUG network::router::state::connection_handlers: /home/runner/.cargo/git/checkouts/async-mpc-1dbbf554a14e7a32/b307074/network/src/router/state/connection_handlers.rs:60: Connection already established: 172.20.0.101:8001    
2025-10-21T18:14:46.170642Z DEBUG network::router::network_router: /home/runner/.cargo/git/checkouts/async-mpc-1dbbf554a14e7a32/b307074/network/src/router/network_router.rs:85: Connection request to peer cf7093 handled    
2025-10-21T18:14:46.170714Z DEBUG network::router::network_router: /home/runner/.cargo/git/checkouts/async-mpc-1dbbf554a14e7a32/b307074/network/src/router/network_router.rs:79: Handling connection request to peer 15eb2e    
2025-10-21T18:14:46.170776Z DEBUG network::router::state::connection_handlers: /home/runner/.cargo/git/checkouts/async-mpc-1dbbf554a14e7a32/b307074/network/src/router/state/connection_handlers.rs:44: Handling internal connection request: ConnectionRequest { expected_peer_id: 15eb2e, peer_addr: 172.20.0.103:8001, response_sender: Sender { inner: Some(Inner { state: State { is_complete: false, is_closed: false, is_rx_task_set: true, is_tx_task_set: false } }) } }    
2025-10-21T18:14:46.170856Z DEBUG network::router::state::connection_handlers: /home/runner/.cargo/git/checkouts/async-mpc-1dbbf554a14e7a32/b307074/network/src/router/state/connection_handlers.rs:60: Connection already established: 172.20.0.103:8001    
2025-10-21T18:14:46.170917Z DEBUG network::router::network_router: /home/runner/.cargo/git/checkouts/async-mpc-1dbbf554a14e7a32/b307074/network/src/router/network_router.rs:85: Connection request to peer 15eb2e handled    
2025-10-21T18:14:46.171059Z DEBUG network::router::network_router: /home/runner/.cargo/git/checkouts/async-mpc-1dbbf554a14e7a32/b307074/network/src/router/network_router.rs:79: Handling connection request to peer d96e97    
2025-10-21T18:14:46.171117Z DEBUG network::router::state::connection_handlers: /home/runner/.cargo/git/checkouts/async-mpc-1dbbf554a14e7a32/b307074/network/src/router/state/connection_handlers.rs:44: Handling internal connection request: ConnectionRequest { expected_peer_id: d96e97, peer_addr: 172.20.0.104:8001, response_sender: Sender { inner: Some(Inner { state: State { is_complete: false, is_closed: false, is_rx_task_set: true, is_tx_task_set: false } }) } }    
2025-10-21T18:14:46.171205Z DEBUG network::router::state::connection_handlers: /home/runner/.cargo/git/checkouts/async-mpc-1dbbf554a14e7a32/b307074/network/src/router/state/connection_handlers.rs:60: Connection already established: 172.20.0.104:8001    
2025-10-21T18:14:46.171266Z DEBUG network::router::network_router: /home/runner/.cargo/git/checkouts/async-mpc-1dbbf554a14e7a32/b307074/network/src/router/network_router.rs:85: Connection request to peer d96e97 handled    
2025-10-21T18:14:46.171377Z DEBUG arx::units::online_phase_unit: arx/src/units/online_phase_unit.rs:343: Connected to peers (89720026748210598971113965631560719563)
2025-10-21T18:14:46.171663Z DEBUG network::router::network_router: /home/runner/.cargo/git/checkouts/async-mpc-1dbbf554a14e7a32/b307074/network/src/router/network_router.rs:105: Opening substream for protocol (89720026748210598971113965631560719563, 0) with peer 0461a5    
2025-10-21T18:14:46.171746Z DEBUG network::router::network_router: /home/runner/.cargo/git/checkouts/async-mpc-1dbbf554a14e7a32/b307074/network/src/router/network_router.rs:105: Opening substream for protocol (89720026748210598971113965631560719563, 0) with peer 15eb2e    
2025-10-21T18:14:46.171948Z DEBUG network::router::network_router: /home/runner/.cargo/git/checkouts/async-mpc-1dbbf554a14e7a32/b307074/network/src/router/network_router.rs:105: Opening substream for protocol (89720026748210598971113965631560719563, 0) with peer cf7093    
2025-10-21T18:14:46.172319Z DEBUG network::router::network_router: /home/runner/.cargo/git/checkouts/async-mpc-1dbbf554a14e7a32/b307074/network/src/router/network_router.rs:105: Opening substream for protocol (89720026748210598971113965631560719563, 0) with peer d96e97    
2025-10-21T18:14:46.172282Z  INFO network::router::state::substream_handlers: /home/runner/.cargo/git/checkouts/async-mpc-1dbbf554a14e7a32/b307074/network/src/router/state/substream_handlers.rs:235: Registered incoming stream from address 172.20.0.104:8001.    
2025-10-21T18:14:46.172387Z  INFO network::router::state::substream_handlers: /home/runner/.cargo/git/checkouts/async-mpc-1dbbf554a14e7a32/b307074/network/src/router/state/substream_handlers.rs:235: Registered incoming stream from address 172.20.0.101:8001.    
2025-10-21T18:14:46.172792Z  INFO network::router::state::substream_handlers: /home/runner/.cargo/git/checkouts/async-mpc-1dbbf554a14e7a32/b307074/network/src/router/state/substream_handlers.rs:50: New substream successfully established.    
2025-10-21T18:14:46.173123Z  INFO network::router::state::substream_handlers: /home/runner/.cargo/git/checkouts/async-mpc-1dbbf554a14e7a32/b307074/network/src/router/state/substream_handlers.rs:50: New substream successfully established.    
2025-10-21T18:14:46.173175Z  INFO network::router::network_router: /home/runner/.cargo/git/checkouts/async-mpc-1dbbf554a14e7a32/b307074/network/src/router/network_router.rs:273: Opened substreams for protocol 89720026748210598971113965631560719563    
2025-10-21T18:14:46.249326Z DEBUG arx::units::online_phase_unit: arx/src/units/online_phase_unit.rs:255: Output of computation is: ArxComputationOutput { computation: ArxComputation 89720026748210598971113965631560719563 (cluster: GgSqqAyH7AVY3Umcv8NvncrjFaNJuQLmxzxFxPoPW2Yd, mxe: CQvzhuYp299gu8rDs4RyLg1cDgnbDZiEdK51NcnSVwGm), outputs: Success([[166, 58, 117, 150, 24, 153, 154, 211, 167, 19, 168, 60, 33, 22, 5, 111], [66, 31, 120, 111, 47, 234, 219, 109, 9, 51, 62, 199, 245, 165, 28, 45, 137, 52, 133, 110, 219, 158, 243, 148, 65, 112, 185, 15, 133, 199, 10, 67], [223, 186, 60, 0, 28, 168, 47, 237, 187, 89, 5, 159, 161, 165, 202, 34, 88, 81, 80, 186, 140, 249, 252, 109, 119, 6, 182, 199, 126, 127, 230, 95], [219, 58, 220, 35, 38, 163, 52, 91, 73, 112, 113, 228, 74, 240, 184, 99, 100, 167, 250, 216, 203, 234, 18, 172, 255, 39, 236, 55, 124, 130, 225, 104], [240, 155, 253, 142, 49, 2, 63, 116, 45, 55, 83, 135, 112, 34, 216, 23, 17, 61, 166, 93, 219, 22, 255, 125, 136, 199, 96, 92, 71, 178, 190, 62]]) } (89720026748210598971113965631560719563)
2025-10-21T18:14:46.249402Z  INFO network::labeled_interface::handlers: /home/runner/.cargo/git/checkouts/async-mpc-1dbbf554a14e7a32/b307074/network/src/labeled_interface/handlers.rs:86: Interface b9d570 dropped.    
2025-10-21T18:14:46.249436Z  INFO network::labeled_interface::handlers: /home/runner/.cargo/git/checkouts/async-mpc-1dbbf554a14e7a32/b307074/network/src/labeled_interface/handlers.rs:86: Interface b9d570 dropped.    
2025-10-21T18:14:46.249446Z  INFO network::labeled_interface::handlers: /home/runner/.cargo/git/checkouts/async-mpc-1dbbf554a14e7a32/b307074/network/src/labeled_interface/handlers.rs:86: Interface b9d570 dropped.    
2025-10-21T18:14:46.249475Z  INFO network::labeled_interface::handlers: /home/runner/.cargo/git/checkouts/async-mpc-1dbbf554a14e7a32/b307074/network/src/labeled_interface/handlers.rs:86: Interface b9d570 dropped.    
2025-10-21T18:14:46.249520Z DEBUG arx::coordinator: arx/src/coordinator.rs:364: Coordinator received online unit output: ArxComputationOutput { computation: ArxComputation 89720026748210598971113965631560719563 (cluster: GgSqqAyH7AVY3Umcv8NvncrjFaNJuQLmxzxFxPoPW2Yd, mxe: CQvzhuYp299gu8rDs4RyLg1cDgnbDZiEdK51NcnSVwGm), outputs: Success([[166, 58, 117, 150, 24, 153, 154, 211, 167, 19, 168, 60, 33, 22, 5, 111], [66, 31, 120, 111, 47, 234, 219, 109, 9, 51, 62, 199, 245, 165, 28, 45, 137, 52, 133, 110, 219, 158, 243, 148, 65, 112, 185, 15, 133, 199, 10, 67], [223, 186, 60, 0, 28, 168, 47, 237, 187, 89, 5, 159, 161, 165, 202, 34, 88, 81, 80, 186, 140, 249, 252, 109, 119, 6, 182, 199, 126, 127, 230, 95], [219, 58, 220, 35, 38, 163, 52, 91, 73, 112, 113, 228, 74, 240, 184, 99, 100, 167, 250, 216, 203, 234, 18, 172, 255, 39, 236, 55, 124, 130, 225, 104], [240, 155, 253, 142, 49, 2, 63, 116, 45, 55, 83, 135, 112, 34, 216, 23, 17, 61, 166, 93, 219, 22, 255, 125, 136, 199, 96, 92, 71, 178, 190, 62]]) }
2025-10-21T18:14:46.249536Z  INFO network::labeled_interface::interface: /home/runner/.cargo/git/checkouts/async-mpc-1dbbf554a14e7a32/b307074/network/src/labeled_interface/interface.rs:415: Interface b9d570 dropped.    
2025-10-21T18:14:46.249583Z  INFO network::labeled_interface::handlers: /home/runner/.cargo/git/checkouts/async-mpc-1dbbf554a14e7a32/b307074/network/src/labeled_interface/handlers.rs:53: Router closed interface b9d570.    
2025-10-21T18:14:46.250185Z  INFO network::labeled_interface::handlers: /home/runner/.cargo/git/checkouts/async-mpc-1dbbf554a14e7a32/b307074/network/src/labeled_interface/handlers.rs:53: Router closed interface b9d570.    
2025-10-21T18:14:46.250422Z  INFO network::labeled_interface::handlers: /home/runner/.cargo/git/checkouts/async-mpc-1dbbf554a14e7a32/b307074/network/src/labeled_interface/handlers.rs:53: Router closed interface b9d570.    
2025-10-21T18:14:46.250581Z DEBUG arx::units::computation_transaction_unit: arx/src/units/computation_transaction_unit.rs:162: Processing callback for computation ArxComputation 89720026748210598971113965631560719563 (cluster: GgSqqAyH7AVY3Umcv8NvncrjFaNJuQLmxzxFxPoPW2Yd, mxe: CQvzhuYp299gu8rDs4RyLg1cDgnbDZiEdK51NcnSVwGm)
2025-10-21T18:14:46.250844Z  INFO network::labeled_interface::handlers: /home/runner/.cargo/git/checkouts/async-mpc-1dbbf554a14e7a32/b307074/network/src/labeled_interface/handlers.rs:53: Router closed interface b9d570.    
2025-10-21T18:14:46.251398Z  INFO network::router::state::substream_handlers: /home/runner/.cargo/git/checkouts/async-mpc-1dbbf554a14e7a32/b307074/network/src/router/state/substream_handlers.rs:197: Removed protocol ID (89720026748210598971113965631560719563, 0) for peer 15eb2e.    
2025-10-21T18:14:46.255829Z ERROR arx::units::computation_transaction_unit: arx/src/units/computation_transaction_unit.rs:358: Failed to send callback computation tx for mxe CQvzhuYp299gu8rDs4RyLg1cDgnbDZiEdK51NcnSVwGm error SolanaClientError(Error { request: Some(SendTransaction), kind: RpcError(RpcResponseError { code: -32002, message: "Transaction simulation failed: Error processing Instruction 1: custom program error: 0xbbf", data: SendTransactionPreflightFailure(RpcSimulateTransactionResult { err: Some(InstructionError(1, Custom(3007))), logs: Some(["Program BKck65TgoKRokMjQM3datB9oRwJ8rAj2jxPXvHXUvcL6 invoke [1]", "Program log: Instruction: CallbackComputation", "Program data: m9Xun/BMpxO2LLWuR86So6mR95BvPks37J0G4eFvSACVJpCVJnL9Bl+veZYj1jB6", "Program data: G0t13b/V/fm2LLWuR86So6mR95BvPks37J0G4eFvSACVJpCVJnL9Bl+veZYj1jB6", "Program BKck65TgoKRokMjQM3datB9oRwJ8rAj2jxPXvHXUvcL6 consumed 31649 of 400000 compute units", "Program BKck65TgoKRokMjQM3datB9oRwJ8rAj2jxPXvHXUvcL6 success", "Program CQvzhuYp299gu8rDs4RyLg1cDgnbDZiEdK51NcnSVwGm invoke [1]", "Program log: Instruction: InitializeMarketCallback", "Program log: AnchorError caused by account: market. Error Code: AccountOwnedByWrongProgram. Error Number: 3007. Error Message: The given account is owned by a different program than expected.", "Program log: Left:", "Program log: BPFLoaderUpgradeab1e11111111111111111111111", "Program log: Right:", "Program log: CQvzhuYp299gu8rDs4RyLg1cDgnbDZiEdK51NcnSVwGm", "Program CQvzhuYp299gu8rDs4RyLg1cDgnbDZiEdK51NcnSVwGm consumed 3875 of 368351 compute units", "Program CQvzhuYp299gu8rDs4RyLg1cDgnbDZiEdK51NcnSVwGm failed: custom program error: 0xbbf"]), accounts: None, units_consumed: Some(35524), return_data: None, inner_instructions: None, replacement_blockhash: None }) }) })
2025-10-21T18:14:46.256474Z  WARN arx::units::computation_transaction_unit: arx/src/units/computation_transaction_unit.rs:170: Attempt 1/5: RPC error while calling self.callback(mxe.clone(), computation.clone(), outputs): RPC error: Failed to send callback computation tx for mxe CQvzhuYp299gu8rDs4RyLg1cDgnbDZiEdK51NcnSVwGm error SolanaClientError(Error { request: Some(SendTransaction), kind: RpcError(RpcResponseError { code: -32002, message: "Transaction simulation failed: Error processing Instruction 1: custom program error: 0xbbf", data: SendTransactionPreflightFailure(RpcSimulateTransactionResult { err: Some(InstructionError(1, Custom(3007))), logs: Some(["Program BKck65TgoKRokMjQM3datB9oRwJ8rAj2jxPXvHXUvcL6 invoke [1]", "Program log: Instruction: CallbackComputation", "Program data: m9Xun/BMpxO2LLWuR86So6mR95BvPks37J0G4eFvSACVJpCVJnL9Bl+veZYj1jB6", "Program data: G0t13b/V/fm2LLWuR86So6mR95BvPks37J0G4eFvSACVJpCVJnL9Bl+veZYj1jB6", "Program BKck65TgoKRokMjQM3datB9oRwJ8rAj2jxPXvHXUvcL6 consumed 31649 of 400000 compute units", "Program BKck65TgoKRokMjQM3datB9oRwJ8rAj2jxPXvHXUvcL6 success", "Program CQvzhuYp299gu8rDs4RyLg1cDgnbDZiEdK51NcnSVwGm invoke [1]", "Program log: Instruction: InitializeMarketCallback", "Program log: AnchorError caused by account: market. Error Code: AccountOwnedByWrongProgram. Error Number: 3007. Error Message: The given account is owned by a different program than expected.", "Program log: Left:", "Program log: BPFLoaderUpgradeab1e11111111111111111111111", "Program log: Right:", "Program log: CQvzhuYp299gu8rDs4RyLg1cDgnbDZiEdK51NcnSVwGm", "Program CQvzhuYp299gu8rDs4RyLg1cDgnbDZiEdK51NcnSVwGm consumed 3875 of 368351 compute units", "Program CQvzhuYp299gu8rDs4RyLg1cDgnbDZiEdK51NcnSVwGm failed: custom program error: 0xbbf"]), accounts: None, units_consumed: Some(35524), return_data: None, inner_instructions: None, replacement_blockhash: None }) }) })
2025-10-21T18:14:47.266615Z ERROR arx::units::computation_transaction_unit: arx/src/units/computation_transaction_unit.rs:358: Failed to send callback computation tx for mxe CQvzhuYp299gu8rDs4RyLg1cDgnbDZiEdK51NcnSVwGm error SolanaClientError(Error { request: Some(SendTransaction), kind: RpcError(RpcResponseError { code: -32002, message: "Transaction simulation failed: Error processing Instruction 1: custom program error: 0xbbf", data: SendTransactionPreflightFailure(RpcSimulateTransactionResult { err: Some(InstructionError(1, Custom(3007))), logs: Some(["Program BKck65TgoKRokMjQM3datB9oRwJ8rAj2jxPXvHXUvcL6 invoke [1]", "Program log: Instruction: CallbackComputation", "Program data: m9Xun/BMpxO2LLWuR86So6mR95BvPks37J0G4eFvSACVJpCVJnL9Bl+veZYj1jB6", "Program data: G0t13b/V/fm2LLWuR86So6mR95BvPks37J0G4eFvSACVJpCVJnL9Bl+veZYj1jB6", "Program BKck65TgoKRokMjQM3datB9oRwJ8rAj2jxPXvHXUvcL6 consumed 31664 of 400000 compute units", "Program BKck65TgoKRokMjQM3datB9oRwJ8rAj2jxPXvHXUvcL6 success", "Program CQvzhuYp299gu8rDs4RyLg1cDgnbDZiEdK51NcnSVwGm invoke [1]", "Program log: Instruction: InitializeMarketCallback", "Program log: AnchorError caused by account: market. Error Code: AccountOwnedByWrongProgram. Error Number: 3007. Error Message: The given account is owned by a different program than expected.", "Program log: Left:", "Program log: BPFLoaderUpgradeab1e11111111111111111111111", "Program log: Right:", "Program log: CQvzhuYp299gu8rDs4RyLg1cDgnbDZiEdK51NcnSVwGm", "Program CQvzhuYp299gu8rDs4RyLg1cDgnbDZiEdK51NcnSVwGm consumed 3875 of 368336 compute units", "Program CQvzhuYp299gu8rDs4RyLg1cDgnbDZiEdK51NcnSVwGm failed: custom program error: 0xbbf"]), accounts: None, units_consumed: Some(35539), return_data: None, inner_instructions: None, replacement_blockhash: None }) }) })
2025-10-21T18:14:47.266880Z  WARN arx::units::computation_transaction_unit: arx/src/units/computation_transaction_unit.rs:170: Attempt 2/5: RPC error while calling self.callback(mxe.clone(), computation.clone(), outputs): RPC error: Failed to send callback computation tx for mxe CQvzhuYp299gu8rDs4RyLg1cDgnbDZiEdK51NcnSVwGm error SolanaClientError(Error { request: Some(SendTransaction), kind: RpcError(RpcResponseError { code: -32002, message: "Transaction simulation failed: Error processing Instruction 1: custom program error: 0xbbf", data: SendTransactionPreflightFailure(RpcSimulateTransactionResult { err: Some(InstructionError(1, Custom(3007))), logs: Some(["Program BKck65TgoKRokMjQM3datB9oRwJ8rAj2jxPXvHXUvcL6 invoke [1]", "Program log: Instruction: CallbackComputation", "Program data: m9Xun/BMpxO2LLWuR86So6mR95BvPks37J0G4eFvSACVJpCVJnL9Bl+veZYj1jB6", "Program data: G0t13b/V/fm2LLWuR86So6mR95BvPks37J0G4eFvSACVJpCVJnL9Bl+veZYj1jB6", "Program BKck65TgoKRokMjQM3datB9oRwJ8rAj2jxPXvHXUvcL6 consumed 31664 of 400000 compute units", "Program BKck65TgoKRokMjQM3datB9oRwJ8rAj2jxPXvHXUvcL6 success", "Program CQvzhuYp299gu8rDs4RyLg1cDgnbDZiEdK51NcnSVwGm invoke [1]", "Program log: Instruction: InitializeMarketCallback", "Program log: AnchorError caused by account: market. Error Code: AccountOwnedByWrongProgram. Error Number: 3007. Error Message: The given account is owned by a different program than expected.", "Program log: Left:", "Program log: BPFLoaderUpgradeab1e11111111111111111111111", "Program log: Right:", "Program log: CQvzhuYp299gu8rDs4RyLg1cDgnbDZiEdK51NcnSVwGm", "Program CQvzhuYp299gu8rDs4RyLg1cDgnbDZiEdK51NcnSVwGm consumed 3875 of 368336 compute units", "Program CQvzhuYp299gu8rDs4RyLg1cDgnbDZiEdK51NcnSVwGm failed: custom program error: 0xbbf"]), accounts: None, units_consumed: Some(35539), return_data: None, inner_instructions: None, replacement_blockhash: None }) }) })
2025-10-21T18:14:49.273386Z ERROR arx::units::computation_transaction_unit: arx/src/units/computation_transaction_unit.rs:358: Failed to send callback computation tx for mxe CQvzhuYp299gu8rDs4RyLg1cDgnbDZiEdK51NcnSVwGm error SolanaClientError(Error { request: Some(SendTransaction), kind: RpcError(RpcResponseError { code: -32002, message: "Transaction simulation failed: Error processing Instruction 1: custom program error: 0xbbf", data: SendTransactionPreflightFailure(RpcSimulateTransactionResult { err: Some(InstructionError(1, Custom(3007))), logs: Some(["Program BKck65TgoKRokMjQM3datB9oRwJ8rAj2jxPXvHXUvcL6 invoke [1]", "Program log: Instruction: CallbackComputation", "Program data: m9Xun/BMpxO2LLWuR86So6mR95BvPks37J0G4eFvSACVJpCVJnL9Bl+veZYj1jB6", "Program data: G0t13b/V/fm2LLWuR86So6mR95BvPks37J0G4eFvSACVJpCVJnL9Bl+veZYj1jB6", "Program BKck65TgoKRokMjQM3datB9oRwJ8rAj2jxPXvHXUvcL6 consumed 31684 of 400000 compute units", "Program BKck65TgoKRokMjQM3datB9oRwJ8rAj2jxPXvHXUvcL6 success", "Program CQvzhuYp299gu8rDs4RyLg1cDgnbDZiEdK51NcnSVwGm invoke [1]", "Program log: Instruction: InitializeMarketCallback", "Program log: AnchorError caused by account: market. Error Code: AccountOwnedByWrongProgram. Error Number: 3007. Error Message: The given account is owned by a different program than expected.", "Program log: Left:", "Program log: BPFLoaderUpgradeab1e11111111111111111111111", "Program log: Right:", "Program log: CQvzhuYp299gu8rDs4RyLg1cDgnbDZiEdK51NcnSVwGm", "Program CQvzhuYp299gu8rDs4RyLg1cDgnbDZiEdK51NcnSVwGm consumed 3875 of 368316 compute units", "Program CQvzhuYp299gu8rDs4RyLg1cDgnbDZiEdK51NcnSVwGm failed: custom program error: 0xbbf"]), accounts: None, units_consumed: Some(35559), return_data: None, inner_instructions: None, replacement_blockhash: None }) }) })
2025-10-21T18:14:49.273715Z  WARN arx::units::computation_transaction_unit: arx/src/units/computation_transaction_unit.rs:170: Attempt 3/5: RPC error while calling self.callback(mxe.clone(), computation.clone(), outputs): RPC error: Failed to send callback computation tx for mxe CQvzhuYp299gu8rDs4RyLg1cDgnbDZiEdK51NcnSVwGm error SolanaClientError(Error { request: Some(SendTransaction), kind: RpcError(RpcResponseError { code: -32002, message: "Transaction simulation failed: Error processing Instruction 1: custom program error: 0xbbf", data: SendTransactionPreflightFailure(RpcSimulateTransactionResult { err: Some(InstructionError(1, Custom(3007))), logs: Some(["Program BKck65TgoKRokMjQM3datB9oRwJ8rAj2jxPXvHXUvcL6 invoke [1]", "Program log: Instruction: CallbackComputation", "Program data: m9Xun/BMpxO2LLWuR86So6mR95BvPks37J0G4eFvSACVJpCVJnL9Bl+veZYj1jB6", "Program data: G0t13b/V/fm2LLWuR86So6mR95BvPks37J0G4eFvSACVJpCVJnL9Bl+veZYj1jB6", "Program BKck65TgoKRokMjQM3datB9oRwJ8rAj2jxPXvHXUvcL6 consumed 31684 of 400000 compute units", "Program BKck65TgoKRokMjQM3datB9oRwJ8rAj2jxPXvHXUvcL6 success", "Program CQvzhuYp299gu8rDs4RyLg1cDgnbDZiEdK51NcnSVwGm invoke [1]", "Program log: Instruction: InitializeMarketCallback", "Program log: AnchorError caused by account: market. Error Code: AccountOwnedByWrongProgram. Error Number: 3007. Error Message: The given account is owned by a different program than expected.", "Program log: Left:", "Program log: BPFLoaderUpgradeab1e11111111111111111111111", "Program log: Right:", "Program log: CQvzhuYp299gu8rDs4RyLg1cDgnbDZiEdK51NcnSVwGm", "Program CQvzhuYp299gu8rDs4RyLg1cDgnbDZiEdK51NcnSVwGm consumed 3875 of 368316 compute units", "Program CQvzhuYp299gu8rDs4RyLg1cDgnbDZiEdK51NcnSVwGm failed: custom program error: 0xbbf"]), accounts: None, units_consumed: Some(35559), return_data: None, inner_instructions: None, replacement_blockhash: None }) }) })
2025-10-21T18:14:53.281857Z ERROR arx::units::computation_transaction_unit: arx/src/units/computation_transaction_unit.rs:358: Failed to send callback computation tx for mxe CQvzhuYp299gu8rDs4RyLg1cDgnbDZiEdK51NcnSVwGm error SolanaClientError(Error { request: Some(SendTransaction), kind: RpcError(RpcResponseError { code: -32002, message: "Transaction simulation failed: Error processing Instruction 1: custom program error: 0xbbf", data: SendTransactionPreflightFailure(RpcSimulateTransactionResult { err: Some(InstructionError(1, Custom(3007))), logs: Some(["Program BKck65TgoKRokMjQM3datB9oRwJ8rAj2jxPXvHXUvcL6 invoke [1]", "Program log: Instruction: CallbackComputation", "Program data: m9Xun/BMpxO2LLWuR86So6mR95BvPks37J0G4eFvSACVJpCVJnL9Bl+veZYj1jB6", "Program data: G0t13b/V/fm2LLWuR86So6mR95BvPks37J0G4eFvSACVJpCVJnL9Bl+veZYj1jB6", "Program BKck65TgoKRokMjQM3datB9oRwJ8rAj2jxPXvHXUvcL6 consumed 31729 of 400000 compute units", "Program BKck65TgoKRokMjQM3datB9oRwJ8rAj2jxPXvHXUvcL6 success", "Program CQvzhuYp299gu8rDs4RyLg1cDgnbDZiEdK51NcnSVwGm invoke [1]", "Program log: Instruction: InitializeMarketCallback", "Program log: AnchorError caused by account: market. Error Code: AccountOwnedByWrongProgram. Error Number: 3007. Error Message: The given account is owned by a different program than expected.", "Program log: Left:", "Program log: BPFLoaderUpgradeab1e11111111111111111111111", "Program log: Right:", "Program log: CQvzhuYp299gu8rDs4RyLg1cDgnbDZiEdK51NcnSVwGm", "Program CQvzhuYp299gu8rDs4RyLg1cDgnbDZiEdK51NcnSVwGm consumed 3875 of 368271 compute units", "Program CQvzhuYp299gu8rDs4RyLg1cDgnbDZiEdK51NcnSVwGm failed: custom program error: 0xbbf"]), accounts: None, units_consumed: Some(35604), return_data: None, inner_instructions: None, replacement_blockhash: None }) }) })
2025-10-21T18:14:53.282747Z  WARN arx::units::computation_transaction_unit: arx/src/units/computation_transaction_unit.rs:170: Attempt 4/5: RPC error while calling self.callback(mxe.clone(), computation.clone(), outputs): RPC error: Failed to send callback computation tx for mxe CQvzhuYp299gu8rDs4RyLg1cDgnbDZiEdK51NcnSVwGm error SolanaClientError(Error { request: Some(SendTransaction), kind: RpcError(RpcResponseError { code: -32002, message: "Transaction simulation failed: Error processing Instruction 1: custom program error: 0xbbf", data: SendTransactionPreflightFailure(RpcSimulateTransactionResult { err: Some(InstructionError(1, Custom(3007))), logs: Some(["Program BKck65TgoKRokMjQM3datB9oRwJ8rAj2jxPXvHXUvcL6 invoke [1]", "Program log: Instruction: CallbackComputation", "Program data: m9Xun/BMpxO2LLWuR86So6mR95BvPks37J0G4eFvSACVJpCVJnL9Bl+veZYj1jB6", "Program data: G0t13b/V/fm2LLWuR86So6mR95BvPks37J0G4eFvSACVJpCVJnL9Bl+veZYj1jB6", "Program BKck65TgoKRokMjQM3datB9oRwJ8rAj2jxPXvHXUvcL6 consumed 31729 of 400000 compute units", "Program BKck65TgoKRokMjQM3datB9oRwJ8rAj2jxPXvHXUvcL6 success", "Program CQvzhuYp299gu8rDs4RyLg1cDgnbDZiEdK51NcnSVwGm invoke [1]", "Program log: Instruction: InitializeMarketCallback", "Program log: AnchorError caused by account: market. Error Code: AccountOwnedByWrongProgram. Error Number: 3007. Error Message: The given account is owned by a different program than expected.", "Program log: Left:", "Program log: BPFLoaderUpgradeab1e11111111111111111111111", "Program log: Right:", "Program log: CQvzhuYp299gu8rDs4RyLg1cDgnbDZiEdK51NcnSVwGm", "Program CQvzhuYp299gu8rDs4RyLg1cDgnbDZiEdK51NcnSVwGm consumed 3875 of 368271 compute units", "Program CQvzhuYp299gu8rDs4RyLg1cDgnbDZiEdK51NcnSVwGm failed: custom program error: 0xbbf"]), accounts: None, units_consumed: Some(35604), return_data: None, inner_instructions: None, replacement_blockhash: None }) }) })
2025-10-21T18:15:01.298216Z ERROR arx::units::computation_transaction_unit: arx/src/units/computation_transaction_unit.rs:358: Failed to send callback computation tx for mxe CQvzhuYp299gu8rDs4RyLg1cDgnbDZiEdK51NcnSVwGm error SolanaClientError(Error { request: Some(SendTransaction), kind: RpcError(RpcResponseError { code: -32002, message: "Transaction simulation failed: Error processing Instruction 1: custom program error: 0xbbf", data: SendTransactionPreflightFailure(RpcSimulateTransactionResult { err: Some(InstructionError(1, Custom(3007))), logs: Some(["Program BKck65TgoKRokMjQM3datB9oRwJ8rAj2jxPXvHXUvcL6 invoke [1]", "Program log: Instruction: CallbackComputation", "Program data: m9Xun/BMpxO2LLWuR86So6mR95BvPks37J0G4eFvSACVJpCVJnL9Bl+veZYj1jB6", "Program data: G0t13b/V/fm2LLWuR86So6mR95BvPks37J0G4eFvSACVJpCVJnL9Bl+veZYj1jB6", "Program BKck65TgoKRokMjQM3datB9oRwJ8rAj2jxPXvHXUvcL6 consumed 31814 of 400000 compute units", "Program BKck65TgoKRokMjQM3datB9oRwJ8rAj2jxPXvHXUvcL6 success", "Program CQvzhuYp299gu8rDs4RyLg1cDgnbDZiEdK51NcnSVwGm invoke [1]", "Program log: Instruction: InitializeMarketCallback", "Program log: AnchorError caused by account: market. Error Code: AccountOwnedByWrongProgram. Error Number: 3007. Error Message: The given account is owned by a different program than expected.", "Program log: Left:", "Program log: BPFLoaderUpgradeab1e11111111111111111111111", "Program log: Right:", "Program log: CQvzhuYp299gu8rDs4RyLg1cDgnbDZiEdK51NcnSVwGm", "Program CQvzhuYp299gu8rDs4RyLg1cDgnbDZiEdK51NcnSVwGm consumed 3875 of 368186 compute units", "Program CQvzhuYp299gu8rDs4RyLg1cDgnbDZiEdK51NcnSVwGm failed: custom program error: 0xbbf"]), accounts: None, units_consumed: Some(35689), return_data: None, inner_instructions: None, replacement_blockhash: None }) }) })
2025-10-21T18:15:01.298456Z  WARN arx::units::computation_transaction_unit: arx/src/units/computation_transaction_unit.rs:170: Attempt 5/5: RPC error while calling self.callback(mxe.clone(), computation.clone(), outputs): RPC error: Failed to send callback computation tx for mxe CQvzhuYp299gu8rDs4RyLg1cDgnbDZiEdK51NcnSVwGm error SolanaClientError(Error { request: Some(SendTransaction), kind: RpcError(RpcResponseError { code: -32002, message: "Transaction simulation failed: Error processing Instruction 1: custom program error: 0xbbf", data: SendTransactionPreflightFailure(RpcSimulateTransactionResult { err: Some(InstructionError(1, Custom(3007))), logs: Some(["Program BKck65TgoKRokMjQM3datB9oRwJ8rAj2jxPXvHXUvcL6 invoke [1]", "Program log: Instruction: CallbackComputation", "Program data: m9Xun/BMpxO2LLWuR86So6mR95BvPks37J0G4eFvSACVJpCVJnL9Bl+veZYj1jB6", "Program data: G0t13b/V/fm2LLWuR86So6mR95BvPks37J0G4eFvSACVJpCVJnL9Bl+veZYj1jB6", "Program BKck65TgoKRokMjQM3datB9oRwJ8rAj2jxPXvHXUvcL6 consumed 31814 of 400000 compute units", "Program BKck65TgoKRokMjQM3datB9oRwJ8rAj2jxPXvHXUvcL6 success", "Program CQvzhuYp299gu8rDs4RyLg1cDgnbDZiEdK51NcnSVwGm invoke [1]", "Program log: Instruction: InitializeMarketCallback", "Program log: AnchorError caused by account: market. Error Code: AccountOwnedByWrongProgram. Error Number: 3007. Error Message: The given account is owned by a different program than expected.", "Program log: Left:", "Program log: BPFLoaderUpgradeab1e11111111111111111111111", "Program log: Right:", "Program log: CQvzhuYp299gu8rDs4RyLg1cDgnbDZiEdK51NcnSVwGm", "Program CQvzhuYp299gu8rDs4RyLg1cDgnbDZiEdK51NcnSVwGm consumed 3875 of 368186 compute units", "Program CQvzhuYp299gu8rDs4RyLg1cDgnbDZiEdK51NcnSVwGm failed: custom program error: 0xbbf"]), accounts: None, units_consumed: Some(35689), return_data: None, inner_instructions: None, replacement_blockhash: None }) }) })
2025-10-21T18:15:01.299240Z  WARN arx::units::computation_transaction_unit: arx/src/units/computation_transaction_unit.rs:119: Failed to process message RPC error: Attempt 5/5: RPC error: Failed to send callback computation tx for mxe CQvzhuYp299gu8rDs4RyLg1cDgnbDZiEdK51NcnSVwGm error SolanaClientError(Error { request: Some(SendTransaction), kind: RpcError(RpcResponseError { code: -32002, message: "Transaction simulation failed: Error processing Instruction 1: custom program error: 0xbbf", data: SendTransactionPreflightFailure(RpcSimulateTransactionResult { err: Some(InstructionError(1, Custom(3007))), logs: Some(["Program BKck65TgoKRokMjQM3datB9oRwJ8rAj2jxPXvHXUvcL6 invoke [1]", "Program log: Instruction: CallbackComputation", "Program data: m9Xun/BMpxO2LLWuR86So6mR95BvPks37J0G4eFvSACVJpCVJnL9Bl+veZYj1jB6", "Program data: G0t13b/V/fm2LLWuR86So6mR95BvPks37J0G4eFvSACVJpCVJnL9Bl+veZYj1jB6", "Program BKck65TgoKRokMjQM3datB9oRwJ8rAj2jxPXvHXUvcL6 consumed 31814 of 400000 compute units", "Program BKck65TgoKRokMjQM3datB9oRwJ8rAj2jxPXvHXUvcL6 success", "Program CQvzhuYp299gu8rDs4RyLg1cDgnbDZiEdK51NcnSVwGm invoke [1]", "Program log: Instruction: InitializeMarketCallback", "Program log: AnchorError caused by account: market. Error Code: AccountOwnedByWrongProgram. Error Number: 3007. Error Message: The given account is owned by a different program than expected.", "Program log: Left:", "Program log: BPFLoaderUpgradeab1e11111111111111111111111", "Program log: Right:", "Program log: CQvzhuYp299gu8rDs4RyLg1cDgnbDZiEdK51NcnSVwGm", "Program CQvzhuYp299gu8rDs4RyLg1cDgnbDZiEdK51NcnSVwGm consumed 3875 of 368186 compute units", "Program CQvzhuYp299gu8rDs4RyLg1cDgnbDZiEdK51NcnSVwGm failed: custom program error: 0xbbf"]), accounts: None, units_consumed: Some(35689), return_data: None, inner_instructions: None, replacement_blockhash: None }) }) })
2025-10-21T18:15:01.299359Z ERROR arx::units::computation_transaction_unit: arx/src/units/computation_transaction_unit.rs:121: Failing to process callback can lead to stale MXE
2025-10-21T18:20:57.001850Z  WARN arx::program: arx/src/program.rs:322: Pub/sub connection closed or error occurred, reconnecting...
2025-10-21T18:20:57.002312Z  WARN arx::program: arx/src/program.rs:322: Pub/sub connection closed or error occurred, reconnecting...
2025-10-21T18:20:57.002327Z  WARN arx::program: arx/src/program.rs:322: Pub/sub connection closed or error occurred, reconnecting...
2025-10-21T18:20:57.002434Z  WARN arx::program: arx/src/program.rs:322: Pub/sub connection closed or error occurred, reconnecting...
2025-10-21T18:20:57.008966Z  INFO arx::program: arx/src/program.rs:327: Reconnecting pub/sub client
2025-10-21T18:20:57.009029Z  INFO arx::program: arx/src/program.rs:327: Reconnecting pub/sub client
2025-10-21T18:20:57.009056Z  INFO arx::program: arx/src/program.rs:327: Reconnecting pub/sub client
2025-10-21T18:20:57.012537Z  WARN arx::program: arx/src/program.rs:375: Attempt 1/5: Failed to create new pub/sub: unable to connect to server
2025-10-21T18:20:57.009089Z  INFO arx::program: arx/src/program.rs:327: Reconnecting pub/sub client
2025-10-21T18:20:57.013910Z  WARN arx::program: arx/src/program.rs:375: Attempt 1/5: Failed to create new pub/sub: unable to connect to server
2025-10-21T18:20:57.014243Z  WARN arx::program: arx/src/program.rs:375: Attempt 1/5: Failed to create new pub/sub: unable to connect to server
2025-10-21T18:20:57.014611Z  WARN arx::program: arx/src/program.rs:375: Attempt 1/5: Failed to create new pub/sub: unable to connect to server
2025-10-21T18:20:58.018627Z  WARN arx::program: arx/src/program.rs:375: Attempt 2/5: Failed to create new pub/sub: unable to connect to server
2025-10-21T18:20:58.019638Z  WARN arx::program: arx/src/program.rs:375: Attempt 2/5: Failed to create new pub/sub: unable to connect to server
2025-10-21T18:20:58.023611Z  WARN arx::program: arx/src/program.rs:375: Attempt 2/5: Failed to create new pub/sub: unable to connect to server
2025-10-21T18:20:58.024261Z  WARN arx::program: arx/src/program.rs:375: Attempt 2/5: Failed to create new pub/sub: unable to connect to server
