2025-10-21T20:29:46.508152Z DEBUG arx: arx/src/main.rs:53: Checking Solana is up and running
2025-10-21T20:29:46.608308Z  INFO arx: arx/src/main.rs:58: Running ARX
2025-10-21T20:29:46.608470Z DEBUG arx: arx/src/main.rs:60: Reading node keypair, callback authority keypair, and identity files from env
2025-10-21T20:29:46.608692Z DEBUG arx: arx/src/main.rs:68: Reading node keypair, callback authority keypair, and identity files
2025-10-21T20:29:46.618231Z DEBUG arx: arx/src/main.rs:78: Installing AWS LC crypto provider
2025-10-21T20:29:46.620998Z  INFO arx: arx/src/main.rs:83: Creating ARX coordinator
2025-10-21T20:29:46.734113Z DEBUG arx::units::online_phase_unit: arx/src/units/online_phase_unit.rs:121: Loaded MXE private shares for 4ydkSgq1T8XPhNih52CWiQUAcuVoUWkP4xxwHd8Ti1iv
2025-10-21T20:29:46.734693Z DEBUG arx::units::online_phase_unit: arx/src/units/online_phase_unit.rs:121: Loaded MXE private shares for CQvzhuYp299gu8rDs4RyLg1cDgnbDZiEdK51NcnSVwGm
2025-10-21T20:29:46.736147Z  INFO arx::units::cache_unit: arx/src/units/cache_unit.rs:88: Cache unit started
2025-10-21T20:29:46.737069Z  INFO arx::units::circuit_unit: arx/src/units/circuit_unit.rs:107: Circuit unit started
2025-10-21T20:29:46.739038Z  INFO arx::units::cluster_unit: arx/src/units/cluster_unit.rs:66: Cluster unit started
2025-10-21T20:29:46.739331Z DEBUG arx::units::cluster_unit: arx/src/units/cluster_unit.rs:68: Running pub/sub for arx node account
2025-10-21T20:29:46.740374Z  INFO arx::units::computation_transaction_unit: arx/src/units/computation_transaction_unit.rs:89: Computation transaction unit started
2025-10-21T20:29:46.742218Z  INFO arx::units::execpool_unit: arx/src/units/execpool_unit.rs:80: Execpool unit started
2025-10-21T20:29:46.742271Z DEBUG arx::units::execpool_unit: arx/src/units/execpool_unit.rs:82: Running pub/sub for mempools accounts
2025-10-21T20:29:46.742649Z DEBUG arx::units::cluster_unit: arx/src/units/cluster_unit.rs:78: Subscribing to arx node account
2025-10-21T20:29:46.743281Z  INFO arx::units::computation_unit: arx/src/units/computation_unit.rs:74: Inputs unit started
2025-10-21T20:29:46.743965Z  INFO arx::units::mempool_unit: arx/src/units/mempool_unit.rs:77: Mempool unit started
2025-10-21T20:29:46.744004Z DEBUG arx::units::mempool_unit: arx/src/units/mempool_unit.rs:79: Running pub/sub for mempools accounts
2025-10-21T20:29:46.745964Z  INFO arx::units::mxe_unit: arx/src/units/mxe_unit.rs:75: MXE unit started
2025-10-21T20:29:46.746384Z  INFO arx::units::node_transaction_unit: arx/src/units/node_transaction_unit.rs:65: Node transaction unit started
2025-10-21T20:29:46.746429Z  INFO arx::units::node_transaction_unit: arx/src/units/node_transaction_unit.rs:67: Activating node
2025-10-21T20:29:46.747021Z DEBUG arx::units::mxe_unit: arx/src/units/mxe_unit.rs:77: Running pub/sub for clusters accounts
2025-10-21T20:29:46.747914Z  INFO arx::units::online_phase_unit: arx/src/units/online_phase_unit.rs:152: Online phase unit started
2025-10-21T20:29:46.749259Z  INFO arx::units::peers_unit: arx/src/units/peers_unit.rs:76: Peers unit started
2025-10-21T20:29:46.749613Z  INFO arx: arx/src/main.rs:93: Coordinator created successfully
2025-10-21T20:29:46.749679Z  INFO arx::units::state_unit: arx/src/units/state_unit.rs:109: State unit started
2025-10-21T20:29:46.750494Z  INFO arx: arx/src/main.rs:102: Starting ARX coordinator
2025-10-21T20:29:46.751695Z  INFO arx::program: arx/src/program.rs:242: Pub/sub client started
2025-10-21T20:29:46.752158Z  INFO arx::program: arx/src/program.rs:244: Connecting initial pub/sub
2025-10-21T20:29:46.753396Z  INFO arx: arx/src/main.rs:105: Waiting for Ctrl+C
2025-10-21T20:29:46.754288Z  INFO arx::program: arx/src/program.rs:242: Pub/sub client started
2025-10-21T20:29:46.754330Z  INFO arx::program: arx/src/program.rs:244: Connecting initial pub/sub
2025-10-21T20:29:46.754483Z  INFO arx::coordinator: arx/src/coordinator.rs:198: Coordinator started
2025-10-21T20:29:46.755435Z  INFO arx::program: arx/src/program.rs:242: Pub/sub client started
2025-10-21T20:29:46.755475Z  INFO arx::program: arx/src/program.rs:244: Connecting initial pub/sub
2025-10-21T20:29:46.757371Z  INFO arx::program: arx/src/program.rs:242: Pub/sub client started
2025-10-21T20:29:46.757415Z  INFO arx::program: arx/src/program.rs:244: Connecting initial pub/sub
2025-10-21T20:29:46.794008Z  INFO arx::program: arx/src/program.rs:267: Fetching initial state for account: XdfSwb8ZajhN7CerfBSJVhyfx5fyLtv34QVKSRgMFA9
2025-10-21T20:29:46.800896Z  INFO arx::program: arx/src/program.rs:279: Subscribing to account: XdfSwb8ZajhN7CerfBSJVhyfx5fyLtv34QVKSRgMFA9
2025-10-21T20:29:46.802774Z DEBUG arx::units::cluster_unit: arx/src/units/cluster_unit.rs:101: Processing arx node update
2025-10-21T20:29:47.151711Z DEBUG arx::program: arx/src/program.rs:312: Received update for account: XdfSwb8ZajhN7CerfBSJVhyfx5fyLtv34QVKSRgMFA9
2025-10-21T20:29:47.152111Z DEBUG arx::units::cluster_unit: arx/src/units/cluster_unit.rs:101: Processing arx node update
2025-10-21T20:29:47.321882Z  INFO arx::units::node_transaction_unit: arx/src/units/node_transaction_unit.rs:70: Node activated
2025-10-21T20:29:47.322858Z DEBUG arx::coordinator: arx/src/coordinator.rs:204: Coordinator received activation unit message: activated
2025-10-21T20:29:47.325781Z DEBUG arx::coordinator: arx/src/coordinator.rs:251: Coordinator received cluster unit message: cluster: 0, status: Joined
2025-10-21T20:29:47.327480Z DEBUG arx::units::mxe_unit: arx/src/units/mxe_unit.rs:112: Subscribing to cluster: GgSqqAyH7AVY3Umcv8NvncrjFaNJuQLmxzxFxPoPW2Yd
2025-10-21T20:29:47.327971Z  INFO arx::program: arx/src/program.rs:267: Fetching initial state for account: GgSqqAyH7AVY3Umcv8NvncrjFaNJuQLmxzxFxPoPW2Yd
2025-10-21T20:29:47.333315Z  INFO arx::program: arx/src/program.rs:279: Subscribing to account: GgSqqAyH7AVY3Umcv8NvncrjFaNJuQLmxzxFxPoPW2Yd
2025-10-21T20:29:47.333854Z DEBUG arx::units::mxe_unit: arx/src/units/mxe_unit.rs:129: Processing cluster update for account: GgSqqAyH7AVY3Umcv8NvncrjFaNJuQLmxzxFxPoPW2Yd
2025-10-21T20:29:47.335666Z DEBUG arx::coordinator: arx/src/coordinator.rs:349: Coordinator received mxe unit message: cluster: GgSqqAyH7AVY3Umcv8NvncrjFaNJuQLmxzxFxPoPW2Yd, mxe: 4ydkSgq1T8XPhNih52CWiQUAcuVoUWkP4xxwHd8Ti1iv, status: Joined
2025-10-21T20:29:47.337809Z DEBUG arx::units::execpool_unit: arx/src/units/execpool_unit.rs:120: Subscribing to execpool account: E5VnBi5DamtU26BiJwnTjniWzDgW9ShfzAbvFKqFDAPj
2025-10-21T20:29:47.338414Z DEBUG arx::units::mempool_unit: arx/src/units/mempool_unit.rs:113: Subscribing to mempool account: 6zZBJuBWkxUfhhnhH1pH5dgzjWqgcVe6Cz5vM4evHHfM
2025-10-21T20:29:47.340144Z  INFO arx::program: arx/src/program.rs:267: Fetching initial state for account: 6zZBJuBWkxUfhhnhH1pH5dgzjWqgcVe6Cz5vM4evHHfM
2025-10-21T20:29:47.339339Z  INFO arx::program: arx/src/program.rs:267: Fetching initial state for account: E5VnBi5DamtU26BiJwnTjniWzDgW9ShfzAbvFKqFDAPj
2025-10-21T20:29:47.344157Z  INFO arx::program: arx/src/program.rs:279: Subscribing to account: 6zZBJuBWkxUfhhnhH1pH5dgzjWqgcVe6Cz5vM4evHHfM
2025-10-21T20:29:47.344766Z DEBUG arx::units::mempool_unit: arx/src/units/mempool_unit.rs:136: Processing new mempool update for account: 6zZBJuBWkxUfhhnhH1pH5dgzjWqgcVe6Cz5vM4evHHfM
2025-10-21T20:29:47.345571Z  INFO arx::program: arx/src/program.rs:279: Subscribing to account: E5VnBi5DamtU26BiJwnTjniWzDgW9ShfzAbvFKqFDAPj
2025-10-21T20:29:47.346030Z DEBUG arx::units::mempool_unit: arx/src/units/mempool_unit.rs:175: Mempool account 6zZBJuBWkxUfhhnhH1pH5dgzjWqgcVe6Cz5vM4evHHfM contains the same computations, skipping update
2025-10-21T20:29:47.346830Z DEBUG arx::coordinator: arx/src/coordinator.rs:288: Coordinator received execpool unit message: computations ids: [1]
2025-10-21T20:29:47.348069Z DEBUG arx::units::state_unit: arx/src/units/state_unit.rs:231: Processing execpool update
2025-10-21T20:29:47.348074Z DEBUG arx::units::cache_unit: arx/src/units/cache_unit.rs:144: Processing queued computation: ArxComputationReference (1,1) (cluster: GgSqqAyH7AVY3Umcv8NvncrjFaNJuQLmxzxFxPoPW2Yd, mxe: 4ydkSgq1T8XPhNih52CWiQUAcuVoUWkP4xxwHd8Ti1iv)
2025-10-21T20:29:47.349465Z DEBUG arx::units::state_unit: arx/src/units/state_unit.rs:281: Prefetching and executing computation: ArxComputationReference (1,1) (cluster: GgSqqAyH7AVY3Umcv8NvncrjFaNJuQLmxzxFxPoPW2Yd, mxe: 4ydkSgq1T8XPhNih52CWiQUAcuVoUWkP4xxwHd8Ti1iv) with status (index: 0, executed: false)
2025-10-21T20:29:47.349815Z DEBUG arx::coordinator: arx/src/coordinator.rs:384: Coordinator received state unit message: prefetch computation: ArxComputationReference (1,1) (cluster: GgSqqAyH7AVY3Umcv8NvncrjFaNJuQLmxzxFxPoPW2Yd, mxe: 4ydkSgq1T8XPhNih52CWiQUAcuVoUWkP4xxwHd8Ti1iv)
2025-10-21T20:29:47.350242Z DEBUG arx::coordinator: arx/src/coordinator.rs:405: Coordinator received state unit message: execute computation: ArxComputationReference (1,1) (cluster: GgSqqAyH7AVY3Umcv8NvncrjFaNJuQLmxzxFxPoPW2Yd, mxe: 4ydkSgq1T8XPhNih52CWiQUAcuVoUWkP4xxwHd8Ti1iv)
2025-10-21T20:29:47.351108Z DEBUG arx::units::peers_unit: arx/src/units/peers_unit.rs:111: Processing cluster: GgSqqAyH7AVY3Umcv8NvncrjFaNJuQLmxzxFxPoPW2Yd
2025-10-21T20:29:47.351138Z DEBUG arx::units::circuit_unit: arx/src/units/circuit_unit.rs:148: Processing computation definition: 3vPNRZQKoXb9xv89fNcgQT7T36Y23ZsZEhFhnGXnC1TK
2025-10-21T20:29:47.357696Z DEBUG arx::coordinator: arx/src/coordinator.rs:309: Coordinator prefetched computation ArxComputationReference (1,1) (cluster: GgSqqAyH7AVY3Umcv8NvncrjFaNJuQLmxzxFxPoPW2Yd, mxe: 4ydkSgq1T8XPhNih52CWiQUAcuVoUWkP4xxwHd8Ti1iv)
2025-10-21T20:29:47.358044Z DEBUG arx::coordinator: arx/src/coordinator.rs:312: Coordinator fetched computation ArxComputation 216761856220171781129864534047532659560 (cluster: GgSqqAyH7AVY3Umcv8NvncrjFaNJuQLmxzxFxPoPW2Yd, mxe: 4ydkSgq1T8XPhNih52CWiQUAcuVoUWkP4xxwHd8Ti1iv) inputs
2025-10-21T20:29:47.359922Z DEBUG arx::units::cache_unit: arx/src/units/cache_unit.rs:246: Processing fetched inputs: Cerberus Inputs
2025-10-21T20:29:47.364777Z DEBUG arx::units::circuit_unit: arx/src/units/circuit_unit.rs:198: Deserializing circuit data
2025-10-21T20:29:47.367454Z DEBUG arx::coordinator: arx/src/coordinator.rs:373: Coordinator received peers unit message
2025-10-21T20:29:47.367608Z DEBUG arx::units::cache_unit: arx/src/units/cache_unit.rs:209: Processing fetched peers: PeersInfo { cluster: GgSqqAyH7AVY3Umcv8NvncrjFaNJuQLmxzxFxPoPW2Yd, peer_number: 1 }
2025-10-21T20:29:47.370844Z DEBUG arx::units::circuit_unit: arx/src/units/circuit_unit.rs:215: Inserting circuit info into cache
2025-10-21T20:29:47.372084Z DEBUG arx::coordinator: arx/src/coordinator.rs:241: Coordinator received circuit unit message
2025-10-21T20:29:47.372248Z DEBUG arx::units::cache_unit: arx/src/units/cache_unit.rs:170: Processing fetched circuit: CircuitInfo 3vPNRZQKoXb9xv89fNcgQT7T36Y23ZsZEhFhnGXnC1TK
2025-10-21T20:29:47.372562Z DEBUG arx::coordinator: arx/src/coordinator.rs:221: Coordinator received cache unit message
2025-10-21T20:29:47.372614Z DEBUG arx::coordinator: arx/src/coordinator.rs:221: Coordinator received cache unit message
2025-10-21T20:29:47.372795Z DEBUG arx::units::state_unit: arx/src/units/state_unit.rs:296: Processing prefetched computation
2025-10-21T20:29:47.373453Z  WARN arx::units::online_phase_unit: arx/src/units/online_phase_unit.rs:195: Overwriting existing private shares for MXE keygen computation
2025-10-21T20:29:47.375118Z  INFO arx::units::online_phase_unit: arx/src/units/online_phase_unit.rs:326: Processing Cerberus computation with id 216761856220171781129864534047532659560
2025-10-21T20:29:47.375217Z DEBUG arx::units::online_phase_unit: arx/src/units/online_phase_unit.rs:328: Connecting to peers (216761856220171781129864534047532659560)
2025-10-21T20:29:47.375931Z DEBUG network::router::network_router: /home/runner/.cargo/git/checkouts/async-mpc-1dbbf554a14e7a32/b307074/network/src/router/network_router.rs:79: Handling connection request to peer 0461a5    
2025-10-21T20:29:47.376214Z DEBUG network::router::state::connection_handlers: /home/runner/.cargo/git/checkouts/async-mpc-1dbbf554a14e7a32/b307074/network/src/router/state/connection_handlers.rs:44: Handling internal connection request: ConnectionRequest { expected_peer_id: 0461a5, peer_addr: 172.20.0.100:8001, response_sender: Sender { inner: Some(Inner { state: State { is_complete: false, is_closed: false, is_rx_task_set: true, is_tx_task_set: false } }) } }    
2025-10-21T20:29:47.376541Z DEBUG network::router::state::connection_handlers: /home/runner/.cargo/git/checkouts/async-mpc-1dbbf554a14e7a32/b307074/network/src/router/state/connection_handlers.rs:65: Connection not established yet: 172.20.0.100:8001    
2025-10-21T20:29:47.376582Z DEBUG network::router::state::connection_handlers: /home/runner/.cargo/git/checkouts/async-mpc-1dbbf554a14e7a32/b307074/network/src/router/state/connection_handlers.rs:100: Connecting to peer: 172.20.0.100:8001    
2025-10-21T20:29:47.385996Z DEBUG network::router::state::connection_handlers: /home/runner/.cargo/git/checkouts/async-mpc-1dbbf554a14e7a32/b307074/network/src/router/state/connection_handlers.rs:128: Connecting and checking ID of peer: 172.20.0.100:8001    
2025-10-21T20:29:47.386462Z DEBUG network::router::network_router: /home/runner/.cargo/git/checkouts/async-mpc-1dbbf554a14e7a32/b307074/network/src/router/network_router.rs:85: Connection request to peer 0461a5 handled    
2025-10-21T20:29:47.430843Z DEBUG network::router::state::connection_handlers: /home/runner/.cargo/git/checkouts/async-mpc-1dbbf554a14e7a32/b307074/network/src/router/state/connection_handlers.rs:280: Checking connection liveness to peer: 172.20.0.100:8001    
2025-10-21T20:29:47.440755Z DEBUG network::router::state::connection_handlers: /home/runner/.cargo/git/checkouts/async-mpc-1dbbf554a14e7a32/b307074/network/src/router/state/connection_handlers.rs:168: Outcome of connection to peer 172.20.0.100:8001 sent.    
2025-10-21T20:29:47.441062Z DEBUG network::router::state::connection_handlers: /home/runner/.cargo/git/checkouts/async-mpc-1dbbf554a14e7a32/b307074/network/src/router/state/connection_handlers.rs:188: Handling established connection to peer: 172.20.0.100:8001    
2025-10-21T20:29:47.441424Z  INFO network::router::state::substream_handlers: /home/runner/.cargo/git/checkouts/async-mpc-1dbbf554a14e7a32/b307074/network/src/router/state/substream_handlers.rs:217: Listening to substream requests from address 172.20.0.100:8001.    
2025-10-21T20:29:47.442076Z DEBUG arx::units::online_phase_unit: arx/src/units/online_phase_unit.rs:343: Connected to peers (216761856220171781129864534047532659560)
2025-10-21T20:29:47.443235Z DEBUG network::router::network_router: /home/runner/.cargo/git/checkouts/async-mpc-1dbbf554a14e7a32/b307074/network/src/router/network_router.rs:105: Opening substream for protocol (216761856220171781129864534047532659560, 0) with peer 0461a5    
2025-10-21T20:29:47.444115Z  INFO network::router::network_router: /home/runner/.cargo/git/checkouts/async-mpc-1dbbf554a14e7a32/b307074/network/src/router/network_router.rs:273: Opened substreams for protocol 216761856220171781129864534047532659560    
2025-10-21T20:29:47.706278Z  INFO network::labeled_interface::handlers: /home/runner/.cargo/git/checkouts/async-mpc-1dbbf554a14e7a32/b307074/network/src/labeled_interface/handlers.rs:86: Interface cf7093 dropped.    
2025-10-21T20:29:47.706308Z DEBUG arx::units::online_phase_unit: arx/src/units/online_phase_unit.rs:255: Output of computation is: ArxComputationOutput { computation: ArxComputation 216761856220171781129864534047532659560 (cluster: GgSqqAyH7AVY3Umcv8NvncrjFaNJuQLmxzxFxPoPW2Yd, mxe: 4ydkSgq1T8XPhNih52CWiQUAcuVoUWkP4xxwHd8Ti1iv), outputs: Success([[195, 61, 79, 183, 27, 134, 47, 144, 190, 184, 167, 65, 30, 109, 4, 135, 153, 170, 220, 207, 194, 173, 203, 111, 44, 249, 79, 57, 74, 218, 31, 11]]) } (216761856220171781129864534047532659560)
2025-10-21T20:29:47.706858Z  INFO network::labeled_interface::interface: /home/runner/.cargo/git/checkouts/async-mpc-1dbbf554a14e7a32/b307074/network/src/labeled_interface/interface.rs:415: Interface cf7093 dropped.    
2025-10-21T20:29:47.707011Z DEBUG arx::coordinator: arx/src/coordinator.rs:364: Coordinator received online unit output: ArxComputationOutput { computation: ArxComputation 216761856220171781129864534047532659560 (cluster: GgSqqAyH7AVY3Umcv8NvncrjFaNJuQLmxzxFxPoPW2Yd, mxe: 4ydkSgq1T8XPhNih52CWiQUAcuVoUWkP4xxwHd8Ti1iv), outputs: Success([[195, 61, 79, 183, 27, 134, 47, 144, 190, 184, 167, 65, 30, 109, 4, 135, 153, 170, 220, 207, 194, 173, 203, 111, 44, 249, 79, 57, 74, 218, 31, 11]]) }
2025-10-21T20:29:47.707354Z  INFO network::labeled_interface::handlers: /home/runner/.cargo/git/checkouts/async-mpc-1dbbf554a14e7a32/b307074/network/src/labeled_interface/handlers.rs:53: Router closed interface cf7093.    
2025-10-21T20:29:47.707365Z DEBUG arx::units::computation_transaction_unit: arx/src/units/computation_transaction_unit.rs:162: Processing callback for computation ArxComputation 216761856220171781129864534047532659560 (cluster: GgSqqAyH7AVY3Umcv8NvncrjFaNJuQLmxzxFxPoPW2Yd, mxe: 4ydkSgq1T8XPhNih52CWiQUAcuVoUWkP4xxwHd8Ti1iv)
2025-10-21T20:29:47.707566Z  INFO network::router::state::substream_handlers: /home/runner/.cargo/git/checkouts/async-mpc-1dbbf554a14e7a32/b307074/network/src/router/state/substream_handlers.rs:197: Removed protocol ID (216761856220171781129864534047532659560, 0) for peer 0461a5.    
2025-10-21T20:29:48.051350Z DEBUG arx::program: arx/src/program.rs:312: Received update for account: GgSqqAyH7AVY3Umcv8NvncrjFaNJuQLmxzxFxPoPW2Yd
2025-10-21T20:29:48.051723Z DEBUG arx::units::mxe_unit: arx/src/units/mxe_unit.rs:129: Processing cluster update for account: GgSqqAyH7AVY3Umcv8NvncrjFaNJuQLmxzxFxPoPW2Yd
2025-10-21T20:29:48.218279Z DEBUG arx::units::computation_transaction_unit: arx/src/units/computation_transaction_unit.rs:219: Sent set_mxe_keys tx for mxe 4ydkSgq1T8XPhNih52CWiQUAcuVoUWkP4xxwHd8Ti1iv with sig 5EUaA2Hk7LxGhaQAurD1zSpZJDJfsSHnYDWmdGq9nLwWwdrXYho3qZzM6hjvpNyDw5TuNPEJVYvz1fTSMFGXoYWh
2025-10-21T20:29:48.585333Z DEBUG arx::program: arx/src/program.rs:312: Received update for account: GgSqqAyH7AVY3Umcv8NvncrjFaNJuQLmxzxFxPoPW2Yd
2025-10-21T20:29:48.585533Z DEBUG arx::program: arx/src/program.rs:312: Received update for account: E5VnBi5DamtU26BiJwnTjniWzDgW9ShfzAbvFKqFDAPj
2025-10-21T20:29:48.585809Z DEBUG arx::program: arx/src/program.rs:312: Received update for account: 6zZBJuBWkxUfhhnhH1pH5dgzjWqgcVe6Cz5vM4evHHfM
2025-10-21T20:29:48.585722Z DEBUG arx::units::mxe_unit: arx/src/units/mxe_unit.rs:129: Processing cluster update for account: GgSqqAyH7AVY3Umcv8NvncrjFaNJuQLmxzxFxPoPW2Yd
2025-10-21T20:29:48.586572Z DEBUG arx::coordinator: arx/src/coordinator.rs:288: Coordinator received execpool unit message: computations ids: []
2025-10-21T20:29:48.586636Z DEBUG arx::units::mempool_unit: arx/src/units/mempool_unit.rs:136: Processing new mempool update for account: 6zZBJuBWkxUfhhnhH1pH5dgzjWqgcVe6Cz5vM4evHHfM
2025-10-21T20:29:48.586840Z DEBUG arx::units::state_unit: arx/src/units/state_unit.rs:231: Processing execpool update
2025-10-21T20:29:48.587021Z DEBUG arx::units::mempool_unit: arx/src/units/mempool_unit.rs:175: Mempool account 6zZBJuBWkxUfhhnhH1pH5dgzjWqgcVe6Cz5vM4evHHfM contains the same computations, skipping update
2025-10-21T20:29:48.588057Z DEBUG arx::units::state_unit: arx/src/units/state_unit.rs:255: Removing computation from execpool: ArxComputationReference (1,1) (cluster: GgSqqAyH7AVY3Umcv8NvncrjFaNJuQLmxzxFxPoPW2Yd, mxe: 4ydkSgq1T8XPhNih52CWiQUAcuVoUWkP4xxwHd8Ti1iv)
2025-10-21T20:29:48.588338Z DEBUG arx::coordinator: arx/src/coordinator.rs:423: Coordinator received state unit message: executed computation: ArxComputationReference (1,1) (cluster: GgSqqAyH7AVY3Umcv8NvncrjFaNJuQLmxzxFxPoPW2Yd, mxe: 4ydkSgq1T8XPhNih52CWiQUAcuVoUWkP4xxwHd8Ti1iv)
2025-10-21T20:29:48.588837Z DEBUG arx::units::cache_unit: arx/src/units/cache_unit.rs:278: Processing executed computation: ArxComputationReference (1,1) (cluster: GgSqqAyH7AVY3Umcv8NvncrjFaNJuQLmxzxFxPoPW2Yd, mxe: 4ydkSgq1T8XPhNih52CWiQUAcuVoUWkP4xxwHd8Ti1iv)
2025-10-21T20:29:48.589234Z DEBUG arx::units::cache_unit: arx/src/units/cache_unit.rs:282: Computation executed and removed from cache: ArxComputationReference (1,1) (cluster: GgSqqAyH7AVY3Umcv8NvncrjFaNJuQLmxzxFxPoPW2Yd, mxe: 4ydkSgq1T8XPhNih52CWiQUAcuVoUWkP4xxwHd8Ti1iv)
2025-10-21T20:29:48.727820Z DEBUG arx::units::computation_transaction_unit: arx/src/units/computation_transaction_unit.rs:342: Callback computation tx for mxe 4ydkSgq1T8XPhNih52CWiQUAcuVoUWkP4xxwHd8Ti1iv already sent
2025-10-21T20:29:48.728975Z DEBUG arx::coordinator: arx/src/coordinator.rs:265: Coordinator received computation transaction unit callback computation: ArxComputationReference (1,1) (cluster: GgSqqAyH7AVY3Umcv8NvncrjFaNJuQLmxzxFxPoPW2Yd, mxe: 4ydkSgq1T8XPhNih52CWiQUAcuVoUWkP4xxwHd8Ti1iv)
2025-10-21T20:29:48.729168Z DEBUG arx::units::cache_unit: arx/src/units/cache_unit.rs:278: Processing executed computation: ArxComputationReference (1,1) (cluster: GgSqqAyH7AVY3Umcv8NvncrjFaNJuQLmxzxFxPoPW2Yd, mxe: 4ydkSgq1T8XPhNih52CWiQUAcuVoUWkP4xxwHd8Ti1iv)
2025-10-21T20:29:48.729459Z DEBUG arx::units::state_unit: arx/src/units/state_unit.rs:311: Processing executed computation
2025-10-21T20:29:48.729483Z  WARN arx::units::cache_unit: arx/src/units/cache_unit.rs:289: Computation info not found in cache: ArxComputationReference (1,1) (cluster: GgSqqAyH7AVY3Umcv8NvncrjFaNJuQLmxzxFxPoPW2Yd, mxe: 4ydkSgq1T8XPhNih52CWiQUAcuVoUWkP4xxwHd8Ti1iv)
2025-10-21T20:29:51.457131Z  WARN arx::program: arx/src/program.rs:322: Pub/sub connection closed or error occurred, reconnecting...
2025-10-21T20:29:51.457329Z  WARN arx::program: arx/src/program.rs:322: Pub/sub connection closed or error occurred, reconnecting...
2025-10-21T20:29:51.457373Z  WARN arx::program: arx/src/program.rs:322: Pub/sub connection closed or error occurred, reconnecting...
2025-10-21T20:29:51.457408Z  WARN arx::program: arx/src/program.rs:322: Pub/sub connection closed or error occurred, reconnecting...
2025-10-21T20:29:51.459679Z  INFO arx::program: arx/src/program.rs:327: Reconnecting pub/sub client
2025-10-21T20:29:51.460135Z  INFO arx::program: arx/src/program.rs:327: Reconnecting pub/sub client
2025-10-21T20:29:51.460292Z  INFO arx::program: arx/src/program.rs:327: Reconnecting pub/sub client
2025-10-21T20:29:51.460386Z  INFO arx::program: arx/src/program.rs:327: Reconnecting pub/sub client
2025-10-21T20:29:51.462300Z  WARN arx::program: arx/src/program.rs:375: Attempt 1/5: Failed to create new pub/sub: unable to connect to server
2025-10-21T20:29:51.462534Z  WARN arx::program: arx/src/program.rs:375: Attempt 1/5: Failed to create new pub/sub: unable to connect to server
2025-10-21T20:29:51.462604Z  WARN arx::program: arx/src/program.rs:375: Attempt 1/5: Failed to create new pub/sub: unable to connect to server
2025-10-21T20:29:51.462947Z  WARN arx::program: arx/src/program.rs:375: Attempt 1/5: Failed to create new pub/sub: unable to connect to server
2025-10-21T20:29:52.467237Z  WARN arx::program: arx/src/program.rs:375: Attempt 2/5: Failed to create new pub/sub: unable to connect to server
2025-10-21T20:29:52.468198Z  WARN arx::program: arx/src/program.rs:375: Attempt 2/5: Failed to create new pub/sub: unable to connect to server
2025-10-21T20:29:52.468651Z  WARN arx::program: arx/src/program.rs:375: Attempt 2/5: Failed to create new pub/sub: unable to connect to server
2025-10-21T20:29:52.469175Z  WARN arx::program: arx/src/program.rs:375: Attempt 2/5: Failed to create new pub/sub: unable to connect to server
