2025-10-21T19:19:09.312241Z DEBUG arx: arx/src/main.rs:53: Checking Solana is up and running
2025-10-21T19:19:09.400991Z  INFO arx: arx/src/main.rs:58: Running ARX
2025-10-21T19:19:09.401160Z DEBUG arx: arx/src/main.rs:60: Reading node keypair, callback authority keypair, and identity files from env
2025-10-21T19:19:09.401346Z DEBUG arx: arx/src/main.rs:68: Reading node keypair, callback authority keypair, and identity files
2025-10-21T19:19:09.407893Z DEBUG arx: arx/src/main.rs:78: Installing AWS LC crypto provider
2025-10-21T19:19:09.408008Z  INFO arx: arx/src/main.rs:83: Creating ARX coordinator
2025-10-21T19:19:09.512244Z  INFO arx::units::cache_unit: arx/src/units/cache_unit.rs:88: Cache unit started
2025-10-21T19:19:09.513213Z  INFO arx::units::circuit_unit: arx/src/units/circuit_unit.rs:107: Circuit unit started
2025-10-21T19:19:09.515361Z  INFO arx::units::cluster_unit: arx/src/units/cluster_unit.rs:66: Cluster unit started
2025-10-21T19:19:09.515633Z DEBUG arx::units::cluster_unit: arx/src/units/cluster_unit.rs:68: Running pub/sub for arx node account
2025-10-21T19:19:09.516473Z  INFO arx::units::computation_transaction_unit: arx/src/units/computation_transaction_unit.rs:89: Computation transaction unit started
2025-10-21T19:19:09.518081Z  INFO arx::units::execpool_unit: arx/src/units/execpool_unit.rs:80: Execpool unit started
2025-10-21T19:19:09.518168Z DEBUG arx::units::execpool_unit: arx/src/units/execpool_unit.rs:82: Running pub/sub for mempools accounts
2025-10-21T19:19:09.519153Z DEBUG arx::units::cluster_unit: arx/src/units/cluster_unit.rs:78: Subscribing to arx node account
2025-10-21T19:19:09.519375Z  INFO arx::units::computation_unit: arx/src/units/computation_unit.rs:74: Inputs unit started
2025-10-21T19:19:09.520114Z  INFO arx::units::mempool_unit: arx/src/units/mempool_unit.rs:77: Mempool unit started
2025-10-21T19:19:09.520166Z DEBUG arx::units::mempool_unit: arx/src/units/mempool_unit.rs:79: Running pub/sub for mempools accounts
2025-10-21T19:19:09.522193Z  INFO arx::units::mxe_unit: arx/src/units/mxe_unit.rs:75: MXE unit started
2025-10-21T19:19:09.522673Z  INFO arx::units::node_transaction_unit: arx/src/units/node_transaction_unit.rs:65: Node transaction unit started
2025-10-21T19:19:09.522727Z  INFO arx::units::node_transaction_unit: arx/src/units/node_transaction_unit.rs:67: Activating node
2025-10-21T19:19:09.522732Z DEBUG arx::units::mxe_unit: arx/src/units/mxe_unit.rs:77: Running pub/sub for clusters accounts
2025-10-21T19:19:09.523741Z  INFO arx::units::online_phase_unit: arx/src/units/online_phase_unit.rs:152: Online phase unit started
2025-10-21T19:19:09.525034Z  INFO arx::units::peers_unit: arx/src/units/peers_unit.rs:76: Peers unit started
2025-10-21T19:19:09.525227Z  INFO arx: arx/src/main.rs:93: Coordinator created successfully
2025-10-21T19:19:09.525525Z  INFO arx::units::state_unit: arx/src/units/state_unit.rs:109: State unit started
2025-10-21T19:19:09.526464Z  INFO arx: arx/src/main.rs:102: Starting ARX coordinator
2025-10-21T19:19:09.527604Z  INFO arx::program: arx/src/program.rs:242: Pub/sub client started
2025-10-21T19:19:09.528070Z  INFO arx::program: arx/src/program.rs:244: Connecting initial pub/sub
2025-10-21T19:19:09.529426Z  INFO arx: arx/src/main.rs:105: Waiting for Ctrl+C
2025-10-21T19:19:09.530086Z  INFO arx::program: arx/src/program.rs:242: Pub/sub client started
2025-10-21T19:19:09.530130Z  INFO arx::program: arx/src/program.rs:244: Connecting initial pub/sub
2025-10-21T19:19:09.530469Z  INFO arx::coordinator: arx/src/coordinator.rs:198: Coordinator started
2025-10-21T19:19:09.530956Z  INFO arx::program: arx/src/program.rs:242: Pub/sub client started
2025-10-21T19:19:09.531003Z  INFO arx::program: arx/src/program.rs:244: Connecting initial pub/sub
2025-10-21T19:19:09.533396Z  INFO arx::program: arx/src/program.rs:242: Pub/sub client started
2025-10-21T19:19:09.533439Z  INFO arx::program: arx/src/program.rs:244: Connecting initial pub/sub
2025-10-21T19:19:09.556900Z  INFO arx::program: arx/src/program.rs:267: Fetching initial state for account: ELoRR19zrps1G3UYKcAxr7LKbw3kbqkVUXVY9dETMWN7
2025-10-21T19:19:09.560942Z  INFO arx::program: arx/src/program.rs:279: Subscribing to account: ELoRR19zrps1G3UYKcAxr7LKbw3kbqkVUXVY9dETMWN7
2025-10-21T19:19:09.565623Z DEBUG arx::units::cluster_unit: arx/src/units/cluster_unit.rs:101: Processing arx node update
2025-10-21T19:19:09.898690Z DEBUG arx::program: arx/src/program.rs:312: Received update for account: ELoRR19zrps1G3UYKcAxr7LKbw3kbqkVUXVY9dETMWN7
2025-10-21T19:19:09.899004Z DEBUG arx::units::cluster_unit: arx/src/units/cluster_unit.rs:101: Processing arx node update
2025-10-21T19:19:10.084496Z  INFO arx::units::node_transaction_unit: arx/src/units/node_transaction_unit.rs:70: Node activated
2025-10-21T19:19:10.085695Z DEBUG arx::coordinator: arx/src/coordinator.rs:204: Coordinator received activation unit message: activated
2025-10-21T19:19:10.088008Z DEBUG arx::coordinator: arx/src/coordinator.rs:251: Coordinator received cluster unit message: cluster: 0, status: Joined
2025-10-21T19:19:10.091030Z DEBUG arx::units::mxe_unit: arx/src/units/mxe_unit.rs:112: Subscribing to cluster: GgSqqAyH7AVY3Umcv8NvncrjFaNJuQLmxzxFxPoPW2Yd
2025-10-21T19:19:10.091531Z  INFO arx::program: arx/src/program.rs:267: Fetching initial state for account: GgSqqAyH7AVY3Umcv8NvncrjFaNJuQLmxzxFxPoPW2Yd
2025-10-21T19:19:10.096142Z  INFO arx::program: arx/src/program.rs:279: Subscribing to account: GgSqqAyH7AVY3Umcv8NvncrjFaNJuQLmxzxFxPoPW2Yd
2025-10-21T19:19:10.096748Z DEBUG arx::units::mxe_unit: arx/src/units/mxe_unit.rs:129: Processing cluster update for account: GgSqqAyH7AVY3Umcv8NvncrjFaNJuQLmxzxFxPoPW2Yd
2025-10-21T19:19:10.098120Z DEBUG arx::coordinator: arx/src/coordinator.rs:349: Coordinator received mxe unit message: cluster: GgSqqAyH7AVY3Umcv8NvncrjFaNJuQLmxzxFxPoPW2Yd, mxe: CQvzhuYp299gu8rDs4RyLg1cDgnbDZiEdK51NcnSVwGm, status: Joined
2025-10-21T19:19:10.098757Z DEBUG arx::units::execpool_unit: arx/src/units/execpool_unit.rs:120: Subscribing to execpool account: CQF2VydaWEk5ZkVRi5q3LxoQTkJNHsRSc2yuUAMS1qUc
2025-10-21T19:19:10.098961Z DEBUG arx::units::mempool_unit: arx/src/units/mempool_unit.rs:113: Subscribing to mempool account: Eii8e5feybZsNs1xJcmktof6LkWNGrAdTk179oL3ZZyv
2025-10-21T19:19:10.099464Z  INFO arx::program: arx/src/program.rs:267: Fetching initial state for account: CQF2VydaWEk5ZkVRi5q3LxoQTkJNHsRSc2yuUAMS1qUc
2025-10-21T19:19:10.099837Z  INFO arx::program: arx/src/program.rs:267: Fetching initial state for account: Eii8e5feybZsNs1xJcmktof6LkWNGrAdTk179oL3ZZyv
2025-10-21T19:19:10.103781Z  INFO arx::program: arx/src/program.rs:279: Subscribing to account: CQF2VydaWEk5ZkVRi5q3LxoQTkJNHsRSc2yuUAMS1qUc
2025-10-21T19:19:10.107201Z  INFO arx::program: arx/src/program.rs:279: Subscribing to account: Eii8e5feybZsNs1xJcmktof6LkWNGrAdTk179oL3ZZyv
2025-10-21T19:19:10.108606Z DEBUG arx::units::mempool_unit: arx/src/units/mempool_unit.rs:136: Processing new mempool update for account: Eii8e5feybZsNs1xJcmktof6LkWNGrAdTk179oL3ZZyv
2025-10-21T19:19:10.107759Z DEBUG arx::coordinator: arx/src/coordinator.rs:288: Coordinator received execpool unit message: computations ids: [1]
2025-10-21T19:19:10.109415Z DEBUG arx::units::mempool_unit: arx/src/units/mempool_unit.rs:175: Mempool account Eii8e5feybZsNs1xJcmktof6LkWNGrAdTk179oL3ZZyv contains the same computations, skipping update
2025-10-21T19:19:10.110740Z DEBUG arx::units::state_unit: arx/src/units/state_unit.rs:231: Processing execpool update
2025-10-21T19:19:10.111168Z DEBUG arx::units::cache_unit: arx/src/units/cache_unit.rs:144: Processing queued computation: ArxComputationReference (1,1) (cluster: GgSqqAyH7AVY3Umcv8NvncrjFaNJuQLmxzxFxPoPW2Yd, mxe: CQvzhuYp299gu8rDs4RyLg1cDgnbDZiEdK51NcnSVwGm)
2025-10-21T19:19:10.112658Z DEBUG arx::units::state_unit: arx/src/units/state_unit.rs:281: Prefetching and executing computation: ArxComputationReference (1,1) (cluster: GgSqqAyH7AVY3Umcv8NvncrjFaNJuQLmxzxFxPoPW2Yd, mxe: CQvzhuYp299gu8rDs4RyLg1cDgnbDZiEdK51NcnSVwGm) with status (index: 0, executed: false)
2025-10-21T19:19:10.113002Z DEBUG arx::coordinator: arx/src/coordinator.rs:384: Coordinator received state unit message: prefetch computation: ArxComputationReference (1,1) (cluster: GgSqqAyH7AVY3Umcv8NvncrjFaNJuQLmxzxFxPoPW2Yd, mxe: CQvzhuYp299gu8rDs4RyLg1cDgnbDZiEdK51NcnSVwGm)
2025-10-21T19:19:10.113455Z DEBUG arx::coordinator: arx/src/coordinator.rs:405: Coordinator received state unit message: execute computation: ArxComputationReference (1,1) (cluster: GgSqqAyH7AVY3Umcv8NvncrjFaNJuQLmxzxFxPoPW2Yd, mxe: CQvzhuYp299gu8rDs4RyLg1cDgnbDZiEdK51NcnSVwGm)
2025-10-21T19:19:10.114789Z DEBUG arx::units::peers_unit: arx/src/units/peers_unit.rs:111: Processing cluster: GgSqqAyH7AVY3Umcv8NvncrjFaNJuQLmxzxFxPoPW2Yd
2025-10-21T19:19:10.114820Z DEBUG arx::units::circuit_unit: arx/src/units/circuit_unit.rs:148: Processing computation definition: Dpz7xMiZ29fGETVJc3rnexMZSq7G4quyeMrZzbWt88R3
2025-10-21T19:19:10.123402Z DEBUG arx::coordinator: arx/src/coordinator.rs:309: Coordinator prefetched computation ArxComputationReference (1,1) (cluster: GgSqqAyH7AVY3Umcv8NvncrjFaNJuQLmxzxFxPoPW2Yd, mxe: CQvzhuYp299gu8rDs4RyLg1cDgnbDZiEdK51NcnSVwGm)
2025-10-21T19:19:10.124350Z DEBUG arx::coordinator: arx/src/coordinator.rs:312: Coordinator fetched computation ArxComputation 303790697907795210078047774390766665400 (cluster: GgSqqAyH7AVY3Umcv8NvncrjFaNJuQLmxzxFxPoPW2Yd, mxe: CQvzhuYp299gu8rDs4RyLg1cDgnbDZiEdK51NcnSVwGm) inputs
2025-10-21T19:19:10.126135Z DEBUG arx::units::cache_unit: arx/src/units/cache_unit.rs:246: Processing fetched inputs: Cerberus Inputs
2025-10-21T19:19:10.132058Z DEBUG arx::units::circuit_unit: arx/src/units/circuit_unit.rs:198: Deserializing circuit data
2025-10-21T19:19:10.134084Z DEBUG arx::coordinator: arx/src/coordinator.rs:373: Coordinator received peers unit message
2025-10-21T19:19:10.134400Z DEBUG arx::units::cache_unit: arx/src/units/cache_unit.rs:209: Processing fetched peers: PeersInfo { cluster: GgSqqAyH7AVY3Umcv8NvncrjFaNJuQLmxzxFxPoPW2Yd, peer_number: 0 }
2025-10-21T19:19:10.136728Z DEBUG arx::units::circuit_unit: arx/src/units/circuit_unit.rs:215: Inserting circuit info into cache
2025-10-21T19:19:10.138124Z DEBUG arx::coordinator: arx/src/coordinator.rs:241: Coordinator received circuit unit message
2025-10-21T19:19:10.138315Z DEBUG arx::units::cache_unit: arx/src/units/cache_unit.rs:170: Processing fetched circuit: CircuitInfo Dpz7xMiZ29fGETVJc3rnexMZSq7G4quyeMrZzbWt88R3
2025-10-21T19:19:10.138647Z DEBUG arx::coordinator: arx/src/coordinator.rs:221: Coordinator received cache unit message
2025-10-21T19:19:10.138711Z DEBUG arx::coordinator: arx/src/coordinator.rs:221: Coordinator received cache unit message
2025-10-21T19:19:10.138921Z DEBUG arx::units::state_unit: arx/src/units/state_unit.rs:296: Processing prefetched computation
2025-10-21T19:19:10.141230Z  INFO arx::units::online_phase_unit: arx/src/units/online_phase_unit.rs:326: Processing Cerberus computation with id 303790697907795210078047774390766665400
2025-10-21T19:19:10.141335Z DEBUG arx::units::online_phase_unit: arx/src/units/online_phase_unit.rs:328: Connecting to peers (303790697907795210078047774390766665400)
2025-10-21T19:19:10.142069Z DEBUG network::router::network_router: /home/runner/.cargo/git/checkouts/async-mpc-1dbbf554a14e7a32/b307074/network/src/router/network_router.rs:79: Handling connection request to peer cf7093    
2025-10-21T19:19:10.142353Z DEBUG network::router::state::connection_handlers: /home/runner/.cargo/git/checkouts/async-mpc-1dbbf554a14e7a32/b307074/network/src/router/state/connection_handlers.rs:44: Handling internal connection request: ConnectionRequest { expected_peer_id: cf7093, peer_addr: 172.20.0.101:8001, response_sender: Sender { inner: Some(Inner { state: State { is_complete: false, is_closed: false, is_rx_task_set: true, is_tx_task_set: false } }) } }    
2025-10-21T19:19:10.142673Z DEBUG network::router::state::connection_handlers: /home/runner/.cargo/git/checkouts/async-mpc-1dbbf554a14e7a32/b307074/network/src/router/state/connection_handlers.rs:65: Connection not established yet: 172.20.0.101:8001    
2025-10-21T19:19:10.142727Z DEBUG network::router::state::connection_handlers: /home/runner/.cargo/git/checkouts/async-mpc-1dbbf554a14e7a32/b307074/network/src/router/state/connection_handlers.rs:100: Connecting to peer: 172.20.0.101:8001    
2025-10-21T19:19:10.143250Z DEBUG network::router::network_router: /home/runner/.cargo/git/checkouts/async-mpc-1dbbf554a14e7a32/b307074/network/src/router/network_router.rs:85: Connection request to peer cf7093 handled    
2025-10-21T19:19:10.160823Z DEBUG network::router::state::connection_handlers: /home/runner/.cargo/git/checkouts/async-mpc-1dbbf554a14e7a32/b307074/network/src/router/state/connection_handlers.rs:227: Handling incoming connection request from peer: 172.20.0.101:8001    
2025-10-21T19:19:10.176629Z DEBUG network::router::state::connection_handlers: /home/runner/.cargo/git/checkouts/async-mpc-1dbbf554a14e7a32/b307074/network/src/router/state/connection_handlers.rs:128: Connecting and checking ID of peer: 172.20.0.101:8001    
2025-10-21T19:19:10.205981Z DEBUG network::router::state::connection_handlers: /home/runner/.cargo/git/checkouts/async-mpc-1dbbf554a14e7a32/b307074/network/src/router/state/connection_handlers.rs:280: Checking connection liveness to peer: 172.20.0.101:8001    
2025-10-21T19:19:10.207583Z DEBUG network::router::state::connection_handlers: /home/runner/.cargo/git/checkouts/async-mpc-1dbbf554a14e7a32/b307074/network/src/router/state/connection_handlers.rs:168: Outcome of connection to peer 172.20.0.101:8001 sent.    
2025-10-21T19:19:10.208026Z DEBUG network::router::state::connection_handlers: /home/runner/.cargo/git/checkouts/async-mpc-1dbbf554a14e7a32/b307074/network/src/router/state/connection_handlers.rs:188: Handling established connection to peer: 172.20.0.101:8001    
2025-10-21T19:19:10.208375Z  INFO network::router::state::substream_handlers: /home/runner/.cargo/git/checkouts/async-mpc-1dbbf554a14e7a32/b307074/network/src/router/state/substream_handlers.rs:217: Listening to substream requests from address 172.20.0.101:8001.    
2025-10-21T19:19:10.208832Z DEBUG arx::units::online_phase_unit: arx/src/units/online_phase_unit.rs:343: Connected to peers (303790697907795210078047774390766665400)
2025-10-21T19:19:10.210531Z DEBUG network::router::network_router: /home/runner/.cargo/git/checkouts/async-mpc-1dbbf554a14e7a32/b307074/network/src/router/network_router.rs:105: Opening substream for protocol (303790697907795210078047774390766665400, 0) with peer cf7093    
2025-10-21T19:19:10.212812Z  INFO network::router::state::substream_handlers: /home/runner/.cargo/git/checkouts/async-mpc-1dbbf554a14e7a32/b307074/network/src/router/state/substream_handlers.rs:235: Registered incoming stream from address 172.20.0.101:8001.    
2025-10-21T19:19:10.213263Z  INFO network::router::state::substream_handlers: /home/runner/.cargo/git/checkouts/async-mpc-1dbbf554a14e7a32/b307074/network/src/router/state/substream_handlers.rs:50: New substream successfully established.    
2025-10-21T19:19:10.213501Z  INFO network::router::network_router: /home/runner/.cargo/git/checkouts/async-mpc-1dbbf554a14e7a32/b307074/network/src/router/network_router.rs:273: Opened substreams for protocol 303790697907795210078047774390766665400    
2025-10-21T19:19:10.464843Z  INFO network::labeled_interface::handlers: /home/runner/.cargo/git/checkouts/async-mpc-1dbbf554a14e7a32/b307074/network/src/labeled_interface/handlers.rs:86: Interface 0461a5 dropped.    
2025-10-21T19:19:10.464900Z DEBUG arx::units::online_phase_unit: arx/src/units/online_phase_unit.rs:255: Output of computation is: ArxComputationOutput { computation: ArxComputation 303790697907795210078047774390766665400 (cluster: GgSqqAyH7AVY3Umcv8NvncrjFaNJuQLmxzxFxPoPW2Yd, mxe: CQvzhuYp299gu8rDs4RyLg1cDgnbDZiEdK51NcnSVwGm), outputs: Success([[96, 101, 38, 163, 120, 101, 220, 58, 252, 73, 189, 209, 119, 65, 66, 205, 199, 170, 187, 112, 150, 119, 189, 129, 164, 107, 128, 65, 2, 152, 192, 81]]) } (303790697907795210078047774390766665400)
2025-10-21T19:19:10.465282Z  INFO network::labeled_interface::interface: /home/runner/.cargo/git/checkouts/async-mpc-1dbbf554a14e7a32/b307074/network/src/labeled_interface/interface.rs:415: Interface 0461a5 dropped.    
2025-10-21T19:19:10.466124Z DEBUG arx::coordinator: arx/src/coordinator.rs:364: Coordinator received online unit output: ArxComputationOutput { computation: ArxComputation 303790697907795210078047774390766665400 (cluster: GgSqqAyH7AVY3Umcv8NvncrjFaNJuQLmxzxFxPoPW2Yd, mxe: CQvzhuYp299gu8rDs4RyLg1cDgnbDZiEdK51NcnSVwGm), outputs: Success([[96, 101, 38, 163, 120, 101, 220, 58, 252, 73, 189, 209, 119, 65, 66, 205, 199, 170, 187, 112, 150, 119, 189, 129, 164, 107, 128, 65, 2, 152, 192, 81]]) }
2025-10-21T19:19:10.466220Z  INFO network::labeled_interface::handlers: /home/runner/.cargo/git/checkouts/async-mpc-1dbbf554a14e7a32/b307074/network/src/labeled_interface/handlers.rs:53: Router closed interface 0461a5.    
2025-10-21T19:19:10.466539Z DEBUG arx::units::computation_transaction_unit: arx/src/units/computation_transaction_unit.rs:162: Processing callback for computation ArxComputation 303790697907795210078047774390766665400 (cluster: GgSqqAyH7AVY3Umcv8NvncrjFaNJuQLmxzxFxPoPW2Yd, mxe: CQvzhuYp299gu8rDs4RyLg1cDgnbDZiEdK51NcnSVwGm)
2025-10-21T19:19:10.466899Z  INFO network::router::state::substream_handlers: /home/runner/.cargo/git/checkouts/async-mpc-1dbbf554a14e7a32/b307074/network/src/router/state/substream_handlers.rs:197: Removed protocol ID (303790697907795210078047774390766665400, 0) for peer cf7093.    
2025-10-21T19:19:10.799161Z DEBUG arx::program: arx/src/program.rs:312: Received update for account: GgSqqAyH7AVY3Umcv8NvncrjFaNJuQLmxzxFxPoPW2Yd
2025-10-21T19:19:10.799502Z DEBUG arx::units::mxe_unit: arx/src/units/mxe_unit.rs:129: Processing cluster update for account: GgSqqAyH7AVY3Umcv8NvncrjFaNJuQLmxzxFxPoPW2Yd
2025-10-21T19:19:10.976062Z DEBUG arx::units::computation_transaction_unit: arx/src/units/computation_transaction_unit.rs:219: Sent set_mxe_keys tx for mxe CQvzhuYp299gu8rDs4RyLg1cDgnbDZiEdK51NcnSVwGm with sig 31pLc4m7F4F2Zai5BjfkcMTJqfC8gpFT7XY2iMjiCb8LN7zFZQdLNwKcAQ9WXXZGubmRq11jHq9zDxNBUUYSM4Ff
2025-10-21T19:19:11.344629Z DEBUG arx::program: arx/src/program.rs:312: Received update for account: GgSqqAyH7AVY3Umcv8NvncrjFaNJuQLmxzxFxPoPW2Yd
2025-10-21T19:19:11.345300Z DEBUG arx::units::mxe_unit: arx/src/units/mxe_unit.rs:129: Processing cluster update for account: GgSqqAyH7AVY3Umcv8NvncrjFaNJuQLmxzxFxPoPW2Yd
2025-10-21T19:19:11.345783Z DEBUG arx::program: arx/src/program.rs:312: Received update for account: CQF2VydaWEk5ZkVRi5q3LxoQTkJNHsRSc2yuUAMS1qUc
2025-10-21T19:19:11.345861Z DEBUG arx::program: arx/src/program.rs:312: Received update for account: Eii8e5feybZsNs1xJcmktof6LkWNGrAdTk179oL3ZZyv
2025-10-21T19:19:11.346115Z DEBUG arx::coordinator: arx/src/coordinator.rs:288: Coordinator received execpool unit message: computations ids: []
2025-10-21T19:19:11.346140Z DEBUG arx::units::mempool_unit: arx/src/units/mempool_unit.rs:136: Processing new mempool update for account: Eii8e5feybZsNs1xJcmktof6LkWNGrAdTk179oL3ZZyv
2025-10-21T19:19:11.346300Z DEBUG arx::units::mempool_unit: arx/src/units/mempool_unit.rs:175: Mempool account Eii8e5feybZsNs1xJcmktof6LkWNGrAdTk179oL3ZZyv contains the same computations, skipping update
2025-10-21T19:19:11.346227Z DEBUG arx::units::state_unit: arx/src/units/state_unit.rs:231: Processing execpool update
2025-10-21T19:19:11.347032Z DEBUG arx::units::state_unit: arx/src/units/state_unit.rs:255: Removing computation from execpool: ArxComputationReference (1,1) (cluster: GgSqqAyH7AVY3Umcv8NvncrjFaNJuQLmxzxFxPoPW2Yd, mxe: CQvzhuYp299gu8rDs4RyLg1cDgnbDZiEdK51NcnSVwGm)
2025-10-21T19:19:11.347240Z DEBUG arx::coordinator: arx/src/coordinator.rs:423: Coordinator received state unit message: executed computation: ArxComputationReference (1,1) (cluster: GgSqqAyH7AVY3Umcv8NvncrjFaNJuQLmxzxFxPoPW2Yd, mxe: CQvzhuYp299gu8rDs4RyLg1cDgnbDZiEdK51NcnSVwGm)
2025-10-21T19:19:11.347581Z DEBUG arx::units::cache_unit: arx/src/units/cache_unit.rs:278: Processing executed computation: ArxComputationReference (1,1) (cluster: GgSqqAyH7AVY3Umcv8NvncrjFaNJuQLmxzxFxPoPW2Yd, mxe: CQvzhuYp299gu8rDs4RyLg1cDgnbDZiEdK51NcnSVwGm)
2025-10-21T19:19:11.347858Z DEBUG arx::units::cache_unit: arx/src/units/cache_unit.rs:282: Computation executed and removed from cache: ArxComputationReference (1,1) (cluster: GgSqqAyH7AVY3Umcv8NvncrjFaNJuQLmxzxFxPoPW2Yd, mxe: CQvzhuYp299gu8rDs4RyLg1cDgnbDZiEdK51NcnSVwGm)
2025-10-21T19:19:11.485102Z DEBUG arx::units::computation_transaction_unit: arx/src/units/computation_transaction_unit.rs:322: Sent callback computation tx for mxe CQvzhuYp299gu8rDs4RyLg1cDgnbDZiEdK51NcnSVwGm with sig 32CrDZw3iMZQdwT8XeTyYDdAnBrb1ELNLqjieZxwiGpDvZvgp2dX85RfsxUKeAgZxb8s667wSoR7FwfBJtGou5bZ
2025-10-21T19:19:11.486612Z DEBUG arx::coordinator: arx/src/coordinator.rs:265: Coordinator received computation transaction unit callback computation: ArxComputationReference (1,1) (cluster: GgSqqAyH7AVY3Umcv8NvncrjFaNJuQLmxzxFxPoPW2Yd, mxe: CQvzhuYp299gu8rDs4RyLg1cDgnbDZiEdK51NcnSVwGm)
2025-10-21T19:19:11.486853Z DEBUG arx::units::cache_unit: arx/src/units/cache_unit.rs:278: Processing executed computation: ArxComputationReference (1,1) (cluster: GgSqqAyH7AVY3Umcv8NvncrjFaNJuQLmxzxFxPoPW2Yd, mxe: CQvzhuYp299gu8rDs4RyLg1cDgnbDZiEdK51NcnSVwGm)
2025-10-21T19:19:11.487273Z DEBUG arx::units::state_unit: arx/src/units/state_unit.rs:311: Processing executed computation
2025-10-21T19:19:11.487431Z  WARN arx::units::cache_unit: arx/src/units/cache_unit.rs:289: Computation info not found in cache: ArxComputationReference (1,1) (cluster: GgSqqAyH7AVY3Umcv8NvncrjFaNJuQLmxzxFxPoPW2Yd, mxe: CQvzhuYp299gu8rDs4RyLg1cDgnbDZiEdK51NcnSVwGm)
2025-10-21T19:19:19.700962Z DEBUG arx::program: arx/src/program.rs:312: Received update for account: GgSqqAyH7AVY3Umcv8NvncrjFaNJuQLmxzxFxPoPW2Yd
2025-10-21T19:19:19.701394Z DEBUG arx::units::mxe_unit: arx/src/units/mxe_unit.rs:129: Processing cluster update for account: GgSqqAyH7AVY3Umcv8NvncrjFaNJuQLmxzxFxPoPW2Yd
2025-10-21T19:19:19.702747Z DEBUG arx::program: arx/src/program.rs:312: Received update for account: Eii8e5feybZsNs1xJcmktof6LkWNGrAdTk179oL3ZZyv
2025-10-21T19:19:19.702747Z DEBUG arx::program: arx/src/program.rs:312: Received update for account: CQF2VydaWEk5ZkVRi5q3LxoQTkJNHsRSc2yuUAMS1qUc
2025-10-21T19:19:19.703076Z DEBUG arx::units::mempool_unit: arx/src/units/mempool_unit.rs:136: Processing new mempool update for account: Eii8e5feybZsNs1xJcmktof6LkWNGrAdTk179oL3ZZyv
2025-10-21T19:19:19.703339Z DEBUG arx::coordinator: arx/src/coordinator.rs:288: Coordinator received execpool unit message: computations ids: [9862473996013976022]
2025-10-21T19:19:19.703407Z DEBUG arx::units::mempool_unit: arx/src/units/mempool_unit.rs:175: Mempool account Eii8e5feybZsNs1xJcmktof6LkWNGrAdTk179oL3ZZyv contains the same computations, skipping update
2025-10-21T19:19:19.703615Z DEBUG arx::units::cache_unit: arx/src/units/cache_unit.rs:144: Processing queued computation: ArxComputationReference (9862473996013976022,1925767261) (cluster: GgSqqAyH7AVY3Umcv8NvncrjFaNJuQLmxzxFxPoPW2Yd, mxe: CQvzhuYp299gu8rDs4RyLg1cDgnbDZiEdK51NcnSVwGm)
2025-10-21T19:19:19.703762Z DEBUG arx::units::state_unit: arx/src/units/state_unit.rs:231: Processing execpool update
2025-10-21T19:19:19.704177Z DEBUG arx::units::state_unit: arx/src/units/state_unit.rs:281: Prefetching and executing computation: ArxComputationReference (9862473996013976022,1925767261) (cluster: GgSqqAyH7AVY3Umcv8NvncrjFaNJuQLmxzxFxPoPW2Yd, mxe: CQvzhuYp299gu8rDs4RyLg1cDgnbDZiEdK51NcnSVwGm) with status (index: 0, executed: false)
2025-10-21T19:19:19.704315Z DEBUG arx::coordinator: arx/src/coordinator.rs:384: Coordinator received state unit message: prefetch computation: ArxComputationReference (9862473996013976022,1925767261) (cluster: GgSqqAyH7AVY3Umcv8NvncrjFaNJuQLmxzxFxPoPW2Yd, mxe: CQvzhuYp299gu8rDs4RyLg1cDgnbDZiEdK51NcnSVwGm)
2025-10-21T19:19:19.704471Z DEBUG arx::coordinator: arx/src/coordinator.rs:405: Coordinator received state unit message: execute computation: ArxComputationReference (9862473996013976022,1925767261) (cluster: GgSqqAyH7AVY3Umcv8NvncrjFaNJuQLmxzxFxPoPW2Yd, mxe: CQvzhuYp299gu8rDs4RyLg1cDgnbDZiEdK51NcnSVwGm)
2025-10-21T19:19:19.704504Z DEBUG arx::units::circuit_unit: arx/src/units/circuit_unit.rs:148: Processing computation definition: 9vqkf7AGugLgSFD9RPPX2aqESvGeW2ctWGW8xzm5dXso
2025-10-21T19:19:19.704531Z DEBUG arx::units::peers_unit: arx/src/units/peers_unit.rs:111: Processing cluster: GgSqqAyH7AVY3Umcv8NvncrjFaNJuQLmxzxFxPoPW2Yd
2025-10-21T19:19:19.710203Z DEBUG arx::units::circuit_unit: arx/src/units/circuit_unit.rs:246: Fetching onchain circuit data from: 9vqkf7AGugLgSFD9RPPX2aqESvGeW2ctWGW8xzm5dXso
2025-10-21T19:19:19.710348Z DEBUG arx::coordinator: arx/src/coordinator.rs:373: Coordinator received peers unit message
2025-10-21T19:19:19.710871Z DEBUG arx::coordinator: arx/src/coordinator.rs:309: Coordinator prefetched computation ArxComputationReference (9862473996013976022,1925767261) (cluster: GgSqqAyH7AVY3Umcv8NvncrjFaNJuQLmxzxFxPoPW2Yd, mxe: CQvzhuYp299gu8rDs4RyLg1cDgnbDZiEdK51NcnSVwGm)
2025-10-21T19:19:19.711563Z DEBUG arx::coordinator: arx/src/coordinator.rs:312: Coordinator fetched computation ArxComputation 130206154091809248503622594672278642332 (cluster: GgSqqAyH7AVY3Umcv8NvncrjFaNJuQLmxzxFxPoPW2Yd, mxe: CQvzhuYp299gu8rDs4RyLg1cDgnbDZiEdK51NcnSVwGm) inputs
2025-10-21T19:19:19.711923Z DEBUG arx::units::cache_unit: arx/src/units/cache_unit.rs:209: Processing fetched peers: PeersInfo { cluster: GgSqqAyH7AVY3Umcv8NvncrjFaNJuQLmxzxFxPoPW2Yd, peer_number: 0 }
2025-10-21T19:19:19.712115Z DEBUG arx::units::cache_unit: arx/src/units/cache_unit.rs:246: Processing fetched inputs: Cerberus Inputs
2025-10-21T19:19:19.718482Z DEBUG arx::units::circuit_unit: arx/src/units/circuit_unit.rs:198: Deserializing circuit data
2025-10-21T19:19:19.720904Z DEBUG arx::units::circuit_unit: arx/src/units/circuit_unit.rs:215: Inserting circuit info into cache
2025-10-21T19:19:19.721187Z DEBUG arx::coordinator: arx/src/coordinator.rs:241: Coordinator received circuit unit message
2025-10-21T19:19:19.721393Z DEBUG arx::units::cache_unit: arx/src/units/cache_unit.rs:170: Processing fetched circuit: CircuitInfo 9vqkf7AGugLgSFD9RPPX2aqESvGeW2ctWGW8xzm5dXso
2025-10-21T19:19:19.721625Z DEBUG arx::coordinator: arx/src/coordinator.rs:221: Coordinator received cache unit message
2025-10-21T19:19:19.721792Z DEBUG arx::coordinator: arx/src/coordinator.rs:221: Coordinator received cache unit message
2025-10-21T19:19:19.721841Z DEBUG arx::units::state_unit: arx/src/units/state_unit.rs:296: Processing prefetched computation
2025-10-21T19:19:19.722099Z  INFO arx::units::online_phase_unit: arx/src/units/online_phase_unit.rs:326: Processing Cerberus computation with id 130206154091809248503622594672278642332
2025-10-21T19:19:19.722183Z DEBUG arx::units::online_phase_unit: arx/src/units/online_phase_unit.rs:328: Connecting to peers (130206154091809248503622594672278642332)
2025-10-21T19:19:19.722313Z DEBUG network::router::network_router: /home/runner/.cargo/git/checkouts/async-mpc-1dbbf554a14e7a32/b307074/network/src/router/network_router.rs:79: Handling connection request to peer cf7093    
2025-10-21T19:19:19.722404Z DEBUG network::router::state::connection_handlers: /home/runner/.cargo/git/checkouts/async-mpc-1dbbf554a14e7a32/b307074/network/src/router/state/connection_handlers.rs:44: Handling internal connection request: ConnectionRequest { expected_peer_id: cf7093, peer_addr: 172.20.0.101:8001, response_sender: Sender { inner: Some(Inner { state: State { is_complete: false, is_closed: false, is_rx_task_set: true, is_tx_task_set: false } }) } }    
2025-10-21T19:19:19.722499Z DEBUG network::router::state::connection_handlers: /home/runner/.cargo/git/checkouts/async-mpc-1dbbf554a14e7a32/b307074/network/src/router/state/connection_handlers.rs:60: Connection already established: 172.20.0.101:8001    
2025-10-21T19:19:19.722587Z DEBUG network::router::network_router: /home/runner/.cargo/git/checkouts/async-mpc-1dbbf554a14e7a32/b307074/network/src/router/network_router.rs:85: Connection request to peer cf7093 handled    
2025-10-21T19:19:19.722685Z DEBUG arx::units::online_phase_unit: arx/src/units/online_phase_unit.rs:343: Connected to peers (130206154091809248503622594672278642332)
2025-10-21T19:19:19.723341Z DEBUG network::router::network_router: /home/runner/.cargo/git/checkouts/async-mpc-1dbbf554a14e7a32/b307074/network/src/router/network_router.rs:105: Opening substream for protocol (130206154091809248503622594672278642332, 0) with peer cf7093    
2025-10-21T19:19:19.727046Z  INFO network::router::state::substream_handlers: /home/runner/.cargo/git/checkouts/async-mpc-1dbbf554a14e7a32/b307074/network/src/router/state/substream_handlers.rs:235: Registered incoming stream from address 172.20.0.101:8001.    
2025-10-21T19:19:19.727331Z  INFO network::router::state::substream_handlers: /home/runner/.cargo/git/checkouts/async-mpc-1dbbf554a14e7a32/b307074/network/src/router/state/substream_handlers.rs:50: New substream successfully established.    
2025-10-21T19:19:19.727404Z  INFO network::router::network_router: /home/runner/.cargo/git/checkouts/async-mpc-1dbbf554a14e7a32/b307074/network/src/router/network_router.rs:273: Opened substreams for protocol 130206154091809248503622594672278642332    
2025-10-21T19:19:19.751908Z DEBUG arx::units::online_phase_unit: arx/src/units/online_phase_unit.rs:255: Output of computation is: ArxComputationOutput { computation: ArxComputation 130206154091809248503622594672278642332 (cluster: GgSqqAyH7AVY3Umcv8NvncrjFaNJuQLmxzxFxPoPW2Yd, mxe: CQvzhuYp299gu8rDs4RyLg1cDgnbDZiEdK51NcnSVwGm), outputs: Success([[167, 230, 36, 200, 85, 30, 208, 185, 176, 39, 30, 95, 134, 49, 148, 146], [189, 189, 171, 214, 134, 141, 143, 105, 63, 241, 65, 28, 49, 203, 237, 6, 187, 65, 154, 162, 171, 242, 217, 142, 36, 33, 124, 76, 200, 216, 200, 61], [230, 227, 91, 180, 216, 235, 42, 75, 98, 60, 236, 200, 167, 168, 197, 18, 230, 234, 227, 222, 72, 68, 205, 72, 189, 101, 24, 173, 49, 135, 167, 85], [79, 100, 243, 247, 191, 31, 180, 241, 224, 8, 207, 214, 19, 175, 193, 9, 164, 95, 8, 48, 240, 33, 162, 62, 25, 126, 1, 75, 41, 231, 163, 29], [217, 156, 73, 207, 94, 204, 253, 155, 189, 169, 180, 222, 4, 160, 57, 188, 147, 224, 224, 43, 65, 72, 222, 44, 148, 114, 67, 206, 65, 111, 125, 41]]) } (130206154091809248503622594672278642332)
2025-10-21T19:19:19.751930Z  INFO network::labeled_interface::handlers: /home/runner/.cargo/git/checkouts/async-mpc-1dbbf554a14e7a32/b307074/network/src/labeled_interface/handlers.rs:86: Interface 0461a5 dropped.    
2025-10-21T19:19:19.751953Z  INFO network::labeled_interface::interface: /home/runner/.cargo/git/checkouts/async-mpc-1dbbf554a14e7a32/b307074/network/src/labeled_interface/interface.rs:415: Interface 0461a5 dropped.    
2025-10-21T19:19:19.752042Z DEBUG arx::coordinator: arx/src/coordinator.rs:364: Coordinator received online unit output: ArxComputationOutput { computation: ArxComputation 130206154091809248503622594672278642332 (cluster: GgSqqAyH7AVY3Umcv8NvncrjFaNJuQLmxzxFxPoPW2Yd, mxe: CQvzhuYp299gu8rDs4RyLg1cDgnbDZiEdK51NcnSVwGm), outputs: Success([[167, 230, 36, 200, 85, 30, 208, 185, 176, 39, 30, 95, 134, 49, 148, 146], [189, 189, 171, 214, 134, 141, 143, 105, 63, 241, 65, 28, 49, 203, 237, 6, 187, 65, 154, 162, 171, 242, 217, 142, 36, 33, 124, 76, 200, 216, 200, 61], [230, 227, 91, 180, 216, 235, 42, 75, 98, 60, 236, 200, 167, 168, 197, 18, 230, 234, 227, 222, 72, 68, 205, 72, 189, 101, 24, 173, 49, 135, 167, 85], [79, 100, 243, 247, 191, 31, 180, 241, 224, 8, 207, 214, 19, 175, 193, 9, 164, 95, 8, 48, 240, 33, 162, 62, 25, 126, 1, 75, 41, 231, 163, 29], [217, 156, 73, 207, 94, 204, 253, 155, 189, 169, 180, 222, 4, 160, 57, 188, 147, 224, 224, 43, 65, 72, 222, 44, 148, 114, 67, 206, 65, 111, 125, 41]]) }
2025-10-21T19:19:19.752225Z  INFO network::labeled_interface::handlers: /home/runner/.cargo/git/checkouts/async-mpc-1dbbf554a14e7a32/b307074/network/src/labeled_interface/handlers.rs:53: Router closed interface 0461a5.    
2025-10-21T19:19:19.752268Z DEBUG arx::units::computation_transaction_unit: arx/src/units/computation_transaction_unit.rs:162: Processing callback for computation ArxComputation 130206154091809248503622594672278642332 (cluster: GgSqqAyH7AVY3Umcv8NvncrjFaNJuQLmxzxFxPoPW2Yd, mxe: CQvzhuYp299gu8rDs4RyLg1cDgnbDZiEdK51NcnSVwGm)
2025-10-21T19:19:19.752321Z  INFO network::router::state::substream_handlers: /home/runner/.cargo/git/checkouts/async-mpc-1dbbf554a14e7a32/b307074/network/src/router/state/substream_handlers.rs:197: Removed protocol ID (130206154091809248503622594672278642332, 0) for peer cf7093.    
2025-10-21T19:19:19.757137Z ERROR arx::units::computation_transaction_unit: arx/src/units/computation_transaction_unit.rs:358: Failed to send callback computation tx for mxe CQvzhuYp299gu8rDs4RyLg1cDgnbDZiEdK51NcnSVwGm error SolanaClientError(Error { request: Some(SendTransaction), kind: RpcError(RpcResponseError { code: -32002, message: "Transaction simulation failed: Error processing Instruction 1: custom program error: 0xbbf", data: SendTransactionPreflightFailure(RpcSimulateTransactionResult { err: Some(InstructionError(1, Custom(3007))), logs: Some(["Program BKck65TgoKRokMjQM3datB9oRwJ8rAj2jxPXvHXUvcL6 invoke [1]", "Program log: Instruction: CallbackComputation", "Program data: m9Xun/BMpxPWufCC2IveiKmR95BvPks37J0G4eFvSACVJpCVJnL9Bl+veZYj1jB6", "Program data: G0t13b/V/fnWufCC2IveiKmR95BvPks37J0G4eFvSACVJpCVJnL9Bl+veZYj1jB6", "Program BKck65TgoKRokMjQM3datB9oRwJ8rAj2jxPXvHXUvcL6 consumed 30932 of 400000 compute units", "Program BKck65TgoKRokMjQM3datB9oRwJ8rAj2jxPXvHXUvcL6 success", "Program CQvzhuYp299gu8rDs4RyLg1cDgnbDZiEdK51NcnSVwGm invoke [1]", "Program log: Instruction: InitializeMarketCallback", "Program log: AnchorError caused by account: market. Error Code: AccountOwnedByWrongProgram. Error Number: 3007. Error Message: The given account is owned by a different program than expected.", "Program log: Left:", "Program log: BPFLoaderUpgradeab1e11111111111111111111111", "Program log: Right:", "Program log: CQvzhuYp299gu8rDs4RyLg1cDgnbDZiEdK51NcnSVwGm", "Program CQvzhuYp299gu8rDs4RyLg1cDgnbDZiEdK51NcnSVwGm consumed 3875 of 369068 compute units", "Program CQvzhuYp299gu8rDs4RyLg1cDgnbDZiEdK51NcnSVwGm failed: custom program error: 0xbbf"]), accounts: None, units_consumed: Some(34807), return_data: None, inner_instructions: None, replacement_blockhash: None }) }) })
2025-10-21T19:19:19.757676Z  WARN arx::units::computation_transaction_unit: arx/src/units/computation_transaction_unit.rs:170: Attempt 1/5: RPC error while calling self.callback(mxe.clone(), computation.clone(), outputs): RPC error: Failed to send callback computation tx for mxe CQvzhuYp299gu8rDs4RyLg1cDgnbDZiEdK51NcnSVwGm error SolanaClientError(Error { request: Some(SendTransaction), kind: RpcError(RpcResponseError { code: -32002, message: "Transaction simulation failed: Error processing Instruction 1: custom program error: 0xbbf", data: SendTransactionPreflightFailure(RpcSimulateTransactionResult { err: Some(InstructionError(1, Custom(3007))), logs: Some(["Program BKck65TgoKRokMjQM3datB9oRwJ8rAj2jxPXvHXUvcL6 invoke [1]", "Program log: Instruction: CallbackComputation", "Program data: m9Xun/BMpxPWufCC2IveiKmR95BvPks37J0G4eFvSACVJpCVJnL9Bl+veZYj1jB6", "Program data: G0t13b/V/fnWufCC2IveiKmR95BvPks37J0G4eFvSACVJpCVJnL9Bl+veZYj1jB6", "Program BKck65TgoKRokMjQM3datB9oRwJ8rAj2jxPXvHXUvcL6 consumed 30932 of 400000 compute units", "Program BKck65TgoKRokMjQM3datB9oRwJ8rAj2jxPXvHXUvcL6 success", "Program CQvzhuYp299gu8rDs4RyLg1cDgnbDZiEdK51NcnSVwGm invoke [1]", "Program log: Instruction: InitializeMarketCallback", "Program log: AnchorError caused by account: market. Error Code: AccountOwnedByWrongProgram. Error Number: 3007. Error Message: The given account is owned by a different program than expected.", "Program log: Left:", "Program log: BPFLoaderUpgradeab1e11111111111111111111111", "Program log: Right:", "Program log: CQvzhuYp299gu8rDs4RyLg1cDgnbDZiEdK51NcnSVwGm", "Program CQvzhuYp299gu8rDs4RyLg1cDgnbDZiEdK51NcnSVwGm consumed 3875 of 369068 compute units", "Program CQvzhuYp299gu8rDs4RyLg1cDgnbDZiEdK51NcnSVwGm failed: custom program error: 0xbbf"]), accounts: None, units_consumed: Some(34807), return_data: None, inner_instructions: None, replacement_blockhash: None }) }) })
2025-10-21T19:19:20.766692Z ERROR arx::units::computation_transaction_unit: arx/src/units/computation_transaction_unit.rs:358: Failed to send callback computation tx for mxe CQvzhuYp299gu8rDs4RyLg1cDgnbDZiEdK51NcnSVwGm error SolanaClientError(Error { request: Some(SendTransaction), kind: RpcError(RpcResponseError { code: -32002, message: "Transaction simulation failed: Error processing Instruction 1: custom program error: 0xbbf", data: SendTransactionPreflightFailure(RpcSimulateTransactionResult { err: Some(InstructionError(1, Custom(3007))), logs: Some(["Program BKck65TgoKRokMjQM3datB9oRwJ8rAj2jxPXvHXUvcL6 invoke [1]", "Program log: Instruction: CallbackComputation", "Program data: m9Xun/BMpxPWufCC2IveiKmR95BvPks37J0G4eFvSACVJpCVJnL9Bl+veZYj1jB6", "Program data: G0t13b/V/fnWufCC2IveiKmR95BvPks37J0G4eFvSACVJpCVJnL9Bl+veZYj1jB6", "Program BKck65TgoKRokMjQM3datB9oRwJ8rAj2jxPXvHXUvcL6 consumed 30947 of 400000 compute units", "Program BKck65TgoKRokMjQM3datB9oRwJ8rAj2jxPXvHXUvcL6 success", "Program CQvzhuYp299gu8rDs4RyLg1cDgnbDZiEdK51NcnSVwGm invoke [1]", "Program log: Instruction: InitializeMarketCallback", "Program log: AnchorError caused by account: market. Error Code: AccountOwnedByWrongProgram. Error Number: 3007. Error Message: The given account is owned by a different program than expected.", "Program log: Left:", "Program log: BPFLoaderUpgradeab1e11111111111111111111111", "Program log: Right:", "Program log: CQvzhuYp299gu8rDs4RyLg1cDgnbDZiEdK51NcnSVwGm", "Program CQvzhuYp299gu8rDs4RyLg1cDgnbDZiEdK51NcnSVwGm consumed 3875 of 369053 compute units", "Program CQvzhuYp299gu8rDs4RyLg1cDgnbDZiEdK51NcnSVwGm failed: custom program error: 0xbbf"]), accounts: None, units_consumed: Some(34822), return_data: None, inner_instructions: None, replacement_blockhash: None }) }) })
2025-10-21T19:19:20.767216Z  WARN arx::units::computation_transaction_unit: arx/src/units/computation_transaction_unit.rs:170: Attempt 2/5: RPC error while calling self.callback(mxe.clone(), computation.clone(), outputs): RPC error: Failed to send callback computation tx for mxe CQvzhuYp299gu8rDs4RyLg1cDgnbDZiEdK51NcnSVwGm error SolanaClientError(Error { request: Some(SendTransaction), kind: RpcError(RpcResponseError { code: -32002, message: "Transaction simulation failed: Error processing Instruction 1: custom program error: 0xbbf", data: SendTransactionPreflightFailure(RpcSimulateTransactionResult { err: Some(InstructionError(1, Custom(3007))), logs: Some(["Program BKck65TgoKRokMjQM3datB9oRwJ8rAj2jxPXvHXUvcL6 invoke [1]", "Program log: Instruction: CallbackComputation", "Program data: m9Xun/BMpxPWufCC2IveiKmR95BvPks37J0G4eFvSACVJpCVJnL9Bl+veZYj1jB6", "Program data: G0t13b/V/fnWufCC2IveiKmR95BvPks37J0G4eFvSACVJpCVJnL9Bl+veZYj1jB6", "Program BKck65TgoKRokMjQM3datB9oRwJ8rAj2jxPXvHXUvcL6 consumed 30947 of 400000 compute units", "Program BKck65TgoKRokMjQM3datB9oRwJ8rAj2jxPXvHXUvcL6 success", "Program CQvzhuYp299gu8rDs4RyLg1cDgnbDZiEdK51NcnSVwGm invoke [1]", "Program log: Instruction: InitializeMarketCallback", "Program log: AnchorError caused by account: market. Error Code: AccountOwnedByWrongProgram. Error Number: 3007. Error Message: The given account is owned by a different program than expected.", "Program log: Left:", "Program log: BPFLoaderUpgradeab1e11111111111111111111111", "Program log: Right:", "Program log: CQvzhuYp299gu8rDs4RyLg1cDgnbDZiEdK51NcnSVwGm", "Program CQvzhuYp299gu8rDs4RyLg1cDgnbDZiEdK51NcnSVwGm consumed 3875 of 369053 compute units", "Program CQvzhuYp299gu8rDs4RyLg1cDgnbDZiEdK51NcnSVwGm failed: custom program error: 0xbbf"]), accounts: None, units_consumed: Some(34822), return_data: None, inner_instructions: None, replacement_blockhash: None }) }) })
2025-10-21T19:19:22.776358Z ERROR arx::units::computation_transaction_unit: arx/src/units/computation_transaction_unit.rs:358: Failed to send callback computation tx for mxe CQvzhuYp299gu8rDs4RyLg1cDgnbDZiEdK51NcnSVwGm error SolanaClientError(Error { request: Some(SendTransaction), kind: RpcError(RpcResponseError { code: -32002, message: "Transaction simulation failed: Error processing Instruction 1: custom program error: 0xbbf", data: SendTransactionPreflightFailure(RpcSimulateTransactionResult { err: Some(InstructionError(1, Custom(3007))), logs: Some(["Program BKck65TgoKRokMjQM3datB9oRwJ8rAj2jxPXvHXUvcL6 invoke [1]", "Program log: Instruction: CallbackComputation", "Program data: m9Xun/BMpxPWufCC2IveiKmR95BvPks37J0G4eFvSACVJpCVJnL9Bl+veZYj1jB6", "Program data: G0t13b/V/fnWufCC2IveiKmR95BvPks37J0G4eFvSACVJpCVJnL9Bl+veZYj1jB6", "Program BKck65TgoKRokMjQM3datB9oRwJ8rAj2jxPXvHXUvcL6 consumed 30967 of 400000 compute units", "Program BKck65TgoKRokMjQM3datB9oRwJ8rAj2jxPXvHXUvcL6 success", "Program CQvzhuYp299gu8rDs4RyLg1cDgnbDZiEdK51NcnSVwGm invoke [1]", "Program log: Instruction: InitializeMarketCallback", "Program log: AnchorError caused by account: market. Error Code: AccountOwnedByWrongProgram. Error Number: 3007. Error Message: The given account is owned by a different program than expected.", "Program log: Left:", "Program log: BPFLoaderUpgradeab1e11111111111111111111111", "Program log: Right:", "Program log: CQvzhuYp299gu8rDs4RyLg1cDgnbDZiEdK51NcnSVwGm", "Program CQvzhuYp299gu8rDs4RyLg1cDgnbDZiEdK51NcnSVwGm consumed 3875 of 369033 compute units", "Program CQvzhuYp299gu8rDs4RyLg1cDgnbDZiEdK51NcnSVwGm failed: custom program error: 0xbbf"]), accounts: None, units_consumed: Some(34842), return_data: None, inner_instructions: None, replacement_blockhash: None }) }) })
2025-10-21T19:19:22.776852Z  WARN arx::units::computation_transaction_unit: arx/src/units/computation_transaction_unit.rs:170: Attempt 3/5: RPC error while calling self.callback(mxe.clone(), computation.clone(), outputs): RPC error: Failed to send callback computation tx for mxe CQvzhuYp299gu8rDs4RyLg1cDgnbDZiEdK51NcnSVwGm error SolanaClientError(Error { request: Some(SendTransaction), kind: RpcError(RpcResponseError { code: -32002, message: "Transaction simulation failed: Error processing Instruction 1: custom program error: 0xbbf", data: SendTransactionPreflightFailure(RpcSimulateTransactionResult { err: Some(InstructionError(1, Custom(3007))), logs: Some(["Program BKck65TgoKRokMjQM3datB9oRwJ8rAj2jxPXvHXUvcL6 invoke [1]", "Program log: Instruction: CallbackComputation", "Program data: m9Xun/BMpxPWufCC2IveiKmR95BvPks37J0G4eFvSACVJpCVJnL9Bl+veZYj1jB6", "Program data: G0t13b/V/fnWufCC2IveiKmR95BvPks37J0G4eFvSACVJpCVJnL9Bl+veZYj1jB6", "Program BKck65TgoKRokMjQM3datB9oRwJ8rAj2jxPXvHXUvcL6 consumed 30967 of 400000 compute units", "Program BKck65TgoKRokMjQM3datB9oRwJ8rAj2jxPXvHXUvcL6 success", "Program CQvzhuYp299gu8rDs4RyLg1cDgnbDZiEdK51NcnSVwGm invoke [1]", "Program log: Instruction: InitializeMarketCallback", "Program log: AnchorError caused by account: market. Error Code: AccountOwnedByWrongProgram. Error Number: 3007. Error Message: The given account is owned by a different program than expected.", "Program log: Left:", "Program log: BPFLoaderUpgradeab1e11111111111111111111111", "Program log: Right:", "Program log: CQvzhuYp299gu8rDs4RyLg1cDgnbDZiEdK51NcnSVwGm", "Program CQvzhuYp299gu8rDs4RyLg1cDgnbDZiEdK51NcnSVwGm consumed 3875 of 369033 compute units", "Program CQvzhuYp299gu8rDs4RyLg1cDgnbDZiEdK51NcnSVwGm failed: custom program error: 0xbbf"]), accounts: None, units_consumed: Some(34842), return_data: None, inner_instructions: None, replacement_blockhash: None }) }) })
2025-10-21T19:19:26.790519Z ERROR arx::units::computation_transaction_unit: arx/src/units/computation_transaction_unit.rs:358: Failed to send callback computation tx for mxe CQvzhuYp299gu8rDs4RyLg1cDgnbDZiEdK51NcnSVwGm error SolanaClientError(Error { request: Some(SendTransaction), kind: RpcError(RpcResponseError { code: -32002, message: "Transaction simulation failed: Error processing Instruction 1: custom program error: 0xbbf", data: SendTransactionPreflightFailure(RpcSimulateTransactionResult { err: Some(InstructionError(1, Custom(3007))), logs: Some(["Program BKck65TgoKRokMjQM3datB9oRwJ8rAj2jxPXvHXUvcL6 invoke [1]", "Program log: Instruction: CallbackComputation", "Program data: m9Xun/BMpxPWufCC2IveiKmR95BvPks37J0G4eFvSACVJpCVJnL9Bl+veZYj1jB6", "Program data: G0t13b/V/fnWufCC2IveiKmR95BvPks37J0G4eFvSACVJpCVJnL9Bl+veZYj1jB6", "Program BKck65TgoKRokMjQM3datB9oRwJ8rAj2jxPXvHXUvcL6 consumed 31012 of 400000 compute units", "Program BKck65TgoKRokMjQM3datB9oRwJ8rAj2jxPXvHXUvcL6 success", "Program CQvzhuYp299gu8rDs4RyLg1cDgnbDZiEdK51NcnSVwGm invoke [1]", "Program log: Instruction: InitializeMarketCallback", "Program log: AnchorError caused by account: market. Error Code: AccountOwnedByWrongProgram. Error Number: 3007. Error Message: The given account is owned by a different program than expected.", "Program log: Left:", "Program log: BPFLoaderUpgradeab1e11111111111111111111111", "Program log: Right:", "Program log: CQvzhuYp299gu8rDs4RyLg1cDgnbDZiEdK51NcnSVwGm", "Program CQvzhuYp299gu8rDs4RyLg1cDgnbDZiEdK51NcnSVwGm consumed 3875 of 368988 compute units", "Program CQvzhuYp299gu8rDs4RyLg1cDgnbDZiEdK51NcnSVwGm failed: custom program error: 0xbbf"]), accounts: None, units_consumed: Some(34887), return_data: None, inner_instructions: None, replacement_blockhash: None }) }) })
2025-10-21T19:19:26.791208Z  WARN arx::units::computation_transaction_unit: arx/src/units/computation_transaction_unit.rs:170: Attempt 4/5: RPC error while calling self.callback(mxe.clone(), computation.clone(), outputs): RPC error: Failed to send callback computation tx for mxe CQvzhuYp299gu8rDs4RyLg1cDgnbDZiEdK51NcnSVwGm error SolanaClientError(Error { request: Some(SendTransaction), kind: RpcError(RpcResponseError { code: -32002, message: "Transaction simulation failed: Error processing Instruction 1: custom program error: 0xbbf", data: SendTransactionPreflightFailure(RpcSimulateTransactionResult { err: Some(InstructionError(1, Custom(3007))), logs: Some(["Program BKck65TgoKRokMjQM3datB9oRwJ8rAj2jxPXvHXUvcL6 invoke [1]", "Program log: Instruction: CallbackComputation", "Program data: m9Xun/BMpxPWufCC2IveiKmR95BvPks37J0G4eFvSACVJpCVJnL9Bl+veZYj1jB6", "Program data: G0t13b/V/fnWufCC2IveiKmR95BvPks37J0G4eFvSACVJpCVJnL9Bl+veZYj1jB6", "Program BKck65TgoKRokMjQM3datB9oRwJ8rAj2jxPXvHXUvcL6 consumed 31012 of 400000 compute units", "Program BKck65TgoKRokMjQM3datB9oRwJ8rAj2jxPXvHXUvcL6 success", "Program CQvzhuYp299gu8rDs4RyLg1cDgnbDZiEdK51NcnSVwGm invoke [1]", "Program log: Instruction: InitializeMarketCallback", "Program log: AnchorError caused by account: market. Error Code: AccountOwnedByWrongProgram. Error Number: 3007. Error Message: The given account is owned by a different program than expected.", "Program log: Left:", "Program log: BPFLoaderUpgradeab1e11111111111111111111111", "Program log: Right:", "Program log: CQvzhuYp299gu8rDs4RyLg1cDgnbDZiEdK51NcnSVwGm", "Program CQvzhuYp299gu8rDs4RyLg1cDgnbDZiEdK51NcnSVwGm consumed 3875 of 368988 compute units", "Program CQvzhuYp299gu8rDs4RyLg1cDgnbDZiEdK51NcnSVwGm failed: custom program error: 0xbbf"]), accounts: None, units_consumed: Some(34887), return_data: None, inner_instructions: None, replacement_blockhash: None }) }) })
2025-10-21T19:19:34.798352Z ERROR arx::units::computation_transaction_unit: arx/src/units/computation_transaction_unit.rs:358: Failed to send callback computation tx for mxe CQvzhuYp299gu8rDs4RyLg1cDgnbDZiEdK51NcnSVwGm error SolanaClientError(Error { request: Some(SendTransaction), kind: RpcError(RpcResponseError { code: -32002, message: "Transaction simulation failed: Error processing Instruction 1: custom program error: 0xbbf", data: SendTransactionPreflightFailure(RpcSimulateTransactionResult { err: Some(InstructionError(1, Custom(3007))), logs: Some(["Program BKck65TgoKRokMjQM3datB9oRwJ8rAj2jxPXvHXUvcL6 invoke [1]", "Program log: Instruction: CallbackComputation", "Program data: m9Xun/BMpxPWufCC2IveiKmR95BvPks37J0G4eFvSACVJpCVJnL9Bl+veZYj1jB6", "Program data: G0t13b/V/fnWufCC2IveiKmR95BvPks37J0G4eFvSACVJpCVJnL9Bl+veZYj1jB6", "Program BKck65TgoKRokMjQM3datB9oRwJ8rAj2jxPXvHXUvcL6 consumed 31097 of 400000 compute units", "Program BKck65TgoKRokMjQM3datB9oRwJ8rAj2jxPXvHXUvcL6 success", "Program CQvzhuYp299gu8rDs4RyLg1cDgnbDZiEdK51NcnSVwGm invoke [1]", "Program log: Instruction: InitializeMarketCallback", "Program log: AnchorError caused by account: market. Error Code: AccountOwnedByWrongProgram. Error Number: 3007. Error Message: The given account is owned by a different program than expected.", "Program log: Left:", "Program log: BPFLoaderUpgradeab1e11111111111111111111111", "Program log: Right:", "Program log: CQvzhuYp299gu8rDs4RyLg1cDgnbDZiEdK51NcnSVwGm", "Program CQvzhuYp299gu8rDs4RyLg1cDgnbDZiEdK51NcnSVwGm consumed 3875 of 368903 compute units", "Program CQvzhuYp299gu8rDs4RyLg1cDgnbDZiEdK51NcnSVwGm failed: custom program error: 0xbbf"]), accounts: None, units_consumed: Some(34972), return_data: None, inner_instructions: None, replacement_blockhash: None }) }) })
2025-10-21T19:19:34.798832Z  WARN arx::units::computation_transaction_unit: arx/src/units/computation_transaction_unit.rs:170: Attempt 5/5: RPC error while calling self.callback(mxe.clone(), computation.clone(), outputs): RPC error: Failed to send callback computation tx for mxe CQvzhuYp299gu8rDs4RyLg1cDgnbDZiEdK51NcnSVwGm error SolanaClientError(Error { request: Some(SendTransaction), kind: RpcError(RpcResponseError { code: -32002, message: "Transaction simulation failed: Error processing Instruction 1: custom program error: 0xbbf", data: SendTransactionPreflightFailure(RpcSimulateTransactionResult { err: Some(InstructionError(1, Custom(3007))), logs: Some(["Program BKck65TgoKRokMjQM3datB9oRwJ8rAj2jxPXvHXUvcL6 invoke [1]", "Program log: Instruction: CallbackComputation", "Program data: m9Xun/BMpxPWufCC2IveiKmR95BvPks37J0G4eFvSACVJpCVJnL9Bl+veZYj1jB6", "Program data: G0t13b/V/fnWufCC2IveiKmR95BvPks37J0G4eFvSACVJpCVJnL9Bl+veZYj1jB6", "Program BKck65TgoKRokMjQM3datB9oRwJ8rAj2jxPXvHXUvcL6 consumed 31097 of 400000 compute units", "Program BKck65TgoKRokMjQM3datB9oRwJ8rAj2jxPXvHXUvcL6 success", "Program CQvzhuYp299gu8rDs4RyLg1cDgnbDZiEdK51NcnSVwGm invoke [1]", "Program log: Instruction: InitializeMarketCallback", "Program log: AnchorError caused by account: market. Error Code: AccountOwnedByWrongProgram. Error Number: 3007. Error Message: The given account is owned by a different program than expected.", "Program log: Left:", "Program log: BPFLoaderUpgradeab1e11111111111111111111111", "Program log: Right:", "Program log: CQvzhuYp299gu8rDs4RyLg1cDgnbDZiEdK51NcnSVwGm", "Program CQvzhuYp299gu8rDs4RyLg1cDgnbDZiEdK51NcnSVwGm consumed 3875 of 368903 compute units", "Program CQvzhuYp299gu8rDs4RyLg1cDgnbDZiEdK51NcnSVwGm failed: custom program error: 0xbbf"]), accounts: None, units_consumed: Some(34972), return_data: None, inner_instructions: None, replacement_blockhash: None }) }) })
2025-10-21T19:19:34.799536Z  WARN arx::units::computation_transaction_unit: arx/src/units/computation_transaction_unit.rs:119: Failed to process message RPC error: Attempt 5/5: RPC error: Failed to send callback computation tx for mxe CQvzhuYp299gu8rDs4RyLg1cDgnbDZiEdK51NcnSVwGm error SolanaClientError(Error { request: Some(SendTransaction), kind: RpcError(RpcResponseError { code: -32002, message: "Transaction simulation failed: Error processing Instruction 1: custom program error: 0xbbf", data: SendTransactionPreflightFailure(RpcSimulateTransactionResult { err: Some(InstructionError(1, Custom(3007))), logs: Some(["Program BKck65TgoKRokMjQM3datB9oRwJ8rAj2jxPXvHXUvcL6 invoke [1]", "Program log: Instruction: CallbackComputation", "Program data: m9Xun/BMpxPWufCC2IveiKmR95BvPks37J0G4eFvSACVJpCVJnL9Bl+veZYj1jB6", "Program data: G0t13b/V/fnWufCC2IveiKmR95BvPks37J0G4eFvSACVJpCVJnL9Bl+veZYj1jB6", "Program BKck65TgoKRokMjQM3datB9oRwJ8rAj2jxPXvHXUvcL6 consumed 31097 of 400000 compute units", "Program BKck65TgoKRokMjQM3datB9oRwJ8rAj2jxPXvHXUvcL6 success", "Program CQvzhuYp299gu8rDs4RyLg1cDgnbDZiEdK51NcnSVwGm invoke [1]", "Program log: Instruction: InitializeMarketCallback", "Program log: AnchorError caused by account: market. Error Code: AccountOwnedByWrongProgram. Error Number: 3007. Error Message: The given account is owned by a different program than expected.", "Program log: Left:", "Program log: BPFLoaderUpgradeab1e11111111111111111111111", "Program log: Right:", "Program log: CQvzhuYp299gu8rDs4RyLg1cDgnbDZiEdK51NcnSVwGm", "Program CQvzhuYp299gu8rDs4RyLg1cDgnbDZiEdK51NcnSVwGm consumed 3875 of 368903 compute units", "Program CQvzhuYp299gu8rDs4RyLg1cDgnbDZiEdK51NcnSVwGm failed: custom program error: 0xbbf"]), accounts: None, units_consumed: Some(34972), return_data: None, inner_instructions: None, replacement_blockhash: None }) }) })
2025-10-21T19:19:34.799931Z ERROR arx::units::computation_transaction_unit: arx/src/units/computation_transaction_unit.rs:121: Failing to process callback can lead to stale MXE
2025-10-21T19:23:29.037449Z  WARN arx::program: arx/src/program.rs:322: Pub/sub connection closed or error occurred, reconnecting...
2025-10-21T19:23:29.038063Z  WARN arx::program: arx/src/program.rs:322: Pub/sub connection closed or error occurred, reconnecting...
2025-10-21T19:23:29.038226Z  WARN arx::program: arx/src/program.rs:322: Pub/sub connection closed or error occurred, reconnecting...
2025-10-21T19:23:29.038250Z  WARN arx::program: arx/src/program.rs:322: Pub/sub connection closed or error occurred, reconnecting...
2025-10-21T19:23:29.040976Z  INFO arx::program: arx/src/program.rs:327: Reconnecting pub/sub client
2025-10-21T19:23:29.041031Z  INFO arx::program: arx/src/program.rs:327: Reconnecting pub/sub client
2025-10-21T19:23:29.041076Z  INFO arx::program: arx/src/program.rs:327: Reconnecting pub/sub client
2025-10-21T19:23:29.041112Z  INFO arx::program: arx/src/program.rs:327: Reconnecting pub/sub client
2025-10-21T19:23:29.042896Z  WARN arx::program: arx/src/program.rs:375: Attempt 1/5: Failed to create new pub/sub: unable to connect to server
2025-10-21T19:23:29.043142Z  WARN arx::program: arx/src/program.rs:375: Attempt 1/5: Failed to create new pub/sub: unable to connect to server
2025-10-21T19:23:29.043207Z  WARN arx::program: arx/src/program.rs:375: Attempt 1/5: Failed to create new pub/sub: unable to connect to server
2025-10-21T19:23:29.043257Z  WARN arx::program: arx/src/program.rs:375: Attempt 1/5: Failed to create new pub/sub: unable to connect to server
2025-10-21T19:23:30.046663Z  WARN arx::program: arx/src/program.rs:375: Attempt 2/5: Failed to create new pub/sub: unable to connect to server
2025-10-21T19:23:30.047764Z  WARN arx::program: arx/src/program.rs:375: Attempt 2/5: Failed to create new pub/sub: unable to connect to server
2025-10-21T19:23:30.048111Z  WARN arx::program: arx/src/program.rs:375: Attempt 2/5: Failed to create new pub/sub: unable to connect to server
2025-10-21T19:23:30.048364Z  WARN arx::program: arx/src/program.rs:375: Attempt 2/5: Failed to create new pub/sub: unable to connect to server
