2025-10-22T01:37:39.788492Z DEBUG arx: arx/src/main.rs:53: Checking Solana is up and running
2025-10-22T01:37:39.901351Z  INFO arx: arx/src/main.rs:58: Running ARX
2025-10-22T01:37:39.901740Z DEBUG arx: arx/src/main.rs:60: Reading node keypair, callback authority keypair, and identity files from env
2025-10-22T01:37:39.901829Z DEBUG arx: arx/src/main.rs:68: Reading node keypair, callback authority keypair, and identity files
2025-10-22T01:37:39.908515Z DEBUG arx: arx/src/main.rs:78: Installing AWS LC crypto provider
2025-10-22T01:37:39.909104Z  INFO arx: arx/src/main.rs:83: Creating ARX coordinator
2025-10-22T01:37:40.031331Z DEBUG arx::units::online_phase_unit: arx/src/units/online_phase_unit.rs:121: Loaded MXE private shares for 4ydkSgq1T8XPhNih52CWiQUAcuVoUWkP4xxwHd8Ti1iv
2025-10-22T01:37:40.031643Z DEBUG arx::units::online_phase_unit: arx/src/units/online_phase_unit.rs:121: Loaded MXE private shares for CQvzhuYp299gu8rDs4RyLg1cDgnbDZiEdK51NcnSVwGm
2025-10-22T01:37:40.034050Z  INFO arx::units::cache_unit: arx/src/units/cache_unit.rs:88: Cache unit started
2025-10-22T01:37:40.034652Z  INFO arx::units::circuit_unit: arx/src/units/circuit_unit.rs:107: Circuit unit started
2025-10-22T01:37:40.036046Z  INFO arx::units::cluster_unit: arx/src/units/cluster_unit.rs:66: Cluster unit started
2025-10-22T01:37:40.036434Z DEBUG arx::units::cluster_unit: arx/src/units/cluster_unit.rs:68: Running pub/sub for arx node account
2025-10-22T01:37:40.037783Z  INFO arx::units::computation_transaction_unit: arx/src/units/computation_transaction_unit.rs:89: Computation transaction unit started
2025-10-22T01:37:40.039115Z  INFO arx::units::execpool_unit: arx/src/units/execpool_unit.rs:80: Execpool unit started
2025-10-22T01:37:40.039163Z DEBUG arx::units::execpool_unit: arx/src/units/execpool_unit.rs:82: Running pub/sub for mempools accounts
2025-10-22T01:37:40.039901Z DEBUG arx::units::cluster_unit: arx/src/units/cluster_unit.rs:78: Subscribing to arx node account
2025-10-22T01:37:40.040082Z  INFO arx::units::computation_unit: arx/src/units/computation_unit.rs:74: Inputs unit started
2025-10-22T01:37:40.040721Z  INFO arx::units::mempool_unit: arx/src/units/mempool_unit.rs:77: Mempool unit started
2025-10-22T01:37:40.040780Z DEBUG arx::units::mempool_unit: arx/src/units/mempool_unit.rs:79: Running pub/sub for mempools accounts
2025-10-22T01:37:40.042770Z  INFO arx::units::mxe_unit: arx/src/units/mxe_unit.rs:75: MXE unit started
2025-10-22T01:37:40.043152Z  INFO arx::units::node_transaction_unit: arx/src/units/node_transaction_unit.rs:65: Node transaction unit started
2025-10-22T01:37:40.043192Z  INFO arx::units::node_transaction_unit: arx/src/units/node_transaction_unit.rs:67: Activating node
2025-10-22T01:37:40.043201Z DEBUG arx::units::mxe_unit: arx/src/units/mxe_unit.rs:77: Running pub/sub for clusters accounts
2025-10-22T01:37:40.043958Z  INFO arx::units::online_phase_unit: arx/src/units/online_phase_unit.rs:152: Online phase unit started
2025-10-22T01:37:40.045329Z  INFO arx::units::peers_unit: arx/src/units/peers_unit.rs:76: Peers unit started
2025-10-22T01:37:40.045512Z  INFO arx: arx/src/main.rs:93: Coordinator created successfully
2025-10-22T01:37:40.045594Z  INFO arx::units::state_unit: arx/src/units/state_unit.rs:109: State unit started
2025-10-22T01:37:40.046568Z  INFO arx: arx/src/main.rs:102: Starting ARX coordinator
2025-10-22T01:37:40.047994Z  INFO arx::program: arx/src/program.rs:242: Pub/sub client started
2025-10-22T01:37:40.048469Z  INFO arx::program: arx/src/program.rs:244: Connecting initial pub/sub
2025-10-22T01:37:40.049396Z  INFO arx: arx/src/main.rs:105: Waiting for Ctrl+C
2025-10-22T01:37:40.049804Z  INFO arx::program: arx/src/program.rs:242: Pub/sub client started
2025-10-22T01:37:40.049855Z  INFO arx::program: arx/src/program.rs:244: Connecting initial pub/sub
2025-10-22T01:37:40.050194Z  INFO arx::coordinator: arx/src/coordinator.rs:198: Coordinator started
2025-10-22T01:37:40.050855Z  INFO arx::program: arx/src/program.rs:242: Pub/sub client started
2025-10-22T01:37:40.050885Z  INFO arx::program: arx/src/program.rs:244: Connecting initial pub/sub
2025-10-22T01:37:40.052571Z  INFO arx::program: arx/src/program.rs:242: Pub/sub client started
2025-10-22T01:37:40.052600Z  INFO arx::program: arx/src/program.rs:244: Connecting initial pub/sub
2025-10-22T01:37:40.078904Z  INFO arx::program: arx/src/program.rs:267: Fetching initial state for account: XdfSwb8ZajhN7CerfBSJVhyfx5fyLtv34QVKSRgMFA9
2025-10-22T01:37:40.084489Z  INFO arx::program: arx/src/program.rs:279: Subscribing to account: XdfSwb8ZajhN7CerfBSJVhyfx5fyLtv34QVKSRgMFA9
2025-10-22T01:37:40.085596Z DEBUG arx::units::cluster_unit: arx/src/units/cluster_unit.rs:101: Processing arx node update
2025-10-22T01:37:40.641777Z DEBUG arx::program: arx/src/program.rs:312: Received update for account: XdfSwb8ZajhN7CerfBSJVhyfx5fyLtv34QVKSRgMFA9
2025-10-22T01:37:40.642007Z DEBUG arx::units::cluster_unit: arx/src/units/cluster_unit.rs:101: Processing arx node update
2025-10-22T01:37:41.115366Z  INFO arx::units::node_transaction_unit: arx/src/units/node_transaction_unit.rs:70: Node activated
2025-10-22T01:37:41.116135Z DEBUG arx::coordinator: arx/src/coordinator.rs:204: Coordinator received activation unit message: activated
2025-10-22T01:37:41.117291Z DEBUG arx::coordinator: arx/src/coordinator.rs:251: Coordinator received cluster unit message: cluster: 0, status: Joined
2025-10-22T01:37:41.120255Z DEBUG arx::units::mxe_unit: arx/src/units/mxe_unit.rs:112: Subscribing to cluster: GgSqqAyH7AVY3Umcv8NvncrjFaNJuQLmxzxFxPoPW2Yd
2025-10-22T01:37:41.120685Z  INFO arx::program: arx/src/program.rs:267: Fetching initial state for account: GgSqqAyH7AVY3Umcv8NvncrjFaNJuQLmxzxFxPoPW2Yd
2025-10-22T01:37:41.124276Z  INFO arx::program: arx/src/program.rs:279: Subscribing to account: GgSqqAyH7AVY3Umcv8NvncrjFaNJuQLmxzxFxPoPW2Yd
2025-10-22T01:37:41.125674Z DEBUG arx::units::mxe_unit: arx/src/units/mxe_unit.rs:129: Processing cluster update for account: GgSqqAyH7AVY3Umcv8NvncrjFaNJuQLmxzxFxPoPW2Yd
2025-10-22T01:37:41.127254Z DEBUG arx::coordinator: arx/src/coordinator.rs:349: Coordinator received mxe unit message: cluster: GgSqqAyH7AVY3Umcv8NvncrjFaNJuQLmxzxFxPoPW2Yd, mxe: CQvzhuYp299gu8rDs4RyLg1cDgnbDZiEdK51NcnSVwGm, status: Joined
2025-10-22T01:37:41.128258Z DEBUG arx::units::execpool_unit: arx/src/units/execpool_unit.rs:120: Subscribing to execpool account: CQF2VydaWEk5ZkVRi5q3LxoQTkJNHsRSc2yuUAMS1qUc
2025-10-22T01:37:41.128498Z DEBUG arx::units::mempool_unit: arx/src/units/mempool_unit.rs:113: Subscribing to mempool account: Eii8e5feybZsNs1xJcmktof6LkWNGrAdTk179oL3ZZyv
2025-10-22T01:37:41.128976Z  INFO arx::program: arx/src/program.rs:267: Fetching initial state for account: CQF2VydaWEk5ZkVRi5q3LxoQTkJNHsRSc2yuUAMS1qUc
2025-10-22T01:37:41.129780Z  INFO arx::program: arx/src/program.rs:267: Fetching initial state for account: Eii8e5feybZsNs1xJcmktof6LkWNGrAdTk179oL3ZZyv
2025-10-22T01:37:41.132265Z  INFO arx::program: arx/src/program.rs:279: Subscribing to account: CQF2VydaWEk5ZkVRi5q3LxoQTkJNHsRSc2yuUAMS1qUc
2025-10-22T01:37:41.134010Z  INFO arx::program: arx/src/program.rs:279: Subscribing to account: Eii8e5feybZsNs1xJcmktof6LkWNGrAdTk179oL3ZZyv
2025-10-22T01:37:41.134030Z DEBUG arx::coordinator: arx/src/coordinator.rs:288: Coordinator received execpool unit message: computations ids: [1]
2025-10-22T01:37:41.135840Z DEBUG arx::units::mempool_unit: arx/src/units/mempool_unit.rs:136: Processing new mempool update for account: Eii8e5feybZsNs1xJcmktof6LkWNGrAdTk179oL3ZZyv
2025-10-22T01:37:41.136765Z DEBUG arx::units::state_unit: arx/src/units/state_unit.rs:231: Processing execpool update
2025-10-22T01:37:41.136740Z DEBUG arx::units::mempool_unit: arx/src/units/mempool_unit.rs:175: Mempool account Eii8e5feybZsNs1xJcmktof6LkWNGrAdTk179oL3ZZyv contains the same computations, skipping update
2025-10-22T01:37:41.136783Z DEBUG arx::units::cache_unit: arx/src/units/cache_unit.rs:144: Processing queued computation: ArxComputationReference (1,1) (cluster: GgSqqAyH7AVY3Umcv8NvncrjFaNJuQLmxzxFxPoPW2Yd, mxe: CQvzhuYp299gu8rDs4RyLg1cDgnbDZiEdK51NcnSVwGm)
2025-10-22T01:37:41.137888Z DEBUG arx::units::state_unit: arx/src/units/state_unit.rs:281: Prefetching and executing computation: ArxComputationReference (1,1) (cluster: GgSqqAyH7AVY3Umcv8NvncrjFaNJuQLmxzxFxPoPW2Yd, mxe: CQvzhuYp299gu8rDs4RyLg1cDgnbDZiEdK51NcnSVwGm) with status (index: 0, executed: false)
2025-10-22T01:37:41.138149Z DEBUG arx::coordinator: arx/src/coordinator.rs:384: Coordinator received state unit message: prefetch computation: ArxComputationReference (1,1) (cluster: GgSqqAyH7AVY3Umcv8NvncrjFaNJuQLmxzxFxPoPW2Yd, mxe: CQvzhuYp299gu8rDs4RyLg1cDgnbDZiEdK51NcnSVwGm)
2025-10-22T01:37:41.138370Z DEBUG arx::coordinator: arx/src/coordinator.rs:405: Coordinator received state unit message: execute computation: ArxComputationReference (1,1) (cluster: GgSqqAyH7AVY3Umcv8NvncrjFaNJuQLmxzxFxPoPW2Yd, mxe: CQvzhuYp299gu8rDs4RyLg1cDgnbDZiEdK51NcnSVwGm)
2025-10-22T01:37:41.139215Z DEBUG arx::units::peers_unit: arx/src/units/peers_unit.rs:111: Processing cluster: GgSqqAyH7AVY3Umcv8NvncrjFaNJuQLmxzxFxPoPW2Yd
2025-10-22T01:37:41.139236Z DEBUG arx::units::circuit_unit: arx/src/units/circuit_unit.rs:148: Processing computation definition: Dpz7xMiZ29fGETVJc3rnexMZSq7G4quyeMrZzbWt88R3
2025-10-22T01:37:41.145838Z DEBUG arx::coordinator: arx/src/coordinator.rs:309: Coordinator prefetched computation ArxComputationReference (1,1) (cluster: GgSqqAyH7AVY3Umcv8NvncrjFaNJuQLmxzxFxPoPW2Yd, mxe: CQvzhuYp299gu8rDs4RyLg1cDgnbDZiEdK51NcnSVwGm)
2025-10-22T01:37:41.146442Z DEBUG arx::coordinator: arx/src/coordinator.rs:312: Coordinator fetched computation ArxComputation 303790697907795210078047774390766665400 (cluster: GgSqqAyH7AVY3Umcv8NvncrjFaNJuQLmxzxFxPoPW2Yd, mxe: CQvzhuYp299gu8rDs4RyLg1cDgnbDZiEdK51NcnSVwGm) inputs
2025-10-22T01:37:41.147991Z DEBUG arx::units::cache_unit: arx/src/units/cache_unit.rs:246: Processing fetched inputs: Cerberus Inputs
2025-10-22T01:37:41.155270Z DEBUG arx::units::circuit_unit: arx/src/units/circuit_unit.rs:198: Deserializing circuit data
2025-10-22T01:37:41.155667Z DEBUG arx::coordinator: arx/src/coordinator.rs:373: Coordinator received peers unit message
2025-10-22T01:37:41.155928Z DEBUG arx::units::cache_unit: arx/src/units/cache_unit.rs:209: Processing fetched peers: PeersInfo { cluster: GgSqqAyH7AVY3Umcv8NvncrjFaNJuQLmxzxFxPoPW2Yd, peer_number: 1 }
2025-10-22T01:37:41.159801Z DEBUG arx::units::circuit_unit: arx/src/units/circuit_unit.rs:215: Inserting circuit info into cache
2025-10-22T01:37:41.161170Z DEBUG arx::coordinator: arx/src/coordinator.rs:241: Coordinator received circuit unit message
2025-10-22T01:37:41.161377Z DEBUG arx::units::cache_unit: arx/src/units/cache_unit.rs:170: Processing fetched circuit: CircuitInfo Dpz7xMiZ29fGETVJc3rnexMZSq7G4quyeMrZzbWt88R3
2025-10-22T01:37:41.161786Z DEBUG arx::coordinator: arx/src/coordinator.rs:221: Coordinator received cache unit message
2025-10-22T01:37:41.161842Z DEBUG arx::coordinator: arx/src/coordinator.rs:221: Coordinator received cache unit message
2025-10-22T01:37:41.162057Z DEBUG arx::units::state_unit: arx/src/units/state_unit.rs:296: Processing prefetched computation
2025-10-22T01:37:41.162813Z  WARN arx::units::online_phase_unit: arx/src/units/online_phase_unit.rs:195: Overwriting existing private shares for MXE keygen computation
2025-10-22T01:37:41.164733Z  INFO arx::units::online_phase_unit: arx/src/units/online_phase_unit.rs:326: Processing Cerberus computation with id 303790697907795210078047774390766665400
2025-10-22T01:37:41.164844Z DEBUG arx::units::online_phase_unit: arx/src/units/online_phase_unit.rs:328: Connecting to peers (303790697907795210078047774390766665400)
2025-10-22T01:37:41.165626Z DEBUG network::router::network_router: /home/runner/.cargo/git/checkouts/async-mpc-1dbbf554a14e7a32/b307074/network/src/router/network_router.rs:79: Handling connection request to peer 0461a5    
2025-10-22T01:37:41.165926Z DEBUG network::router::state::connection_handlers: /home/runner/.cargo/git/checkouts/async-mpc-1dbbf554a14e7a32/b307074/network/src/router/state/connection_handlers.rs:44: Handling internal connection request: ConnectionRequest { expected_peer_id: 0461a5, peer_addr: 172.20.0.100:8001, response_sender: Sender { inner: Some(Inner { state: State { is_complete: false, is_closed: false, is_rx_task_set: true, is_tx_task_set: false } }) } }    
2025-10-22T01:37:41.166281Z DEBUG network::router::state::connection_handlers: /home/runner/.cargo/git/checkouts/async-mpc-1dbbf554a14e7a32/b307074/network/src/router/state/connection_handlers.rs:65: Connection not established yet: 172.20.0.100:8001    
2025-10-22T01:37:41.166318Z DEBUG network::router::state::connection_handlers: /home/runner/.cargo/git/checkouts/async-mpc-1dbbf554a14e7a32/b307074/network/src/router/state/connection_handlers.rs:100: Connecting to peer: 172.20.0.100:8001    
2025-10-22T01:37:41.178153Z DEBUG network::router::state::connection_handlers: /home/runner/.cargo/git/checkouts/async-mpc-1dbbf554a14e7a32/b307074/network/src/router/state/connection_handlers.rs:128: Connecting and checking ID of peer: 172.20.0.100:8001    
2025-10-22T01:37:41.178638Z DEBUG network::router::network_router: /home/runner/.cargo/git/checkouts/async-mpc-1dbbf554a14e7a32/b307074/network/src/router/network_router.rs:85: Connection request to peer 0461a5 handled    
2025-10-22T01:37:41.225807Z DEBUG network::router::state::connection_handlers: /home/runner/.cargo/git/checkouts/async-mpc-1dbbf554a14e7a32/b307074/network/src/router/state/connection_handlers.rs:280: Checking connection liveness to peer: 172.20.0.100:8001    
2025-10-22T01:37:41.235659Z DEBUG network::router::state::connection_handlers: /home/runner/.cargo/git/checkouts/async-mpc-1dbbf554a14e7a32/b307074/network/src/router/state/connection_handlers.rs:168: Outcome of connection to peer 172.20.0.100:8001 sent.    
2025-10-22T01:37:41.235992Z DEBUG network::router::state::connection_handlers: /home/runner/.cargo/git/checkouts/async-mpc-1dbbf554a14e7a32/b307074/network/src/router/state/connection_handlers.rs:188: Handling established connection to peer: 172.20.0.100:8001    
2025-10-22T01:37:41.236376Z  INFO network::router::state::substream_handlers: /home/runner/.cargo/git/checkouts/async-mpc-1dbbf554a14e7a32/b307074/network/src/router/state/substream_handlers.rs:217: Listening to substream requests from address 172.20.0.100:8001.    
2025-10-22T01:37:41.236830Z DEBUG arx::units::online_phase_unit: arx/src/units/online_phase_unit.rs:343: Connected to peers (303790697907795210078047774390766665400)
2025-10-22T01:37:41.238039Z DEBUG network::router::network_router: /home/runner/.cargo/git/checkouts/async-mpc-1dbbf554a14e7a32/b307074/network/src/router/network_router.rs:105: Opening substream for protocol (303790697907795210078047774390766665400, 0) with peer 0461a5    
2025-10-22T01:37:41.238948Z  INFO network::router::network_router: /home/runner/.cargo/git/checkouts/async-mpc-1dbbf554a14e7a32/b307074/network/src/router/network_router.rs:273: Opened substreams for protocol 303790697907795210078047774390766665400    
2025-10-22T01:37:41.500759Z  INFO network::labeled_interface::handlers: /home/runner/.cargo/git/checkouts/async-mpc-1dbbf554a14e7a32/b307074/network/src/labeled_interface/handlers.rs:86: Interface cf7093 dropped.    
2025-10-22T01:37:41.500819Z DEBUG arx::units::online_phase_unit: arx/src/units/online_phase_unit.rs:255: Output of computation is: ArxComputationOutput { computation: ArxComputation 303790697907795210078047774390766665400 (cluster: GgSqqAyH7AVY3Umcv8NvncrjFaNJuQLmxzxFxPoPW2Yd, mxe: CQvzhuYp299gu8rDs4RyLg1cDgnbDZiEdK51NcnSVwGm), outputs: Success([[96, 101, 38, 163, 120, 101, 220, 58, 252, 73, 189, 209, 119, 65, 66, 205, 199, 170, 187, 112, 150, 119, 189, 129, 164, 107, 128, 65, 2, 152, 192, 81]]) } (303790697907795210078047774390766665400)
2025-10-22T01:37:41.501402Z  INFO network::labeled_interface::interface: /home/runner/.cargo/git/checkouts/async-mpc-1dbbf554a14e7a32/b307074/network/src/labeled_interface/interface.rs:415: Interface cf7093 dropped.    
2025-10-22T01:37:41.501506Z DEBUG arx::coordinator: arx/src/coordinator.rs:364: Coordinator received online unit output: ArxComputationOutput { computation: ArxComputation 303790697907795210078047774390766665400 (cluster: GgSqqAyH7AVY3Umcv8NvncrjFaNJuQLmxzxFxPoPW2Yd, mxe: CQvzhuYp299gu8rDs4RyLg1cDgnbDZiEdK51NcnSVwGm), outputs: Success([[96, 101, 38, 163, 120, 101, 220, 58, 252, 73, 189, 209, 119, 65, 66, 205, 199, 170, 187, 112, 150, 119, 189, 129, 164, 107, 128, 65, 2, 152, 192, 81]]) }
2025-10-22T01:37:41.501451Z  INFO network::labeled_interface::handlers: /home/runner/.cargo/git/checkouts/async-mpc-1dbbf554a14e7a32/b307074/network/src/labeled_interface/handlers.rs:53: Router closed interface cf7093.    
2025-10-22T01:37:41.502004Z DEBUG arx::units::computation_transaction_unit: arx/src/units/computation_transaction_unit.rs:162: Processing callback for computation ArxComputation 303790697907795210078047774390766665400 (cluster: GgSqqAyH7AVY3Umcv8NvncrjFaNJuQLmxzxFxPoPW2Yd, mxe: CQvzhuYp299gu8rDs4RyLg1cDgnbDZiEdK51NcnSVwGm)
2025-10-22T01:37:41.502121Z  INFO network::router::state::substream_handlers: /home/runner/.cargo/git/checkouts/async-mpc-1dbbf554a14e7a32/b307074/network/src/router/state/substream_handlers.rs:197: Removed protocol ID (303790697907795210078047774390766665400, 0) for peer 0461a5.    
2025-10-22T01:37:41.967600Z DEBUG arx::program: arx/src/program.rs:312: Received update for account: GgSqqAyH7AVY3Umcv8NvncrjFaNJuQLmxzxFxPoPW2Yd
2025-10-22T01:37:41.968277Z DEBUG arx::units::mxe_unit: arx/src/units/mxe_unit.rs:129: Processing cluster update for account: GgSqqAyH7AVY3Umcv8NvncrjFaNJuQLmxzxFxPoPW2Yd
2025-10-22T01:37:42.011791Z DEBUG arx::units::computation_transaction_unit: arx/src/units/computation_transaction_unit.rs:219: Sent set_mxe_keys tx for mxe CQvzhuYp299gu8rDs4RyLg1cDgnbDZiEdK51NcnSVwGm with sig 52iWsKE4bt6LRVdn5AzKY3WJX2QE4YL8e7f6nwv3CdVVWsbZb3gu3SqX8ESRhat2d4qaP1LUzYUfBWkT3rxJTTjM
2025-10-22T01:37:42.484779Z DEBUG arx::program: arx/src/program.rs:312: Received update for account: GgSqqAyH7AVY3Umcv8NvncrjFaNJuQLmxzxFxPoPW2Yd
2025-10-22T01:37:42.484967Z DEBUG arx::program: arx/src/program.rs:312: Received update for account: CQF2VydaWEk5ZkVRi5q3LxoQTkJNHsRSc2yuUAMS1qUc
2025-10-22T01:37:42.485740Z DEBUG arx::units::mxe_unit: arx/src/units/mxe_unit.rs:129: Processing cluster update for account: GgSqqAyH7AVY3Umcv8NvncrjFaNJuQLmxzxFxPoPW2Yd
2025-10-22T01:37:42.486096Z DEBUG arx::program: arx/src/program.rs:312: Received update for account: Eii8e5feybZsNs1xJcmktof6LkWNGrAdTk179oL3ZZyv
2025-10-22T01:37:42.486303Z DEBUG arx::coordinator: arx/src/coordinator.rs:288: Coordinator received execpool unit message: computations ids: []
2025-10-22T01:37:42.486515Z DEBUG arx::units::state_unit: arx/src/units/state_unit.rs:231: Processing execpool update
2025-10-22T01:37:42.486686Z DEBUG arx::units::mempool_unit: arx/src/units/mempool_unit.rs:136: Processing new mempool update for account: Eii8e5feybZsNs1xJcmktof6LkWNGrAdTk179oL3ZZyv
2025-10-22T01:37:42.486936Z DEBUG arx::units::mempool_unit: arx/src/units/mempool_unit.rs:175: Mempool account Eii8e5feybZsNs1xJcmktof6LkWNGrAdTk179oL3ZZyv contains the same computations, skipping update
2025-10-22T01:37:42.487580Z DEBUG arx::units::state_unit: arx/src/units/state_unit.rs:255: Removing computation from execpool: ArxComputationReference (1,1) (cluster: GgSqqAyH7AVY3Umcv8NvncrjFaNJuQLmxzxFxPoPW2Yd, mxe: CQvzhuYp299gu8rDs4RyLg1cDgnbDZiEdK51NcnSVwGm)
2025-10-22T01:37:42.487947Z DEBUG arx::coordinator: arx/src/coordinator.rs:423: Coordinator received state unit message: executed computation: ArxComputationReference (1,1) (cluster: GgSqqAyH7AVY3Umcv8NvncrjFaNJuQLmxzxFxPoPW2Yd, mxe: CQvzhuYp299gu8rDs4RyLg1cDgnbDZiEdK51NcnSVwGm)
2025-10-22T01:37:42.488445Z DEBUG arx::units::cache_unit: arx/src/units/cache_unit.rs:278: Processing executed computation: ArxComputationReference (1,1) (cluster: GgSqqAyH7AVY3Umcv8NvncrjFaNJuQLmxzxFxPoPW2Yd, mxe: CQvzhuYp299gu8rDs4RyLg1cDgnbDZiEdK51NcnSVwGm)
2025-10-22T01:37:42.488832Z DEBUG arx::units::cache_unit: arx/src/units/cache_unit.rs:282: Computation executed and removed from cache: ArxComputationReference (1,1) (cluster: GgSqqAyH7AVY3Umcv8NvncrjFaNJuQLmxzxFxPoPW2Yd, mxe: CQvzhuYp299gu8rDs4RyLg1cDgnbDZiEdK51NcnSVwGm)
2025-10-22T01:37:42.523461Z DEBUG arx::units::computation_transaction_unit: arx/src/units/computation_transaction_unit.rs:342: Callback computation tx for mxe CQvzhuYp299gu8rDs4RyLg1cDgnbDZiEdK51NcnSVwGm already sent
2025-10-22T01:37:42.525009Z DEBUG arx::coordinator: arx/src/coordinator.rs:265: Coordinator received computation transaction unit callback computation: ArxComputationReference (1,1) (cluster: GgSqqAyH7AVY3Umcv8NvncrjFaNJuQLmxzxFxPoPW2Yd, mxe: CQvzhuYp299gu8rDs4RyLg1cDgnbDZiEdK51NcnSVwGm)
2025-10-22T01:37:42.525179Z DEBUG arx::units::cache_unit: arx/src/units/cache_unit.rs:278: Processing executed computation: ArxComputationReference (1,1) (cluster: GgSqqAyH7AVY3Umcv8NvncrjFaNJuQLmxzxFxPoPW2Yd, mxe: CQvzhuYp299gu8rDs4RyLg1cDgnbDZiEdK51NcnSVwGm)
2025-10-22T01:37:42.525459Z DEBUG arx::units::state_unit: arx/src/units/state_unit.rs:311: Processing executed computation
2025-10-22T01:37:42.525479Z  WARN arx::units::cache_unit: arx/src/units/cache_unit.rs:289: Computation info not found in cache: ArxComputationReference (1,1) (cluster: GgSqqAyH7AVY3Umcv8NvncrjFaNJuQLmxzxFxPoPW2Yd, mxe: CQvzhuYp299gu8rDs4RyLg1cDgnbDZiEdK51NcnSVwGm)
2025-10-22T01:37:50.400193Z DEBUG arx::program: arx/src/program.rs:312: Received update for account: GgSqqAyH7AVY3Umcv8NvncrjFaNJuQLmxzxFxPoPW2Yd
2025-10-22T01:37:50.401120Z DEBUG arx::units::mxe_unit: arx/src/units/mxe_unit.rs:129: Processing cluster update for account: GgSqqAyH7AVY3Umcv8NvncrjFaNJuQLmxzxFxPoPW2Yd
2025-10-22T01:37:50.401714Z DEBUG arx::program: arx/src/program.rs:312: Received update for account: Eii8e5feybZsNs1xJcmktof6LkWNGrAdTk179oL3ZZyv
2025-10-22T01:37:50.401787Z DEBUG arx::program: arx/src/program.rs:312: Received update for account: CQF2VydaWEk5ZkVRi5q3LxoQTkJNHsRSc2yuUAMS1qUc
2025-10-22T01:37:50.401962Z DEBUG arx::units::mempool_unit: arx/src/units/mempool_unit.rs:136: Processing new mempool update for account: Eii8e5feybZsNs1xJcmktof6LkWNGrAdTk179oL3ZZyv
2025-10-22T01:37:50.402043Z DEBUG arx::coordinator: arx/src/coordinator.rs:288: Coordinator received execpool unit message: computations ids: [18035521092289915547]
2025-10-22T01:37:50.402110Z DEBUG arx::units::mempool_unit: arx/src/units/mempool_unit.rs:175: Mempool account Eii8e5feybZsNs1xJcmktof6LkWNGrAdTk179oL3ZZyv contains the same computations, skipping update
2025-10-22T01:37:50.402342Z DEBUG arx::units::state_unit: arx/src/units/state_unit.rs:231: Processing execpool update
2025-10-22T01:37:50.402294Z DEBUG arx::units::cache_unit: arx/src/units/cache_unit.rs:144: Processing queued computation: ArxComputationReference (18035521092289915547,1925767261) (cluster: GgSqqAyH7AVY3Umcv8NvncrjFaNJuQLmxzxFxPoPW2Yd, mxe: CQvzhuYp299gu8rDs4RyLg1cDgnbDZiEdK51NcnSVwGm)
2025-10-22T01:37:50.402466Z DEBUG arx::units::state_unit: arx/src/units/state_unit.rs:281: Prefetching and executing computation: ArxComputationReference (18035521092289915547,1925767261) (cluster: GgSqqAyH7AVY3Umcv8NvncrjFaNJuQLmxzxFxPoPW2Yd, mxe: CQvzhuYp299gu8rDs4RyLg1cDgnbDZiEdK51NcnSVwGm) with status (index: 0, executed: false)
2025-10-22T01:37:50.402718Z DEBUG arx::coordinator: arx/src/coordinator.rs:384: Coordinator received state unit message: prefetch computation: ArxComputationReference (18035521092289915547,1925767261) (cluster: GgSqqAyH7AVY3Umcv8NvncrjFaNJuQLmxzxFxPoPW2Yd, mxe: CQvzhuYp299gu8rDs4RyLg1cDgnbDZiEdK51NcnSVwGm)
2025-10-22T01:37:50.402906Z DEBUG arx::coordinator: arx/src/coordinator.rs:405: Coordinator received state unit message: execute computation: ArxComputationReference (18035521092289915547,1925767261) (cluster: GgSqqAyH7AVY3Umcv8NvncrjFaNJuQLmxzxFxPoPW2Yd, mxe: CQvzhuYp299gu8rDs4RyLg1cDgnbDZiEdK51NcnSVwGm)
2025-10-22T01:37:50.402943Z DEBUG arx::units::circuit_unit: arx/src/units/circuit_unit.rs:148: Processing computation definition: 9vqkf7AGugLgSFD9RPPX2aqESvGeW2ctWGW8xzm5dXso
2025-10-22T01:37:50.402968Z DEBUG arx::units::peers_unit: arx/src/units/peers_unit.rs:111: Processing cluster: GgSqqAyH7AVY3Umcv8NvncrjFaNJuQLmxzxFxPoPW2Yd
2025-10-22T01:37:50.407989Z DEBUG arx::coordinator: arx/src/coordinator.rs:373: Coordinator received peers unit message
2025-10-22T01:37:50.408220Z DEBUG arx::coordinator: arx/src/coordinator.rs:309: Coordinator prefetched computation ArxComputationReference (18035521092289915547,1925767261) (cluster: GgSqqAyH7AVY3Umcv8NvncrjFaNJuQLmxzxFxPoPW2Yd, mxe: CQvzhuYp299gu8rDs4RyLg1cDgnbDZiEdK51NcnSVwGm)
2025-10-22T01:37:50.408506Z DEBUG arx::coordinator: arx/src/coordinator.rs:312: Coordinator fetched computation ArxComputation 35670273515485820664253987085345252848 (cluster: GgSqqAyH7AVY3Umcv8NvncrjFaNJuQLmxzxFxPoPW2Yd, mxe: CQvzhuYp299gu8rDs4RyLg1cDgnbDZiEdK51NcnSVwGm) inputs
2025-10-22T01:37:50.408747Z DEBUG arx::units::cache_unit: arx/src/units/cache_unit.rs:209: Processing fetched peers: PeersInfo { cluster: GgSqqAyH7AVY3Umcv8NvncrjFaNJuQLmxzxFxPoPW2Yd, peer_number: 1 }
2025-10-22T01:37:50.408906Z DEBUG arx::units::cache_unit: arx/src/units/cache_unit.rs:246: Processing fetched inputs: Cerberus Inputs
2025-10-22T01:37:50.410367Z DEBUG arx::units::circuit_unit: arx/src/units/circuit_unit.rs:246: Fetching onchain circuit data from: 9vqkf7AGugLgSFD9RPPX2aqESvGeW2ctWGW8xzm5dXso
2025-10-22T01:37:50.415714Z DEBUG arx::units::circuit_unit: arx/src/units/circuit_unit.rs:198: Deserializing circuit data
2025-10-22T01:37:50.418435Z DEBUG arx::units::circuit_unit: arx/src/units/circuit_unit.rs:215: Inserting circuit info into cache
2025-10-22T01:37:50.418679Z DEBUG arx::coordinator: arx/src/coordinator.rs:241: Coordinator received circuit unit message
2025-10-22T01:37:50.418867Z DEBUG arx::units::cache_unit: arx/src/units/cache_unit.rs:170: Processing fetched circuit: CircuitInfo 9vqkf7AGugLgSFD9RPPX2aqESvGeW2ctWGW8xzm5dXso
2025-10-22T01:37:50.418989Z DEBUG arx::coordinator: arx/src/coordinator.rs:221: Coordinator received cache unit message
2025-10-22T01:37:50.419110Z DEBUG arx::coordinator: arx/src/coordinator.rs:221: Coordinator received cache unit message
2025-10-22T01:37:50.419160Z DEBUG arx::units::state_unit: arx/src/units/state_unit.rs:296: Processing prefetched computation
2025-10-22T01:37:50.419396Z  INFO arx::units::online_phase_unit: arx/src/units/online_phase_unit.rs:326: Processing Cerberus computation with id 35670273515485820664253987085345252848
2025-10-22T01:37:50.419473Z DEBUG arx::units::online_phase_unit: arx/src/units/online_phase_unit.rs:328: Connecting to peers (35670273515485820664253987085345252848)
2025-10-22T01:37:50.419619Z DEBUG network::router::network_router: /home/runner/.cargo/git/checkouts/async-mpc-1dbbf554a14e7a32/b307074/network/src/router/network_router.rs:79: Handling connection request to peer 0461a5    
2025-10-22T01:37:50.419719Z DEBUG network::router::state::connection_handlers: /home/runner/.cargo/git/checkouts/async-mpc-1dbbf554a14e7a32/b307074/network/src/router/state/connection_handlers.rs:44: Handling internal connection request: ConnectionRequest { expected_peer_id: 0461a5, peer_addr: 172.20.0.100:8001, response_sender: Sender { inner: Some(Inner { state: State { is_complete: false, is_closed: false, is_rx_task_set: true, is_tx_task_set: false } }) } }    
2025-10-22T01:37:50.419823Z DEBUG network::router::state::connection_handlers: /home/runner/.cargo/git/checkouts/async-mpc-1dbbf554a14e7a32/b307074/network/src/router/state/connection_handlers.rs:60: Connection already established: 172.20.0.100:8001    
2025-10-22T01:37:50.419903Z DEBUG network::router::network_router: /home/runner/.cargo/git/checkouts/async-mpc-1dbbf554a14e7a32/b307074/network/src/router/network_router.rs:85: Connection request to peer 0461a5 handled    
2025-10-22T01:37:50.419991Z DEBUG arx::units::online_phase_unit: arx/src/units/online_phase_unit.rs:343: Connected to peers (35670273515485820664253987085345252848)
2025-10-22T01:37:50.420476Z DEBUG network::router::network_router: /home/runner/.cargo/git/checkouts/async-mpc-1dbbf554a14e7a32/b307074/network/src/router/network_router.rs:105: Opening substream for protocol (35670273515485820664253987085345252848, 0) with peer 0461a5    
2025-10-22T01:37:50.420619Z  INFO network::router::network_router: /home/runner/.cargo/git/checkouts/async-mpc-1dbbf554a14e7a32/b307074/network/src/router/network_router.rs:273: Opened substreams for protocol 35670273515485820664253987085345252848    
2025-10-22T01:37:50.447975Z DEBUG arx::units::online_phase_unit: arx/src/units/online_phase_unit.rs:255: Output of computation is: ArxComputationOutput { computation: ArxComputation 35670273515485820664253987085345252848 (cluster: GgSqqAyH7AVY3Umcv8NvncrjFaNJuQLmxzxFxPoPW2Yd, mxe: CQvzhuYp299gu8rDs4RyLg1cDgnbDZiEdK51NcnSVwGm), outputs: Success([[239, 83, 218, 207, 36, 61, 66, 188, 134, 224, 75, 247, 101, 10, 186, 208], [3, 172, 68, 112, 219, 108, 163, 149, 164, 18, 173, 29, 143, 153, 210, 70, 187, 93, 107, 205, 30, 87, 132, 100, 12, 243, 24, 155, 40, 30, 71, 124], [5, 54, 158, 177, 190, 84, 98, 96, 213, 39, 123, 106, 196, 240, 56, 10, 1, 226, 110, 253, 234, 52, 58, 51, 187, 54, 83, 112, 204, 188, 219, 122], [239, 165, 193, 20, 244, 186, 77, 212, 102, 193, 152, 174, 231, 116, 58, 117, 151, 239, 59, 203, 33, 199, 217, 20, 20, 91, 217, 76, 113, 125, 20, 36], [164, 181, 125, 83, 185, 184, 3, 176, 217, 112, 51, 196, 171, 217, 221, 90, 121, 105, 59, 49, 120, 218, 113, 160, 60, 149, 128, 54, 91, 29, 63, 120]]) } (35670273515485820664253987085345252848)
2025-10-22T01:37:50.448038Z  INFO network::labeled_interface::handlers: /home/runner/.cargo/git/checkouts/async-mpc-1dbbf554a14e7a32/b307074/network/src/labeled_interface/handlers.rs:86: Interface cf7093 dropped.    
2025-10-22T01:37:50.448091Z DEBUG arx::coordinator: arx/src/coordinator.rs:364: Coordinator received online unit output: ArxComputationOutput { computation: ArxComputation 35670273515485820664253987085345252848 (cluster: GgSqqAyH7AVY3Umcv8NvncrjFaNJuQLmxzxFxPoPW2Yd, mxe: CQvzhuYp299gu8rDs4RyLg1cDgnbDZiEdK51NcnSVwGm), outputs: Success([[239, 83, 218, 207, 36, 61, 66, 188, 134, 224, 75, 247, 101, 10, 186, 208], [3, 172, 68, 112, 219, 108, 163, 149, 164, 18, 173, 29, 143, 153, 210, 70, 187, 93, 107, 205, 30, 87, 132, 100, 12, 243, 24, 155, 40, 30, 71, 124], [5, 54, 158, 177, 190, 84, 98, 96, 213, 39, 123, 106, 196, 240, 56, 10, 1, 226, 110, 253, 234, 52, 58, 51, 187, 54, 83, 112, 204, 188, 219, 122], [239, 165, 193, 20, 244, 186, 77, 212, 102, 193, 152, 174, 231, 116, 58, 117, 151, 239, 59, 203, 33, 199, 217, 20, 20, 91, 217, 76, 113, 125, 20, 36], [164, 181, 125, 83, 185, 184, 3, 176, 217, 112, 51, 196, 171, 217, 221, 90, 121, 105, 59, 49, 120, 218, 113, 160, 60, 149, 128, 54, 91, 29, 63, 120]]) }
2025-10-22T01:37:50.448278Z DEBUG arx::units::computation_transaction_unit: arx/src/units/computation_transaction_unit.rs:162: Processing callback for computation ArxComputation 35670273515485820664253987085345252848 (cluster: GgSqqAyH7AVY3Umcv8NvncrjFaNJuQLmxzxFxPoPW2Yd, mxe: CQvzhuYp299gu8rDs4RyLg1cDgnbDZiEdK51NcnSVwGm)
2025-10-22T01:37:50.448126Z  INFO network::labeled_interface::interface: /home/runner/.cargo/git/checkouts/async-mpc-1dbbf554a14e7a32/b307074/network/src/labeled_interface/interface.rs:415: Interface cf7093 dropped.    
2025-10-22T01:37:50.448248Z  INFO network::labeled_interface::handlers: /home/runner/.cargo/git/checkouts/async-mpc-1dbbf554a14e7a32/b307074/network/src/labeled_interface/handlers.rs:53: Router closed interface cf7093.    
2025-10-22T01:37:50.448493Z  INFO network::router::state::substream_handlers: /home/runner/.cargo/git/checkouts/async-mpc-1dbbf554a14e7a32/b307074/network/src/router/state/substream_handlers.rs:197: Removed protocol ID (35670273515485820664253987085345252848, 0) for peer 0461a5.    
2025-10-22T01:37:50.866629Z DEBUG arx::program: arx/src/program.rs:312: Received update for account: GgSqqAyH7AVY3Umcv8NvncrjFaNJuQLmxzxFxPoPW2Yd
2025-10-22T01:37:50.867330Z DEBUG arx::units::mxe_unit: arx/src/units/mxe_unit.rs:129: Processing cluster update for account: GgSqqAyH7AVY3Umcv8NvncrjFaNJuQLmxzxFxPoPW2Yd
2025-10-22T01:37:50.866788Z DEBUG arx::program: arx/src/program.rs:312: Received update for account: CQF2VydaWEk5ZkVRi5q3LxoQTkJNHsRSc2yuUAMS1qUc
2025-10-22T01:37:50.867426Z DEBUG arx::program: arx/src/program.rs:312: Received update for account: Eii8e5feybZsNs1xJcmktof6LkWNGrAdTk179oL3ZZyv
2025-10-22T01:37:50.867812Z DEBUG arx::coordinator: arx/src/coordinator.rs:288: Coordinator received execpool unit message: computations ids: []
2025-10-22T01:37:50.868029Z DEBUG arx::units::mempool_unit: arx/src/units/mempool_unit.rs:136: Processing new mempool update for account: Eii8e5feybZsNs1xJcmktof6LkWNGrAdTk179oL3ZZyv
2025-10-22T01:37:50.868293Z DEBUG arx::units::mempool_unit: arx/src/units/mempool_unit.rs:175: Mempool account Eii8e5feybZsNs1xJcmktof6LkWNGrAdTk179oL3ZZyv contains the same computations, skipping update
2025-10-22T01:37:50.868211Z DEBUG arx::units::state_unit: arx/src/units/state_unit.rs:231: Processing execpool update
2025-10-22T01:37:50.868512Z DEBUG arx::units::state_unit: arx/src/units/state_unit.rs:255: Removing computation from execpool: ArxComputationReference (18035521092289915547,1925767261) (cluster: GgSqqAyH7AVY3Umcv8NvncrjFaNJuQLmxzxFxPoPW2Yd, mxe: CQvzhuYp299gu8rDs4RyLg1cDgnbDZiEdK51NcnSVwGm)
2025-10-22T01:37:50.868667Z DEBUG arx::coordinator: arx/src/coordinator.rs:423: Coordinator received state unit message: executed computation: ArxComputationReference (18035521092289915547,1925767261) (cluster: GgSqqAyH7AVY3Umcv8NvncrjFaNJuQLmxzxFxPoPW2Yd, mxe: CQvzhuYp299gu8rDs4RyLg1cDgnbDZiEdK51NcnSVwGm)
2025-10-22T01:37:50.868804Z DEBUG arx::units::cache_unit: arx/src/units/cache_unit.rs:278: Processing executed computation: ArxComputationReference (18035521092289915547,1925767261) (cluster: GgSqqAyH7AVY3Umcv8NvncrjFaNJuQLmxzxFxPoPW2Yd, mxe: CQvzhuYp299gu8rDs4RyLg1cDgnbDZiEdK51NcnSVwGm)
2025-10-22T01:37:50.868915Z DEBUG arx::units::cache_unit: arx/src/units/cache_unit.rs:282: Computation executed and removed from cache: ArxComputationReference (18035521092289915547,1925767261) (cluster: GgSqqAyH7AVY3Umcv8NvncrjFaNJuQLmxzxFxPoPW2Yd, mxe: CQvzhuYp299gu8rDs4RyLg1cDgnbDZiEdK51NcnSVwGm)
2025-10-22T01:37:50.960398Z DEBUG arx::units::computation_transaction_unit: arx/src/units/computation_transaction_unit.rs:342: Callback computation tx for mxe CQvzhuYp299gu8rDs4RyLg1cDgnbDZiEdK51NcnSVwGm already sent
2025-10-22T01:37:50.960600Z DEBUG arx::coordinator: arx/src/coordinator.rs:265: Coordinator received computation transaction unit callback computation: ArxComputationReference (18035521092289915547,1925767261) (cluster: GgSqqAyH7AVY3Umcv8NvncrjFaNJuQLmxzxFxPoPW2Yd, mxe: CQvzhuYp299gu8rDs4RyLg1cDgnbDZiEdK51NcnSVwGm)
2025-10-22T01:37:50.960787Z DEBUG arx::units::state_unit: arx/src/units/state_unit.rs:311: Processing executed computation
2025-10-22T01:37:50.960796Z DEBUG arx::units::cache_unit: arx/src/units/cache_unit.rs:278: Processing executed computation: ArxComputationReference (18035521092289915547,1925767261) (cluster: GgSqqAyH7AVY3Umcv8NvncrjFaNJuQLmxzxFxPoPW2Yd, mxe: CQvzhuYp299gu8rDs4RyLg1cDgnbDZiEdK51NcnSVwGm)
2025-10-22T01:37:50.961011Z  WARN arx::units::cache_unit: arx/src/units/cache_unit.rs:289: Computation info not found in cache: ArxComputationReference (18035521092289915547,1925767261) (cluster: GgSqqAyH7AVY3Umcv8NvncrjFaNJuQLmxzxFxPoPW2Yd, mxe: CQvzhuYp299gu8rDs4RyLg1cDgnbDZiEdK51NcnSVwGm)
2025-10-22T01:37:51.334392Z DEBUG arx::program: arx/src/program.rs:312: Received update for account: GgSqqAyH7AVY3Umcv8NvncrjFaNJuQLmxzxFxPoPW2Yd
2025-10-22T01:37:51.335222Z DEBUG arx::units::mxe_unit: arx/src/units/mxe_unit.rs:129: Processing cluster update for account: GgSqqAyH7AVY3Umcv8NvncrjFaNJuQLmxzxFxPoPW2Yd
2025-10-22T01:37:51.335672Z DEBUG arx::program: arx/src/program.rs:312: Received update for account: CQF2VydaWEk5ZkVRi5q3LxoQTkJNHsRSc2yuUAMS1qUc
2025-10-22T01:37:51.335672Z DEBUG arx::program: arx/src/program.rs:312: Received update for account: Eii8e5feybZsNs1xJcmktof6LkWNGrAdTk179oL3ZZyv
2025-10-22T01:37:51.335859Z DEBUG arx::coordinator: arx/src/coordinator.rs:288: Coordinator received execpool unit message: computations ids: [10443070597505917007]
2025-10-22T01:37:51.336039Z DEBUG arx::units::mempool_unit: arx/src/units/mempool_unit.rs:136: Processing new mempool update for account: Eii8e5feybZsNs1xJcmktof6LkWNGrAdTk179oL3ZZyv
2025-10-22T01:37:51.336148Z DEBUG arx::units::state_unit: arx/src/units/state_unit.rs:231: Processing execpool update
2025-10-22T01:37:51.336115Z DEBUG arx::units::cache_unit: arx/src/units/cache_unit.rs:144: Processing queued computation: ArxComputationReference (10443070597505917007,1878934295) (cluster: GgSqqAyH7AVY3Umcv8NvncrjFaNJuQLmxzxFxPoPW2Yd, mxe: CQvzhuYp299gu8rDs4RyLg1cDgnbDZiEdK51NcnSVwGm)
2025-10-22T01:37:51.336167Z DEBUG arx::units::mempool_unit: arx/src/units/mempool_unit.rs:175: Mempool account Eii8e5feybZsNs1xJcmktof6LkWNGrAdTk179oL3ZZyv contains the same computations, skipping update
2025-10-22T01:37:51.336300Z DEBUG arx::units::state_unit: arx/src/units/state_unit.rs:281: Prefetching and executing computation: ArxComputationReference (10443070597505917007,1878934295) (cluster: GgSqqAyH7AVY3Umcv8NvncrjFaNJuQLmxzxFxPoPW2Yd, mxe: CQvzhuYp299gu8rDs4RyLg1cDgnbDZiEdK51NcnSVwGm) with status (index: 1, executed: false)
2025-10-22T01:37:51.336760Z DEBUG arx::coordinator: arx/src/coordinator.rs:384: Coordinator received state unit message: prefetch computation: ArxComputationReference (10443070597505917007,1878934295) (cluster: GgSqqAyH7AVY3Umcv8NvncrjFaNJuQLmxzxFxPoPW2Yd, mxe: CQvzhuYp299gu8rDs4RyLg1cDgnbDZiEdK51NcnSVwGm)
2025-10-22T01:37:51.336950Z DEBUG arx::coordinator: arx/src/coordinator.rs:405: Coordinator received state unit message: execute computation: ArxComputationReference (10443070597505917007,1878934295) (cluster: GgSqqAyH7AVY3Umcv8NvncrjFaNJuQLmxzxFxPoPW2Yd, mxe: CQvzhuYp299gu8rDs4RyLg1cDgnbDZiEdK51NcnSVwGm)
2025-10-22T01:37:51.336983Z DEBUG arx::units::circuit_unit: arx/src/units/circuit_unit.rs:148: Processing computation definition: AcjUEn1NmA4QuPpGQjVM3kxuaUogLPPa4sitKQRs6PAi
2025-10-22T01:37:51.337013Z DEBUG arx::units::peers_unit: arx/src/units/peers_unit.rs:111: Processing cluster: GgSqqAyH7AVY3Umcv8NvncrjFaNJuQLmxzxFxPoPW2Yd
2025-10-22T01:37:51.338760Z DEBUG arx::coordinator: arx/src/coordinator.rs:373: Coordinator received peers unit message
2025-10-22T01:37:51.338979Z DEBUG arx::units::cache_unit: arx/src/units/cache_unit.rs:209: Processing fetched peers: PeersInfo { cluster: GgSqqAyH7AVY3Umcv8NvncrjFaNJuQLmxzxFxPoPW2Yd, peer_number: 1 }
2025-10-22T01:37:51.339084Z DEBUG arx::coordinator: arx/src/coordinator.rs:309: Coordinator prefetched computation ArxComputationReference (10443070597505917007,1878934295) (cluster: GgSqqAyH7AVY3Umcv8NvncrjFaNJuQLmxzxFxPoPW2Yd, mxe: CQvzhuYp299gu8rDs4RyLg1cDgnbDZiEdK51NcnSVwGm)
2025-10-22T01:37:51.339415Z DEBUG arx::coordinator: arx/src/coordinator.rs:312: Coordinator fetched computation ArxComputation 142336289770213006317720333367226488420 (cluster: GgSqqAyH7AVY3Umcv8NvncrjFaNJuQLmxzxFxPoPW2Yd, mxe: CQvzhuYp299gu8rDs4RyLg1cDgnbDZiEdK51NcnSVwGm) inputs
2025-10-22T01:37:51.339655Z DEBUG arx::units::cache_unit: arx/src/units/cache_unit.rs:246: Processing fetched inputs: Cerberus Inputs
2025-10-22T01:37:51.339836Z DEBUG arx::units::circuit_unit: arx/src/units/circuit_unit.rs:246: Fetching onchain circuit data from: AcjUEn1NmA4QuPpGQjVM3kxuaUogLPPa4sitKQRs6PAi
2025-10-22T01:37:51.344045Z DEBUG arx::units::circuit_unit: arx/src/units/circuit_unit.rs:198: Deserializing circuit data
2025-10-22T01:37:51.346748Z DEBUG arx::units::circuit_unit: arx/src/units/circuit_unit.rs:215: Inserting circuit info into cache
2025-10-22T01:37:51.347001Z DEBUG arx::coordinator: arx/src/coordinator.rs:241: Coordinator received circuit unit message
2025-10-22T01:37:51.347143Z DEBUG arx::units::cache_unit: arx/src/units/cache_unit.rs:170: Processing fetched circuit: CircuitInfo AcjUEn1NmA4QuPpGQjVM3kxuaUogLPPa4sitKQRs6PAi
2025-10-22T01:37:51.347254Z DEBUG arx::coordinator: arx/src/coordinator.rs:221: Coordinator received cache unit message
2025-10-22T01:37:51.347355Z DEBUG arx::coordinator: arx/src/coordinator.rs:221: Coordinator received cache unit message
2025-10-22T01:37:51.347427Z DEBUG arx::units::state_unit: arx/src/units/state_unit.rs:296: Processing prefetched computation
2025-10-22T01:37:51.347559Z  INFO arx::units::online_phase_unit: arx/src/units/online_phase_unit.rs:326: Processing Cerberus computation with id 142336289770213006317720333367226488420
2025-10-22T01:37:51.347675Z DEBUG arx::units::online_phase_unit: arx/src/units/online_phase_unit.rs:328: Connecting to peers (142336289770213006317720333367226488420)
2025-10-22T01:37:51.347910Z DEBUG network::router::network_router: /home/runner/.cargo/git/checkouts/async-mpc-1dbbf554a14e7a32/b307074/network/src/router/network_router.rs:79: Handling connection request to peer 0461a5    
2025-10-22T01:37:51.347984Z DEBUG network::router::state::connection_handlers: /home/runner/.cargo/git/checkouts/async-mpc-1dbbf554a14e7a32/b307074/network/src/router/state/connection_handlers.rs:44: Handling internal connection request: ConnectionRequest { expected_peer_id: 0461a5, peer_addr: 172.20.0.100:8001, response_sender: Sender { inner: Some(Inner { state: State { is_complete: false, is_closed: false, is_rx_task_set: true, is_tx_task_set: false } }) } }    
2025-10-22T01:37:51.348117Z DEBUG network::router::state::connection_handlers: /home/runner/.cargo/git/checkouts/async-mpc-1dbbf554a14e7a32/b307074/network/src/router/state/connection_handlers.rs:60: Connection already established: 172.20.0.100:8001    
2025-10-22T01:37:51.348202Z DEBUG network::router::network_router: /home/runner/.cargo/git/checkouts/async-mpc-1dbbf554a14e7a32/b307074/network/src/router/network_router.rs:85: Connection request to peer 0461a5 handled    
2025-10-22T01:37:51.348283Z DEBUG arx::units::online_phase_unit: arx/src/units/online_phase_unit.rs:343: Connected to peers (142336289770213006317720333367226488420)
2025-10-22T01:37:51.348470Z DEBUG network::router::network_router: /home/runner/.cargo/git/checkouts/async-mpc-1dbbf554a14e7a32/b307074/network/src/router/network_router.rs:105: Opening substream for protocol (142336289770213006317720333367226488420, 0) with peer 0461a5    
2025-10-22T01:37:51.348583Z  INFO network::router::network_router: /home/runner/.cargo/git/checkouts/async-mpc-1dbbf554a14e7a32/b307074/network/src/router/network_router.rs:273: Opened substreams for protocol 142336289770213006317720333367226488420    
2025-10-22T01:37:51.375230Z DEBUG arx::units::online_phase_unit: arx/src/units/online_phase_unit.rs:255: Output of computation is: ArxComputationOutput { computation: ArxComputation 142336289770213006317720333367226488420 (cluster: GgSqqAyH7AVY3Umcv8NvncrjFaNJuQLmxzxFxPoPW2Yd, mxe: CQvzhuYp299gu8rDs4RyLg1cDgnbDZiEdK51NcnSVwGm), outputs: Success([[188, 236, 120, 170, 186, 61, 163, 21, 174, 87, 127, 112, 39, 163, 122, 29], [140, 181, 119, 222, 252, 250, 190, 26, 71, 146, 234, 36, 185, 175, 174, 168, 22, 167, 203, 108, 231, 225, 85, 204, 70, 38, 137, 187, 251, 145, 110, 111], [63, 87, 1, 7, 88, 148, 79, 131, 233, 79, 219, 143, 233, 47, 29, 51, 130, 173, 30, 114, 64, 40, 158, 197, 217, 109, 175, 35, 193, 124, 159, 62]]) } (142336289770213006317720333367226488420)
2025-10-22T01:37:51.375258Z  INFO network::labeled_interface::handlers: /home/runner/.cargo/git/checkouts/async-mpc-1dbbf554a14e7a32/b307074/network/src/labeled_interface/handlers.rs:86: Interface cf7093 dropped.    
2025-10-22T01:37:51.375366Z DEBUG arx::coordinator: arx/src/coordinator.rs:364: Coordinator received online unit output: ArxComputationOutput { computation: ArxComputation 142336289770213006317720333367226488420 (cluster: GgSqqAyH7AVY3Umcv8NvncrjFaNJuQLmxzxFxPoPW2Yd, mxe: CQvzhuYp299gu8rDs4RyLg1cDgnbDZiEdK51NcnSVwGm), outputs: Success([[188, 236, 120, 170, 186, 61, 163, 21, 174, 87, 127, 112, 39, 163, 122, 29], [140, 181, 119, 222, 252, 250, 190, 26, 71, 146, 234, 36, 185, 175, 174, 168, 22, 167, 203, 108, 231, 225, 85, 204, 70, 38, 137, 187, 251, 145, 110, 111], [63, 87, 1, 7, 88, 148, 79, 131, 233, 79, 219, 143, 233, 47, 29, 51, 130, 173, 30, 114, 64, 40, 158, 197, 217, 109, 175, 35, 193, 124, 159, 62]]) }
2025-10-22T01:37:51.375565Z DEBUG arx::units::computation_transaction_unit: arx/src/units/computation_transaction_unit.rs:162: Processing callback for computation ArxComputation 142336289770213006317720333367226488420 (cluster: GgSqqAyH7AVY3Umcv8NvncrjFaNJuQLmxzxFxPoPW2Yd, mxe: CQvzhuYp299gu8rDs4RyLg1cDgnbDZiEdK51NcnSVwGm)
2025-10-22T01:37:51.375383Z  INFO network::labeled_interface::interface: /home/runner/.cargo/git/checkouts/async-mpc-1dbbf554a14e7a32/b307074/network/src/labeled_interface/interface.rs:415: Interface cf7093 dropped.    
2025-10-22T01:37:51.375694Z  INFO network::labeled_interface::handlers: /home/runner/.cargo/git/checkouts/async-mpc-1dbbf554a14e7a32/b307074/network/src/labeled_interface/handlers.rs:53: Router closed interface cf7093.    
2025-10-22T01:37:51.376021Z  INFO network::router::state::substream_handlers: /home/runner/.cargo/git/checkouts/async-mpc-1dbbf554a14e7a32/b307074/network/src/router/state/substream_handlers.rs:197: Removed protocol ID (142336289770213006317720333367226488420, 0) for peer 0461a5.    
2025-10-22T01:37:51.804257Z DEBUG arx::program: arx/src/program.rs:312: Received update for account: CQF2VydaWEk5ZkVRi5q3LxoQTkJNHsRSc2yuUAMS1qUc
2025-10-22T01:37:51.804257Z DEBUG arx::program: arx/src/program.rs:312: Received update for account: GgSqqAyH7AVY3Umcv8NvncrjFaNJuQLmxzxFxPoPW2Yd
2025-10-22T01:37:51.805001Z DEBUG arx::coordinator: arx/src/coordinator.rs:288: Coordinator received execpool unit message: computations ids: []
2025-10-22T01:37:51.805136Z DEBUG arx::units::mxe_unit: arx/src/units/mxe_unit.rs:129: Processing cluster update for account: GgSqqAyH7AVY3Umcv8NvncrjFaNJuQLmxzxFxPoPW2Yd
2025-10-22T01:37:51.805276Z DEBUG arx::program: arx/src/program.rs:312: Received update for account: Eii8e5feybZsNs1xJcmktof6LkWNGrAdTk179oL3ZZyv
2025-10-22T01:37:51.805293Z DEBUG arx::units::state_unit: arx/src/units/state_unit.rs:231: Processing execpool update
2025-10-22T01:37:51.805698Z DEBUG arx::units::state_unit: arx/src/units/state_unit.rs:255: Removing computation from execpool: ArxComputationReference (10443070597505917007,1878934295) (cluster: GgSqqAyH7AVY3Umcv8NvncrjFaNJuQLmxzxFxPoPW2Yd, mxe: CQvzhuYp299gu8rDs4RyLg1cDgnbDZiEdK51NcnSVwGm)
2025-10-22T01:37:51.805648Z DEBUG arx::units::mempool_unit: arx/src/units/mempool_unit.rs:136: Processing new mempool update for account: Eii8e5feybZsNs1xJcmktof6LkWNGrAdTk179oL3ZZyv
2025-10-22T01:37:51.805933Z DEBUG arx::units::mempool_unit: arx/src/units/mempool_unit.rs:175: Mempool account Eii8e5feybZsNs1xJcmktof6LkWNGrAdTk179oL3ZZyv contains the same computations, skipping update
2025-10-22T01:37:51.805834Z DEBUG arx::coordinator: arx/src/coordinator.rs:423: Coordinator received state unit message: executed computation: ArxComputationReference (10443070597505917007,1878934295) (cluster: GgSqqAyH7AVY3Umcv8NvncrjFaNJuQLmxzxFxPoPW2Yd, mxe: CQvzhuYp299gu8rDs4RyLg1cDgnbDZiEdK51NcnSVwGm)
2025-10-22T01:37:51.806181Z DEBUG arx::units::cache_unit: arx/src/units/cache_unit.rs:278: Processing executed computation: ArxComputationReference (10443070597505917007,1878934295) (cluster: GgSqqAyH7AVY3Umcv8NvncrjFaNJuQLmxzxFxPoPW2Yd, mxe: CQvzhuYp299gu8rDs4RyLg1cDgnbDZiEdK51NcnSVwGm)
2025-10-22T01:37:51.806271Z DEBUG arx::units::cache_unit: arx/src/units/cache_unit.rs:282: Computation executed and removed from cache: ArxComputationReference (10443070597505917007,1878934295) (cluster: GgSqqAyH7AVY3Umcv8NvncrjFaNJuQLmxzxFxPoPW2Yd, mxe: CQvzhuYp299gu8rDs4RyLg1cDgnbDZiEdK51NcnSVwGm)
2025-10-22T01:37:51.881032Z DEBUG arx::units::computation_transaction_unit: arx/src/units/computation_transaction_unit.rs:342: Callback computation tx for mxe CQvzhuYp299gu8rDs4RyLg1cDgnbDZiEdK51NcnSVwGm already sent
2025-10-22T01:37:51.881282Z DEBUG arx::coordinator: arx/src/coordinator.rs:265: Coordinator received computation transaction unit callback computation: ArxComputationReference (10443070597505917007,1878934295) (cluster: GgSqqAyH7AVY3Umcv8NvncrjFaNJuQLmxzxFxPoPW2Yd, mxe: CQvzhuYp299gu8rDs4RyLg1cDgnbDZiEdK51NcnSVwGm)
2025-10-22T01:37:51.881488Z DEBUG arx::units::state_unit: arx/src/units/state_unit.rs:311: Processing executed computation
2025-10-22T01:37:51.881562Z DEBUG arx::units::cache_unit: arx/src/units/cache_unit.rs:278: Processing executed computation: ArxComputationReference (10443070597505917007,1878934295) (cluster: GgSqqAyH7AVY3Umcv8NvncrjFaNJuQLmxzxFxPoPW2Yd, mxe: CQvzhuYp299gu8rDs4RyLg1cDgnbDZiEdK51NcnSVwGm)
2025-10-22T01:37:51.881828Z  WARN arx::units::cache_unit: arx/src/units/cache_unit.rs:289: Computation info not found in cache: ArxComputationReference (10443070597505917007,1878934295) (cluster: GgSqqAyH7AVY3Umcv8NvncrjFaNJuQLmxzxFxPoPW2Yd, mxe: CQvzhuYp299gu8rDs4RyLg1cDgnbDZiEdK51NcnSVwGm)
2025-10-22T01:37:57.863573Z DEBUG arx::program: arx/src/program.rs:312: Received update for account: GgSqqAyH7AVY3Umcv8NvncrjFaNJuQLmxzxFxPoPW2Yd
2025-10-22T01:37:57.863570Z DEBUG arx::program: arx/src/program.rs:312: Received update for account: CQF2VydaWEk5ZkVRi5q3LxoQTkJNHsRSc2yuUAMS1qUc
2025-10-22T01:37:57.864007Z DEBUG arx::units::mxe_unit: arx/src/units/mxe_unit.rs:129: Processing cluster update for account: GgSqqAyH7AVY3Umcv8NvncrjFaNJuQLmxzxFxPoPW2Yd
2025-10-22T01:37:57.864585Z DEBUG arx::program: arx/src/program.rs:312: Received update for account: Eii8e5feybZsNs1xJcmktof6LkWNGrAdTk179oL3ZZyv
2025-10-22T01:37:57.864586Z DEBUG arx::coordinator: arx/src/coordinator.rs:288: Coordinator received execpool unit message: computations ids: [6894458404569357416]
2025-10-22T01:37:57.864966Z DEBUG arx::units::mempool_unit: arx/src/units/mempool_unit.rs:136: Processing new mempool update for account: Eii8e5feybZsNs1xJcmktof6LkWNGrAdTk179oL3ZZyv
2025-10-22T01:37:57.865095Z DEBUG arx::units::cache_unit: arx/src/units/cache_unit.rs:144: Processing queued computation: ArxComputationReference (6894458404569357416,2814884085) (cluster: GgSqqAyH7AVY3Umcv8NvncrjFaNJuQLmxzxFxPoPW2Yd, mxe: CQvzhuYp299gu8rDs4RyLg1cDgnbDZiEdK51NcnSVwGm)
2025-10-22T01:37:57.865126Z DEBUG arx::units::state_unit: arx/src/units/state_unit.rs:231: Processing execpool update
2025-10-22T01:37:57.865471Z DEBUG arx::units::state_unit: arx/src/units/state_unit.rs:281: Prefetching and executing computation: ArxComputationReference (6894458404569357416,2814884085) (cluster: GgSqqAyH7AVY3Umcv8NvncrjFaNJuQLmxzxFxPoPW2Yd, mxe: CQvzhuYp299gu8rDs4RyLg1cDgnbDZiEdK51NcnSVwGm) with status (index: 2, executed: false)
2025-10-22T01:37:57.865207Z DEBUG arx::units::mempool_unit: arx/src/units/mempool_unit.rs:175: Mempool account Eii8e5feybZsNs1xJcmktof6LkWNGrAdTk179oL3ZZyv contains the same computations, skipping update
2025-10-22T01:37:57.865592Z DEBUG arx::coordinator: arx/src/coordinator.rs:384: Coordinator received state unit message: prefetch computation: ArxComputationReference (6894458404569357416,2814884085) (cluster: GgSqqAyH7AVY3Umcv8NvncrjFaNJuQLmxzxFxPoPW2Yd, mxe: CQvzhuYp299gu8rDs4RyLg1cDgnbDZiEdK51NcnSVwGm)
2025-10-22T01:37:57.865817Z DEBUG arx::coordinator: arx/src/coordinator.rs:405: Coordinator received state unit message: execute computation: ArxComputationReference (6894458404569357416,2814884085) (cluster: GgSqqAyH7AVY3Umcv8NvncrjFaNJuQLmxzxFxPoPW2Yd, mxe: CQvzhuYp299gu8rDs4RyLg1cDgnbDZiEdK51NcnSVwGm)
2025-10-22T01:37:57.865863Z DEBUG arx::units::circuit_unit: arx/src/units/circuit_unit.rs:148: Processing computation definition: 6uSVC3js5Kzffy5GGNSZUVHax9hsCqTRmLwuMsgojhoU
2025-10-22T01:37:57.865886Z DEBUG arx::units::peers_unit: arx/src/units/peers_unit.rs:111: Processing cluster: GgSqqAyH7AVY3Umcv8NvncrjFaNJuQLmxzxFxPoPW2Yd
2025-10-22T01:37:57.866769Z DEBUG arx::coordinator: arx/src/coordinator.rs:373: Coordinator received peers unit message
2025-10-22T01:37:57.866980Z DEBUG arx::units::cache_unit: arx/src/units/cache_unit.rs:209: Processing fetched peers: PeersInfo { cluster: GgSqqAyH7AVY3Umcv8NvncrjFaNJuQLmxzxFxPoPW2Yd, peer_number: 1 }
2025-10-22T01:37:57.868509Z DEBUG arx::units::circuit_unit: arx/src/units/circuit_unit.rs:246: Fetching onchain circuit data from: 6uSVC3js5Kzffy5GGNSZUVHax9hsCqTRmLwuMsgojhoU
2025-10-22T01:37:57.868613Z DEBUG arx::coordinator: arx/src/coordinator.rs:309: Coordinator prefetched computation ArxComputationReference (6894458404569357416,2814884085) (cluster: GgSqqAyH7AVY3Umcv8NvncrjFaNJuQLmxzxFxPoPW2Yd, mxe: CQvzhuYp299gu8rDs4RyLg1cDgnbDZiEdK51NcnSVwGm)
2025-10-22T01:37:57.872492Z DEBUG arx::coordinator: arx/src/coordinator.rs:312: Coordinator fetched computation ArxComputation 144187545223324019968539250154028497346 (cluster: GgSqqAyH7AVY3Umcv8NvncrjFaNJuQLmxzxFxPoPW2Yd, mxe: CQvzhuYp299gu8rDs4RyLg1cDgnbDZiEdK51NcnSVwGm) inputs
2025-10-22T01:37:57.872757Z DEBUG arx::units::circuit_unit: arx/src/units/circuit_unit.rs:198: Deserializing circuit data
2025-10-22T01:37:57.873644Z DEBUG arx::units::cache_unit: arx/src/units/cache_unit.rs:246: Processing fetched inputs: Cerberus Inputs
2025-10-22T01:37:57.876473Z DEBUG arx::units::circuit_unit: arx/src/units/circuit_unit.rs:215: Inserting circuit info into cache
2025-10-22T01:37:57.876835Z DEBUG arx::coordinator: arx/src/coordinator.rs:241: Coordinator received circuit unit message
2025-10-22T01:37:57.877009Z DEBUG arx::units::cache_unit: arx/src/units/cache_unit.rs:170: Processing fetched circuit: CircuitInfo 6uSVC3js5Kzffy5GGNSZUVHax9hsCqTRmLwuMsgojhoU
2025-10-22T01:37:57.877119Z DEBUG arx::coordinator: arx/src/coordinator.rs:221: Coordinator received cache unit message
2025-10-22T01:37:57.877213Z DEBUG arx::coordinator: arx/src/coordinator.rs:221: Coordinator received cache unit message
2025-10-22T01:37:57.877273Z DEBUG arx::units::state_unit: arx/src/units/state_unit.rs:296: Processing prefetched computation
2025-10-22T01:37:57.877376Z  INFO arx::units::online_phase_unit: arx/src/units/online_phase_unit.rs:326: Processing Cerberus computation with id 144187545223324019968539250154028497346
2025-10-22T01:37:57.877534Z DEBUG arx::units::online_phase_unit: arx/src/units/online_phase_unit.rs:328: Connecting to peers (144187545223324019968539250154028497346)
2025-10-22T01:37:57.877628Z DEBUG network::router::network_router: /home/runner/.cargo/git/checkouts/async-mpc-1dbbf554a14e7a32/b307074/network/src/router/network_router.rs:79: Handling connection request to peer 0461a5    
2025-10-22T01:37:57.877702Z DEBUG network::router::state::connection_handlers: /home/runner/.cargo/git/checkouts/async-mpc-1dbbf554a14e7a32/b307074/network/src/router/state/connection_handlers.rs:44: Handling internal connection request: ConnectionRequest { expected_peer_id: 0461a5, peer_addr: 172.20.0.100:8001, response_sender: Sender { inner: Some(Inner { state: State { is_complete: false, is_closed: false, is_rx_task_set: true, is_tx_task_set: false } }) } }    
2025-10-22T01:37:57.877806Z DEBUG network::router::state::connection_handlers: /home/runner/.cargo/git/checkouts/async-mpc-1dbbf554a14e7a32/b307074/network/src/router/state/connection_handlers.rs:60: Connection already established: 172.20.0.100:8001    
2025-10-22T01:37:57.877916Z DEBUG network::router::network_router: /home/runner/.cargo/git/checkouts/async-mpc-1dbbf554a14e7a32/b307074/network/src/router/network_router.rs:85: Connection request to peer 0461a5 handled    
2025-10-22T01:37:57.878008Z DEBUG arx::units::online_phase_unit: arx/src/units/online_phase_unit.rs:343: Connected to peers (144187545223324019968539250154028497346)
2025-10-22T01:37:57.878182Z DEBUG network::router::network_router: /home/runner/.cargo/git/checkouts/async-mpc-1dbbf554a14e7a32/b307074/network/src/router/network_router.rs:105: Opening substream for protocol (144187545223324019968539250154028497346, 0) with peer 0461a5    
2025-10-22T01:37:57.878360Z  INFO network::router::network_router: /home/runner/.cargo/git/checkouts/async-mpc-1dbbf554a14e7a32/b307074/network/src/router/network_router.rs:273: Opened substreams for protocol 144187545223324019968539250154028497346    
2025-10-22T01:37:57.906198Z DEBUG arx::units::online_phase_unit: arx/src/units/online_phase_unit.rs:255: Output of computation is: ArxComputationOutput { computation: ArxComputation 144187545223324019968539250154028497346 (cluster: GgSqqAyH7AVY3Umcv8NvncrjFaNJuQLmxzxFxPoPW2Yd, mxe: CQvzhuYp299gu8rDs4RyLg1cDgnbDZiEdK51NcnSVwGm), outputs: Success([[179, 94, 117, 96, 38, 147, 92, 106], [76, 202, 97, 78, 65, 171, 157, 159], [134, 109, 62, 235, 11, 69, 178, 43], [73, 74, 130, 172, 70, 71, 252, 79]]) } (144187545223324019968539250154028497346)
2025-10-22T01:37:57.906235Z  INFO network::labeled_interface::handlers: /home/runner/.cargo/git/checkouts/async-mpc-1dbbf554a14e7a32/b307074/network/src/labeled_interface/handlers.rs:86: Interface cf7093 dropped.    
2025-10-22T01:37:57.906415Z  INFO network::labeled_interface::handlers: /home/runner/.cargo/git/checkouts/async-mpc-1dbbf554a14e7a32/b307074/network/src/labeled_interface/handlers.rs:53: Router closed interface cf7093.    
2025-10-22T01:37:57.906261Z  INFO network::labeled_interface::interface: /home/runner/.cargo/git/checkouts/async-mpc-1dbbf554a14e7a32/b307074/network/src/labeled_interface/interface.rs:415: Interface cf7093 dropped.    
2025-10-22T01:37:57.906341Z DEBUG arx::coordinator: arx/src/coordinator.rs:364: Coordinator received online unit output: ArxComputationOutput { computation: ArxComputation 144187545223324019968539250154028497346 (cluster: GgSqqAyH7AVY3Umcv8NvncrjFaNJuQLmxzxFxPoPW2Yd, mxe: CQvzhuYp299gu8rDs4RyLg1cDgnbDZiEdK51NcnSVwGm), outputs: Success([[179, 94, 117, 96, 38, 147, 92, 106], [76, 202, 97, 78, 65, 171, 157, 159], [134, 109, 62, 235, 11, 69, 178, 43], [73, 74, 130, 172, 70, 71, 252, 79]]) }
2025-10-22T01:37:57.906613Z  INFO network::router::state::substream_handlers: /home/runner/.cargo/git/checkouts/async-mpc-1dbbf554a14e7a32/b307074/network/src/router/state/substream_handlers.rs:197: Removed protocol ID (144187545223324019968539250154028497346, 0) for peer 0461a5.    
2025-10-22T01:37:57.906780Z DEBUG arx::units::computation_transaction_unit: arx/src/units/computation_transaction_unit.rs:162: Processing callback for computation ArxComputation 144187545223324019968539250154028497346 (cluster: GgSqqAyH7AVY3Umcv8NvncrjFaNJuQLmxzxFxPoPW2Yd, mxe: CQvzhuYp299gu8rDs4RyLg1cDgnbDZiEdK51NcnSVwGm)
2025-10-22T01:37:58.342350Z DEBUG arx::program: arx/src/program.rs:312: Received update for account: GgSqqAyH7AVY3Umcv8NvncrjFaNJuQLmxzxFxPoPW2Yd
2025-10-22T01:37:58.342892Z DEBUG arx::units::mxe_unit: arx/src/units/mxe_unit.rs:129: Processing cluster update for account: GgSqqAyH7AVY3Umcv8NvncrjFaNJuQLmxzxFxPoPW2Yd
2025-10-22T01:37:58.343621Z DEBUG arx::program: arx/src/program.rs:312: Received update for account: CQF2VydaWEk5ZkVRi5q3LxoQTkJNHsRSc2yuUAMS1qUc
2025-10-22T01:37:58.343647Z DEBUG arx::program: arx/src/program.rs:312: Received update for account: Eii8e5feybZsNs1xJcmktof6LkWNGrAdTk179oL3ZZyv
2025-10-22T01:37:58.343888Z DEBUG arx::coordinator: arx/src/coordinator.rs:288: Coordinator received execpool unit message: computations ids: []
2025-10-22T01:37:58.344040Z DEBUG arx::units::mempool_unit: arx/src/units/mempool_unit.rs:136: Processing new mempool update for account: Eii8e5feybZsNs1xJcmktof6LkWNGrAdTk179oL3ZZyv
2025-10-22T01:37:58.344064Z DEBUG arx::units::state_unit: arx/src/units/state_unit.rs:231: Processing execpool update
2025-10-22T01:37:58.344274Z DEBUG arx::units::state_unit: arx/src/units/state_unit.rs:255: Removing computation from execpool: ArxComputationReference (6894458404569357416,2814884085) (cluster: GgSqqAyH7AVY3Umcv8NvncrjFaNJuQLmxzxFxPoPW2Yd, mxe: CQvzhuYp299gu8rDs4RyLg1cDgnbDZiEdK51NcnSVwGm)
2025-10-22T01:37:58.344149Z DEBUG arx::units::mempool_unit: arx/src/units/mempool_unit.rs:175: Mempool account Eii8e5feybZsNs1xJcmktof6LkWNGrAdTk179oL3ZZyv contains the same computations, skipping update
2025-10-22T01:37:58.344407Z DEBUG arx::coordinator: arx/src/coordinator.rs:423: Coordinator received state unit message: executed computation: ArxComputationReference (6894458404569357416,2814884085) (cluster: GgSqqAyH7AVY3Umcv8NvncrjFaNJuQLmxzxFxPoPW2Yd, mxe: CQvzhuYp299gu8rDs4RyLg1cDgnbDZiEdK51NcnSVwGm)
2025-10-22T01:37:58.344638Z DEBUG arx::units::cache_unit: arx/src/units/cache_unit.rs:278: Processing executed computation: ArxComputationReference (6894458404569357416,2814884085) (cluster: GgSqqAyH7AVY3Umcv8NvncrjFaNJuQLmxzxFxPoPW2Yd, mxe: CQvzhuYp299gu8rDs4RyLg1cDgnbDZiEdK51NcnSVwGm)
2025-10-22T01:37:58.344724Z DEBUG arx::units::cache_unit: arx/src/units/cache_unit.rs:282: Computation executed and removed from cache: ArxComputationReference (6894458404569357416,2814884085) (cluster: GgSqqAyH7AVY3Umcv8NvncrjFaNJuQLmxzxFxPoPW2Yd, mxe: CQvzhuYp299gu8rDs4RyLg1cDgnbDZiEdK51NcnSVwGm)
2025-10-22T01:37:58.414237Z DEBUG arx::units::computation_transaction_unit: arx/src/units/computation_transaction_unit.rs:342: Callback computation tx for mxe CQvzhuYp299gu8rDs4RyLg1cDgnbDZiEdK51NcnSVwGm already sent
2025-10-22T01:37:58.414590Z DEBUG arx::coordinator: arx/src/coordinator.rs:265: Coordinator received computation transaction unit callback computation: ArxComputationReference (6894458404569357416,2814884085) (cluster: GgSqqAyH7AVY3Umcv8NvncrjFaNJuQLmxzxFxPoPW2Yd, mxe: CQvzhuYp299gu8rDs4RyLg1cDgnbDZiEdK51NcnSVwGm)
2025-10-22T01:37:58.414722Z DEBUG arx::units::state_unit: arx/src/units/state_unit.rs:311: Processing executed computation
2025-10-22T01:37:58.414731Z DEBUG arx::units::cache_unit: arx/src/units/cache_unit.rs:278: Processing executed computation: ArxComputationReference (6894458404569357416,2814884085) (cluster: GgSqqAyH7AVY3Umcv8NvncrjFaNJuQLmxzxFxPoPW2Yd, mxe: CQvzhuYp299gu8rDs4RyLg1cDgnbDZiEdK51NcnSVwGm)
2025-10-22T01:37:58.414904Z  WARN arx::units::cache_unit: arx/src/units/cache_unit.rs:289: Computation info not found in cache: ArxComputationReference (6894458404569357416,2814884085) (cluster: GgSqqAyH7AVY3Umcv8NvncrjFaNJuQLmxzxFxPoPW2Yd, mxe: CQvzhuYp299gu8rDs4RyLg1cDgnbDZiEdK51NcnSVwGm)
2025-10-22T01:37:59.479262Z  WARN arx::program: arx/src/program.rs:322: Pub/sub connection closed or error occurred, reconnecting...
2025-10-22T01:37:59.480243Z  WARN arx::program: arx/src/program.rs:322: Pub/sub connection closed or error occurred, reconnecting...
2025-10-22T01:37:59.480292Z  WARN arx::program: arx/src/program.rs:322: Pub/sub connection closed or error occurred, reconnecting...
2025-10-22T01:37:59.480351Z  WARN arx::program: arx/src/program.rs:322: Pub/sub connection closed or error occurred, reconnecting...
2025-10-22T01:37:59.483169Z  INFO arx::program: arx/src/program.rs:327: Reconnecting pub/sub client
2025-10-22T01:37:59.483171Z  INFO arx::program: arx/src/program.rs:327: Reconnecting pub/sub client
2025-10-22T01:37:59.483268Z  INFO arx::program: arx/src/program.rs:327: Reconnecting pub/sub client
2025-10-22T01:37:59.483396Z  INFO arx::program: arx/src/program.rs:327: Reconnecting pub/sub client
2025-10-22T01:37:59.485868Z  WARN arx::program: arx/src/program.rs:375: Attempt 1/5: Failed to create new pub/sub: unable to connect to server
2025-10-22T01:37:59.486252Z  WARN arx::program: arx/src/program.rs:375: Attempt 1/5: Failed to create new pub/sub: unable to connect to server
2025-10-22T01:37:59.486373Z  WARN arx::program: arx/src/program.rs:375: Attempt 1/5: Failed to create new pub/sub: unable to connect to server
2025-10-22T01:37:59.486299Z  WARN arx::program: arx/src/program.rs:375: Attempt 1/5: Failed to create new pub/sub: unable to connect to server
2025-10-22T01:38:00.497131Z  WARN arx::program: arx/src/program.rs:375: Attempt 2/5: Failed to create new pub/sub: unable to connect to server
2025-10-22T01:38:00.498165Z  WARN arx::program: arx/src/program.rs:375: Attempt 2/5: Failed to create new pub/sub: unable to connect to server
2025-10-22T01:38:00.498473Z  WARN arx::program: arx/src/program.rs:375: Attempt 2/5: Failed to create new pub/sub: unable to connect to server
2025-10-22T01:38:00.498640Z  WARN arx::program: arx/src/program.rs:375: Attempt 2/5: Failed to create new pub/sub: unable to connect to server
