2025-10-22T01:39:46.216104Z DEBUG arx: arx/src/main.rs:53: Checking Solana is up and running
2025-10-22T01:39:47.257861Z  INFO arx: arx/src/main.rs:58: Running ARX
2025-10-22T01:39:47.267320Z DEBUG arx: arx/src/main.rs:60: Reading node keypair, callback authority keypair, and identity files from env
2025-10-22T01:39:47.313006Z DEBUG arx: arx/src/main.rs:68: Reading node keypair, callback authority keypair, and identity files
2025-10-22T01:39:47.467723Z DEBUG arx: arx/src/main.rs:78: Installing AWS LC crypto provider
2025-10-22T01:39:47.486482Z  INFO arx: arx/src/main.rs:83: Creating ARX coordinator
2025-10-22T01:39:48.133716Z  INFO arx: arx/src/main.rs:93: Coordinator created successfully
2025-10-22T01:39:48.150339Z  INFO arx: arx/src/main.rs:102: Starting ARX coordinator
2025-10-22T01:39:48.139341Z  INFO arx::units::cache_unit: arx/src/units/cache_unit.rs:88: Cache unit started
2025-10-22T01:39:48.151926Z  INFO arx::units::circuit_unit: arx/src/units/circuit_unit.rs:107: Circuit unit started
2025-10-22T01:39:48.150599Z  INFO arx::units::execpool_unit: arx/src/units/execpool_unit.rs:80: Execpool unit started
2025-10-22T01:39:48.152976Z DEBUG arx::units::execpool_unit: arx/src/units/execpool_unit.rs:82: Running pub/sub for mempools accounts
2025-10-22T01:39:48.150863Z  INFO arx::units::cluster_unit: arx/src/units/cluster_unit.rs:66: Cluster unit started
2025-10-22T01:39:48.153401Z DEBUG arx::units::cluster_unit: arx/src/units/cluster_unit.rs:68: Running pub/sub for arx node account
2025-10-22T01:39:48.153684Z  INFO arx::units::peers_unit: arx/src/units/peers_unit.rs:76: Peers unit started
2025-10-22T01:39:48.151328Z  INFO arx: arx/src/main.rs:105: Waiting for Ctrl+C
2025-10-22T01:39:48.152077Z  INFO arx::units::mempool_unit: arx/src/units/mempool_unit.rs:77: Mempool unit started
2025-10-22T01:39:48.154983Z DEBUG arx::units::mempool_unit: arx/src/units/mempool_unit.rs:79: Running pub/sub for mempools accounts
2025-10-22T01:39:48.152235Z  INFO arx::units::computation_unit: arx/src/units/computation_unit.rs:74: Inputs unit started
2025-10-22T01:39:48.164369Z  INFO arx::coordinator: arx/src/coordinator.rs:198: Coordinator started
2025-10-22T01:39:48.152391Z  INFO arx::units::mxe_unit: arx/src/units/mxe_unit.rs:75: MXE unit started
2025-10-22T01:39:48.172915Z DEBUG arx::units::mxe_unit: arx/src/units/mxe_unit.rs:77: Running pub/sub for clusters accounts
2025-10-22T01:39:48.152788Z  INFO arx::units::node_transaction_unit: arx/src/units/node_transaction_unit.rs:65: Node transaction unit started
2025-10-22T01:39:48.176697Z  INFO arx::units::node_transaction_unit: arx/src/units/node_transaction_unit.rs:67: Activating node
2025-10-22T01:39:48.152944Z  INFO arx::units::online_phase_unit: arx/src/units/online_phase_unit.rs:152: Online phase unit started
2025-10-22T01:39:48.159493Z  INFO arx::units::state_unit: arx/src/units/state_unit.rs:109: State unit started
2025-10-22T01:39:48.165770Z  INFO arx::units::computation_transaction_unit: arx/src/units/computation_transaction_unit.rs:89: Computation transaction unit started
2025-10-22T01:39:48.169878Z DEBUG arx::units::cluster_unit: arx/src/units/cluster_unit.rs:78: Subscribing to arx node account
2025-10-22T01:39:48.176049Z  INFO arx::program: arx/src/program.rs:242: Pub/sub client started
2025-10-22T01:39:48.192807Z  INFO arx::program: arx/src/program.rs:242: Pub/sub client started
2025-10-22T01:39:48.222000Z  INFO arx::program: arx/src/program.rs:244: Connecting initial pub/sub
2025-10-22T01:39:48.193868Z  INFO arx::program: arx/src/program.rs:242: Pub/sub client started
2025-10-22T01:39:48.232857Z  INFO arx::program: arx/src/program.rs:244: Connecting initial pub/sub
2025-10-22T01:39:48.220781Z  INFO arx::program: arx/src/program.rs:242: Pub/sub client started
2025-10-22T01:39:48.238396Z  INFO arx::program: arx/src/program.rs:244: Connecting initial pub/sub
2025-10-22T01:39:48.221342Z  INFO arx::program: arx/src/program.rs:244: Connecting initial pub/sub
2025-10-22T01:39:48.388946Z  INFO arx::program: arx/src/program.rs:267: Fetching initial state for account: 8ZBTfUa6Stnwae6Z45cKv95pBEMzDXvuZUMStdPpS8yG
2025-10-22T01:39:48.413662Z  INFO arx::program: arx/src/program.rs:279: Subscribing to account: 8ZBTfUa6Stnwae6Z45cKv95pBEMzDXvuZUMStdPpS8yG
2025-10-22T01:39:48.431962Z DEBUG arx::units::cluster_unit: arx/src/units/cluster_unit.rs:101: Processing arx node update
2025-10-22T01:39:49.399474Z DEBUG arx::program: arx/src/program.rs:312: Received update for account: 8ZBTfUa6Stnwae6Z45cKv95pBEMzDXvuZUMStdPpS8yG
2025-10-22T01:39:49.414332Z DEBUG arx::units::cluster_unit: arx/src/units/cluster_unit.rs:101: Processing arx node update
2025-10-22T01:39:49.522584Z  INFO arx::units::node_transaction_unit: arx/src/units/node_transaction_unit.rs:70: Node activated
2025-10-22T01:39:49.531545Z DEBUG arx::coordinator: arx/src/coordinator.rs:204: Coordinator received activation unit message: activated
2025-10-22T01:39:49.538176Z DEBUG arx::coordinator: arx/src/coordinator.rs:251: Coordinator received cluster unit message: cluster: 0, status: Joined
2025-10-22T01:39:49.541660Z DEBUG arx::units::mxe_unit: arx/src/units/mxe_unit.rs:112: Subscribing to cluster: GgSqqAyH7AVY3Umcv8NvncrjFaNJuQLmxzxFxPoPW2Yd
2025-10-22T01:39:49.547433Z  INFO arx::program: arx/src/program.rs:267: Fetching initial state for account: GgSqqAyH7AVY3Umcv8NvncrjFaNJuQLmxzxFxPoPW2Yd
2025-10-22T01:39:49.577334Z  INFO arx::program: arx/src/program.rs:279: Subscribing to account: GgSqqAyH7AVY3Umcv8NvncrjFaNJuQLmxzxFxPoPW2Yd
2025-10-22T01:39:49.580870Z DEBUG arx::units::mxe_unit: arx/src/units/mxe_unit.rs:129: Processing cluster update for account: GgSqqAyH7AVY3Umcv8NvncrjFaNJuQLmxzxFxPoPW2Yd
2025-10-22T01:39:49.585709Z DEBUG arx::coordinator: arx/src/coordinator.rs:349: Coordinator received mxe unit message: cluster: GgSqqAyH7AVY3Umcv8NvncrjFaNJuQLmxzxFxPoPW2Yd, mxe: CQvzhuYp299gu8rDs4RyLg1cDgnbDZiEdK51NcnSVwGm, status: Joined
2025-10-22T01:39:49.601970Z DEBUG arx::units::execpool_unit: arx/src/units/execpool_unit.rs:120: Subscribing to execpool account: CQF2VydaWEk5ZkVRi5q3LxoQTkJNHsRSc2yuUAMS1qUc
2025-10-22T01:39:49.607880Z  INFO arx::program: arx/src/program.rs:267: Fetching initial state for account: CQF2VydaWEk5ZkVRi5q3LxoQTkJNHsRSc2yuUAMS1qUc
2025-10-22T01:39:49.594105Z DEBUG arx::units::mempool_unit: arx/src/units/mempool_unit.rs:113: Subscribing to mempool account: Eii8e5feybZsNs1xJcmktof6LkWNGrAdTk179oL3ZZyv
2025-10-22T01:39:49.609393Z  INFO arx::program: arx/src/program.rs:267: Fetching initial state for account: Eii8e5feybZsNs1xJcmktof6LkWNGrAdTk179oL3ZZyv
2025-10-22T01:39:49.659906Z  INFO arx::program: arx/src/program.rs:279: Subscribing to account: CQF2VydaWEk5ZkVRi5q3LxoQTkJNHsRSc2yuUAMS1qUc
2025-10-22T01:39:49.678221Z DEBUG arx::coordinator: arx/src/coordinator.rs:288: Coordinator received execpool unit message: computations ids: [1]
2025-10-22T01:39:49.672938Z  INFO arx::program: arx/src/program.rs:279: Subscribing to account: Eii8e5feybZsNs1xJcmktof6LkWNGrAdTk179oL3ZZyv
2025-10-22T01:39:49.716349Z DEBUG arx::units::state_unit: arx/src/units/state_unit.rs:231: Processing execpool update
2025-10-22T01:39:49.718055Z DEBUG arx::units::cache_unit: arx/src/units/cache_unit.rs:144: Processing queued computation: ArxComputationReference (1,1) (cluster: GgSqqAyH7AVY3Umcv8NvncrjFaNJuQLmxzxFxPoPW2Yd, mxe: CQvzhuYp299gu8rDs4RyLg1cDgnbDZiEdK51NcnSVwGm)
2025-10-22T01:39:49.720267Z DEBUG arx::units::mempool_unit: arx/src/units/mempool_unit.rs:136: Processing new mempool update for account: Eii8e5feybZsNs1xJcmktof6LkWNGrAdTk179oL3ZZyv
2025-10-22T01:39:49.722673Z DEBUG arx::units::state_unit: arx/src/units/state_unit.rs:281: Prefetching and executing computation: ArxComputationReference (1,1) (cluster: GgSqqAyH7AVY3Umcv8NvncrjFaNJuQLmxzxFxPoPW2Yd, mxe: CQvzhuYp299gu8rDs4RyLg1cDgnbDZiEdK51NcnSVwGm) with status (index: 0, executed: false)
2025-10-22T01:39:49.733119Z DEBUG arx::coordinator: arx/src/coordinator.rs:384: Coordinator received state unit message: prefetch computation: ArxComputationReference (1,1) (cluster: GgSqqAyH7AVY3Umcv8NvncrjFaNJuQLmxzxFxPoPW2Yd, mxe: CQvzhuYp299gu8rDs4RyLg1cDgnbDZiEdK51NcnSVwGm)
2025-10-22T01:39:49.729265Z DEBUG arx::units::mempool_unit: arx/src/units/mempool_unit.rs:175: Mempool account Eii8e5feybZsNs1xJcmktof6LkWNGrAdTk179oL3ZZyv contains the same computations, skipping update
2025-10-22T01:39:49.733440Z DEBUG arx::units::circuit_unit: arx/src/units/circuit_unit.rs:148: Processing computation definition: Dpz7xMiZ29fGETVJc3rnexMZSq7G4quyeMrZzbWt88R3
2025-10-22T01:39:49.733760Z DEBUG arx::units::peers_unit: arx/src/units/peers_unit.rs:111: Processing cluster: GgSqqAyH7AVY3Umcv8NvncrjFaNJuQLmxzxFxPoPW2Yd
2025-10-22T01:39:49.738277Z DEBUG arx::coordinator: arx/src/coordinator.rs:405: Coordinator received state unit message: execute computation: ArxComputationReference (1,1) (cluster: GgSqqAyH7AVY3Umcv8NvncrjFaNJuQLmxzxFxPoPW2Yd, mxe: CQvzhuYp299gu8rDs4RyLg1cDgnbDZiEdK51NcnSVwGm)
2025-10-22T01:39:49.751455Z DEBUG arx::coordinator: arx/src/coordinator.rs:309: Coordinator prefetched computation ArxComputationReference (1,1) (cluster: GgSqqAyH7AVY3Umcv8NvncrjFaNJuQLmxzxFxPoPW2Yd, mxe: CQvzhuYp299gu8rDs4RyLg1cDgnbDZiEdK51NcnSVwGm)
2025-10-22T01:39:49.756857Z DEBUG arx::coordinator: arx/src/coordinator.rs:312: Coordinator fetched computation ArxComputation 303790697907795210078047774390766665400 (cluster: GgSqqAyH7AVY3Umcv8NvncrjFaNJuQLmxzxFxPoPW2Yd, mxe: CQvzhuYp299gu8rDs4RyLg1cDgnbDZiEdK51NcnSVwGm) inputs
2025-10-22T01:39:49.763847Z DEBUG arx::units::cache_unit: arx/src/units/cache_unit.rs:246: Processing fetched inputs: Cerberus Inputs
2025-10-22T01:39:49.964619Z DEBUG arx::units::circuit_unit: arx/src/units/circuit_unit.rs:198: Deserializing circuit data
2025-10-22T01:39:50.010044Z DEBUG arx::units::circuit_unit: arx/src/units/circuit_unit.rs:215: Inserting circuit info into cache
2025-10-22T01:39:50.078060Z DEBUG arx::coordinator: arx/src/coordinator.rs:241: Coordinator received circuit unit message
2025-10-22T01:39:50.143550Z DEBUG arx::units::cache_unit: arx/src/units/cache_unit.rs:170: Processing fetched circuit: CircuitInfo Dpz7xMiZ29fGETVJc3rnexMZSq7G4quyeMrZzbWt88R3
2025-10-22T01:39:50.161057Z DEBUG arx::coordinator: arx/src/coordinator.rs:373: Coordinator received peers unit message
2025-10-22T01:39:50.196896Z DEBUG arx::units::cache_unit: arx/src/units/cache_unit.rs:209: Processing fetched peers: PeersInfo { cluster: GgSqqAyH7AVY3Umcv8NvncrjFaNJuQLmxzxFxPoPW2Yd, peer_number: 38 }
2025-10-22T01:39:50.212692Z DEBUG arx::coordinator: arx/src/coordinator.rs:221: Coordinator received cache unit message
2025-10-22T01:39:50.228219Z DEBUG arx::coordinator: arx/src/coordinator.rs:221: Coordinator received cache unit message
2025-10-22T01:39:50.234718Z DEBUG arx::units::state_unit: arx/src/units/state_unit.rs:296: Processing prefetched computation
2025-10-22T01:39:50.252686Z  INFO arx::units::online_phase_unit: arx/src/units/online_phase_unit.rs:326: Processing Cerberus computation with id 303790697907795210078047774390766665400
2025-10-22T01:39:50.287813Z DEBUG arx::units::online_phase_unit: arx/src/units/online_phase_unit.rs:328: Connecting to peers (303790697907795210078047774390766665400)
2025-10-22T01:39:50.291646Z DEBUG network::router::network_router: /home/runner/.cargo/git/checkouts/async-mpc-1dbbf554a14e7a32/b307074/network/src/router/network_router.rs:79: Handling connection request to peer 0461a5    
2025-10-22T01:39:50.295128Z DEBUG network::router::state::connection_handlers: /home/runner/.cargo/git/checkouts/async-mpc-1dbbf554a14e7a32/b307074/network/src/router/state/connection_handlers.rs:44: Handling internal connection request: ConnectionRequest { expected_peer_id: 0461a5, peer_addr: 172.20.0.100:8001, response_sender: Sender { inner: Some(Inner { state: State { is_complete: false, is_closed: false, is_rx_task_set: true, is_tx_task_set: false } }) } }    
2025-10-22T01:39:50.299420Z DEBUG network::router::state::connection_handlers: /home/runner/.cargo/git/checkouts/async-mpc-1dbbf554a14e7a32/b307074/network/src/router/state/connection_handlers.rs:65: Connection not established yet: 172.20.0.100:8001    
2025-10-22T01:39:50.300103Z DEBUG network::router::state::connection_handlers: /home/runner/.cargo/git/checkouts/async-mpc-1dbbf554a14e7a32/b307074/network/src/router/state/connection_handlers.rs:100: Connecting to peer: 172.20.0.100:8001    
2025-10-22T01:39:50.552102Z DEBUG network::router::state::connection_handlers: /home/runner/.cargo/git/checkouts/async-mpc-1dbbf554a14e7a32/b307074/network/src/router/state/connection_handlers.rs:128: Connecting and checking ID of peer: 172.20.0.100:8001    
2025-10-22T01:39:50.559482Z DEBUG network::router::network_router: /home/runner/.cargo/git/checkouts/async-mpc-1dbbf554a14e7a32/b307074/network/src/router/network_router.rs:85: Connection request to peer 0461a5 handled    
2025-10-22T01:40:07.111058Z  WARN arx::program: arx/src/program.rs:322: Pub/sub connection closed or error occurred, reconnecting...
2025-10-22T01:40:07.107400Z  WARN arx::program: arx/src/program.rs:322: Pub/sub connection closed or error occurred, reconnecting...
2025-10-22T01:40:07.109854Z  WARN arx::program: arx/src/program.rs:322: Pub/sub connection closed or error occurred, reconnecting...
2025-10-22T01:40:07.107037Z  WARN arx::program: arx/src/program.rs:322: Pub/sub connection closed or error occurred, reconnecting...
2025-10-22T01:40:07.133760Z  INFO arx::program: arx/src/program.rs:327: Reconnecting pub/sub client
2025-10-22T01:40:07.133791Z  INFO arx::program: arx/src/program.rs:327: Reconnecting pub/sub client
2025-10-22T01:40:07.142376Z  INFO arx::program: arx/src/program.rs:327: Reconnecting pub/sub client
2025-10-22T01:40:07.152060Z  INFO arx::program: arx/src/program.rs:327: Reconnecting pub/sub client
2025-10-22T01:40:07.192464Z  WARN arx::program: arx/src/program.rs:375: Attempt 1/5: Failed to create new pub/sub: unable to connect to server
2025-10-22T01:40:07.199212Z  WARN arx::program: arx/src/program.rs:375: Attempt 1/5: Failed to create new pub/sub: unable to connect to server
2025-10-22T01:40:07.210598Z  WARN arx::program: arx/src/program.rs:375: Attempt 1/5: Failed to create new pub/sub: unable to connect to server
2025-10-22T01:40:07.210674Z  WARN arx::program: arx/src/program.rs:375: Attempt 1/5: Failed to create new pub/sub: unable to connect to server
2025-10-22T01:40:08.217480Z  WARN arx::program: arx/src/program.rs:375: Attempt 2/5: Failed to create new pub/sub: unable to connect to server
2025-10-22T01:40:08.217572Z  WARN arx::program: arx/src/program.rs:375: Attempt 2/5: Failed to create new pub/sub: unable to connect to server
2025-10-22T01:40:08.234602Z  WARN arx::program: arx/src/program.rs:375: Attempt 2/5: Failed to create new pub/sub: unable to connect to server
2025-10-22T01:40:08.235918Z  WARN arx::program: arx/src/program.rs:375: Attempt 2/5: Failed to create new pub/sub: unable to connect to server
2025-10-22T01:40:10.225025Z  WARN arx::program: arx/src/program.rs:375: Attempt 3/5: Failed to create new pub/sub: unable to connect to server
2025-10-22T01:40:10.245507Z  WARN arx::program: arx/src/program.rs:375: Attempt 3/5: Failed to create new pub/sub: unable to connect to server
2025-10-22T01:40:10.254516Z  WARN arx::program: arx/src/program.rs:375: Attempt 3/5: Failed to create new pub/sub: unable to connect to server
2025-10-22T01:40:10.255515Z  WARN arx::program: arx/src/program.rs:375: Attempt 3/5: Failed to create new pub/sub: unable to connect to server
2025-10-22T01:40:14.241883Z  INFO arx::program: arx/src/program.rs:337: Re-fetching initial state for account: Eii8e5feybZsNs1xJcmktof6LkWNGrAdTk179oL3ZZyv
2025-10-22T01:40:14.358507Z  INFO arx::program: arx/src/program.rs:337: Re-fetching initial state for account: CQF2VydaWEk5ZkVRi5q3LxoQTkJNHsRSc2yuUAMS1qUc
2025-10-22T01:40:14.362842Z  INFO arx::program: arx/src/program.rs:337: Re-fetching initial state for account: 8ZBTfUa6Stnwae6Z45cKv95pBEMzDXvuZUMStdPpS8yG
2025-10-22T01:40:14.365181Z  INFO arx::program: arx/src/program.rs:337: Re-fetching initial state for account: GgSqqAyH7AVY3Umcv8NvncrjFaNJuQLmxzxFxPoPW2Yd
2025-10-22T01:40:14.398153Z  WARN arx::program: arx/src/program.rs:144: Attempt 1/5: Failed to fetch account 8ZBTfUa6Stnwae6Z45cKv95pBEMzDXvuZUMStdPpS8yG: Account not found
2025-10-22T01:40:14.423477Z  INFO arx::program: arx/src/program.rs:349: Re-subscribing to account: CQF2VydaWEk5ZkVRi5q3LxoQTkJNHsRSc2yuUAMS1qUc
2025-10-22T01:40:14.438070Z  INFO arx::program: arx/src/program.rs:349: Re-subscribing to account: Eii8e5feybZsNs1xJcmktof6LkWNGrAdTk179oL3ZZyv
2025-10-22T01:40:14.446598Z  INFO arx::program: arx/src/program.rs:349: Re-subscribing to account: GgSqqAyH7AVY3Umcv8NvncrjFaNJuQLmxzxFxPoPW2Yd
2025-10-22T01:40:14.450986Z DEBUG arx::units::mxe_unit: arx/src/units/mxe_unit.rs:129: Processing cluster update for account: GgSqqAyH7AVY3Umcv8NvncrjFaNJuQLmxzxFxPoPW2Yd
2025-10-22T01:40:14.448668Z DEBUG arx::units::mempool_unit: arx/src/units/mempool_unit.rs:136: Processing new mempool update for account: Eii8e5feybZsNs1xJcmktof6LkWNGrAdTk179oL3ZZyv
2025-10-22T01:40:14.452355Z DEBUG arx::units::mempool_unit: arx/src/units/mempool_unit.rs:175: Mempool account Eii8e5feybZsNs1xJcmktof6LkWNGrAdTk179oL3ZZyv contains the same computations, skipping update
2025-10-22T01:40:14.451261Z DEBUG arx::units::execpool_unit: arx/src/units/execpool_unit.rs:188: Execpool account CQF2VydaWEk5ZkVRi5q3LxoQTkJNHsRSc2yuUAMS1qUc contains the same computations, skipping update
2025-10-22T01:40:15.405298Z  WARN arx::program: arx/src/program.rs:144: Attempt 2/5: Failed to fetch account 8ZBTfUa6Stnwae6Z45cKv95pBEMzDXvuZUMStdPpS8yG: Account not found
2025-10-22T01:40:17.410590Z  WARN arx::program: arx/src/program.rs:144: Attempt 3/5: Failed to fetch account 8ZBTfUa6Stnwae6Z45cKv95pBEMzDXvuZUMStdPpS8yG: Account not found
2025-10-22T01:40:21.415751Z  WARN arx::program: arx/src/program.rs:144: Attempt 4/5: Failed to fetch account 8ZBTfUa6Stnwae6Z45cKv95pBEMzDXvuZUMStdPpS8yG: Account not found
2025-10-22T01:40:29.421515Z  WARN arx::program: arx/src/program.rs:144: Attempt 5/5: Failed to fetch account 8ZBTfUa6Stnwae6Z45cKv95pBEMzDXvuZUMStdPpS8yG: Account not found
2025-10-22T01:40:29.422107Z ERROR arx::program: arx/src/program.rs:346: Failed to re-fetch initial state for account 8ZBTfUa6Stnwae6Z45cKv95pBEMzDXvuZUMStdPpS8yG: RPC error: Attempt 5/5: Failed to fetch account 8ZBTfUa6Stnwae6Z45cKv95pBEMzDXvuZUMStdPpS8yG: Account not found
2025-10-22T01:40:29.422932Z  INFO arx::program: arx/src/program.rs:349: Re-subscribing to account: 8ZBTfUa6Stnwae6Z45cKv95pBEMzDXvuZUMStdPpS8yG
2025-10-22T01:40:32.167660Z  WARN arx::program: arx/src/program.rs:322: Pub/sub connection closed or error occurred, reconnecting...
2025-10-22T01:40:32.167906Z  WARN arx::program: arx/src/program.rs:322: Pub/sub connection closed or error occurred, reconnecting...
2025-10-22T01:40:32.179344Z  INFO arx::program: arx/src/program.rs:327: Reconnecting pub/sub client
2025-10-22T01:40:32.168069Z  WARN arx::program: arx/src/program.rs:322: Pub/sub connection closed or error occurred, reconnecting...
2025-10-22T01:40:32.187791Z  INFO arx::program: arx/src/program.rs:327: Reconnecting pub/sub client
2025-10-22T01:40:32.169394Z  WARN arx::program: arx/src/program.rs:322: Pub/sub connection closed or error occurred, reconnecting...
2025-10-22T01:40:32.191471Z  INFO arx::program: arx/src/program.rs:327: Reconnecting pub/sub client
2025-10-22T01:40:32.175842Z  INFO arx::program: arx/src/program.rs:327: Reconnecting pub/sub client
2025-10-22T01:40:32.216702Z  WARN arx::program: arx/src/program.rs:375: Attempt 1/5: Failed to create new pub/sub: unable to connect to server
2025-10-22T01:40:32.217753Z  WARN arx::program: arx/src/program.rs:375: Attempt 1/5: Failed to create new pub/sub: unable to connect to server
2025-10-22T01:40:32.219972Z  WARN arx::program: arx/src/program.rs:375: Attempt 1/5: Failed to create new pub/sub: unable to connect to server
2025-10-22T01:40:32.220324Z  WARN arx::program: arx/src/program.rs:375: Attempt 1/5: Failed to create new pub/sub: unable to connect to server
2025-10-22T01:40:33.238371Z  WARN arx::program: arx/src/program.rs:375: Attempt 2/5: Failed to create new pub/sub: unable to connect to server
2025-10-22T01:40:33.248175Z  WARN arx::program: arx/src/program.rs:375: Attempt 2/5: Failed to create new pub/sub: unable to connect to server
2025-10-22T01:40:33.252612Z  WARN arx::program: arx/src/program.rs:375: Attempt 2/5: Failed to create new pub/sub: unable to connect to server
2025-10-22T01:40:33.253084Z  WARN arx::program: arx/src/program.rs:375: Attempt 2/5: Failed to create new pub/sub: unable to connect to server
2025-10-22T01:40:35.241623Z  WARN arx::program: arx/src/program.rs:375: Attempt 3/5: Failed to create new pub/sub: unable to connect to server
2025-10-22T01:40:35.263695Z  WARN arx::program: arx/src/program.rs:375: Attempt 3/5: Failed to create new pub/sub: unable to connect to server
2025-10-22T01:40:35.267986Z  WARN arx::program: arx/src/program.rs:375: Attempt 3/5: Failed to create new pub/sub: unable to connect to server
2025-10-22T01:40:35.268775Z  WARN arx::program: arx/src/program.rs:375: Attempt 3/5: Failed to create new pub/sub: unable to connect to server
2025-10-22T01:40:39.278016Z  INFO arx::program: arx/src/program.rs:337: Re-fetching initial state for account: 8ZBTfUa6Stnwae6Z45cKv95pBEMzDXvuZUMStdPpS8yG
2025-10-22T01:40:39.328838Z  INFO arx::program: arx/src/program.rs:337: Re-fetching initial state for account: Eii8e5feybZsNs1xJcmktof6LkWNGrAdTk179oL3ZZyv
2025-10-22T01:40:39.329024Z  INFO arx::program: arx/src/program.rs:337: Re-fetching initial state for account: CQF2VydaWEk5ZkVRi5q3LxoQTkJNHsRSc2yuUAMS1qUc
2025-10-22T01:40:39.329102Z  INFO arx::program: arx/src/program.rs:337: Re-fetching initial state for account: GgSqqAyH7AVY3Umcv8NvncrjFaNJuQLmxzxFxPoPW2Yd
2025-10-22T01:40:39.335777Z  WARN arx::program: arx/src/program.rs:144: Attempt 1/5: Failed to fetch account 8ZBTfUa6Stnwae6Z45cKv95pBEMzDXvuZUMStdPpS8yG: Account not found
2025-10-22T01:40:39.377719Z  INFO arx::program: arx/src/program.rs:349: Re-subscribing to account: CQF2VydaWEk5ZkVRi5q3LxoQTkJNHsRSc2yuUAMS1qUc
2025-10-22T01:40:39.379831Z DEBUG arx::units::execpool_unit: arx/src/units/execpool_unit.rs:188: Execpool account CQF2VydaWEk5ZkVRi5q3LxoQTkJNHsRSc2yuUAMS1qUc contains the same computations, skipping update
2025-10-22T01:40:39.379125Z  INFO arx::program: arx/src/program.rs:349: Re-subscribing to account: GgSqqAyH7AVY3Umcv8NvncrjFaNJuQLmxzxFxPoPW2Yd
2025-10-22T01:40:39.379645Z  INFO arx::program: arx/src/program.rs:349: Re-subscribing to account: Eii8e5feybZsNs1xJcmktof6LkWNGrAdTk179oL3ZZyv
2025-10-22T01:40:39.392700Z DEBUG arx::units::mempool_unit: arx/src/units/mempool_unit.rs:136: Processing new mempool update for account: Eii8e5feybZsNs1xJcmktof6LkWNGrAdTk179oL3ZZyv
2025-10-22T01:40:39.389899Z DEBUG arx::units::mxe_unit: arx/src/units/mxe_unit.rs:129: Processing cluster update for account: GgSqqAyH7AVY3Umcv8NvncrjFaNJuQLmxzxFxPoPW2Yd
2025-10-22T01:40:39.394149Z DEBUG arx::units::mempool_unit: arx/src/units/mempool_unit.rs:175: Mempool account Eii8e5feybZsNs1xJcmktof6LkWNGrAdTk179oL3ZZyv contains the same computations, skipping update
2025-10-22T01:40:40.379990Z  WARN arx::program: arx/src/program.rs:144: Attempt 2/5: Failed to fetch account 8ZBTfUa6Stnwae6Z45cKv95pBEMzDXvuZUMStdPpS8yG: Account not found
2025-10-22T01:40:42.382940Z  WARN arx::program: arx/src/program.rs:144: Attempt 3/5: Failed to fetch account 8ZBTfUa6Stnwae6Z45cKv95pBEMzDXvuZUMStdPpS8yG: Account not found
2025-10-22T01:40:46.386896Z  WARN arx::program: arx/src/program.rs:144: Attempt 4/5: Failed to fetch account 8ZBTfUa6Stnwae6Z45cKv95pBEMzDXvuZUMStdPpS8yG: Account not found
2025-10-22T01:40:54.390282Z  WARN arx::program: arx/src/program.rs:144: Attempt 5/5: Failed to fetch account 8ZBTfUa6Stnwae6Z45cKv95pBEMzDXvuZUMStdPpS8yG: Account not found
2025-10-22T01:40:54.390524Z ERROR arx::program: arx/src/program.rs:346: Failed to re-fetch initial state for account 8ZBTfUa6Stnwae6Z45cKv95pBEMzDXvuZUMStdPpS8yG: RPC error: Attempt 5/5: Failed to fetch account 8ZBTfUa6Stnwae6Z45cKv95pBEMzDXvuZUMStdPpS8yG: Account not found
2025-10-22T01:40:54.390577Z  INFO arx::program: arx/src/program.rs:349: Re-subscribing to account: 8ZBTfUa6Stnwae6Z45cKv95pBEMzDXvuZUMStdPpS8yG
