[stderr]  Container artifacts-arx-node-3-1  Creating
[stderr]  Container artifacts-arx-node-4-1  Creating
[stderr]  Container artifacts-arx-node-2-1  Creating
[stderr]  arx-node-4 The requested image's platform (linux/amd64) does not match the detected host platform (linux/arm64/v8) and no specific platform was requested 
[stderr]  Container artifacts-arx-node-4-1  Created
[stderr]  arx-node-3 The requested image's platform (linux/amd64) does not match the detected host platform (linux/arm64/v8) and no specific platform was requested 
[stderr]  Container artifacts-arx-node-3-1  Created
[stderr]  arx-node-2 The requested image's platform (linux/amd64) does not match the detected host platform (linux/arm64/v8) and no specific platform was requested 
[stderr]  Container artifacts-arx-node-2-1  Created
[stdout] Attaching to arx-node-0-1, arx-node-1-1, arx-node-2-1, arx-node-3-1, arx-node-4-1
[stdout] Gracefully Stopping... press Ctrl+C again to force
[stderr]  Container artifacts-arx-node-4-1  Stopping
[stderr]  Container artifacts-arx-node-0-1  Stopping
[stderr]  Container artifacts-arx-node-2-1  Stopping
[stderr]  Container artifacts-arx-node-3-1  Stopping
[stderr]  Container artifacts-arx-node-1-1  Stopping
[stderr]  Container artifacts-arx-node-2-1  Stopped
[stderr]  Container artifacts-arx-node-4-1  Stopped
[stderr]  Container artifacts-arx-node-3-1  Stopped
[stderr]  Container artifacts-arx-node-1-1  Stopped
[stderr]  Container artifacts-arx-node-0-1  Stopped
[stderr] 
