[stderr] time="2025-10-21T20:39:07-05:00" level=warning msg="Found orphan containers ([artifacts-arx-node-3-1 artifacts-arx-node-2-1 artifacts-arx-node-4-1]) for this project. If you removed or renamed this service in your compose file, you can run this command with the --remove-orphans flag to clean it up."
[stdout] Attaching to arx-node-0-1, arx-node-1-1
[stdout] Gracefully Stopping... press Ctrl+C again to force
[stderr]  Container artifacts-arx-node-0-1  Stopping
[stderr]  Container artifacts-arx-node-1-1  Stopping
[stderr]  Container artifacts-arx-node-0-1  Stopped
[stderr]  Container artifacts-arx-node-1-1  Stopped
[stderr] 
[stderr]  Container artifacts-arx-node-56-1  Creating
[stderr]  Container artifacts-arx-node-47-1  Creating
[stderr]  Container artifacts-arx-node-52-1  Creating
[stderr]  Container artifacts-arx-node-32-1  Creating
[stderr]  Container artifacts-arx-node-28-1  Creating
[stderr]  Container artifacts-arx-node-9-1  Creating
[stderr]  Container artifacts-arx-node-51-1  Creating
[stderr]  Container artifacts-arx-node-21-1  Creating
[stderr]  Container artifacts-arx-node-60-1  Creating
[stderr]  Container artifacts-arx-node-54-1  Creating
[stderr]  Container artifacts-arx-node-37-1  Creating
[stderr]  Container artifacts-arx-node-36-1  Creating
[stderr]  Container artifacts-arx-node-23-1  Creating
[stderr]  Container artifacts-arx-node-27-1  Creating
[stderr]  Container artifacts-arx-node-25-1  Creating
[stderr]  Container artifacts-arx-node-13-1  Creating
[stderr]  Container artifacts-arx-node-31-1  Creating
[stderr]  Container artifacts-arx-node-22-1  Creating
[stderr]  Container artifacts-arx-node-24-1  Creating
[stderr]  Container artifacts-arx-node-38-1  Creating
[stderr]  Container artifacts-arx-node-29-1  Creating
[stderr]  Container artifacts-arx-node-61-1  Creating
[stderr]  Container artifacts-arx-node-63-1  Creating
[stderr]  Container artifacts-arx-node-42-1  Creating
[stderr]  Container artifacts-arx-node-57-1  Creating
[stderr]  Container artifacts-arx-node-43-1  Creating
[stderr]  Container artifacts-arx-node-40-1  Creating
[stderr]  Container artifacts-arx-node-50-1  Creating
[stderr]  Container artifacts-arx-node-34-1  Creating
[stderr]  Container artifacts-arx-node-20-1  Creating
[stderr]  Container artifacts-arx-node-53-1  Creating
[stderr]  Container artifacts-arx-node-17-1  Creating
[stderr]  Container artifacts-arx-node-6-1  Creating
[stderr]  Container artifacts-arx-node-35-1  Creating
[stderr]  Container artifacts-arx-node-48-1  Creating
[stderr]  Container artifacts-arx-node-7-1  Creating
[stderr]  Container artifacts-arx-node-10-1  Creating
[stderr]  Container artifacts-arx-node-65-1  Creating
[stderr]  Container artifacts-arx-node-15-1  Creating
[stderr]  Container artifacts-arx-node-62-1  Creating
[stderr]  Container artifacts-arx-node-49-1  Creating
[stderr]  Container artifacts-arx-node-64-1  Creating
[stderr]  Container artifacts-arx-node-59-1  Creating
[stderr]  Container artifacts-arx-node-14-1  Creating
[stderr]  Container artifacts-arx-node-55-1  Creating
[stderr]  Container artifacts-arx-node-46-1  Creating
[stderr]  Container artifacts-arx-node-8-1  Creating
[stderr]  Container artifacts-arx-node-5-1  Creating
[stderr]  Container artifacts-arx-node-11-1  Creating
[stderr]  Container artifacts-arx-node-26-1  Creating
[stderr]  Container artifacts-arx-node-41-1  Creating
[stderr]  Container artifacts-arx-node-66-1  Creating
[stderr]  Container artifacts-arx-node-45-1  Creating
[stderr]  Container artifacts-arx-node-44-1  Creating
[stderr]  Container artifacts-arx-node-12-1  Creating
[stderr]  Container artifacts-arx-node-19-1  Creating
[stderr]  Container artifacts-arx-node-58-1  Creating
[stderr]  Container artifacts-arx-node-33-1  Creating
[stderr]  Container artifacts-arx-node-16-1  Creating
[stderr]  Container artifacts-arx-node-18-1  Creating
[stderr]  Container artifacts-arx-node-30-1  Creating
[stderr]  Container artifacts-arx-node-39-1  Creating
[stderr]  arx-node-28 The requested image's platform (linux/amd64) does not match the detected host platform (linux/arm64/v8) and no specific platform was requested 
[stderr]  Container artifacts-arx-node-28-1  Created
[stderr]  arx-node-38 The requested image's platform (linux/amd64) does not match the detected host platform (linux/arm64/v8) and no specific platform was requested 
[stderr]  Container artifacts-arx-node-38-1  Created
[stderr]  arx-node-60 The requested image's platform (linux/amd64) does not match the detected host platform (linux/arm64/v8) and no specific platform was requested 
[stderr]  Container artifacts-arx-node-60-1  Created
[stderr]  arx-node-21 The requested image's platform (linux/amd64) does not match the detected host platform (linux/arm64/v8) and no specific platform was requested 
[stderr]  Container artifacts-arx-node-21-1  Created
[stderr]  arx-node-22 The requested image's platform (linux/amd64) does not match the detected host platform (linux/arm64/v8) and no specific platform was requested 
[stderr]  Container artifacts-arx-node-22-1  Created
[stderr]  arx-node-7 The requested image's platform (linux/amd64) does not match the detected host platform (linux/arm64/v8) and no specific platform was requested 
[stderr]  Container artifacts-arx-node-7-1  Created
[stderr]  arx-node-42 The requested image's platform (linux/amd64) does not match the detected host platform (linux/arm64/v8) and no specific platform was requested 
[stderr]  Container artifacts-arx-node-42-1  Created
[stderr]  arx-node-54 The requested image's platform (linux/amd64) does not match the detected host platform (linux/arm64/v8) and no specific platform was requested 
[stderr]  Container artifacts-arx-node-54-1  Created
[stderr]  arx-node-9 The requested image's platform (linux/amd64) does not match the detected host platform (linux/arm64/v8) and no specific platform was requested 
[stderr]  Container artifacts-arx-node-9-1  Created
[stderr]  arx-node-13 The requested image's platform (linux/amd64) does not match the detected host platform (linux/arm64/v8) and no specific platform was requested 
[stderr]  Container artifacts-arx-node-13-1  Created
[stderr]  arx-node-32 The requested image's platform (linux/amd64) does not match the detected host platform (linux/arm64/v8) and no specific platform was requested 
[stderr]  Container artifacts-arx-node-32-1  Created
[stderr]  arx-node-25 The requested image's platform (linux/amd64) does not match the detected host platform (linux/arm64/v8) and no specific platform was requested 
[stderr]  Container artifacts-arx-node-25-1  Created
[stderr]  arx-node-10 The requested image's platform (linux/amd64) does not match the detected host platform (linux/arm64/v8) and no specific platform was requested 
[stderr]  Container artifacts-arx-node-10-1  Created
[stderr]  arx-node-65 The requested image's platform (linux/amd64) does not match the detected host platform (linux/arm64/v8) and no specific platform was requested 
[stderr]  arx-node-39 The requested image's platform (linux/amd64) does not match the detected host platform (linux/arm64/v8) and no specific platform was requested 
[stderr]  Container artifacts-arx-node-65-1  Created
[stderr]  Container artifacts-arx-node-39-1  Created
[stderr]  arx-node-36 The requested image's platform (linux/amd64) does not match the detected host platform (linux/arm64/v8) and no specific platform was requested 
[stderr]  Container artifacts-arx-node-36-1  Created
[stderr]  arx-node-17 The requested image's platform (linux/amd64) does not match the detected host platform (linux/arm64/v8) and no specific platform was requested 
[stderr]  Container artifacts-arx-node-17-1  Created
[stderr]  arx-node-27 The requested image's platform (linux/amd64) does not match the detected host platform (linux/arm64/v8) and no specific platform was requested 
[stderr]  arx-node-55 The requested image's platform (linux/amd64) does not match the detected host platform (linux/arm64/v8) and no specific platform was requested 
[stderr]  arx-node-66 The requested image's platform (linux/amd64) does not match the detected host platform (linux/arm64/v8) and no specific platform was requested 
[stderr]  Container artifacts-arx-node-27-1  Created
[stderr]  arx-node-62 The requested image's platform (linux/amd64) does not match the detected host platform (linux/arm64/v8) and no specific platform was requested 
[stderr]  Container artifacts-arx-node-55-1  Created
[stderr]  Container artifacts-arx-node-66-1  Created
[stderr]  Container artifacts-arx-node-62-1  Created
[stderr]  arx-node-61 The requested image's platform (linux/amd64) does not match the detected host platform (linux/arm64/v8) and no specific platform was requested 
[stderr]  Container artifacts-arx-node-61-1  Created
[stderr]  arx-node-57 The requested image's platform (linux/amd64) does not match the detected host platform (linux/arm64/v8) and no specific platform was requested 
[stderr]  arx-node-11 The requested image's platform (linux/amd64) does not match the detected host platform (linux/arm64/v8) and no specific platform was requested 
[stderr]  Container artifacts-arx-node-57-1  Created
[stderr]  Container artifacts-arx-node-11-1  Created
[stderr]  arx-node-19 The requested image's platform (linux/amd64) does not match the detected host platform (linux/arm64/v8) and no specific platform was requested 
[stderr]  arx-node-44 The requested image's platform (linux/amd64) does not match the detected host platform (linux/arm64/v8) and no specific platform was requested 
[stderr]  arx-node-46 The requested image's platform (linux/amd64) does not match the detected host platform (linux/arm64/v8) and no specific platform was requested 
[stderr]  arx-node-41 The requested image's platform (linux/amd64) does not match the detected host platform (linux/arm64/v8) and no specific platform was requested 
[stderr]  Container artifacts-arx-node-44-1  Created
[stderr]  Container artifacts-arx-node-46-1  Created
[stderr]  Container artifacts-arx-node-19-1  Created
[stderr]  Container artifacts-arx-node-41-1  Created
[stderr]  arx-node-23 The requested image's platform (linux/amd64) does not match the detected host platform (linux/arm64/v8) and no specific platform was requested 
[stderr]  Container artifacts-arx-node-23-1  Created
[stderr]  arx-node-26 The requested image's platform (linux/amd64) does not match the detected host platform (linux/arm64/v8) and no specific platform was requested 
[stderr]  Container artifacts-arx-node-26-1  Created
[stderr]  arx-node-20 The requested image's platform (linux/amd64) does not match the detected host platform (linux/arm64/v8) and no specific platform was requested 
[stderr]  arx-node-43 The requested image's platform (linux/amd64) does not match the detected host platform (linux/arm64/v8) and no specific platform was requested 
[stderr]  arx-node-59 The requested image's platform (linux/amd64) does not match the detected host platform (linux/arm64/v8) and no specific platform was requested 
[stderr]  arx-node-30 The requested image's platform (linux/amd64) does not match the detected host platform (linux/arm64/v8) and no specific platform was requested 
[stderr]  arx-node-31 The requested image's platform (linux/amd64) does not match the detected host platform (linux/arm64/v8) and no specific platform was requested 
[stderr]  arx-node-56 The requested image's platform (linux/amd64) does not match the detected host platform (linux/arm64/v8) and no specific platform was requested 
[stderr]  arx-node-18 The requested image's platform (linux/amd64) does not match the detected host platform (linux/arm64/v8) and no specific platform was requested 
[stderr]  arx-node-47 The requested image's platform (linux/amd64) does not match the detected host platform (linux/arm64/v8) and no specific platform was requested 
[stderr]  arx-node-14 The requested image's platform (linux/amd64) does not match the detected host platform (linux/arm64/v8) and no specific platform was requested 
[stderr]  Container artifacts-arx-node-14-1  Created
[stderr]  Container artifacts-arx-node-31-1  Created
[stderr]  Container artifacts-arx-node-20-1  Created
[stderr]  Container artifacts-arx-node-47-1  Created
[stderr]  Container artifacts-arx-node-18-1  Created
[stderr]  Container artifacts-arx-node-59-1  Created
[stderr]  Container artifacts-arx-node-30-1  Created
[stderr]  arx-node-6 The requested image's platform (linux/amd64) does not match the detected host platform (linux/arm64/v8) and no specific platform was requested 
[stderr]  Container artifacts-arx-node-56-1  Created
[stderr]  arx-node-53 The requested image's platform (linux/amd64) does not match the detected host platform (linux/arm64/v8) and no specific platform was requested 
[stderr]  Container artifacts-arx-node-43-1  Created
[stderr]  Container artifacts-arx-node-6-1  Created
[stderr]  Container artifacts-arx-node-53-1  Created
[stderr]  arx-node-24 The requested image's platform (linux/amd64) does not match the detected host platform (linux/arm64/v8) and no specific platform was requested 
[stderr]  arx-node-37 The requested image's platform (linux/amd64) does not match the detected host platform (linux/arm64/v8) and no specific platform was requested 
[stderr]  arx-node-49 The requested image's platform (linux/amd64) does not match the detected host platform (linux/arm64/v8) and no specific platform was requested 
[stderr]  arx-node-48 The requested image's platform (linux/amd64) does not match the detected host platform (linux/arm64/v8) and no specific platform was requested 
[stderr]  Container artifacts-arx-node-24-1  Created
[stderr]  Container artifacts-arx-node-37-1  Created
[stderr]  Container artifacts-arx-node-48-1  Created
[stderr]  Container artifacts-arx-node-49-1  Created
[stderr]  arx-node-58 The requested image's platform (linux/amd64) does not match the detected host platform (linux/arm64/v8) and no specific platform was requested 
[stderr]  arx-node-63 The requested image's platform (linux/amd64) does not match the detected host platform (linux/arm64/v8) and no specific platform was requested 
[stderr]  Container artifacts-arx-node-58-1  Created
[stderr]  arx-node-15 The requested image's platform (linux/amd64) does not match the detected host platform (linux/arm64/v8) and no specific platform was requested 
[stderr]  Container artifacts-arx-node-63-1  Created
[stderr]  Container artifacts-arx-node-15-1  Created
[stderr]  arx-node-12 The requested image's platform (linux/amd64) does not match the detected host platform (linux/arm64/v8) and no specific platform was requested 
[stderr]  Container artifacts-arx-node-12-1  Created
[stderr]  arx-node-8 The requested image's platform (linux/amd64) does not match the detected host platform (linux/arm64/v8) and no specific platform was requested 
[stderr]  arx-node-64 The requested image's platform (linux/amd64) does not match the detected host platform (linux/arm64/v8) and no specific platform was requested 
[stderr]  Container artifacts-arx-node-8-1  Created
[stderr]  Container artifacts-arx-node-64-1  Created
[stderr]  arx-node-40 The requested image's platform (linux/amd64) does not match the detected host platform (linux/arm64/v8) and no specific platform was requested 
[stderr]  Container artifacts-arx-node-40-1  Created
[stderr]  arx-node-29 The requested image's platform (linux/amd64) does not match the detected host platform (linux/arm64/v8) and no specific platform was requested 
[stderr]  Container artifacts-arx-node-29-1  Created
[stderr]  arx-node-50 The requested image's platform (linux/amd64) does not match the detected host platform (linux/arm64/v8) and no specific platform was requested 
[stderr]  Container artifacts-arx-node-50-1  Created
[stderr]  arx-node-5 The requested image's platform (linux/amd64) does not match the detected host platform (linux/arm64/v8) and no specific platform was requested 
[stderr]  Container artifacts-arx-node-5-1  Created
[stderr]  arx-node-16 The requested image's platform (linux/amd64) does not match the detected host platform (linux/arm64/v8) and no specific platform was requested 
[stderr]  arx-node-35 The requested image's platform (linux/amd64) does not match the detected host platform (linux/arm64/v8) and no specific platform was requested 
[stderr]  Container artifacts-arx-node-35-1  Created
[stderr]  Container artifacts-arx-node-16-1  Created
[stderr]  arx-node-52 The requested image's platform (linux/amd64) does not match the detected host platform (linux/arm64/v8) and no specific platform was requested 
[stderr]  arx-node-33 The requested image's platform (linux/amd64) does not match the detected host platform (linux/arm64/v8) and no specific platform was requested 
[stderr]  arx-node-45 The requested image's platform (linux/amd64) does not match the detected host platform (linux/arm64/v8) and no specific platform was requested 
[stderr]  arx-node-51 The requested image's platform (linux/amd64) does not match the detected host platform (linux/arm64/v8) and no specific platform was requested 
[stderr]  Container artifacts-arx-node-45-1  Created
[stderr]  Container artifacts-arx-node-33-1  Created
[stderr]  Container artifacts-arx-node-51-1  Created
[stderr]  Container artifacts-arx-node-52-1  Created
[stderr]  arx-node-34 The requested image's platform (linux/amd64) does not match the detected host platform (linux/arm64/v8) and no specific platform was requested 
[stderr]  Container artifacts-arx-node-34-1  Created
[stdout] Attaching to arx-node-0-1, arx-node-1-1, arx-node-10-1, arx-node-11-1, arx-node-12-1, arx-node-13-1, arx-node-14-1, arx-node-15-1, arx-node-16-1, arx-node-17-1, arx-node-18-1, arx-node-19-1, arx-node-2-1, arx-node-20-1, arx-node-21-1, arx-node-22-1, arx-node-23-1, arx-node-24-1, arx-node-25-1, arx-node-26-1, arx-node-27-1, arx-node-28-1, arx-node-29-1, arx-node-3-1, arx-node-30-1, arx-node-31-1, arx-node-32-1, arx-node-33-1, arx-node-34-1, arx-node-35-1, arx-node-36-1, arx-node-37-1, arx-node-38-1, arx-node-39-1, arx-node-4-1, arx-node-40-1, arx-node-41-1, arx-node-42-1, arx-node-43-1, arx-node-44-1, arx-node-45-1, arx-node-46-1, arx-node-47-1, arx-node-48-1, arx-node-49-1, arx-node-5-1, arx-node-50-1, arx-node-51-1, arx-node-52-1, arx-node-53-1, arx-node-54-1, arx-node-55-1, arx-node-56-1, arx-node-57-1, arx-node-58-1, arx-node-59-1, arx-node-6-1, arx-node-60-1, arx-node-61-1, arx-node-62-1, arx-node-63-1, arx-node-64-1, arx-node-65-1, arx-node-66-1, arx-node-7-1, arx-node-8-1, arx-node-9-1
[stderr] Error response from daemon: failed to set up container networking: network c23d42cdf0852e0b9ac817113a50dc70192cf8270faab51f05b152be737600aa not found
